 #uni, ipas, time, temp, average temper, average ener
   128           200             1.0000        0.000000             1.007014      -720.8460243307
   128           400             2.0000        0.000000             0.014161      -720.8771309803
   128           600             3.0000        0.000000             0.018676      -720.8807425029
   128           800             4.0000        0.000000             0.015747      -720.8847660212
   128          1000             5.0000        0.000000             0.021284      -720.8888914804
   128          1200             6.0000        0.000000             0.021558      -720.8936474368
   128          1400             7.0000        0.000000             0.026885      -720.8987114989
   128          1600             8.0000        0.000000             0.026796      -720.9044797182
   128          1800             9.0000        0.000000             0.033623      -720.9106091130
   128          2000            10.0000        0.000000             0.036535      -720.9177060696
   128          2200            11.0000        0.000000             0.036660      -720.9253158120
   128          2400            12.0000        0.000000             0.037745      -720.9333841275
   128          2600            13.0000        0.000000             0.042958      -720.9417954018
   128          2800            14.0000        0.000000             0.057810      -720.9512717396
   128          3000            15.0000        0.000000             0.048495      -720.9624638364
   128          3200            16.0000        0.000000             0.050899      -720.9728596780
   128          3400            17.0000        0.000000             0.049884      -720.9838203588
   128          3600            18.0000        0.000000             0.040049      -720.9937994885
   128          3800            19.0000        0.000000             0.038001      -721.0032916983
   128          4000            20.0000        0.000000             0.043648      -721.0123629179
   128          4200            21.0000        0.000000             0.042382      -721.0217990084
   128          4400            22.0000        0.000000             0.039139      -721.0305092228
   128          4600            23.0000        0.000000             0.030572      -721.0381969407
   128          4800            24.0000        0.000000             0.028026      -721.0447060633
   128          5000            25.0000        0.000000             0.020787      -721.0501284704
   128          5200            26.0000        0.000000             0.021214      -721.0546626313
   128          5400            27.0000        0.000000             0.015063      -721.0585108216
   128          5600            28.0000        0.000000             0.011507      -721.0614358677
   128          5800            29.0000        0.000000             0.009042      -721.0636828120
   128          6000            30.0000        0.000000             0.007315      -721.0654735033
   128          6200            31.0000        0.000000             0.005006      -721.0668074231
   128          6400            32.0000        0.000000             0.003894      -721.0678074371
   128          6600            33.0000        0.000000             0.002906      -721.0685722920
   128          6800            34.0000        0.000000             0.002361      -721.0691405379
   128          7000            35.0000        0.000000             0.001757      -721.0695760208
   128          7200            36.0000        0.000000             0.001099      -721.0698763411
   128          7400            37.0000        0.000000             0.000756      -721.0700912658
   128          7600            38.0000        0.000000             0.000653      -721.0702451823
   128          7800            39.0000        0.000000             0.000434      -721.0703626130
   128          8000            40.0000        0.000000             0.000343      -721.0704465301
   128          8200            41.0000        0.000000             0.000219      -721.0705082688
   128          8400            42.0000        0.000000             0.000154      -721.0705493901
   128          8600            43.0000        0.000000             0.000118      -721.0705796911
   128          8800            44.0000        0.000000             0.000075      -721.0706013641
   128          9000            45.0000        0.000000             0.000066      -721.0706166901
   128          9200            46.0000        0.000000             0.000040      -721.0706281071
   128          9400            47.0000        0.000000             0.000027      -721.0706357001
   128          9600            48.0000        0.000000             0.000018      -721.0706410555
   128          9800            49.0000        0.000000             0.000015      -721.0706448534
   128         10000            50.0000        0.000000             0.000013      -721.0706479224
   128         10200            51.0000        0.000000             0.000008      -721.0706501492
   128         10400            52.0000        0.000000             0.000005      -721.0706516233
   128         10600            53.0000        0.000000             0.000004      -721.0706526399
   128         10800            54.0000        0.000000             0.000003      -721.0706533967
   128         11000            55.0000        0.000000             0.000002      -721.0706539635
   128         11200            56.0000        0.000000             0.000002      -721.0706543826
   128         11400            57.0000        0.000000             0.000001      -721.0706546630
   128         11600            58.0000        0.000000             0.000001      -721.0706548699
   128         11800            59.0000        0.000000             0.000001      -721.0706550160
   128         12000            60.0000        0.000000             0.000000      -721.0706551156
   128         12200            61.0000        0.000000             0.000000      -721.0706551856
   128         12400            62.0000        0.000000             0.000000      -721.0706552361
   128         12600            63.0000        0.000000             0.000000      -721.0706552730
   128         12800            64.0000        0.000000             0.000000      -721.0706552999
   128         13000            65.0000        0.000000             0.000000      -721.0706553182
   128         13200            66.0000        0.000000             0.000000      -721.0706553309
   128         13400            67.0000        0.000000             0.000000      -721.0706553396
   128         13600            68.0000        0.000000             0.000000      -721.0706553459
   128         13800            69.0000        0.000000             0.000000      -721.0706553504
   128         14000            70.0000        0.000000             0.000000      -721.0706553539
   128         14200            71.0000        0.000000             0.000000      -721.0706553566
   128         14400            72.0000        0.000000             0.000000      -721.0706553584
   128         14600            73.0000        0.000000             0.000000      -721.0706553596
   128         14800            74.0000        0.000000             0.000000      -721.0706553605
   128         15000            75.0000        0.000000             0.000000      -721.0706553611
   128         15200            76.0000        0.000000             0.000000      -721.0706553616
   128         15400            77.0000        0.000000             0.000000      -721.0706553619
   128         15600            78.0000        0.000000             0.000000      -721.0706553621
   128         15800            79.0000        0.000000             0.000000      -721.0706553623
   128         16000            80.0000        0.000000             0.000000      -721.0706553624
   128         16200            81.0000        0.000000             0.000000      -721.0706553624
   128         16400            82.0000        0.000000             0.000000      -721.0706553625
   128         16600            83.0000        0.000000             0.000000      -721.0706553626
   128         16800            84.0000        0.000000             0.000000      -721.0706553626
   128         17000            85.0000        0.000000             0.000000      -721.0706553626
   128         17200            86.0000        0.000000             0.000000      -721.0706553626
   128         17400            87.0000        0.000000             0.000000      -721.0706553626
   128         17600            88.0000        0.000000             0.000000      -721.0706553626
   128         17800            89.0000        0.000000             0.000000      -721.0706553626
   128         18000            90.0000        0.000000             0.000000      -721.0706553626
   128         18200            91.0000        0.000000             0.000000      -721.0706553627
   128         18400            92.0000        0.000000             0.000000      -721.0706553627
   128         18600            93.0000        0.000000             0.000000      -721.0706553627
   128         18800            94.0000        0.000000             0.000000      -721.0706553627
   128         19000            95.0000        0.000000             0.000000      -721.0706553627
   128         19200            96.0000        0.000000             0.000000      -721.0706553627
   128         19400            97.0000        0.000000             0.000000      -721.0706553627
   128         19600            98.0000        0.000000             0.000000      -721.0706553627
   128         19800            99.0000        0.000000             0.000000      -721.0706553627
   128         20000           100.0000        0.000000             0.000000      -721.0706553627
