 #uni, ipas, time, temp, average temper, average ener
   128           200             1.0000        0.000000             1.426805      -720.9653587033
   128           400             2.0000        0.000000             0.015304      -721.0351149853
   128           600             3.0000        0.000000             0.011599      -721.0381751601
   128           800             4.0000        0.000000             0.007821      -721.0404985486
   128          1000             5.0000        0.000000             0.006826      -721.0422675265
   128          1200             6.0000        0.000000             0.005547      -721.0437716761
   128          1400             7.0000        0.000000             0.004513      -721.0449685111
   128          1600             8.0000        0.000000             0.003691      -721.0459634185
   128          1800             9.0000        0.000000             0.002981      -721.0467774681
   128          2000            10.0000        0.000000             0.002621      -721.0474428300
   128          2200            11.0000        0.000000             0.002017      -721.0480085727
   128          2400            12.0000        0.000000             0.001699      -721.0484552997
   128          2600            13.0000        0.000000             0.001302      -721.0488159791
   128          2800            14.0000        0.000000             0.001131      -721.0491128775
   128          3000            15.0000        0.000000             0.000863      -721.0493568250
   128          3200            16.0000        0.000000             0.000731      -721.0495540612
   128          3400            17.0000        0.000000             0.000621      -721.0497174022
   128          3600            18.0000        0.000000             0.000505      -721.0498520129
   128          3800            19.0000        0.000000             0.000395      -721.0499612068
   128          4000            20.0000        0.000000             0.000332      -721.0500500697
   128          4200            21.0000        0.000000             0.000284      -721.0501244120
   128          4400            22.0000        0.000000             0.000223      -721.0501851477
   128          4600            23.0000        0.000000             0.000171      -721.0502339163
   128          4800            24.0000        0.000000             0.000153      -721.0502729947
   128          5000            25.0000        0.000000             0.000122      -721.0503063710
   128          5200            26.0000        0.000000             0.000107      -721.0503330312
   128          5400            27.0000        0.000000             0.000077      -721.0503555397
   128          5600            28.0000        0.000000             0.000067      -721.0503731506
   128          5800            29.0000        0.000000             0.000057      -721.0503878468
   128          6000            30.0000        0.000000             0.000047      -721.0504001972
   128          6200            31.0000        0.000000             0.000036      -721.0504099817
   128          6400            32.0000        0.000000             0.000029      -721.0504178664
   128          6600            33.0000        0.000000             0.000024      -721.0504243289
   128          6800            34.0000        0.000000             0.000020      -721.0504296585
   128          7000            35.0000        0.000000             0.000017      -721.0504339660
   128          7200            36.0000        0.000000             0.000014      -721.0504375272
   128          7400            37.0000        0.000000             0.000011      -721.0504404872
   128          7600            38.0000        0.000000             0.000010      -721.0504428476
   128          7800            39.0000        0.000000             0.000007      -721.0504447804
   128          8000            40.0000        0.000000             0.000006      -721.0504462840
   128          8200            41.0000        0.000000             0.000005      -721.0504475338
   128          8400            42.0000        0.000000             0.000003      -721.0504485194
   128          8600            43.0000        0.000000             0.000003      -721.0504493082
   128          8800            44.0000        0.000000             0.000002      -721.0504499708
   128          9000            45.0000        0.000000             0.000002      -721.0504505046
   128          9200            46.0000        0.000000             0.000002      -721.0504509417
   128          9400            47.0000        0.000000             0.000001      -721.0504513017
   128          9600            48.0000        0.000000             0.000001      -721.0504515977
   128          9800            49.0000        0.000000             0.000001      -721.0504518331
   128         10000            50.0000        0.000000             0.000001      -721.0504520291
   128         10200            51.0000        0.000000             0.000001      -721.0504521880
   128         10400            52.0000        0.000000             0.000000      -721.0504523149
   128         10600            53.0000        0.000000             0.000000      -721.0504524210
   128         10800            54.0000        0.000000             0.000000      -721.0504525042
   128         11000            55.0000        0.000000             0.000000      -721.0504525726
   128         11200            56.0000        0.000000             0.000000      -721.0504526276
   128         11400            57.0000        0.000000             0.000000      -721.0504526739
   128         11600            58.0000        0.000000             0.000000      -721.0504527113
   128         11800            59.0000        0.000000             0.000000      -721.0504527415
   128         12000            60.0000        0.000000             0.000000      -721.0504527659
   128         12200            61.0000        0.000000             0.000000      -721.0504527864
   128         12400            62.0000        0.000000             0.000000      -721.0504528028
   128         12600            63.0000        0.000000             0.000000      -721.0504528161
   128         12800            64.0000        0.000000             0.000000      -721.0504528270
   128         13000            65.0000        0.000000             0.000000      -721.0504528359
   128         13200            66.0000        0.000000             0.000000      -721.0504528432
   128         13400            67.0000        0.000000             0.000000      -721.0504528490
   128         13600            68.0000        0.000000             0.000000      -721.0504528540
   128         13800            69.0000        0.000000             0.000000      -721.0504528580
   128         14000            70.0000        0.000000             0.000000      -721.0504528612
   128         14200            71.0000        0.000000             0.000000      -721.0504528639
   128         14400            72.0000        0.000000             0.000000      -721.0504528660
   128         14600            73.0000        0.000000             0.000000      -721.0504528677
   128         14800            74.0000        0.000000             0.000000      -721.0504528691
   128         15000            75.0000        0.000000             0.000000      -721.0504528702
   128         15200            76.0000        0.000000             0.000000      -721.0504528712
   128         15400            77.0000        0.000000             0.000000      -721.0504528719
   128         15600            78.0000        0.000000             0.000000      -721.0504528725
   128         15800            79.0000        0.000000             0.000000      -721.0504528730
   128         16000            80.0000        0.000000             0.000000      -721.0504528734
   128         16200            81.0000        0.000000             0.000000      -721.0504528737
   128         16400            82.0000        0.000000             0.000000      -721.0504528740
   128         16600            83.0000        0.000000             0.000000      -721.0504528742
   128         16800            84.0000        0.000000             0.000000      -721.0504528744
   128         17000            85.0000        0.000000             0.000000      -721.0504528745
   128         17200            86.0000        0.000000             0.000000      -721.0504528747
   128         17400            87.0000        0.000000             0.000000      -721.0504528747
   128         17600            88.0000        0.000000             0.000000      -721.0504528748
   128         17800            89.0000        0.000000             0.000000      -721.0504528749
   128         18000            90.0000        0.000000             0.000000      -721.0504528749
   128         18200            91.0000        0.000000             0.000000      -721.0504528750
   128         18400            92.0000        0.000000             0.000000      -721.0504528750
   128         18600            93.0000        0.000000             0.000000      -721.0504528750
   128         18800            94.0000        0.000000             0.000000      -721.0504528751
   128         19000            95.0000        0.000000             0.000000      -721.0504528751
   128         19200            96.0000        0.000000             0.000000      -721.0504528751
   128         19400            97.0000        0.000000             0.000000      -721.0504528751
   128         19600            98.0000        0.000000             0.000000      -721.0504528751
   128         19800            99.0000        0.000000             0.000000      -721.0504528751
   128         20000           100.0000        0.000000             0.000000      -721.0504528751
