 #uni, ipas, time, temp, average temper, average ener
   128           200             1.0000        0.000000             0.356960      -720.9655772410
   128           400             2.0000        0.000000             0.003609      -720.9816105954
   128           600             3.0000        0.000000             0.002449      -720.9822683120
   128           800             4.0000        0.000000             0.001305      -720.9826868687
   128          1000             5.0000        0.000000             0.000932      -720.9829355937
   128          1200             6.0000        0.000000             0.000638      -720.9831091794
   128          1400             7.0000        0.000000             0.000428      -720.9832287615
   128          1600             8.0000        0.000000             0.000300      -720.9833101268
   128          1800             9.0000        0.000000             0.000240      -720.9833689347
   128          2000            10.0000        0.000000             0.000188      -720.9834135936
   128          2200            11.0000        0.000000             0.000107      -720.9834451739
   128          2400            12.0000        0.000000             0.000093      -720.9834664288
   128          2600            13.0000        0.000000             0.000063      -720.9834827348
   128          2800            14.0000        0.000000             0.000041      -720.9834938155
   128          3000            15.0000        0.000000             0.000038      -720.9835020442
   128          3200            16.0000        0.000000             0.000025      -720.9835080583
   128          3400            17.0000        0.000000             0.000014      -720.9835119803
   128          3600            18.0000        0.000000             0.000010      -720.9835146722
   128          3800            19.0000        0.000000             0.000009      -720.9835167120
   128          4000            20.0000        0.000000             0.000006      -720.9835182577
   128          4200            21.0000        0.000000             0.000004      -720.9835193121
   128          4400            22.0000        0.000000             0.000003      -720.9835200729
   128          4600            23.0000        0.000000             0.000002      -720.9835206390
   128          4800            24.0000        0.000000             0.000001      -720.9835210266
   128          5000            25.0000        0.000000             0.000001      -720.9835213011
   128          5200            26.0000        0.000000             0.000001      -720.9835215034
   128          5400            27.0000        0.000000             0.000001      -720.9835216504
   128          5600            28.0000        0.000000             0.000000      -720.9835217603
   128          5800            29.0000        0.000000             0.000000      -720.9835218479
   128          6000            30.0000        0.000000             0.000000      -720.9835219155
   128          6200            31.0000        0.000000             0.000000      -720.9835219677
   128          6400            32.0000        0.000000             0.000000      -720.9835220077
   128          6600            33.0000        0.000000             0.000000      -720.9835220416
   128          6800            34.0000        0.000000             0.000000      -720.9835220693
   128          7000            35.0000        0.000000             0.000000      -720.9835220924
   128          7200            36.0000        0.000000             0.000000      -720.9835221119
   128          7400            37.0000        0.000000             0.000000      -720.9835221286
   128          7600            38.0000        0.000000             0.000000      -720.9835221430
   128          7800            39.0000        0.000000             0.000000      -720.9835221554
   128          8000            40.0000        0.000000             0.000000      -720.9835221662
   128          8200            41.0000        0.000000             0.000000      -720.9835221756
   128          8400            42.0000        0.000000             0.000000      -720.9835221839
   128          8600            43.0000        0.000000             0.000000      -720.9835221911
   128          8800            44.0000        0.000000             0.000000      -720.9835221977
   128          9000            45.0000        0.000000             0.000000      -720.9835222037
   128          9200            46.0000        0.000000             0.000000      -720.9835222089
   128          9400            47.0000        0.000000             0.000000      -720.9835222135
   128          9600            48.0000        0.000000             0.000000      -720.9835222177
   128          9800            49.0000        0.000000             0.000000      -720.9835222216
   128         10000            50.0000        0.000000             0.000000      -720.9835222251
   128         10200            51.0000        0.000000             0.000000      -720.9835222281
   128         10400            52.0000        0.000000             0.000000      -720.9835222308
   128         10600            53.0000        0.000000             0.000000      -720.9835222332
   128         10800            54.0000        0.000000             0.000000      -720.9835222354
   128         11000            55.0000        0.000000             0.000000      -720.9835222374
   128         11200            56.0000        0.000000             0.000000      -720.9835222391
   128         11400            57.0000        0.000000             0.000000      -720.9835222408
   128         11600            58.0000        0.000000             0.000000      -720.9835222423
   128         11800            59.0000        0.000000             0.000000      -720.9835222437
   128         12000            60.0000        0.000000             0.000000      -720.9835222449
   128         12200            61.0000        0.000000             0.000000      -720.9835222461
   128         12400            62.0000        0.000000             0.000000      -720.9835222473
   128         12600            63.0000        0.000000             0.000000      -720.9835222482
   128         12800            64.0000        0.000000             0.000000      -720.9835222490
   128         13000            65.0000        0.000000             0.000000      -720.9835222497
   128         13200            66.0000        0.000000             0.000000      -720.9835222505
   128         13400            67.0000        0.000000             0.000000      -720.9835222511
   128         13600            68.0000        0.000000             0.000000      -720.9835222517
   128         13800            69.0000        0.000000             0.000000      -720.9835222522
   128         14000            70.0000        0.000000             0.000000      -720.9835222527
   128         14200            71.0000        0.000000             0.000000      -720.9835222531
   128         14400            72.0000        0.000000             0.000000      -720.9835222535
   128         14600            73.0000        0.000000             0.000000      -720.9835222538
   128         14800            74.0000        0.000000             0.000000      -720.9835222542
   128         15000            75.0000        0.000000             0.000000      -720.9835222545
   128         15200            76.0000        0.000000             0.000000      -720.9835222547
   128         15400            77.0000        0.000000             0.000000      -720.9835222550
   128         15600            78.0000        0.000000             0.000000      -720.9835222552
   128         15800            79.0000        0.000000             0.000000      -720.9835222554
   128         16000            80.0000        0.000000             0.000000      -720.9835222556
   128         16200            81.0000        0.000000             0.000000      -720.9835222558
   128         16400            82.0000        0.000000             0.000000      -720.9835222559
   128         16600            83.0000        0.000000             0.000000      -720.9835222560
   128         16800            84.0000        0.000000             0.000000      -720.9835222562
   128         17000            85.0000        0.000000             0.000000      -720.9835222563
   128         17200            86.0000        0.000000             0.000000      -720.9835222564
   128         17400            87.0000        0.000000             0.000000      -720.9835222565
   128         17600            88.0000        0.000000             0.000000      -720.9835222566
   128         17800            89.0000        0.000000             0.000000      -720.9835222566
   128         18000            90.0000        0.000000             0.000000      -720.9835222567
   128         18200            91.0000        0.000000             0.000000      -720.9835222568
   128         18400            92.0000        0.000000             0.000000      -720.9835222568
   128         18600            93.0000        0.000000             0.000000      -720.9835222569
   128         18800            94.0000        0.000000             0.000000      -720.9835222569
   128         19000            95.0000        0.000000             0.000000      -720.9835222570
   128         19200            96.0000        0.000000             0.000000      -720.9835222570
   128         19400            97.0000        0.000000             0.000000      -720.9835222570
   128         19600            98.0000        0.000000             0.000000      -720.9835222571
   128         19800            99.0000        0.000000             0.000000      -720.9835222571
   128         20000           100.0000        0.000000             0.000000      -720.9835222571
