 #uni, ipas, time, temp, average temper, average ener
   128           200             1.0000        0.000000             0.719283      -720.9375403620
   128           400             2.0000        0.000000             0.094012      -720.9758513835
   128           600             3.0000        0.000000             0.099111      -720.9967030190
   128           800             4.0000        0.000000             0.106819      -721.0182631571
   128          1000             5.0000        0.000000             0.101752      -721.0410686431
   128          1200             6.0000        0.000000             0.099343      -721.0627127832
   128          1400             7.0000        0.000000             0.082939      -721.0834650935
   128          1600             8.0000        0.000000             0.073376      -721.1003378758
   128          1800             9.0000        0.000000             0.061163      -721.1157443316
   128          2000            10.0000        0.000000             0.052638      -721.1289370036
   128          2200            11.0000        0.000000             0.040762      -721.1393296606
   128          2400            12.0000        0.000000             0.032400      -721.1477585823
   128          2600            13.0000        0.000000             0.025215      -721.1543548579
   128          2800            14.0000        0.000000             0.018079      -721.1592546879
   128          3000            15.0000        0.000000             0.013612      -721.1628868279
   128          3200            16.0000        0.000000             0.010364      -721.1655378201
   128          3400            17.0000        0.000000             0.006954      -721.1674797241
   128          3600            18.0000        0.000000             0.004511      -721.1687943549
   128          3800            19.0000        0.000000             0.003330      -721.1697047677
   128          4000            20.0000        0.000000             0.002520      -721.1703625726
   128          4200            21.0000        0.000000             0.002134      -721.1708391303
   128          4400            22.0000        0.000000             0.001046      -721.1711787053
   128          4600            23.0000        0.000000             0.000787      -721.1713787917
   128          4800            24.0000        0.000000             0.000522      -721.1715236854
   128          5000            25.0000        0.000000             0.000293      -721.1716157525
   128          5200            26.0000        0.000000             0.000239      -721.1716759596
   128          5400            27.0000        0.000000             0.000150      -721.1717196543
   128          5600            28.0000        0.000000             0.000114      -721.1717480864
   128          5800            29.0000        0.000000             0.000074      -721.1717676382
   128          6000            30.0000        0.000000             0.000051      -721.1717809114
   128          6200            31.0000        0.000000             0.000026      -721.1717891156
   128          6400            32.0000        0.000000             0.000019      -721.1717942636
   128          6600            33.0000        0.000000             0.000011      -721.1717978684
   128          6800            34.0000        0.000000             0.000009      -721.1718002226
   128          7000            35.0000        0.000000             0.000006      -721.1718019027
   128          7200            36.0000        0.000000             0.000004      -721.1718030566
   128          7400            37.0000        0.000000             0.000003      -721.1718038198
   128          7600            38.0000        0.000000             0.000002      -721.1718043421
   128          7800            39.0000        0.000000             0.000001      -721.1718046669
   128          8000            40.0000        0.000000             0.000001      -721.1718048799
   128          8200            41.0000        0.000000             0.000001      -721.1718050392
   128          8400            42.0000        0.000000             0.000000      -721.1718051382
   128          8600            43.0000        0.000000             0.000000      -721.1718052014
   128          8800            44.0000        0.000000             0.000000      -721.1718052470
   128          9000            45.0000        0.000000             0.000000      -721.1718052758
   128          9200            46.0000        0.000000             0.000000      -721.1718052953
   128          9400            47.0000        0.000000             0.000000      -721.1718053085
   128          9600            48.0000        0.000000             0.000000      -721.1718053171
   128          9800            49.0000        0.000000             0.000000      -721.1718053230
   128         10000            50.0000        0.000000             0.000000      -721.1718053269
   128         10200            51.0000        0.000000             0.000000      -721.1718053294
   128         10400            52.0000        0.000000             0.000000      -721.1718053311
   128         10600            53.0000        0.000000             0.000000      -721.1718053322
   128         10800            54.0000        0.000000             0.000000      -721.1718053329
   128         11000            55.0000        0.000000             0.000000      -721.1718053334
   128         11200            56.0000        0.000000             0.000000      -721.1718053338
   128         11400            57.0000        0.000000             0.000000      -721.1718053340
   128         11600            58.0000        0.000000             0.000000      -721.1718053341
   128         11800            59.0000        0.000000             0.000000      -721.1718053342
   128         12000            60.0000        0.000000             0.000000      -721.1718053343
   128         12200            61.0000        0.000000             0.000000      -721.1718053343
   128         12400            62.0000        0.000000             0.000000      -721.1718053344
   128         12600            63.0000        0.000000             0.000000      -721.1718053344
   128         12800            64.0000        0.000000             0.000000      -721.1718053344
   128         13000            65.0000        0.000000             0.000000      -721.1718053344
   128         13200            66.0000        0.000000             0.000000      -721.1718053344
   128         13400            67.0000        0.000000             0.000000      -721.1718053344
   128         13600            68.0000        0.000000             0.000000      -721.1718053344
   128         13800            69.0000        0.000000             0.000000      -721.1718053344
   128         14000            70.0000        0.000000             0.000000      -721.1718053344
   128         14200            71.0000        0.000000             0.000000      -721.1718053344
   128         14400            72.0000        0.000000             0.000000      -721.1718053344
   128         14600            73.0000        0.000000             0.000000      -721.1718053344
   128         14800            74.0000        0.000000             0.000000      -721.1718053344
   128         15000            75.0000        0.000000             0.000000      -721.1718053344
   128         15200            76.0000        0.000000             0.000000      -721.1718053344
   128         15400            77.0000        0.000000             0.000000      -721.1718053344
   128         15600            78.0000        0.000000             0.000000      -721.1718053344
   128         15800            79.0000        0.000000             0.000000      -721.1718053344
   128         16000            80.0000        0.000000             0.000000      -721.1718053344
   128         16200            81.0000        0.000000             0.000000      -721.1718053344
   128         16400            82.0000        0.000000             0.000000      -721.1718053344
   128         16600            83.0000        0.000000             0.000000      -721.1718053344
   128         16800            84.0000        0.000000             0.000000      -721.1718053344
   128         17000            85.0000        0.000000             0.000000      -721.1718053344
   128         17200            86.0000        0.000000             0.000000      -721.1718053344
   128         17400            87.0000        0.000000             0.000000      -721.1718053344
   128         17600            88.0000        0.000000             0.000000      -721.1718053344
   128         17800            89.0000        0.000000             0.000000      -721.1718053344
   128         18000            90.0000        0.000000             0.000000      -721.1718053344
   128         18200            91.0000        0.000000             0.000000      -721.1718053344
   128         18400            92.0000        0.000000             0.000000      -721.1718053344
   128         18600            93.0000        0.000000             0.000000      -721.1718053344
   128         18800            94.0000        0.000000             0.000000      -721.1718053344
   128         19000            95.0000        0.000000             0.000000      -721.1718053344
   128         19200            96.0000        0.000000             0.000000      -721.1718053344
   128         19400            97.0000        0.000000             0.000000      -721.1718053344
   128         19600            98.0000        0.000000             0.000000      -721.1718053344
   128         19800            99.0000        0.000000             0.000000      -721.1718053344
   128         20000           100.0000        0.000000             0.000000      -721.1718053344
