 #uni, ipas, time, temp, average temper, average ener
   128           200             1.0000        0.000000             0.669244      -720.9758657750
   128           400             2.0000        0.000000             0.125345      -721.0228105397
   128           600             3.0000        0.000000             0.119804      -721.0514288547
   128           800             4.0000        0.000000             0.123675      -721.0787143672
   128          1000             5.0000        0.000000             0.117111      -721.1062372530
   128          1200             6.0000        0.000000             0.095568      -721.1292426798
   128          1400             7.0000        0.000000             0.085682      -721.1492982797
   128          1600             8.0000        0.000000             0.077332      -721.1662100064
   128          1800             9.0000        0.000000             0.050444      -721.1800179474
   128          2000            10.0000        0.000000             0.039115      -721.1898138085
   128          2200            11.0000        0.000000             0.025839      -721.1969891158
   128          2400            12.0000        0.000000             0.021790      -721.2021878083
   128          2600            13.0000        0.000000             0.015505      -721.2063279758
   128          2800            14.0000        0.000000             0.009273      -721.2090077939
   128          3000            15.0000        0.000000             0.006873      -721.2109122676
   128          3200            16.0000        0.000000             0.004946      -721.2122555481
   128          3400            17.0000        0.000000             0.003561      -721.2132001480
   128          3600            18.0000        0.000000             0.002718      -721.2138973268
   128          3800            19.0000        0.000000             0.001814      -721.2143706869
   128          4000            20.0000        0.000000             0.001102      -721.2146976699
   128          4200            21.0000        0.000000             0.000770      -721.2149117660
   128          4400            22.0000        0.000000             0.000519      -721.2150562470
   128          4600            23.0000        0.000000             0.000382      -721.2151577050
   128          4800            24.0000        0.000000             0.000247      -721.2152290328
   128          5000            25.0000        0.000000             0.000163      -721.2152771112
   128          5200            26.0000        0.000000             0.000122      -721.2153086854
   128          5400            27.0000        0.000000             0.000086      -721.2153323361
   128          5600            28.0000        0.000000             0.000065      -721.2153482117
   128          5800            29.0000        0.000000             0.000033      -721.2153588107
   128          6000            30.0000        0.000000             0.000023      -721.2153652845
   128          6200            31.0000        0.000000             0.000017      -721.2153698159
   128          6400            32.0000        0.000000             0.000012      -721.2153730865
   128          6600            33.0000        0.000000             0.000007      -721.2153752976
   128          6800            34.0000        0.000000             0.000005      -721.2153766909
   128          7000            35.0000        0.000000             0.000004      -721.2153776372
   128          7200            36.0000        0.000000             0.000003      -721.2153783428
   128          7400            37.0000        0.000000             0.000002      -721.2153788169
   128          7600            38.0000        0.000000             0.000001      -721.2153791203
   128          7800            39.0000        0.000000             0.000001      -721.2153793290
   128          8000            40.0000        0.000000             0.000001      -721.2153794784
   128          8200            41.0000        0.000000             0.000000      -721.2153795752
   128          8400            42.0000        0.000000             0.000000      -721.2153796367
   128          8600            43.0000        0.000000             0.000000      -721.2153796786
   128          8800            44.0000        0.000000             0.000000      -721.2153797081
   128          9000            45.0000        0.000000             0.000000      -721.2153797288
   128          9200            46.0000        0.000000             0.000000      -721.2153797418
   128          9400            47.0000        0.000000             0.000000      -721.2153797506
   128          9600            48.0000        0.000000             0.000000      -721.2153797564
   128          9800            49.0000        0.000000             0.000000      -721.2153797600
   128         10000            50.0000        0.000000             0.000000      -721.2153797626
   128         10200            51.0000        0.000000             0.000000      -721.2153797643
   128         10400            52.0000        0.000000             0.000000      -721.2153797654
   128         10600            53.0000        0.000000             0.000000      -721.2153797662
   128         10800            54.0000        0.000000             0.000000      -721.2153797667
   128         11000            55.0000        0.000000             0.000000      -721.2153797671
   128         11200            56.0000        0.000000             0.000000      -721.2153797673
   128         11400            57.0000        0.000000             0.000000      -721.2153797674
   128         11600            58.0000        0.000000             0.000000      -721.2153797675
   128         11800            59.0000        0.000000             0.000000      -721.2153797676
   128         12000            60.0000        0.000000             0.000000      -721.2153797677
   128         12200            61.0000        0.000000             0.000000      -721.2153797677
   128         12400            62.0000        0.000000             0.000000      -721.2153797677
   128         12600            63.0000        0.000000             0.000000      -721.2153797677
   128         12800            64.0000        0.000000             0.000000      -721.2153797677
   128         13000            65.0000        0.000000             0.000000      -721.2153797677
   128         13200            66.0000        0.000000             0.000000      -721.2153797677
   128         13400            67.0000        0.000000             0.000000      -721.2153797677
   128         13600            68.0000        0.000000             0.000000      -721.2153797677
   128         13800            69.0000        0.000000             0.000000      -721.2153797677
   128         14000            70.0000        0.000000             0.000000      -721.2153797677
   128         14200            71.0000        0.000000             0.000000      -721.2153797677
   128         14400            72.0000        0.000000             0.000000      -721.2153797677
   128         14600            73.0000        0.000000             0.000000      -721.2153797678
   128         14800            74.0000        0.000000             0.000000      -721.2153797678
   128         15000            75.0000        0.000000             0.000000      -721.2153797678
   128         15200            76.0000        0.000000             0.000000      -721.2153797678
   128         15400            77.0000        0.000000             0.000000      -721.2153797678
   128         15600            78.0000        0.000000             0.000000      -721.2153797678
   128         15800            79.0000        0.000000             0.000000      -721.2153797678
   128         16000            80.0000        0.000000             0.000000      -721.2153797678
   128         16200            81.0000        0.000000             0.000000      -721.2153797678
   128         16400            82.0000        0.000000             0.000000      -721.2153797678
   128         16600            83.0000        0.000000             0.000000      -721.2153797678
   128         16800            84.0000        0.000000             0.000000      -721.2153797678
   128         17000            85.0000        0.000000             0.000000      -721.2153797678
   128         17200            86.0000        0.000000             0.000000      -721.2153797678
   128         17400            87.0000        0.000000             0.000000      -721.2153797678
   128         17600            88.0000        0.000000             0.000000      -721.2153797678
   128         17800            89.0000        0.000000             0.000000      -721.2153797678
   128         18000            90.0000        0.000000             0.000000      -721.2153797678
   128         18200            91.0000        0.000000             0.000000      -721.2153797678
   128         18400            92.0000        0.000000             0.000000      -721.2153797678
   128         18600            93.0000        0.000000             0.000000      -721.2153797678
   128         18800            94.0000        0.000000             0.000000      -721.2153797678
   128         19000            95.0000        0.000000             0.000000      -721.2153797678
   128         19200            96.0000        0.000000             0.000000      -721.2153797678
   128         19400            97.0000        0.000000             0.000000      -721.2153797678
   128         19600            98.0000        0.000000             0.000000      -721.2153797678
   128         19800            99.0000        0.000000             0.000000      -721.2153797678
   128         20000           100.0000        0.000000             0.000000      -721.2153797678
