 #uni, ipas, time, temp, average temper, average ener
   128           200             1.0000        0.000000             1.479488      -720.9697644103
   128           400             2.0000        0.000000             0.014256      -721.0417222703
   128           600             3.0000        0.000000             0.010214      -721.0445098321
   128           800             4.0000        0.000000             0.006930      -721.0465422699
   128          1000             5.0000        0.000000             0.005521      -721.0479700916
   128          1200             6.0000        0.000000             0.003958      -721.0491049898
   128          1400             7.0000        0.000000             0.003169      -721.0499324971
   128          1600             8.0000        0.000000             0.002248      -721.0505964257
   128          1800             9.0000        0.000000             0.001870      -721.0511087446
   128          2000            10.0000        0.000000             0.001495      -721.0515186903
   128          2200            11.0000        0.000000             0.001202      -721.0518549467
   128          2400            12.0000        0.000000             0.001030      -721.0521217798
   128          2600            13.0000        0.000000             0.000820      -721.0523466129
   128          2800            14.0000        0.000000             0.000665      -721.0525259930
   128          3000            15.0000        0.000000             0.000527      -721.0526706919
   128          3200            16.0000        0.000000             0.000439      -721.0527873344
   128          3400            17.0000        0.000000             0.000363      -721.0528827477
   128          3600            18.0000        0.000000             0.000283      -721.0529599091
   128          3800            19.0000        0.000000             0.000237      -721.0530224032
   128          4000            20.0000        0.000000             0.000184      -721.0530735393
   128          4200            21.0000        0.000000             0.000144      -721.0531133534
   128          4400            22.0000        0.000000             0.000116      -721.0531457693
   128          4600            23.0000        0.000000             0.000099      -721.0531721504
   128          4800            24.0000        0.000000             0.000077      -721.0531938754
   128          5000            25.0000        0.000000             0.000069      -721.0532117371
   128          5200            26.0000        0.000000             0.000052      -721.0532263524
   128          5400            27.0000        0.000000             0.000043      -721.0532380250
   128          5600            28.0000        0.000000             0.000036      -721.0532476854
   128          5800            29.0000        0.000000             0.000030      -721.0532556654
   128          6000            30.0000        0.000000             0.000024      -721.0532621626
   128          6200            31.0000        0.000000             0.000020      -721.0532674294
   128          6400            32.0000        0.000000             0.000017      -721.0532717699
   128          6600            33.0000        0.000000             0.000012      -721.0532753095
   128          6800            34.0000        0.000000             0.000011      -721.0532781225
   128          7000            35.0000        0.000000             0.000009      -721.0532804588
   128          7200            36.0000        0.000000             0.000007      -721.0532823227
   128          7400            37.0000        0.000000             0.000005      -721.0532838481
   128          7600            38.0000        0.000000             0.000004      -721.0532850501
   128          7800            39.0000        0.000000             0.000004      -721.0532860106
   128          8000            40.0000        0.000000             0.000003      -721.0532868214
   128          8200            41.0000        0.000000             0.000003      -721.0532874917
   128          8400            42.0000        0.000000             0.000002      -721.0532880273
   128          8600            43.0000        0.000000             0.000002      -721.0532884541
   128          8800            44.0000        0.000000             0.000001      -721.0532887993
   128          9000            45.0000        0.000000             0.000001      -721.0532890891
   128          9200            46.0000        0.000000             0.000001      -721.0532893286
   128          9400            47.0000        0.000000             0.000001      -721.0532895229
   128          9600            48.0000        0.000000             0.000001      -721.0532896772
   128          9800            49.0000        0.000000             0.000000      -721.0532898049
   128         10000            50.0000        0.000000             0.000000      -721.0532899095
   128         10200            51.0000        0.000000             0.000000      -721.0532899933
   128         10400            52.0000        0.000000             0.000000      -721.0532900602
   128         10600            53.0000        0.000000             0.000000      -721.0532901136
   128         10800            54.0000        0.000000             0.000000      -721.0532901575
   128         11000            55.0000        0.000000             0.000000      -721.0532901934
   128         11200            56.0000        0.000000             0.000000      -721.0532902219
   128         11400            57.0000        0.000000             0.000000      -721.0532902454
   128         11600            58.0000        0.000000             0.000000      -721.0532902650
   128         11800            59.0000        0.000000             0.000000      -721.0532902808
   128         12000            60.0000        0.000000             0.000000      -721.0532902933
   128         12200            61.0000        0.000000             0.000000      -721.0532903035
   128         12400            62.0000        0.000000             0.000000      -721.0532903117
   128         12600            63.0000        0.000000             0.000000      -721.0532903185
   128         12800            64.0000        0.000000             0.000000      -721.0532903240
   128         13000            65.0000        0.000000             0.000000      -721.0532903284
   128         13200            66.0000        0.000000             0.000000      -721.0532903321
   128         13400            67.0000        0.000000             0.000000      -721.0532903351
   128         13600            68.0000        0.000000             0.000000      -721.0532903375
   128         13800            69.0000        0.000000             0.000000      -721.0532903395
   128         14000            70.0000        0.000000             0.000000      -721.0532903411
   128         14200            71.0000        0.000000             0.000000      -721.0532903424
   128         14400            72.0000        0.000000             0.000000      -721.0532903434
   128         14600            73.0000        0.000000             0.000000      -721.0532903443
   128         14800            74.0000        0.000000             0.000000      -721.0532903449
   128         15000            75.0000        0.000000             0.000000      -721.0532903455
   128         15200            76.0000        0.000000             0.000000      -721.0532903459
   128         15400            77.0000        0.000000             0.000000      -721.0532903463
   128         15600            78.0000        0.000000             0.000000      -721.0532903466
   128         15800            79.0000        0.000000             0.000000      -721.0532903468
   128         16000            80.0000        0.000000             0.000000      -721.0532903470
   128         16200            81.0000        0.000000             0.000000      -721.0532903472
   128         16400            82.0000        0.000000             0.000000      -721.0532903473
   128         16600            83.0000        0.000000             0.000000      -721.0532903474
   128         16800            84.0000        0.000000             0.000000      -721.0532903475
   128         17000            85.0000        0.000000             0.000000      -721.0532903476
   128         17200            86.0000        0.000000             0.000000      -721.0532903476
   128         17400            87.0000        0.000000             0.000000      -721.0532903477
   128         17600            88.0000        0.000000             0.000000      -721.0532903477
   128         17800            89.0000        0.000000             0.000000      -721.0532903477
   128         18000            90.0000        0.000000             0.000000      -721.0532903478
   128         18200            91.0000        0.000000             0.000000      -721.0532903478
   128         18400            92.0000        0.000000             0.000000      -721.0532903478
   128         18600            93.0000        0.000000             0.000000      -721.0532903478
   128         18800            94.0000        0.000000             0.000000      -721.0532903478
   128         19000            95.0000        0.000000             0.000000      -721.0532903478
   128         19200            96.0000        0.000000             0.000000      -721.0532903478
   128         19400            97.0000        0.000000             0.000000      -721.0532903478
   128         19600            98.0000        0.000000             0.000000      -721.0532903478
   128         19800            99.0000        0.000000             0.000000      -721.0532903478
   128         20000           100.0000        0.000000             0.000000      -721.0532903478
