 #uni, ipas, time, temp, average temper, average ener
   559            40             0.2000        0.000000            73.222100     -3230.5002504571
   559            80             0.4000        0.000000             7.759140     -3244.6861187605
   559           120             0.6000        0.000000             1.107789     -3246.0688000651
   559           160             0.8000        0.000000             0.318809     -3246.2896205908
   559           200             1.0000        0.000000             0.130113     -3246.3587754979
   559           240             1.2000        0.000000             0.072273     -3246.3889761518
   559           280             1.4000        0.000000             0.041036     -3246.4054698564
   559           320             1.6000        0.000000             0.023933     -3246.4148354551
   559           360             1.8000        0.000000             0.014743     -3246.4203104657
   559           400             2.0000        0.000000             0.009141     -3246.4236722489
   559           440             2.2000        0.000000             0.005449     -3246.4257301134
   559           480             2.4000        0.000000             0.003345     -3246.4269779045
   559           520             2.6000        0.000000             0.002150     -3246.4277532928
   559           560             2.8000        0.000000             0.001324     -3246.4282426247
   559           600             3.0000        0.000000             0.000856     -3246.4285516163
   559           640             3.2000        0.000000             0.000556     -3246.4287504740
   559           680             3.4000        0.000000             0.000362     -3246.4288812474
   559           720             3.6000        0.000000             0.000251     -3246.4289668937
   559           760             3.8000        0.000000             0.000177     -3246.4290259282
   559           800             4.0000        0.000000             0.000122     -3246.4290673851
   559           840             4.2000        0.000000             0.000082     -3246.4290955933
   559           880             4.4000        0.000000             0.000059     -3246.4291150944
   559           920             4.6000        0.000000             0.000042     -3246.4291292315
   559           960             4.8000        0.000000             0.000030     -3246.4291392237
   559          1000             5.0000        0.000000             0.000022     -3246.4291463843
   559          1040             5.2000        0.000000             0.000017     -3246.4291517519
   559          1080             5.4000        0.000000             0.000012     -3246.4291558210
   559          1120             5.6000        0.000000             0.000009     -3246.4291587952
   559          1160             5.8000        0.000000             0.000007     -3246.4291610118
   559          1200             6.0000        0.000000             0.000005     -3246.4291626899
   559          1240             6.2000        0.000000             0.000004     -3246.4291639482
   559          1280             6.4000        0.000000             0.000003     -3246.4291648901
   559          1320             6.6000        0.000000             0.000002     -3246.4291655842
   559          1360             6.8000        0.000000             0.000002     -3246.4291661007
   559          1400             7.0000        0.000000             0.000001     -3246.4291664966
   559          1440             7.2000        0.000000             0.000001     -3246.4291668068
   559          1480             7.4000        0.000000             0.000001     -3246.4291670431
   559          1520             7.6000        0.000000             0.000001     -3246.4291672244
   559          1560             7.8000        0.000000             0.000000     -3246.4291673620
   559          1600             8.0000        0.000000             0.000000     -3246.4291674609
   559          1640             8.2000        0.000000             0.000000     -3246.4291675382
   559          1680             8.4000        0.000000             0.000000     -3246.4291675969
   559          1720             8.6000        0.000000             0.000000     -3246.4291676425
   559          1760             8.8000        0.000000             0.000000     -3246.4291676761
   559          1800             9.0000        0.000000             0.000000     -3246.4291677021
   559          1840             9.2000        0.000000             0.000000     -3246.4291677217
   559          1880             9.4000        0.000000             0.000000     -3246.4291677362
   559          1920             9.6000        0.000000             0.000000     -3246.4291677482
   559          1960             9.8000        0.000000             0.000000     -3246.4291677569
   559          2000            10.0000        0.000000             0.000000     -3246.4291677635
   559          2040            10.2000        0.000000             0.000000     -3246.4291677685
   559          2080            10.4000        0.000000             0.000000     -3246.4291677724
   559          2120            10.6000        0.000000             0.000000     -3246.4291677753
   559          2160            10.8000        0.000000             0.000000     -3246.4291677775
   559          2200            11.0000        0.000000             0.000000     -3246.4291677792
   559          2240            11.2000        0.000000             0.000000     -3246.4291677804
   559          2280            11.4000        0.000000             0.000000     -3246.4291677814
   559          2320            11.6000        0.000000             0.000000     -3246.4291677821
   559          2360            11.8000        0.000000             0.000000     -3246.4291677826
   559          2400            12.0000        0.000000             0.000000     -3246.4291677830
   559          2440            12.2000        0.000000             0.000000     -3246.4291677833
   559          2480            12.4000        0.000000             0.000000     -3246.4291677835
   559          2520            12.6000        0.000000             0.000000     -3246.4291677837
   559          2560            12.8000        0.000000             0.000000     -3246.4291677839
   559          2600            13.0000        0.000000             0.000000     -3246.4291677840
   559          2640            13.2000        0.000000             0.000000     -3246.4291677840
   559          2680            13.4000        0.000000             0.000000     -3246.4291677841
   559          2720            13.6000        0.000000             0.000000     -3246.4291677841
   559          2760            13.8000        0.000000             0.000000     -3246.4291677842
   559          2800            14.0000        0.000000             0.000000     -3246.4291677842
   559          2840            14.2000        0.000000             0.000000     -3246.4291677842
   559          2880            14.4000        0.000000             0.000000     -3246.4291677842
   559          2920            14.6000        0.000000             0.000000     -3246.4291677843
   559          2960            14.8000        0.000000             0.000000     -3246.4291677843
   559          3000            15.0000        0.000000             0.000000     -3246.4291677843
   559          3040            15.2000        0.000000             0.000000     -3246.4291677843
   559          3080            15.4000        0.000000             0.000000     -3246.4291677843
   559          3120            15.6000        0.000000             0.000000     -3246.4291677843
   559          3160            15.8000        0.000000             0.000000     -3246.4291677843
   559          3200            16.0000        0.000000             0.000000     -3246.4291677843
   559          3240            16.2000        0.000000             0.000000     -3246.4291677843
   559          3280            16.4000        0.000000             0.000000     -3246.4291677843
   559          3320            16.6000        0.000000             0.000000     -3246.4291677843
   559          3360            16.8000        0.000000             0.000000     -3246.4291677843
   559          3400            17.0000        0.000000             0.000000     -3246.4291677843
   559          3440            17.2000        0.000000             0.000000     -3246.4291677843
   559          3480            17.4000        0.000000             0.000000     -3246.4291677843
   559          3520            17.6000        0.000000             0.000000     -3246.4291677843
   559          3560            17.8000        0.000000             0.000000     -3246.4291677843
   559          3600            18.0000        0.000000             0.000000     -3246.4291677843
   559          3640            18.2000        0.000000             0.000000     -3246.4291677843
   559          3680            18.4000        0.000000             0.000000     -3246.4291677843
   559          3720            18.6000        0.000000             0.000000     -3246.4291677843
   559          3760            18.8000        0.000000             0.000000     -3246.4291677843
   559          3800            19.0000        0.000000             0.000000     -3246.4291677843
   559          3840            19.2000        0.000000             0.000000     -3246.4291677843
   559          3880            19.4000        0.000000             0.000000     -3246.4291677843
   559          3920            19.6000        0.000000             0.000000     -3246.4291677843
   559          3960            19.8000        0.000000             0.000000     -3246.4291677843
   559          4000            20.0000        0.000000             0.000000     -3246.4291677843
