 #uni, ipas, time, temp, average temper, average ener
   128           200             1.0000        0.000000             0.868199      -720.9448558672
   128           400             2.0000        0.000000             0.007159      -720.9872922355
   128           600             3.0000        0.000000             0.006597      -720.9888100616
   128           800             4.0000        0.000000             0.004446      -720.9900193779
   128          1000             5.0000        0.000000             0.003421      -720.9908316532
   128          1200             6.0000        0.000000             0.002183      -720.9914101315
   128          1400             7.0000        0.000000             0.001637      -720.9918181261
   128          1600             8.0000        0.000000             0.001155      -720.9921049292
   128          1800             9.0000        0.000000             0.000912      -720.9923137943
   128          2000            10.0000        0.000000             0.000567      -720.9924568488
   128          2200            11.0000        0.000000             0.000363      -720.9925518866
   128          2400            12.0000        0.000000             0.000251      -720.9926162730
   128          2600            13.0000        0.000000             0.000170      -720.9926611981
   128          2800            14.0000        0.000000             0.000116      -720.9926909244
   128          3000            15.0000        0.000000             0.000091      -720.9927126933
   128          3200            16.0000        0.000000             0.000079      -720.9927275951
   128          3400            17.0000        0.000000             0.000038      -720.9927398782
   128          3600            18.0000        0.000000             0.000031      -720.9927468900
   128          3800            19.0000        0.000000             0.000017      -720.9927520203
   128          4000            20.0000        0.000000             0.000012      -720.9927553406
   128          4200            21.0000        0.000000             0.000010      -720.9927578759
   128          4400            22.0000        0.000000             0.000007      -720.9927598307
   128          4600            23.0000        0.000000             0.000005      -720.9927612530
   128          4800            24.0000        0.000000             0.000004      -720.9927623829
   128          5000            25.0000        0.000000             0.000003      -720.9927632847
   128          5200            26.0000        0.000000             0.000003      -720.9927640105
   128          5400            27.0000        0.000000             0.000002      -720.9927646149
   128          5600            28.0000        0.000000             0.000002      -720.9927651282
   128          5800            29.0000        0.000000             0.000002      -720.9927655576
   128          6000            30.0000        0.000000             0.000001      -720.9927659280
   128          6200            31.0000        0.000000             0.000001      -720.9927662492
   128          6400            32.0000        0.000000             0.000001      -720.9927665291
   128          6600            33.0000        0.000000             0.000001      -720.9927667743
   128          6800            34.0000        0.000000             0.000001      -720.9927669886
   128          7000            35.0000        0.000000             0.000001      -720.9927671838
   128          7200            36.0000        0.000000             0.000001      -720.9927673591
   128          7400            37.0000        0.000000             0.000001      -720.9927675063
   128          7600            38.0000        0.000000             0.000001      -720.9927676424
   128          7800            39.0000        0.000000             0.000000      -720.9927677642
   128          8000            40.0000        0.000000             0.000000      -720.9927678758
   128          8200            41.0000        0.000000             0.000000      -720.9927679769
   128          8400            42.0000        0.000000             0.000000      -720.9927680657
   128          8600            43.0000        0.000000             0.000000      -720.9927681468
   128          8800            44.0000        0.000000             0.000000      -720.9927682215
   128          9000            45.0000        0.000000             0.000000      -720.9927682851
   128          9200            46.0000        0.000000             0.000000      -720.9927683436
   128          9400            47.0000        0.000000             0.000000      -720.9927683981
   128          9600            48.0000        0.000000             0.000000      -720.9927684464
   128          9800            49.0000        0.000000             0.000000      -720.9927684915
   128         10000            50.0000        0.000000             0.000000      -720.9927685310
   128         10200            51.0000        0.000000             0.000000      -720.9927685678
   128         10400            52.0000        0.000000             0.000000      -720.9927686033
   128         10600            53.0000        0.000000             0.000000      -720.9927686354
   128         10800            54.0000        0.000000             0.000000      -720.9927686638
   128         11000            55.0000        0.000000             0.000000      -720.9927686885
   128         11200            56.0000        0.000000             0.000000      -720.9927687109
   128         11400            57.0000        0.000000             0.000000      -720.9927687312
   128         11600            58.0000        0.000000             0.000000      -720.9927687497
   128         11800            59.0000        0.000000             0.000000      -720.9927687668
   128         12000            60.0000        0.000000             0.000000      -720.9927687820
   128         12200            61.0000        0.000000             0.000000      -720.9927687957
   128         12400            62.0000        0.000000             0.000000      -720.9927688082
   128         12600            63.0000        0.000000             0.000000      -720.9927688199
   128         12800            64.0000        0.000000             0.000000      -720.9927688304
   128         13000            65.0000        0.000000             0.000000      -720.9927688401
   128         13200            66.0000        0.000000             0.000000      -720.9927688486
   128         13400            67.0000        0.000000             0.000000      -720.9927688564
   128         13600            68.0000        0.000000             0.000000      -720.9927688638
   128         13800            69.0000        0.000000             0.000000      -720.9927688707
   128         14000            70.0000        0.000000             0.000000      -720.9927688769
   128         14200            71.0000        0.000000             0.000000      -720.9927688824
   128         14400            72.0000        0.000000             0.000000      -720.9927688873
   128         14600            73.0000        0.000000             0.000000      -720.9927688916
   128         14800            74.0000        0.000000             0.000000      -720.9927688956
   128         15000            75.0000        0.000000             0.000000      -720.9927688993
   128         15200            76.0000        0.000000             0.000000      -720.9927689029
   128         15400            77.0000        0.000000             0.000000      -720.9927689059
   128         15600            78.0000        0.000000             0.000000      -720.9927689086
   128         15800            79.0000        0.000000             0.000000      -720.9927689111
   128         16000            80.0000        0.000000             0.000000      -720.9927689135
   128         16200            81.0000        0.000000             0.000000      -720.9927689156
   128         16400            82.0000        0.000000             0.000000      -720.9927689175
   128         16600            83.0000        0.000000             0.000000      -720.9927689192
   128         16800            84.0000        0.000000             0.000000      -720.9927689207
   128         17000            85.0000        0.000000             0.000000      -720.9927689221
   128         17200            86.0000        0.000000             0.000000      -720.9927689234
   128         17400            87.0000        0.000000             0.000000      -720.9927689246
   128         17600            88.0000        0.000000             0.000000      -720.9927689257
   128         17800            89.0000        0.000000             0.000000      -720.9927689267
   128         18000            90.0000        0.000000             0.000000      -720.9927689276
   128         18200            91.0000        0.000000             0.000000      -720.9927689284
   128         18400            92.0000        0.000000             0.000000      -720.9927689291
   128         18600            93.0000        0.000000             0.000000      -720.9927689297
   128         18800            94.0000        0.000000             0.000000      -720.9927689303
   128         19000            95.0000        0.000000             0.000000      -720.9927689309
   128         19200            96.0000        0.000000             0.000000      -720.9927689314
   128         19400            97.0000        0.000000             0.000000      -720.9927689318
   128         19600            98.0000        0.000000             0.000000      -720.9927689323
   128         19800            99.0000        0.000000             0.000000      -720.9927689327
   128         20000           100.0000        0.000000             0.000000      -720.9927689330
