 #uni, ipas, time, temp, average temper, average ener
   559            40             0.2000        0.000000            73.257079     -3230.1711501348
   559            80             0.4000        0.000000             7.850132     -3244.3773138444
   559           120             0.6000        0.000000             1.102870     -3245.7684757233
   559           160             0.8000        0.000000             0.321744     -3245.9899506081
   559           200             1.0000        0.000000             0.135232     -3246.0600903906
   559           240             1.2000        0.000000             0.073430     -3246.0914898266
   559           280             1.4000        0.000000             0.042645     -3246.1085112681
   559           320             1.6000        0.000000             0.025336     -3246.1184672364
   559           360             1.8000        0.000000             0.015345     -3246.1243358261
   559           400             2.0000        0.000000             0.009512     -3246.1279078414
   559           440             2.2000        0.000000             0.006064     -3246.1300931864
   559           480             2.4000        0.000000             0.003800     -3246.1314757743
   559           520             2.6000        0.000000             0.002457     -3246.1323332619
   559           560             2.8000        0.000000             0.001525     -3246.1328783739
   559           600             3.0000        0.000000             0.000889     -3246.1332181184
   559           640             3.2000        0.000000             0.000586     -3246.1334261407
   559           680             3.4000        0.000000             0.000408     -3246.1335637719
   559           720             3.6000        0.000000             0.000271     -3246.1336575352
   559           760             3.8000        0.000000             0.000173     -3246.1337195686
   559           800             4.0000        0.000000             0.000122     -3246.1337602543
   559           840             4.2000        0.000000             0.000084     -3246.1337888381
   559           880             4.4000        0.000000             0.000060     -3246.1338086501
   559           920             4.6000        0.000000             0.000041     -3246.1338226295
   559           960             4.8000        0.000000             0.000031     -3246.1338323705
   559          1000             5.0000        0.000000             0.000022     -3246.1338396689
   559          1040             5.2000        0.000000             0.000016     -3246.1338448197
   559          1080             5.4000        0.000000             0.000012     -3246.1338486311
   559          1120             5.6000        0.000000             0.000009     -3246.1338514727
   559          1160             5.8000        0.000000             0.000007     -3246.1338535653
   559          1200             6.0000        0.000000             0.000005     -3246.1338551294
   559          1240             6.2000        0.000000             0.000004     -3246.1338563345
   559          1280             6.4000        0.000000             0.000003     -3246.1338572213
   559          1320             6.6000        0.000000             0.000002     -3246.1338578863
   559          1360             6.8000        0.000000             0.000002     -3246.1338583969
   559          1400             7.0000        0.000000             0.000001     -3246.1338587883
   559          1440             7.2000        0.000000             0.000001     -3246.1338590795
   559          1480             7.4000        0.000000             0.000001     -3246.1338593033
   559          1520             7.6000        0.000000             0.000001     -3246.1338594813
   559          1560             7.8000        0.000000             0.000000     -3246.1338596148
   559          1600             8.0000        0.000000             0.000000     -3246.1338597155
   559          1640             8.2000        0.000000             0.000000     -3246.1338597930
   559          1680             8.4000        0.000000             0.000000     -3246.1338598507
   559          1720             8.6000        0.000000             0.000000     -3246.1338598931
   559          1760             8.8000        0.000000             0.000000     -3246.1338599249
   559          1800             9.0000        0.000000             0.000000     -3246.1338599496
   559          1840             9.2000        0.000000             0.000000     -3246.1338599676
   559          1880             9.4000        0.000000             0.000000     -3246.1338599814
   559          1920             9.6000        0.000000             0.000000     -3246.1338599917
   559          1960             9.8000        0.000000             0.000000     -3246.1338599995
   559          2000            10.0000        0.000000             0.000000     -3246.1338600056
   559          2040            10.2000        0.000000             0.000000     -3246.1338600102
   559          2080            10.4000        0.000000             0.000000     -3246.1338600136
   559          2120            10.6000        0.000000             0.000000     -3246.1338600164
   559          2160            10.8000        0.000000             0.000000     -3246.1338600184
   559          2200            11.0000        0.000000             0.000000     -3246.1338600200
   559          2240            11.2000        0.000000             0.000000     -3246.1338600212
   559          2280            11.4000        0.000000             0.000000     -3246.1338600221
   559          2320            11.6000        0.000000             0.000000     -3246.1338600229
   559          2360            11.8000        0.000000             0.000000     -3246.1338600234
   559          2400            12.0000        0.000000             0.000000     -3246.1338600238
   559          2440            12.2000        0.000000             0.000000     -3246.1338600241
   559          2480            12.4000        0.000000             0.000000     -3246.1338600244
   559          2520            12.6000        0.000000             0.000000     -3246.1338600245
   559          2560            12.8000        0.000000             0.000000     -3246.1338600247
   559          2600            13.0000        0.000000             0.000000     -3246.1338600248
   559          2640            13.2000        0.000000             0.000000     -3246.1338600249
   559          2680            13.4000        0.000000             0.000000     -3246.1338600249
   559          2720            13.6000        0.000000             0.000000     -3246.1338600250
   559          2760            13.8000        0.000000             0.000000     -3246.1338600250
   559          2800            14.0000        0.000000             0.000000     -3246.1338600250
   559          2840            14.2000        0.000000             0.000000     -3246.1338600250
   559          2880            14.4000        0.000000             0.000000     -3246.1338600251
   559          2920            14.6000        0.000000             0.000000     -3246.1338600251
   559          2960            14.8000        0.000000             0.000000     -3246.1338600251
   559          3000            15.0000        0.000000             0.000000     -3246.1338600251
   559          3040            15.2000        0.000000             0.000000     -3246.1338600251
   559          3080            15.4000        0.000000             0.000000     -3246.1338600251
   559          3120            15.6000        0.000000             0.000000     -3246.1338600251
   559          3160            15.8000        0.000000             0.000000     -3246.1338600251
   559          3200            16.0000        0.000000             0.000000     -3246.1338600251
   559          3240            16.2000        0.000000             0.000000     -3246.1338600251
   559          3280            16.4000        0.000000             0.000000     -3246.1338600251
   559          3320            16.6000        0.000000             0.000000     -3246.1338600251
   559          3360            16.8000        0.000000             0.000000     -3246.1338600251
   559          3400            17.0000        0.000000             0.000000     -3246.1338600251
   559          3440            17.2000        0.000000             0.000000     -3246.1338600251
   559          3480            17.4000        0.000000             0.000000     -3246.1338600251
   559          3520            17.6000        0.000000             0.000000     -3246.1338600251
   559          3560            17.8000        0.000000             0.000000     -3246.1338600251
   559          3600            18.0000        0.000000             0.000000     -3246.1338600251
   559          3640            18.2000        0.000000             0.000000     -3246.1338600251
   559          3680            18.4000        0.000000             0.000000     -3246.1338600251
   559          3720            18.6000        0.000000             0.000000     -3246.1338600251
   559          3760            18.8000        0.000000             0.000000     -3246.1338600251
   559          3800            19.0000        0.000000             0.000000     -3246.1338600251
   559          3840            19.2000        0.000000             0.000000     -3246.1338600251
   559          3880            19.4000        0.000000             0.000000     -3246.1338600251
   559          3920            19.6000        0.000000             0.000000     -3246.1338600251
   559          3960            19.8000        0.000000             0.000000     -3246.1338600251
   559          4000            20.0000        0.000000             0.000000     -3246.1338600251
