 #uni, ipas, time, temp, average temper, average ener
   128            40             0.2000        0.000000           130.547707      -715.6831780050
   128            80             0.4000        0.000000             3.926295      -720.8944483049
   128           120             0.6000        0.000000             0.664371      -721.0646324793
   128           160             0.8000        0.000000             0.173406      -721.0941811841
   128           200             1.0000        0.000000             0.060567      -721.1018629136
   128           240             1.2000        0.000000             0.017886      -721.1044747241
   128           280             1.4000        0.000000             0.006634      -721.1053305783
   128           320             1.6000        0.000000             0.002920      -721.1056556834
   128           360             1.8000        0.000000             0.001254      -721.1057950576
   128           400             2.0000        0.000000             0.000564      -721.1058567926
   128           440             2.2000        0.000000             0.000284      -721.1058850835
   128           480             2.4000        0.000000             0.000155      -721.1058992923
   128           520             2.6000        0.000000             0.000096      -721.1059069101
   128           560             2.8000        0.000000             0.000055      -721.1059116077
   128           600             3.0000        0.000000             0.000041      -721.1059143621
   128           640             3.2000        0.000000             0.000026      -721.1059162329
   128           680             3.4000        0.000000             0.000020      -721.1059175145
   128           720             3.6000        0.000000             0.000013      -721.1059184179
   128           760             3.8000        0.000000             0.000009      -721.1059190466
   128           800             4.0000        0.000000             0.000007      -721.1059194853
   128           840             4.2000        0.000000             0.000005      -721.1059198098
   128           880             4.4000        0.000000             0.000004      -721.1059200664
   128           920             4.6000        0.000000             0.000003      -721.1059202439
   128           960             4.8000        0.000000             0.000002      -721.1059203681
   128          1000             5.0000        0.000000             0.000001      -721.1059204668
   128          1040             5.2000        0.000000             0.000001      -721.1059205346
   128          1080             5.4000        0.000000             0.000001      -721.1059205867
   128          1120             5.6000        0.000000             0.000001      -721.1059206273
   128          1160             5.8000        0.000000             0.000000      -721.1059206554
   128          1200             6.0000        0.000000             0.000000      -721.1059206782
   128          1240             6.2000        0.000000             0.000000      -721.1059206934
   128          1280             6.4000        0.000000             0.000000      -721.1059207045
   128          1320             6.6000        0.000000             0.000000      -721.1059207130
   128          1360             6.8000        0.000000             0.000000      -721.1059207188
   128          1400             7.0000        0.000000             0.000000      -721.1059207233
   128          1440             7.2000        0.000000             0.000000      -721.1059207267
   128          1480             7.4000        0.000000             0.000000      -721.1059207291
   128          1520             7.6000        0.000000             0.000000      -721.1059207309
   128          1560             7.8000        0.000000             0.000000      -721.1059207322
   128          1600             8.0000        0.000000             0.000000      -721.1059207332
   128          1640             8.2000        0.000000             0.000000      -721.1059207338
   128          1680             8.4000        0.000000             0.000000      -721.1059207344
   128          1720             8.6000        0.000000             0.000000      -721.1059207348
   128          1760             8.8000        0.000000             0.000000      -721.1059207351
   128          1800             9.0000        0.000000             0.000000      -721.1059207353
   128          1840             9.2000        0.000000             0.000000      -721.1059207354
   128          1880             9.4000        0.000000             0.000000      -721.1059207355
   128          1920             9.6000        0.000000             0.000000      -721.1059207356
   128          1960             9.8000        0.000000             0.000000      -721.1059207357
   128          2000            10.0000        0.000000             0.000000      -721.1059207357
   128          2040            10.2000        0.000000             0.000000      -721.1059207358
   128          2080            10.4000        0.000000             0.000000      -721.1059207358
   128          2120            10.6000        0.000000             0.000000      -721.1059207358
   128          2160            10.8000        0.000000             0.000000      -721.1059207358
   128          2200            11.0000        0.000000             0.000000      -721.1059207358
   128          2240            11.2000        0.000000             0.000000      -721.1059207358
   128          2280            11.4000        0.000000             0.000000      -721.1059207358
   128          2320            11.6000        0.000000             0.000000      -721.1059207359
   128          2360            11.8000        0.000000             0.000000      -721.1059207359
   128          2400            12.0000        0.000000             0.000000      -721.1059207359
   128          2440            12.2000        0.000000             0.000000      -721.1059207359
   128          2480            12.4000        0.000000             0.000000      -721.1059207359
   128          2520            12.6000        0.000000             0.000000      -721.1059207359
   128          2560            12.8000        0.000000             0.000000      -721.1059207359
   128          2600            13.0000        0.000000             0.000000      -721.1059207359
   128          2640            13.2000        0.000000             0.000000      -721.1059207359
   128          2680            13.4000        0.000000             0.000000      -721.1059207359
   128          2720            13.6000        0.000000             0.000000      -721.1059207359
   128          2760            13.8000        0.000000             0.000000      -721.1059207359
   128          2800            14.0000        0.000000             0.000000      -721.1059207359
   128          2840            14.2000        0.000000             0.000000      -721.1059207359
   128          2880            14.4000        0.000000             0.000000      -721.1059207359
   128          2920            14.6000        0.000000             0.000000      -721.1059207359
   128          2960            14.8000        0.000000             0.000000      -721.1059207359
   128          3000            15.0000        0.000000             0.000000      -721.1059207359
   128          3040            15.2000        0.000000             0.000000      -721.1059207359
   128          3080            15.4000        0.000000             0.000000      -721.1059207359
   128          3120            15.6000        0.000000             0.000000      -721.1059207359
   128          3160            15.8000        0.000000             0.000000      -721.1059207359
   128          3200            16.0000        0.000000             0.000000      -721.1059207359
   128          3240            16.2000        0.000000             0.000000      -721.1059207359
   128          3280            16.4000        0.000000             0.000000      -721.1059207359
   128          3320            16.6000        0.000000             0.000000      -721.1059207359
   128          3360            16.8000        0.000000             0.000000      -721.1059207359
   128          3400            17.0000        0.000000             0.000000      -721.1059207359
   128          3440            17.2000        0.000000             0.000000      -721.1059207359
   128          3480            17.4000        0.000000             0.000000      -721.1059207359
   128          3520            17.6000        0.000000             0.000000      -721.1059207359
   128          3560            17.8000        0.000000             0.000000      -721.1059207359
   128          3600            18.0000        0.000000             0.000000      -721.1059207359
   128          3640            18.2000        0.000000             0.000000      -721.1059207359
   128          3680            18.4000        0.000000             0.000000      -721.1059207359
   128          3720            18.6000        0.000000             0.000000      -721.1059207359
   128          3760            18.8000        0.000000             0.000000      -721.1059207359
   128          3800            19.0000        0.000000             0.000000      -721.1059207359
   128          3840            19.2000        0.000000             0.000000      -721.1059207359
   128          3880            19.4000        0.000000             0.000000      -721.1059207359
   128          3920            19.6000        0.000000             0.000000      -721.1059207359
   128          3960            19.8000        0.000000             0.000000      -721.1059207359
   128          4000            20.0000        0.000000             0.000000      -721.1059207359
