 #uni, ipas, time, temp, average temper, average ener
   128           200             1.0000        0.000000             0.120173      -721.0110938202
   128           400             2.0000        0.000000             0.009163      -721.0182808017
   128           600             3.0000        0.000000             0.008237      -721.0203440177
   128           800             4.0000        0.000000             0.005751      -721.0218508786
   128          1000             5.0000        0.000000             0.004635      -721.0230414730
   128          1200             6.0000        0.000000             0.003652      -721.0239939378
   128          1400             7.0000        0.000000             0.002961      -721.0247866570
   128          1600             8.0000        0.000000             0.002325      -721.0254239913
   128          1800             9.0000        0.000000             0.002047      -721.0259619626
   128          2000            10.0000        0.000000             0.001686      -721.0264172426
   128          2200            11.0000        0.000000             0.001519      -721.0267990770
   128          2400            12.0000        0.000000             0.001242      -721.0271297476
   128          2600            13.0000        0.000000             0.001026      -721.0274029951
   128          2800            14.0000        0.000000             0.000834      -721.0276298982
   128          3000            15.0000        0.000000             0.000711      -721.0278190377
   128          3200            16.0000        0.000000             0.000604      -721.0279800153
   128          3400            17.0000        0.000000             0.000529      -721.0281163626
   128          3600            18.0000        0.000000             0.000431      -721.0282308736
   128          3800            19.0000        0.000000             0.000340      -721.0283271729
   128          4000            20.0000        0.000000             0.000307      -721.0284056840
   128          4200            21.0000        0.000000             0.000255      -721.0284738085
   128          4400            22.0000        0.000000             0.000216      -721.0285311000
   128          4600            23.0000        0.000000             0.000171      -721.0285783238
   128          4800            24.0000        0.000000             0.000147      -721.0286173061
   128          5000            25.0000        0.000000             0.000121      -721.0286508754
   128          5200            26.0000        0.000000             0.000104      -721.0286784306
   128          5400            27.0000        0.000000             0.000096      -721.0287023492
   128          5600            28.0000        0.000000             0.000069      -721.0287224821
   128          5800            29.0000        0.000000             0.000062      -721.0287386470
   128          6000            30.0000        0.000000             0.000047      -721.0287522370
   128          6200            31.0000        0.000000             0.000043      -721.0287635697
   128          6400            32.0000        0.000000             0.000038      -721.0287733382
   128          6600            33.0000        0.000000             0.000032      -721.0287815635
   128          6800            34.0000        0.000000             0.000025      -721.0287885202
   128          7000            35.0000        0.000000             0.000021      -721.0287941424
   128          7200            36.0000        0.000000             0.000018      -721.0287988036
   128          7400            37.0000        0.000000             0.000016      -721.0288028746
   128          7600            38.0000        0.000000             0.000012      -721.0288062246
   128          7800            39.0000        0.000000             0.000010      -721.0288089506
   128          8000            40.0000        0.000000             0.000009      -721.0288112919
   128          8200            41.0000        0.000000             0.000007      -721.0288132493
   128          8400            42.0000        0.000000             0.000006      -721.0288148506
   128          8600            43.0000        0.000000             0.000005      -721.0288162178
   128          8800            44.0000        0.000000             0.000004      -721.0288173345
   128          9000            45.0000        0.000000             0.000004      -721.0288182614
   128          9200            46.0000        0.000000             0.000003      -721.0288190445
   128          9400            47.0000        0.000000             0.000002      -721.0288197003
   128          9600            48.0000        0.000000             0.000002      -721.0288202430
   128          9800            49.0000        0.000000             0.000002      -721.0288206892
   128         10000            50.0000        0.000000             0.000001      -721.0288210585
   128         10200            51.0000        0.000000             0.000001      -721.0288213717
   128         10400            52.0000        0.000000             0.000001      -721.0288216324
   128         10600            53.0000        0.000000             0.000001      -721.0288218492
   128         10800            54.0000        0.000000             0.000001      -721.0288220307
   128         11000            55.0000        0.000000             0.000001      -721.0288221819
   128         11200            56.0000        0.000000             0.000000      -721.0288223079
   128         11400            57.0000        0.000000             0.000000      -721.0288224136
   128         11600            58.0000        0.000000             0.000000      -721.0288225008
   128         11800            59.0000        0.000000             0.000000      -721.0288225750
   128         12000            60.0000        0.000000             0.000000      -721.0288226364
   128         12200            61.0000        0.000000             0.000000      -721.0288226868
   128         12400            62.0000        0.000000             0.000000      -721.0288227288
   128         12600            63.0000        0.000000             0.000000      -721.0288227644
   128         12800            64.0000        0.000000             0.000000      -721.0288227933
   128         13000            65.0000        0.000000             0.000000      -721.0288228173
   128         13200            66.0000        0.000000             0.000000      -721.0288228379
   128         13400            67.0000        0.000000             0.000000      -721.0288228546
   128         13600            68.0000        0.000000             0.000000      -721.0288228686
   128         13800            69.0000        0.000000             0.000000      -721.0288228803
   128         14000            70.0000        0.000000             0.000000      -721.0288228903
   128         14200            71.0000        0.000000             0.000000      -721.0288228986
   128         14400            72.0000        0.000000             0.000000      -721.0288229057
   128         14600            73.0000        0.000000             0.000000      -721.0288229114
   128         14800            74.0000        0.000000             0.000000      -721.0288229164
   128         15000            75.0000        0.000000             0.000000      -721.0288229206
   128         15200            76.0000        0.000000             0.000000      -721.0288229239
   128         15400            77.0000        0.000000             0.000000      -721.0288229266
   128         15600            78.0000        0.000000             0.000000      -721.0288229290
   128         15800            79.0000        0.000000             0.000000      -721.0288229309
   128         16000            80.0000        0.000000             0.000000      -721.0288229325
   128         16200            81.0000        0.000000             0.000000      -721.0288229339
   128         16400            82.0000        0.000000             0.000000      -721.0288229350
   128         16600            83.0000        0.000000             0.000000      -721.0288229360
   128         16800            84.0000        0.000000             0.000000      -721.0288229368
   128         17000            85.0000        0.000000             0.000000      -721.0288229375
   128         17200            86.0000        0.000000             0.000000      -721.0288229380
   128         17400            87.0000        0.000000             0.000000      -721.0288229385
   128         17600            88.0000        0.000000             0.000000      -721.0288229388
   128         17800            89.0000        0.000000             0.000000      -721.0288229392
   128         18000            90.0000        0.000000             0.000000      -721.0288229394
   128         18200            91.0000        0.000000             0.000000      -721.0288229396
   128         18400            92.0000        0.000000             0.000000      -721.0288229398
   128         18600            93.0000        0.000000             0.000000      -721.0288229400
   128         18800            94.0000        0.000000             0.000000      -721.0288229401
   128         19000            95.0000        0.000000             0.000000      -721.0288229402
   128         19200            96.0000        0.000000             0.000000      -721.0288229403
   128         19400            97.0000        0.000000             0.000000      -721.0288229404
   128         19600            98.0000        0.000000             0.000000      -721.0288229404
   128         19800            99.0000        0.000000             0.000000      -721.0288229405
   128         20000           100.0000        0.000000             0.000000      -721.0288229405
