 #uni, ipas, time, temp, average temper, average ener
   128           200             1.0000        0.000000             1.511459      -721.0066840298
   128           400             2.0000        0.000000             0.012332      -721.0731255344
   128           600             3.0000        0.000000             0.008460      -721.0754784475
   128           800             4.0000        0.000000             0.005744      -721.0770667395
   128          1000             5.0000        0.000000             0.004077      -721.0781751034
   128          1200             6.0000        0.000000             0.003044      -721.0789974177
   128          1400             7.0000        0.000000             0.002277      -721.0796307201
   128          1600             8.0000        0.000000             0.001888      -721.0801391173
   128          1800             9.0000        0.000000             0.001440      -721.0805518908
   128          2000            10.0000        0.000000             0.001253      -721.0808897599
   128          2200            11.0000        0.000000             0.001094      -721.0811799609
   128          2400            12.0000        0.000000             0.000895      -721.0814213077
   128          2600            13.0000        0.000000             0.000688      -721.0816190894
   128          2800            14.0000        0.000000             0.000608      -721.0817820041
   128          3000            15.0000        0.000000             0.000507      -721.0819204043
   128          3200            16.0000        0.000000             0.000435      -721.0820358215
   128          3400            17.0000        0.000000             0.000369      -721.0821340151
   128          3600            18.0000        0.000000             0.000282      -721.0822141377
   128          3800            19.0000        0.000000             0.000249      -721.0822796963
   128          4000            20.0000        0.000000             0.000214      -721.0823361403
   128          4200            21.0000        0.000000             0.000170      -721.0823832802
   128          4400            22.0000        0.000000             0.000151      -721.0824219691
   128          4600            23.0000        0.000000             0.000125      -721.0824550647
   128          4800            24.0000        0.000000             0.000097      -721.0824817431
   128          5000            25.0000        0.000000             0.000084      -721.0825037826
   128          5200            26.0000        0.000000             0.000066      -721.0825222957
   128          5400            27.0000        0.000000             0.000054      -721.0825371800
   128          5600            28.0000        0.000000             0.000050      -721.0825498367
   128          5800            29.0000        0.000000             0.000040      -721.0825604498
   128          6000            30.0000        0.000000             0.000032      -721.0825691754
   128          6200            31.0000        0.000000             0.000027      -721.0825763600
   128          6400            32.0000        0.000000             0.000023      -721.0825824123
   128          6600            33.0000        0.000000             0.000018      -721.0825873564
   128          6800            34.0000        0.000000             0.000016      -721.0825914175
   128          7000            35.0000        0.000000             0.000013      -721.0825948720
   128          7200            36.0000        0.000000             0.000010      -721.0825976541
   128          7400            37.0000        0.000000             0.000008      -721.0825999581
   128          7600            38.0000        0.000000             0.000007      -721.0826018469
   128          7800            39.0000        0.000000             0.000006      -721.0826034472
   128          8000            40.0000        0.000000             0.000005      -721.0826048051
   128          8200            41.0000        0.000000             0.000004      -721.0826059437
   128          8400            42.0000        0.000000             0.000003      -721.0826068653
   128          8600            43.0000        0.000000             0.000003      -721.0826076118
   128          8800            44.0000        0.000000             0.000002      -721.0826082378
   128          9000            45.0000        0.000000             0.000002      -721.0826087471
   128          9200            46.0000        0.000000             0.000002      -721.0826091767
   128          9400            47.0000        0.000000             0.000001      -721.0826095350
   128          9600            48.0000        0.000000             0.000001      -721.0826098260
   128          9800            49.0000        0.000000             0.000001      -721.0826100743
   128         10000            50.0000        0.000000             0.000001      -721.0826102807
   128         10200            51.0000        0.000000             0.000001      -721.0826104483
   128         10400            52.0000        0.000000             0.000001      -721.0826105875
   128         10600            53.0000        0.000000             0.000000      -721.0826107030
   128         10800            54.0000        0.000000             0.000000      -721.0826108001
   128         11000            55.0000        0.000000             0.000000      -721.0826108797
   128         11200            56.0000        0.000000             0.000000      -721.0826109481
   128         11400            57.0000        0.000000             0.000000      -721.0826110061
   128         11600            58.0000        0.000000             0.000000      -721.0826110531
   128         11800            59.0000        0.000000             0.000000      -721.0826110927
   128         12000            60.0000        0.000000             0.000000      -721.0826111244
   128         12200            61.0000        0.000000             0.000000      -721.0826111503
   128         12400            62.0000        0.000000             0.000000      -721.0826111717
   128         12600            63.0000        0.000000             0.000000      -721.0826111896
   128         12800            64.0000        0.000000             0.000000      -721.0826112055
   128         13000            65.0000        0.000000             0.000000      -721.0826112180
   128         13200            66.0000        0.000000             0.000000      -721.0826112283
   128         13400            67.0000        0.000000             0.000000      -721.0826112368
   128         13600            68.0000        0.000000             0.000000      -721.0826112441
   128         13800            69.0000        0.000000             0.000000      -721.0826112499
   128         14000            70.0000        0.000000             0.000000      -721.0826112546
   128         14200            71.0000        0.000000             0.000000      -721.0826112587
   128         14400            72.0000        0.000000             0.000000      -721.0826112621
   128         14600            73.0000        0.000000             0.000000      -721.0826112648
   128         14800            74.0000        0.000000             0.000000      -721.0826112671
   128         15000            75.0000        0.000000             0.000000      -721.0826112690
   128         15200            76.0000        0.000000             0.000000      -721.0826112706
   128         15400            77.0000        0.000000             0.000000      -721.0826112719
   128         15600            78.0000        0.000000             0.000000      -721.0826112730
   128         15800            79.0000        0.000000             0.000000      -721.0826112739
   128         16000            80.0000        0.000000             0.000000      -721.0826112747
   128         16200            81.0000        0.000000             0.000000      -721.0826112753
   128         16400            82.0000        0.000000             0.000000      -721.0826112759
   128         16600            83.0000        0.000000             0.000000      -721.0826112763
   128         16800            84.0000        0.000000             0.000000      -721.0826112766
   128         17000            85.0000        0.000000             0.000000      -721.0826112769
   128         17200            86.0000        0.000000             0.000000      -721.0826112772
   128         17400            87.0000        0.000000             0.000000      -721.0826112774
   128         17600            88.0000        0.000000             0.000000      -721.0826112775
   128         17800            89.0000        0.000000             0.000000      -721.0826112777
   128         18000            90.0000        0.000000             0.000000      -721.0826112778
   128         18200            91.0000        0.000000             0.000000      -721.0826112779
   128         18400            92.0000        0.000000             0.000000      -721.0826112780
   128         18600            93.0000        0.000000             0.000000      -721.0826112780
   128         18800            94.0000        0.000000             0.000000      -721.0826112781
   128         19000            95.0000        0.000000             0.000000      -721.0826112781
   128         19200            96.0000        0.000000             0.000000      -721.0826112782
   128         19400            97.0000        0.000000             0.000000      -721.0826112782
   128         19600            98.0000        0.000000             0.000000      -721.0826112782
   128         19800            99.0000        0.000000             0.000000      -721.0826112782
   128         20000           100.0000        0.000000             0.000000      -721.0826112783
