 #uni, ipas, time, temp, average temper, average ener
   128           200             1.0000        0.000000             0.086288      -721.0121585774
   128           400             2.0000        0.000000             0.009719      -721.0179698732
   128           600             3.0000        0.000000             0.007725      -721.0199297079
   128           800             4.0000        0.000000             0.005764      -721.0214933651
   128          1000             5.0000        0.000000             0.004922      -721.0227492428
   128          1200             6.0000        0.000000             0.004184      -721.0238008073
   128          1400             7.0000        0.000000             0.003524      -721.0246997221
   128          1600             8.0000        0.000000             0.002738      -721.0254207754
   128          1800             9.0000        0.000000             0.002286      -721.0260226692
   128          2000            10.0000        0.000000             0.001863      -721.0265219468
   128          2200            11.0000        0.000000             0.001669      -721.0269434340
   128          2400            12.0000        0.000000             0.001305      -721.0273037927
   128          2600            13.0000        0.000000             0.001017      -721.0275870745
   128          2800            14.0000        0.000000             0.000911      -721.0278298963
   128          3000            15.0000        0.000000             0.000837      -721.0280391859
   128          3200            16.0000        0.000000             0.000643      -721.0282151203
   128          3400            17.0000        0.000000             0.000594      -721.0283625284
   128          3600            18.0000        0.000000             0.000468      -721.0284886840
   128          3800            19.0000        0.000000             0.000382      -721.0285914515
   128          4000            20.0000        0.000000             0.000338      -721.0286770813
   128          4200            21.0000        0.000000             0.000260      -721.0287495734
   128          4400            22.0000        0.000000             0.000222      -721.0288081740
   128          4600            23.0000        0.000000             0.000196      -721.0288576864
   128          4800            24.0000        0.000000             0.000168      -721.0289004302
   128          5000            25.0000        0.000000             0.000130      -721.0289360101
   128          5200            26.0000        0.000000             0.000104      -721.0289643065
   128          5400            27.0000        0.000000             0.000090      -721.0289878446
   128          5600            28.0000        0.000000             0.000079      -721.0290080449
   128          5800            29.0000        0.000000             0.000062      -721.0290248911
   128          6000            30.0000        0.000000             0.000052      -721.0290386463
   128          6200            31.0000        0.000000             0.000044      -721.0290502952
   128          6400            32.0000        0.000000             0.000037      -721.0290599381
   128          6600            33.0000        0.000000             0.000030      -721.0290678699
   128          6800            34.0000        0.000000             0.000024      -721.0290744542
   128          7000            35.0000        0.000000             0.000019      -721.0290797877
   128          7200            36.0000        0.000000             0.000016      -721.0290841998
   128          7400            37.0000        0.000000             0.000014      -721.0290879180
   128          7600            38.0000        0.000000             0.000012      -721.0290910686
   128          7800            39.0000        0.000000             0.000010      -721.0290936856
   128          8000            40.0000        0.000000             0.000008      -721.0290959088
   128          8200            41.0000        0.000000             0.000007      -721.0290976895
   128          8400            42.0000        0.000000             0.000006      -721.0290992126
   128          8600            43.0000        0.000000             0.000005      -721.0291004841
   128          8800            44.0000        0.000000             0.000004      -721.0291015412
   128          9000            45.0000        0.000000             0.000003      -721.0291023895
   128          9200            46.0000        0.000000             0.000002      -721.0291031053
   128          9400            47.0000        0.000000             0.000002      -721.0291036809
   128          9600            48.0000        0.000000             0.000002      -721.0291041709
   128          9800            49.0000        0.000000             0.000002      -721.0291045894
   128         10000            50.0000        0.000000             0.000001      -721.0291049234
   128         10200            51.0000        0.000000             0.000001      -721.0291052025
   128         10400            52.0000        0.000000             0.000001      -721.0291054358
   128         10600            53.0000        0.000000             0.000001      -721.0291056306
   128         10800            54.0000        0.000000             0.000001      -721.0291057982
   128         11000            55.0000        0.000000             0.000000      -721.0291059323
   128         11200            56.0000        0.000000             0.000000      -721.0291060466
   128         11400            57.0000        0.000000             0.000000      -721.0291061426
   128         11600            58.0000        0.000000             0.000000      -721.0291062227
   128         11800            59.0000        0.000000             0.000000      -721.0291062884
   128         12000            60.0000        0.000000             0.000000      -721.0291063421
   128         12200            61.0000        0.000000             0.000000      -721.0291063862
   128         12400            62.0000        0.000000             0.000000      -721.0291064234
   128         12600            63.0000        0.000000             0.000000      -721.0291064546
   128         12800            64.0000        0.000000             0.000000      -721.0291064803
   128         13000            65.0000        0.000000             0.000000      -721.0291065018
   128         13200            66.0000        0.000000             0.000000      -721.0291065196
   128         13400            67.0000        0.000000             0.000000      -721.0291065345
   128         13600            68.0000        0.000000             0.000000      -721.0291065471
   128         13800            69.0000        0.000000             0.000000      -721.0291065576
   128         14000            70.0000        0.000000             0.000000      -721.0291065659
   128         14200            71.0000        0.000000             0.000000      -721.0291065734
   128         14400            72.0000        0.000000             0.000000      -721.0291065793
   128         14600            73.0000        0.000000             0.000000      -721.0291065841
   128         14800            74.0000        0.000000             0.000000      -721.0291065881
   128         15000            75.0000        0.000000             0.000000      -721.0291065913
   128         15200            76.0000        0.000000             0.000000      -721.0291065941
   128         15400            77.0000        0.000000             0.000000      -721.0291065964
   128         15600            78.0000        0.000000             0.000000      -721.0291065984
   128         15800            79.0000        0.000000             0.000000      -721.0291065999
   128         16000            80.0000        0.000000             0.000000      -721.0291066012
   128         16200            81.0000        0.000000             0.000000      -721.0291066023
   128         16400            82.0000        0.000000             0.000000      -721.0291066033
   128         16600            83.0000        0.000000             0.000000      -721.0291066040
   128         16800            84.0000        0.000000             0.000000      -721.0291066047
   128         17000            85.0000        0.000000             0.000000      -721.0291066052
   128         17200            86.0000        0.000000             0.000000      -721.0291066057
   128         17400            87.0000        0.000000             0.000000      -721.0291066060
   128         17600            88.0000        0.000000             0.000000      -721.0291066063
   128         17800            89.0000        0.000000             0.000000      -721.0291066066
   128         18000            90.0000        0.000000             0.000000      -721.0291066068
   128         18200            91.0000        0.000000             0.000000      -721.0291066069
   128         18400            92.0000        0.000000             0.000000      -721.0291066071
   128         18600            93.0000        0.000000             0.000000      -721.0291066072
   128         18800            94.0000        0.000000             0.000000      -721.0291066073
   128         19000            95.0000        0.000000             0.000000      -721.0291066074
   128         19200            96.0000        0.000000             0.000000      -721.0291066075
   128         19400            97.0000        0.000000             0.000000      -721.0291066075
   128         19600            98.0000        0.000000             0.000000      -721.0291066076
   128         19800            99.0000        0.000000             0.000000      -721.0291066076
   128         20000           100.0000        0.000000             0.000000      -721.0291066076
