 #uni, ipas, time, temp, average temper, average ener
   559            40             0.2000        0.000000            73.177041     -3230.1915180483
   559            80             0.4000        0.000000             7.851268     -3244.3936864024
   559           120             0.6000        0.000000             1.105726     -3245.7886819106
   559           160             0.8000        0.000000             0.319279     -3246.0108761663
   559           200             1.0000        0.000000             0.140132     -3246.0810654174
   559           240             1.2000        0.000000             0.070737     -3246.1132629017
   559           280             1.4000        0.000000             0.043778     -3246.1302173082
   559           320             1.6000        0.000000             0.027096     -3246.1404140514
   559           360             1.8000        0.000000             0.015571     -3246.1465187891
   559           400             2.0000        0.000000             0.009831     -3246.1501105540
   559           440             2.2000        0.000000             0.006253     -3246.1523679964
   559           480             2.4000        0.000000             0.003949     -3246.1537651913
   559           520             2.6000        0.000000             0.002390     -3246.1546499591
   559           560             2.8000        0.000000             0.001416     -3246.1551884566
   559           600             3.0000        0.000000             0.000918     -3246.1555249503
   559           640             3.2000        0.000000             0.000623     -3246.1557414243
   559           680             3.4000        0.000000             0.000426     -3246.1558876819
   559           720             3.6000        0.000000             0.000285     -3246.1559853183
   559           760             3.8000        0.000000             0.000189     -3246.1560512110
   559           800             4.0000        0.000000             0.000130     -3246.1560954025
   559           840             4.2000        0.000000             0.000091     -3246.1561258821
   559           880             4.4000        0.000000             0.000062     -3246.1561472120
   559           920             4.6000        0.000000             0.000047     -3246.1561621120
   559           960             4.8000        0.000000             0.000033     -3246.1561730525
   559          1000             5.0000        0.000000             0.000024     -3246.1561809023
   559          1040             5.2000        0.000000             0.000018     -3246.1561866171
   559          1080             5.4000        0.000000             0.000013     -3246.1561907949
   559          1120             5.6000        0.000000             0.000009     -3246.1561938514
   559          1160             5.8000        0.000000             0.000008     -3246.1561960877
   559          1200             6.0000        0.000000             0.000006     -3246.1561979009
   559          1240             6.2000        0.000000             0.000004     -3246.1561992074
   559          1280             6.4000        0.000000             0.000003     -3246.1562001973
   559          1320             6.6000        0.000000             0.000002     -3246.1562009238
   559          1360             6.8000        0.000000             0.000002     -3246.1562014771
   559          1400             7.0000        0.000000             0.000001     -3246.1562018887
   559          1440             7.2000        0.000000             0.000001     -3246.1562022033
   559          1480             7.4000        0.000000             0.000001     -3246.1562024460
   559          1520             7.6000        0.000000             0.000001     -3246.1562026231
   559          1560             7.8000        0.000000             0.000000     -3246.1562027573
   559          1600             8.0000        0.000000             0.000000     -3246.1562028616
   559          1640             8.2000        0.000000             0.000000     -3246.1562029398
   559          1680             8.4000        0.000000             0.000000     -3246.1562030012
   559          1720             8.6000        0.000000             0.000000     -3246.1562030473
   559          1760             8.8000        0.000000             0.000000     -3246.1562030828
   559          1800             9.0000        0.000000             0.000000     -3246.1562031094
   559          1840             9.2000        0.000000             0.000000     -3246.1562031295
   559          1880             9.4000        0.000000             0.000000     -3246.1562031454
   559          1920             9.6000        0.000000             0.000000     -3246.1562031574
   559          1960             9.8000        0.000000             0.000000     -3246.1562031663
   559          2000            10.0000        0.000000             0.000000     -3246.1562031728
   559          2040            10.2000        0.000000             0.000000     -3246.1562031778
   559          2080            10.4000        0.000000             0.000000     -3246.1562031818
   559          2120            10.6000        0.000000             0.000000     -3246.1562031847
   559          2160            10.8000        0.000000             0.000000     -3246.1562031872
   559          2200            11.0000        0.000000             0.000000     -3246.1562031889
   559          2240            11.2000        0.000000             0.000000     -3246.1562031903
   559          2280            11.4000        0.000000             0.000000     -3246.1562031913
   559          2320            11.6000        0.000000             0.000000     -3246.1562031921
   559          2360            11.8000        0.000000             0.000000     -3246.1562031927
   559          2400            12.0000        0.000000             0.000000     -3246.1562031931
   559          2440            12.2000        0.000000             0.000000     -3246.1562031934
   559          2480            12.4000        0.000000             0.000000     -3246.1562031937
   559          2520            12.6000        0.000000             0.000000     -3246.1562031939
   559          2560            12.8000        0.000000             0.000000     -3246.1562031940
   559          2600            13.0000        0.000000             0.000000     -3246.1562031941
   559          2640            13.2000        0.000000             0.000000     -3246.1562031942
   559          2680            13.4000        0.000000             0.000000     -3246.1562031943
   559          2720            13.6000        0.000000             0.000000     -3246.1562031943
   559          2760            13.8000        0.000000             0.000000     -3246.1562031944
   559          2800            14.0000        0.000000             0.000000     -3246.1562031944
   559          2840            14.2000        0.000000             0.000000     -3246.1562031944
   559          2880            14.4000        0.000000             0.000000     -3246.1562031944
   559          2920            14.6000        0.000000             0.000000     -3246.1562031944
   559          2960            14.8000        0.000000             0.000000     -3246.1562031945
   559          3000            15.0000        0.000000             0.000000     -3246.1562031945
   559          3040            15.2000        0.000000             0.000000     -3246.1562031945
   559          3080            15.4000        0.000000             0.000000     -3246.1562031945
   559          3120            15.6000        0.000000             0.000000     -3246.1562031945
   559          3160            15.8000        0.000000             0.000000     -3246.1562031945
   559          3200            16.0000        0.000000             0.000000     -3246.1562031945
   559          3240            16.2000        0.000000             0.000000     -3246.1562031945
   559          3280            16.4000        0.000000             0.000000     -3246.1562031945
   559          3320            16.6000        0.000000             0.000000     -3246.1562031945
   559          3360            16.8000        0.000000             0.000000     -3246.1562031945
   559          3400            17.0000        0.000000             0.000000     -3246.1562031945
   559          3440            17.2000        0.000000             0.000000     -3246.1562031945
   559          3480            17.4000        0.000000             0.000000     -3246.1562031945
   559          3520            17.6000        0.000000             0.000000     -3246.1562031945
   559          3560            17.8000        0.000000             0.000000     -3246.1562031945
   559          3600            18.0000        0.000000             0.000000     -3246.1562031945
   559          3640            18.2000        0.000000             0.000000     -3246.1562031945
   559          3680            18.4000        0.000000             0.000000     -3246.1562031945
   559          3720            18.6000        0.000000             0.000000     -3246.1562031945
   559          3760            18.8000        0.000000             0.000000     -3246.1562031945
   559          3800            19.0000        0.000000             0.000000     -3246.1562031945
   559          3840            19.2000        0.000000             0.000000     -3246.1562031945
   559          3880            19.4000        0.000000             0.000000     -3246.1562031945
   559          3920            19.6000        0.000000             0.000000     -3246.1562031945
   559          3960            19.8000        0.000000             0.000000     -3246.1562031945
   559          4000            20.0000        0.000000             0.000000     -3246.1562031945
