 #uni, ipas, time, temp, average temper, average ener
   559            40             0.2000        0.000000            73.228382     -3230.4810203058
   559            80             0.4000        0.000000             7.731667     -3244.6728846665
   559           120             0.6000        0.000000             1.104221     -3246.0520701654
   559           160             0.8000        0.000000             0.321797     -3246.2712607885
   559           200             1.0000        0.000000             0.124950     -3246.3397247904
   559           240             1.2000        0.000000             0.069976     -3246.3691461360
   559           280             1.4000        0.000000             0.040930     -3246.3852339614
   559           320             1.6000        0.000000             0.023830     -3246.3945434235
   559           360             1.8000        0.000000             0.012932     -3246.3998775465
   559           400             2.0000        0.000000             0.007952     -3246.4029175596
   559           440             2.2000        0.000000             0.004873     -3246.4048171234
   559           480             2.4000        0.000000             0.003387     -3246.4059967697
   559           520             2.6000        0.000000             0.002207     -3246.4067980805
   559           560             2.8000        0.000000             0.001517     -3246.4073101108
   559           600             3.0000        0.000000             0.000970     -3246.4076475254
   559           640             3.2000        0.000000             0.000662     -3246.4078658546
   559           680             3.4000        0.000000             0.000387     -3246.4080123987
   559           720             3.6000        0.000000             0.000257     -3246.4081028328
   559           760             3.8000        0.000000             0.000193     -3246.4081629505
   559           800             4.0000        0.000000             0.000138     -3246.4082069342
   559           840             4.2000        0.000000             0.000087     -3246.4082373499
   559           880             4.4000        0.000000             0.000056     -3246.4082576132
   559           920             4.6000        0.000000             0.000045     -3246.4082713802
   559           960             4.8000        0.000000             0.000031     -3246.4082817050
   559          1000             5.0000        0.000000             0.000021     -3246.4082891437
   559          1040             5.2000        0.000000             0.000016     -3246.4082944123
   559          1080             5.4000        0.000000             0.000012     -3246.4082982962
   559          1120             5.6000        0.000000             0.000009     -3246.4083011722
   559          1160             5.8000        0.000000             0.000007     -3246.4083034011
   559          1200             6.0000        0.000000             0.000006     -3246.4083051067
   559          1240             6.2000        0.000000             0.000004     -3246.4083064401
   559          1280             6.4000        0.000000             0.000003     -3246.4083073923
   559          1320             6.6000        0.000000             0.000002     -3246.4083081100
   559          1360             6.8000        0.000000             0.000002     -3246.4083086538
   559          1400             7.0000        0.000000             0.000002     -3246.4083090744
   559          1440             7.2000        0.000000             0.000001     -3246.4083094232
   559          1480             7.4000        0.000000             0.000001     -3246.4083096656
   559          1520             7.6000        0.000000             0.000001     -3246.4083098427
   559          1560             7.8000        0.000000             0.000000     -3246.4083099830
   559          1600             8.0000        0.000000             0.000000     -3246.4083100965
   559          1640             8.2000        0.000000             0.000000     -3246.4083101758
   559          1680             8.4000        0.000000             0.000000     -3246.4083102351
   559          1720             8.6000        0.000000             0.000000     -3246.4083102837
   559          1760             8.8000        0.000000             0.000000     -3246.4083103186
   559          1800             9.0000        0.000000             0.000000     -3246.4083103444
   559          1840             9.2000        0.000000             0.000000     -3246.4083103659
   559          1880             9.4000        0.000000             0.000000     -3246.4083103823
   559          1920             9.6000        0.000000             0.000000     -3246.4083103952
   559          1960             9.8000        0.000000             0.000000     -3246.4083104053
   559          2000            10.0000        0.000000             0.000000     -3246.4083104124
   559          2040            10.2000        0.000000             0.000000     -3246.4083104177
   559          2080            10.4000        0.000000             0.000000     -3246.4083104221
   559          2120            10.6000        0.000000             0.000000     -3246.4083104253
   559          2160            10.8000        0.000000             0.000000     -3246.4083104277
   559          2200            11.0000        0.000000             0.000000     -3246.4083104295
   559          2240            11.2000        0.000000             0.000000     -3246.4083104311
   559          2280            11.4000        0.000000             0.000000     -3246.4083104323
   559          2320            11.6000        0.000000             0.000000     -3246.4083104331
   559          2360            11.8000        0.000000             0.000000     -3246.4083104338
   559          2400            12.0000        0.000000             0.000000     -3246.4083104343
   559          2440            12.2000        0.000000             0.000000     -3246.4083104346
   559          2480            12.4000        0.000000             0.000000     -3246.4083104349
   559          2520            12.6000        0.000000             0.000000     -3246.4083104351
   559          2560            12.8000        0.000000             0.000000     -3246.4083104353
   559          2600            13.0000        0.000000             0.000000     -3246.4083104354
   559          2640            13.2000        0.000000             0.000000     -3246.4083104355
   559          2680            13.4000        0.000000             0.000000     -3246.4083104356
   559          2720            13.6000        0.000000             0.000000     -3246.4083104356
   559          2760            13.8000        0.000000             0.000000     -3246.4083104357
   559          2800            14.0000        0.000000             0.000000     -3246.4083104357
   559          2840            14.2000        0.000000             0.000000     -3246.4083104357
   559          2880            14.4000        0.000000             0.000000     -3246.4083104358
   559          2920            14.6000        0.000000             0.000000     -3246.4083104358
   559          2960            14.8000        0.000000             0.000000     -3246.4083104358
   559          3000            15.0000        0.000000             0.000000     -3246.4083104358
   559          3040            15.2000        0.000000             0.000000     -3246.4083104358
   559          3080            15.4000        0.000000             0.000000     -3246.4083104358
   559          3120            15.6000        0.000000             0.000000     -3246.4083104358
   559          3160            15.8000        0.000000             0.000000     -3246.4083104358
   559          3200            16.0000        0.000000             0.000000     -3246.4083104358
   559          3240            16.2000        0.000000             0.000000     -3246.4083104358
   559          3280            16.4000        0.000000             0.000000     -3246.4083104358
   559          3320            16.6000        0.000000             0.000000     -3246.4083104358
   559          3360            16.8000        0.000000             0.000000     -3246.4083104358
   559          3400            17.0000        0.000000             0.000000     -3246.4083104358
   559          3440            17.2000        0.000000             0.000000     -3246.4083104358
   559          3480            17.4000        0.000000             0.000000     -3246.4083104358
   559          3520            17.6000        0.000000             0.000000     -3246.4083104358
   559          3560            17.8000        0.000000             0.000000     -3246.4083104358
   559          3600            18.0000        0.000000             0.000000     -3246.4083104358
   559          3640            18.2000        0.000000             0.000000     -3246.4083104358
   559          3680            18.4000        0.000000             0.000000     -3246.4083104358
   559          3720            18.6000        0.000000             0.000000     -3246.4083104358
   559          3760            18.8000        0.000000             0.000000     -3246.4083104358
   559          3800            19.0000        0.000000             0.000000     -3246.4083104358
   559          3840            19.2000        0.000000             0.000000     -3246.4083104358
   559          3880            19.4000        0.000000             0.000000     -3246.4083104358
   559          3920            19.6000        0.000000             0.000000     -3246.4083104358
   559          3960            19.8000        0.000000             0.000000     -3246.4083104358
   559          4000            20.0000        0.000000             0.000000     -3246.4083104358
