 #uni, ipas, time, temp, average temper, average ener
   128           200             1.0000        0.000000             0.786653      -720.9429733247
   128           400             2.0000        0.000000             0.006667      -720.9824626587
   128           600             3.0000        0.000000             0.006087      -720.9838921821
   128           800             4.0000        0.000000             0.006568      -720.9853510801
   128          1000             5.0000        0.000000             0.007590      -720.9868987906
   128          1200             6.0000        0.000000             0.006568      -720.9884898864
   128          1400             7.0000        0.000000             0.007370      -720.9900753371
   128          1600             8.0000        0.000000             0.007004      -720.9916887478
   128          1800             9.0000        0.000000             0.007159      -720.9933205039
   128          2000            10.0000        0.000000             0.006649      -720.9949022973
   128          2200            11.0000        0.000000             0.006327      -720.9964259879
   128          2400            12.0000        0.000000             0.006325      -720.9979058081
   128          2600            13.0000        0.000000             0.006114      -720.9993375928
   128          2800            14.0000        0.000000             0.005415      -721.0007167095
   128          3000            15.0000        0.000000             0.005680      -721.0019976063
   128          3200            16.0000        0.000000             0.004606      -721.0032107173
   128          3400            17.0000        0.000000             0.004079      -721.0042570997
   128          3600            18.0000        0.000000             0.004547      -721.0052472323
   128          3800            19.0000        0.000000             0.003593      -721.0062008809
   128          4000            20.0000        0.000000             0.003503      -721.0070338568
   128          4200            21.0000        0.000000             0.002900      -721.0077746896
   128          4400            22.0000        0.000000             0.002711      -721.0084260363
   128          4600            23.0000        0.000000             0.002298      -721.0090149859
   128          4800            24.0000        0.000000             0.001962      -721.0095262123
   128          5000            25.0000        0.000000             0.001763      -721.0099690797
   128          5200            26.0000        0.000000             0.001586      -721.0103688823
   128          5400            27.0000        0.000000             0.001317      -721.0107122668
   128          5600            28.0000        0.000000             0.001200      -721.0110123624
   128          5800            29.0000        0.000000             0.000992      -721.0112741577
   128          6000            30.0000        0.000000             0.000848      -721.0114975141
   128          6200            31.0000        0.000000             0.000743      -721.0116888741
   128          6400            32.0000        0.000000             0.000698      -721.0118584260
   128          6600            33.0000        0.000000             0.000601      -721.0120088826
   128          6800            34.0000        0.000000             0.000475      -721.0121367260
   128          7000            35.0000        0.000000             0.000393      -721.0122411203
   128          7200            36.0000        0.000000             0.000371      -721.0123324734
   128          7400            37.0000        0.000000             0.000306      -721.0124126752
   128          7600            38.0000        0.000000             0.000262      -721.0124790207
   128          7800            39.0000        0.000000             0.000223      -721.0125362738
   128          8000            40.0000        0.000000             0.000177      -721.0125842597
   128          8200            41.0000        0.000000             0.000170      -721.0126257002
   128          8400            42.0000        0.000000             0.000138      -721.0126622273
   128          8600            43.0000        0.000000             0.000117      -721.0126926578
   128          8800            44.0000        0.000000             0.000095      -721.0127182132
   128          9000            45.0000        0.000000             0.000084      -721.0127395668
   128          9200            46.0000        0.000000             0.000071      -721.0127582197
   128          9400            47.0000        0.000000             0.000060      -721.0127740928
   128          9600            48.0000        0.000000             0.000049      -721.0127873507
   128          9800            49.0000        0.000000             0.000043      -721.0127985373
   128         10000            50.0000        0.000000             0.000037      -721.0128082599
   128         10200            51.0000        0.000000             0.000030      -721.0128164860
   128         10400            52.0000        0.000000             0.000026      -721.0128233656
   128         10600            53.0000        0.000000             0.000023      -721.0128293211
   128         10800            54.0000        0.000000             0.000019      -721.0128344070
   128         11000            55.0000        0.000000             0.000017      -721.0128387705
   128         11200            56.0000        0.000000             0.000015      -721.0128425700
   128         11400            57.0000        0.000000             0.000012      -721.0128457320
   128         11600            58.0000        0.000000             0.000010      -721.0128483313
   128         11800            59.0000        0.000000             0.000008      -721.0128505268
   128         12000            60.0000        0.000000             0.000007      -721.0128523847
   128         12200            61.0000        0.000000             0.000006      -721.0128539592
   128         12400            62.0000        0.000000             0.000006      -721.0128553263
   128         12600            63.0000        0.000000             0.000004      -721.0128565133
   128         12800            64.0000        0.000000             0.000004      -721.0128574854
   128         13000            65.0000        0.000000             0.000003      -721.0128583049
   128         13200            66.0000        0.000000             0.000003      -721.0128589809
   128         13400            67.0000        0.000000             0.000002      -721.0128595698
   128         13600            68.0000        0.000000             0.000002      -721.0128600771
   128         13800            69.0000        0.000000             0.000002      -721.0128604960
   128         14000            70.0000        0.000000             0.000001      -721.0128608589
   128         14200            71.0000        0.000000             0.000001      -721.0128611694
   128         14400            72.0000        0.000000             0.000001      -721.0128614284
   128         14600            73.0000        0.000000             0.000001      -721.0128616514
   128         14800            74.0000        0.000000             0.000001      -721.0128618397
   128         15000            75.0000        0.000000             0.000001      -721.0128620001
   128         15200            76.0000        0.000000             0.000001      -721.0128621363
   128         15400            77.0000        0.000000             0.000000      -721.0128622495
   128         15600            78.0000        0.000000             0.000000      -721.0128623460
   128         15800            79.0000        0.000000             0.000000      -721.0128624300
   128         16000            80.0000        0.000000             0.000000      -721.0128624987
   128         16200            81.0000        0.000000             0.000000      -721.0128625558
   128         16400            82.0000        0.000000             0.000000      -721.0128626058
   128         16600            83.0000        0.000000             0.000000      -721.0128626483
   128         16800            84.0000        0.000000             0.000000      -721.0128626842
   128         17000            85.0000        0.000000             0.000000      -721.0128627143
   128         17200            86.0000        0.000000             0.000000      -721.0128627401
   128         17400            87.0000        0.000000             0.000000      -721.0128627617
   128         17600            88.0000        0.000000             0.000000      -721.0128627802
   128         17800            89.0000        0.000000             0.000000      -721.0128627953
   128         18000            90.0000        0.000000             0.000000      -721.0128628081
   128         18200            91.0000        0.000000             0.000000      -721.0128628187
   128         18400            92.0000        0.000000             0.000000      -721.0128628278
   128         18600            93.0000        0.000000             0.000000      -721.0128628355
   128         18800            94.0000        0.000000             0.000000      -721.0128628420
   128         19000            95.0000        0.000000             0.000000      -721.0128628475
   128         19200            96.0000        0.000000             0.000000      -721.0128628523
   128         19400            97.0000        0.000000             0.000000      -721.0128628564
   128         19600            98.0000        0.000000             0.000000      -721.0128628597
   128         19800            99.0000        0.000000             0.000000      -721.0128628624
   128         20000           100.0000        0.000000             0.000000      -721.0128628647
