 #uni, ipas, time, temp, average temper, average ener
   128           200             1.0000        0.000000             0.892789      -720.9838852225
   128           400             2.0000        0.000000             0.010627      -721.0262196805
   128           600             3.0000        0.000000             0.008958      -721.0284591128
   128           800             4.0000        0.000000             0.008642      -721.0304324674
   128          1000             5.0000        0.000000             0.008612      -721.0323267426
   128          1200             6.0000        0.000000             0.007672      -721.0340329911
   128          1400             7.0000        0.000000             0.005811      -721.0355437295
   128          1600             8.0000        0.000000             0.005973      -721.0369048294
   128          1800             9.0000        0.000000             0.004941      -721.0381793817
   128          2000            10.0000        0.000000             0.004551      -721.0393222538
   128          2200            11.0000        0.000000             0.004446      -721.0403876647
   128          2400            12.0000        0.000000             0.004032      -721.0413899341
   128          2600            13.0000        0.000000             0.003575      -721.0422931999
   128          2800            14.0000        0.000000             0.003624      -721.0431084874
   128          3000            15.0000        0.000000             0.003157      -721.0438917261
   128          3200            16.0000        0.000000             0.002564      -721.0445798402
   128          3400            17.0000        0.000000             0.002369      -721.0451738769
   128          3600            18.0000        0.000000             0.002068      -721.0457070730
   128          3800            19.0000        0.000000             0.001832      -721.0461777086
   128          4000            20.0000        0.000000             0.001595      -721.0466028691
   128          4200            21.0000        0.000000             0.001485      -721.0469740568
   128          4400            22.0000        0.000000             0.001340      -721.0473146551
   128          4600            23.0000        0.000000             0.001183      -721.0476144220
   128          4800            24.0000        0.000000             0.001054      -721.0478827587
   128          5000            25.0000        0.000000             0.000931      -721.0481189392
   128          5200            26.0000        0.000000             0.000775      -721.0483234318
   128          5400            27.0000        0.000000             0.000719      -721.0484981863
   128          5600            28.0000        0.000000             0.000623      -721.0486608278
   128          5800            29.0000        0.000000             0.000521      -721.0487978987
   128          6000            30.0000        0.000000             0.000483      -721.0489177371
   128          6200            31.0000        0.000000             0.000410      -721.0490222096
   128          6400            32.0000        0.000000             0.000365      -721.0491143265
   128          6600            33.0000        0.000000             0.000309      -721.0491943656
   128          6800            34.0000        0.000000             0.000275      -721.0492630742
   128          7000            35.0000        0.000000             0.000235      -721.0493235301
   128          7200            36.0000        0.000000             0.000200      -721.0493751428
   128          7400            37.0000        0.000000             0.000166      -721.0494191338
   128          7600            38.0000        0.000000             0.000137      -721.0494565259
   128          7800            39.0000        0.000000             0.000123      -721.0494887074
   128          8000            40.0000        0.000000             0.000112      -721.0495175975
   128          8200            41.0000        0.000000             0.000093      -721.0495421117
   128          8400            42.0000        0.000000             0.000084      -721.0495634012
   128          8600            43.0000        0.000000             0.000070      -721.0495822973
   128          8800            44.0000        0.000000             0.000058      -721.0495980721
   128          9000            45.0000        0.000000             0.000052      -721.0496117447
   128          9200            46.0000        0.000000             0.000047      -721.0496236784
   128          9400            47.0000        0.000000             0.000040      -721.0496343543
   128          9600            48.0000        0.000000             0.000036      -721.0496434630
   128          9800            49.0000        0.000000             0.000030      -721.0496513727
   128         10000            50.0000        0.000000             0.000026      -721.0496581560
   128         10200            51.0000        0.000000             0.000022      -721.0496639517
   128         10400            52.0000        0.000000             0.000019      -721.0496689338
   128         10600            53.0000        0.000000             0.000017      -721.0496733172
   128         10800            54.0000        0.000000             0.000014      -721.0496770142
   128         11000            55.0000        0.000000             0.000012      -721.0496802694
   128         11200            56.0000        0.000000             0.000011      -721.0496830368
   128         11400            57.0000        0.000000             0.000009      -721.0496854732
   128         11600            58.0000        0.000000             0.000008      -721.0496875134
   128         11800            59.0000        0.000000             0.000007      -721.0496892941
   128         12000            60.0000        0.000000             0.000006      -721.0496908005
   128         12200            61.0000        0.000000             0.000005      -721.0496921128
   128         12400            62.0000        0.000000             0.000004      -721.0496932441
   128         12600            63.0000        0.000000             0.000003      -721.0496941967
   128         12800            64.0000        0.000000             0.000003      -721.0496950138
   128         13000            65.0000        0.000000             0.000003      -721.0496957251
   128         13200            66.0000        0.000000             0.000003      -721.0496963731
   128         13400            67.0000        0.000000             0.000002      -721.0496969254
   128         13600            68.0000        0.000000             0.000002      -721.0496973953
   128         13800            69.0000        0.000000             0.000001      -721.0496977968
   128         14000            70.0000        0.000000             0.000001      -721.0496981471
   128         14200            71.0000        0.000000             0.000001      -721.0496984479
   128         14400            72.0000        0.000000             0.000001      -721.0496987038
   128         14600            73.0000        0.000000             0.000001      -721.0496989253
   128         14800            74.0000        0.000000             0.000001      -721.0496991245
   128         15000            75.0000        0.000000             0.000001      -721.0496992950
   128         15200            76.0000        0.000000             0.000001      -721.0496994368
   128         15400            77.0000        0.000000             0.000000      -721.0496995594
   128         15600            78.0000        0.000000             0.000000      -721.0496996627
   128         15800            79.0000        0.000000             0.000000      -721.0496997510
   128         16000            80.0000        0.000000             0.000000      -721.0496998277
   128         16200            81.0000        0.000000             0.000000      -721.0496998956
   128         16400            82.0000        0.000000             0.000000      -721.0496999553
   128         16600            83.0000        0.000000             0.000000      -721.0497000070
   128         16800            84.0000        0.000000             0.000000      -721.0497000491
   128         17000            85.0000        0.000000             0.000000      -721.0497000850
   128         17200            86.0000        0.000000             0.000000      -721.0497001169
   128         17400            87.0000        0.000000             0.000000      -721.0497001441
   128         17600            88.0000        0.000000             0.000000      -721.0497001668
   128         17800            89.0000        0.000000             0.000000      -721.0497001862
   128         18000            90.0000        0.000000             0.000000      -721.0497002032
   128         18200            91.0000        0.000000             0.000000      -721.0497002181
   128         18400            92.0000        0.000000             0.000000      -721.0497002308
   128         18600            93.0000        0.000000             0.000000      -721.0497002419
   128         18800            94.0000        0.000000             0.000000      -721.0497002513
   128         19000            95.0000        0.000000             0.000000      -721.0497002592
   128         19200            96.0000        0.000000             0.000000      -721.0497002660
   128         19400            97.0000        0.000000             0.000000      -721.0497002721
   128         19600            98.0000        0.000000             0.000000      -721.0497002772
   128         19800            99.0000        0.000000             0.000000      -721.0497002816
   128         20000           100.0000        0.000000             0.000000      -721.0497002855
