 #uni, ipas, time, temp, average temper, average ener
   559            40             0.2000        0.000000            73.207265     -3230.2057947091
   559            80             0.4000        0.000000             7.892283     -3244.4028283868
   559           120             0.6000        0.000000             1.110375     -3245.8030733214
   559           160             0.8000        0.000000             0.327326     -3246.0259467903
   559           200             1.0000        0.000000             0.141951     -3246.0965501625
   559           240             1.2000        0.000000             0.074993     -3246.1286978081
   559           280             1.4000        0.000000             0.041406     -3246.1456744548
   559           320             1.6000        0.000000             0.024697     -3246.1552513298
   559           360             1.8000        0.000000             0.014391     -3246.1609034079
   559           400             2.0000        0.000000             0.009164     -3246.1642634551
   559           440             2.2000        0.000000             0.005587     -3246.1663544158
   559           480             2.4000        0.000000             0.003526     -3246.1676447828
   559           520             2.6000        0.000000             0.002202     -3246.1684599867
   559           560             2.8000        0.000000             0.001409     -3246.1689667874
   559           600             3.0000        0.000000             0.000899     -3246.1692901055
   559           640             3.2000        0.000000             0.000577     -3246.1694976666
   559           680             3.4000        0.000000             0.000389     -3246.1696331636
   559           720             3.6000        0.000000             0.000264     -3246.1697238900
   559           760             3.8000        0.000000             0.000177     -3246.1697847809
   559           800             4.0000        0.000000             0.000122     -3246.1698258291
   559           840             4.2000        0.000000             0.000086     -3246.1698540907
   559           880             4.4000        0.000000             0.000058     -3246.1698740270
   559           920             4.6000        0.000000             0.000043     -3246.1698878333
   559           960             4.8000        0.000000             0.000030     -3246.1698977588
   559          1000             5.0000        0.000000             0.000022     -3246.1699049134
   559          1040             5.2000        0.000000             0.000016     -3246.1699101351
   559          1080             5.4000        0.000000             0.000012     -3246.1699139008
   559          1120             5.6000        0.000000             0.000009     -3246.1699166919
   559          1160             5.8000        0.000000             0.000007     -3246.1699187892
   559          1200             6.0000        0.000000             0.000005     -3246.1699203655
   559          1240             6.2000        0.000000             0.000004     -3246.1699215469
   559          1280             6.4000        0.000000             0.000003     -3246.1699224326
   559          1320             6.6000        0.000000             0.000002     -3246.1699231056
   559          1360             6.8000        0.000000             0.000002     -3246.1699236137
   559          1400             7.0000        0.000000             0.000001     -3246.1699239972
   559          1440             7.2000        0.000000             0.000001     -3246.1699242879
   559          1480             7.4000        0.000000             0.000001     -3246.1699245120
   559          1520             7.6000        0.000000             0.000001     -3246.1699246831
   559          1560             7.8000        0.000000             0.000000     -3246.1699248155
   559          1600             8.0000        0.000000             0.000000     -3246.1699249146
   559          1640             8.2000        0.000000             0.000000     -3246.1699249894
   559          1680             8.4000        0.000000             0.000000     -3246.1699250468
   559          1720             8.6000        0.000000             0.000000     -3246.1699250911
   559          1760             8.8000        0.000000             0.000000     -3246.1699251248
   559          1800             9.0000        0.000000             0.000000     -3246.1699251503
   559          1840             9.2000        0.000000             0.000000     -3246.1699251701
   559          1880             9.4000        0.000000             0.000000     -3246.1699251850
   559          1920             9.6000        0.000000             0.000000     -3246.1699251962
   559          1960             9.8000        0.000000             0.000000     -3246.1699252046
   559          2000            10.0000        0.000000             0.000000     -3246.1699252112
   559          2040            10.2000        0.000000             0.000000     -3246.1699252163
   559          2080            10.4000        0.000000             0.000000     -3246.1699252201
   559          2120            10.6000        0.000000             0.000000     -3246.1699252231
   559          2160            10.8000        0.000000             0.000000     -3246.1699252253
   559          2200            11.0000        0.000000             0.000000     -3246.1699252270
   559          2240            11.2000        0.000000             0.000000     -3246.1699252284
   559          2280            11.4000        0.000000             0.000000     -3246.1699252293
   559          2320            11.6000        0.000000             0.000000     -3246.1699252301
   559          2360            11.8000        0.000000             0.000000     -3246.1699252307
   559          2400            12.0000        0.000000             0.000000     -3246.1699252311
   559          2440            12.2000        0.000000             0.000000     -3246.1699252314
   559          2480            12.4000        0.000000             0.000000     -3246.1699252317
   559          2520            12.6000        0.000000             0.000000     -3246.1699252319
   559          2560            12.8000        0.000000             0.000000     -3246.1699252321
   559          2600            13.0000        0.000000             0.000000     -3246.1699252322
   559          2640            13.2000        0.000000             0.000000     -3246.1699252323
   559          2680            13.4000        0.000000             0.000000     -3246.1699252323
   559          2720            13.6000        0.000000             0.000000     -3246.1699252324
   559          2760            13.8000        0.000000             0.000000     -3246.1699252324
   559          2800            14.0000        0.000000             0.000000     -3246.1699252325
   559          2840            14.2000        0.000000             0.000000     -3246.1699252325
   559          2880            14.4000        0.000000             0.000000     -3246.1699252325
   559          2920            14.6000        0.000000             0.000000     -3246.1699252325
   559          2960            14.8000        0.000000             0.000000     -3246.1699252325
   559          3000            15.0000        0.000000             0.000000     -3246.1699252325
   559          3040            15.2000        0.000000             0.000000     -3246.1699252325
   559          3080            15.4000        0.000000             0.000000     -3246.1699252326
   559          3120            15.6000        0.000000             0.000000     -3246.1699252326
   559          3160            15.8000        0.000000             0.000000     -3246.1699252326
   559          3200            16.0000        0.000000             0.000000     -3246.1699252326
   559          3240            16.2000        0.000000             0.000000     -3246.1699252326
   559          3280            16.4000        0.000000             0.000000     -3246.1699252326
   559          3320            16.6000        0.000000             0.000000     -3246.1699252326
   559          3360            16.8000        0.000000             0.000000     -3246.1699252326
   559          3400            17.0000        0.000000             0.000000     -3246.1699252326
   559          3440            17.2000        0.000000             0.000000     -3246.1699252326
   559          3480            17.4000        0.000000             0.000000     -3246.1699252326
   559          3520            17.6000        0.000000             0.000000     -3246.1699252326
   559          3560            17.8000        0.000000             0.000000     -3246.1699252326
   559          3600            18.0000        0.000000             0.000000     -3246.1699252326
   559          3640            18.2000        0.000000             0.000000     -3246.1699252326
   559          3680            18.4000        0.000000             0.000000     -3246.1699252326
   559          3720            18.6000        0.000000             0.000000     -3246.1699252326
   559          3760            18.8000        0.000000             0.000000     -3246.1699252326
   559          3800            19.0000        0.000000             0.000000     -3246.1699252326
   559          3840            19.2000        0.000000             0.000000     -3246.1699252326
   559          3880            19.4000        0.000000             0.000000     -3246.1699252326
   559          3920            19.6000        0.000000             0.000000     -3246.1699252326
   559          3960            19.8000        0.000000             0.000000     -3246.1699252326
   559          4000            20.0000        0.000000             0.000000     -3246.1699252326
