 #uni, ipas, time, temp, average temper, average ener
   128           200             1.0000        0.000000             0.123916      -721.0720067613
   128           400             2.0000        0.000000             0.008931      -721.0790446724
   128           600             3.0000        0.000000             0.006029      -721.0807342423
   128           800             4.0000        0.000000             0.004470      -721.0819162293
   128          1000             5.0000        0.000000             0.002670      -721.0827496084
   128          1200             6.0000        0.000000             0.002211      -721.0833540319
   128          1400             7.0000        0.000000             0.001980      -721.0838628764
   128          1600             8.0000        0.000000             0.001747      -721.0843010420
   128          1800             9.0000        0.000000             0.001370      -721.0846719513
   128          2000            10.0000        0.000000             0.001208      -721.0849828623
   128          2200            11.0000        0.000000             0.000998      -721.0852479969
   128          2400            12.0000        0.000000             0.000768      -721.0854655772
   128          2600            13.0000        0.000000             0.000758      -721.0856523378
   128          2800            14.0000        0.000000             0.000600      -721.0858131891
   128          3000            15.0000        0.000000             0.000476      -721.0859474485
   128          3200            16.0000        0.000000             0.000428      -721.0860592484
   128          3400            17.0000        0.000000             0.000350      -721.0861554216
   128          3600            18.0000        0.000000             0.000291      -721.0862360063
   128          3800            19.0000        0.000000             0.000268      -721.0863052160
   128          4000            20.0000        0.000000             0.000217      -721.0863652415
   128          4200            21.0000        0.000000             0.000177      -721.0864145958
   128          4400            22.0000        0.000000             0.000164      -721.0864569706
   128          4600            23.0000        0.000000             0.000148      -721.0864943197
   128          4800            24.0000        0.000000             0.000120      -721.0865262879
   128          5000            25.0000        0.000000             0.000091      -721.0865525044
   128          5200            26.0000        0.000000             0.000084      -721.0865744541
   128          5400            27.0000        0.000000             0.000070      -721.0865931895
   128          5600            28.0000        0.000000             0.000059      -721.0866092581
   128          5800            29.0000        0.000000             0.000052      -721.0866228855
   128          6000            30.0000        0.000000             0.000043      -721.0866344806
   128          6200            31.0000        0.000000             0.000036      -721.0866441881
   128          6400            32.0000        0.000000             0.000030      -721.0866522050
   128          6600            33.0000        0.000000             0.000026      -721.0866591662
   128          6800            34.0000        0.000000             0.000022      -721.0866651496
   128          7000            35.0000        0.000000             0.000018      -721.0866700463
   128          7200            36.0000        0.000000             0.000015      -721.0866742156
   128          7400            37.0000        0.000000             0.000014      -721.0866778194
   128          7600            38.0000        0.000000             0.000012      -721.0866808887
   128          7800            39.0000        0.000000             0.000010      -721.0866834684
   128          8000            40.0000        0.000000             0.000008      -721.0866856465
   128          8200            41.0000        0.000000             0.000007      -721.0866874833
   128          8400            42.0000        0.000000             0.000006      -721.0866890843
   128          8600            43.0000        0.000000             0.000005      -721.0866904130
   128          8800            44.0000        0.000000             0.000004      -721.0866915204
   128          9000            45.0000        0.000000             0.000004      -721.0866924667
   128          9200            46.0000        0.000000             0.000003      -721.0866932703
   128          9400            47.0000        0.000000             0.000002      -721.0866939375
   128          9600            48.0000        0.000000             0.000002      -721.0866945099
   128          9800            49.0000        0.000000             0.000002      -721.0866950144
   128         10000            50.0000        0.000000             0.000001      -721.0866954151
   128         10200            51.0000        0.000000             0.000001      -721.0866957565
   128         10400            52.0000        0.000000             0.000001      -721.0866960555
   128         10600            53.0000        0.000000             0.000001      -721.0866962962
   128         10800            54.0000        0.000000             0.000001      -721.0866964971
   128         11000            55.0000        0.000000             0.000001      -721.0866966746
   128         11200            56.0000        0.000000             0.000001      -721.0866968259
   128         11400            57.0000        0.000000             0.000000      -721.0866969552
   128         11600            58.0000        0.000000             0.000000      -721.0866970641
   128         11800            59.0000        0.000000             0.000000      -721.0866971577
   128         12000            60.0000        0.000000             0.000000      -721.0866972368
   128         12200            61.0000        0.000000             0.000000      -721.0866973016
   128         12400            62.0000        0.000000             0.000000      -721.0866973565
   128         12600            63.0000        0.000000             0.000000      -721.0866974024
   128         12800            64.0000        0.000000             0.000000      -721.0866974407
   128         13000            65.0000        0.000000             0.000000      -721.0866974731
   128         13200            66.0000        0.000000             0.000000      -721.0866975013
   128         13400            67.0000        0.000000             0.000000      -721.0866975253
   128         13600            68.0000        0.000000             0.000000      -721.0866975450
   128         13800            69.0000        0.000000             0.000000      -721.0866975619
   128         14000            70.0000        0.000000             0.000000      -721.0866975764
   128         14200            71.0000        0.000000             0.000000      -721.0866975886
   128         14400            72.0000        0.000000             0.000000      -721.0866975992
   128         14600            73.0000        0.000000             0.000000      -721.0866976082
   128         14800            74.0000        0.000000             0.000000      -721.0866976154
   128         15000            75.0000        0.000000             0.000000      -721.0866976215
   128         15200            76.0000        0.000000             0.000000      -721.0866976269
   128         15400            77.0000        0.000000             0.000000      -721.0866976312
   128         15600            78.0000        0.000000             0.000000      -721.0866976348
   128         15800            79.0000        0.000000             0.000000      -721.0866976380
   128         16000            80.0000        0.000000             0.000000      -721.0866976407
   128         16200            81.0000        0.000000             0.000000      -721.0866976429
   128         16400            82.0000        0.000000             0.000000      -721.0866976447
   128         16600            83.0000        0.000000             0.000000      -721.0866976463
   128         16800            84.0000        0.000000             0.000000      -721.0866976476
   128         17000            85.0000        0.000000             0.000000      -721.0866976487
   128         17200            86.0000        0.000000             0.000000      -721.0866976497
   128         17400            87.0000        0.000000             0.000000      -721.0866976505
   128         17600            88.0000        0.000000             0.000000      -721.0866976512
   128         17800            89.0000        0.000000             0.000000      -721.0866976517
   128         18000            90.0000        0.000000             0.000000      -721.0866976522
   128         18200            91.0000        0.000000             0.000000      -721.0866976526
   128         18400            92.0000        0.000000             0.000000      -721.0866976530
   128         18600            93.0000        0.000000             0.000000      -721.0866976533
   128         18800            94.0000        0.000000             0.000000      -721.0866976535
   128         19000            95.0000        0.000000             0.000000      -721.0866976538
   128         19200            96.0000        0.000000             0.000000      -721.0866976539
   128         19400            97.0000        0.000000             0.000000      -721.0866976541
   128         19600            98.0000        0.000000             0.000000      -721.0866976542
   128         19800            99.0000        0.000000             0.000000      -721.0866976543
   128         20000           100.0000        0.000000             0.000000      -721.0866976544
