242 -3246.4227960656
159 -3246.1595762065
53  -3246.1687352975
161 -3246.135229885
217 -3246.4800323841
205 -3246.1628552645
134 -3246.1699252326
107 -3246.1623941743
53 -3246.1686111204
54 -3246.1562031945
55 6.91007940355515e-310
55 -3246.1686111204
22 -3246.4007327833
51 -3246.4256307396
78 -3246.4504999253
358 -3246.4083104358
372 6.94427373475151e-310
372 -3246.4291677843
374 -3246.4449388916
276 -3246.1613685725
247 -3246.1574679332
248 -3246.1687352975
332 -3246.1770336261
329 -3246.1646273032
302 -3246.1338600251
109 -3246.1363164065
