 #uni, ipas, time, temp, average temper, average ener
   128            40             0.2000        0.000000           131.019515      -715.6476294110
   128            80             0.4000        0.000000             4.082445      -720.8654270847
   128           120             0.6000        0.000000             0.697311      -721.0396617944
   128           160             0.8000        0.000000             0.182134      -721.0695555818
   128           200             1.0000        0.000000             0.056827      -721.0775219496
   128           240             1.2000        0.000000             0.020261      -721.0800789325
   128           280             1.4000        0.000000             0.006763      -721.0809928866
   128           320             1.6000        0.000000             0.002844      -721.0813162527
   128           360             1.8000        0.000000             0.001138      -721.0814477257
   128           400             2.0000        0.000000             0.000487      -721.0815007427
   128           440             2.2000        0.000000             0.000198      -721.0815238340
   128           480             2.4000        0.000000             0.000096      -721.0815334131
   128           520             2.6000        0.000000             0.000047      -721.0815381944
   128           560             2.8000        0.000000             0.000025      -721.0815404843
   128           600             3.0000        0.000000             0.000014      -721.0815416973
   128           640             3.2000        0.000000             0.000008      -721.0815423806
   128           680             3.4000        0.000000             0.000005      -721.0815427784
   128           720             3.6000        0.000000             0.000004      -721.0815430300
   128           760             3.8000        0.000000             0.000002      -721.0815432035
   128           800             4.0000        0.000000             0.000002      -721.0815433183
   128           840             4.2000        0.000000             0.000001      -721.0815434049
   128           880             4.4000        0.000000             0.000001      -721.0815434685
   128           920             4.6000        0.000000             0.000001      -721.0815435131
   128           960             4.8000        0.000000             0.000000      -721.0815435462
   128          1000             5.0000        0.000000             0.000000      -721.0815435702
   128          1040             5.2000        0.000000             0.000000      -721.0815435890
   128          1080             5.4000        0.000000             0.000000      -721.0815436023
   128          1120             5.6000        0.000000             0.000000      -721.0815436120
   128          1160             5.8000        0.000000             0.000000      -721.0815436197
   128          1200             6.0000        0.000000             0.000000      -721.0815436252
   128          1240             6.2000        0.000000             0.000000      -721.0815436293
   128          1280             6.4000        0.000000             0.000000      -721.0815436323
   128          1320             6.6000        0.000000             0.000000      -721.0815436344
   128          1360             6.8000        0.000000             0.000000      -721.0815436359
   128          1400             7.0000        0.000000             0.000000      -721.0815436370
   128          1440             7.2000        0.000000             0.000000      -721.0815436378
   128          1480             7.4000        0.000000             0.000000      -721.0815436384
   128          1520             7.6000        0.000000             0.000000      -721.0815436389
   128          1560             7.8000        0.000000             0.000000      -721.0815436393
   128          1600             8.0000        0.000000             0.000000      -721.0815436395
   128          1640             8.2000        0.000000             0.000000      -721.0815436397
   128          1680             8.4000        0.000000             0.000000      -721.0815436399
   128          1720             8.6000        0.000000             0.000000      -721.0815436400
   128          1760             8.8000        0.000000             0.000000      -721.0815436400
   128          1800             9.0000        0.000000             0.000000      -721.0815436401
   128          1840             9.2000        0.000000             0.000000      -721.0815436401
   128          1880             9.4000        0.000000             0.000000      -721.0815436402
   128          1920             9.6000        0.000000             0.000000      -721.0815436402
   128          1960             9.8000        0.000000             0.000000      -721.0815436402
   128          2000            10.0000        0.000000             0.000000      -721.0815436402
   128          2040            10.2000        0.000000             0.000000      -721.0815436402
   128          2080            10.4000        0.000000             0.000000      -721.0815436402
   128          2120            10.6000        0.000000             0.000000      -721.0815436402
   128          2160            10.8000        0.000000             0.000000      -721.0815436402
   128          2200            11.0000        0.000000             0.000000      -721.0815436402
   128          2240            11.2000        0.000000             0.000000      -721.0815436402
   128          2280            11.4000        0.000000             0.000000      -721.0815436402
   128          2320            11.6000        0.000000             0.000000      -721.0815436402
   128          2360            11.8000        0.000000             0.000000      -721.0815436402
   128          2400            12.0000        0.000000             0.000000      -721.0815436402
   128          2440            12.2000        0.000000             0.000000      -721.0815436402
   128          2480            12.4000        0.000000             0.000000      -721.0815436402
   128          2520            12.6000        0.000000             0.000000      -721.0815436402
   128          2560            12.8000        0.000000             0.000000      -721.0815436402
   128          2600            13.0000        0.000000             0.000000      -721.0815436402
   128          2640            13.2000        0.000000             0.000000      -721.0815436402
   128          2680            13.4000        0.000000             0.000000      -721.0815436402
   128          2720            13.6000        0.000000             0.000000      -721.0815436402
   128          2760            13.8000        0.000000             0.000000      -721.0815436402
   128          2800            14.0000        0.000000             0.000000      -721.0815436402
   128          2840            14.2000        0.000000             0.000000      -721.0815436402
   128          2880            14.4000        0.000000             0.000000      -721.0815436402
   128          2920            14.6000        0.000000             0.000000      -721.0815436402
   128          2960            14.8000        0.000000             0.000000      -721.0815436402
   128          3000            15.0000        0.000000             0.000000      -721.0815436402
   128          3040            15.2000        0.000000             0.000000      -721.0815436402
   128          3080            15.4000        0.000000             0.000000      -721.0815436402
   128          3120            15.6000        0.000000             0.000000      -721.0815436402
   128          3160            15.8000        0.000000             0.000000      -721.0815436402
   128          3200            16.0000        0.000000             0.000000      -721.0815436402
   128          3240            16.2000        0.000000             0.000000      -721.0815436402
   128          3280            16.4000        0.000000             0.000000      -721.0815436402
   128          3320            16.6000        0.000000             0.000000      -721.0815436402
   128          3360            16.8000        0.000000             0.000000      -721.0815436402
   128          3400            17.0000        0.000000             0.000000      -721.0815436402
   128          3440            17.2000        0.000000             0.000000      -721.0815436402
   128          3480            17.4000        0.000000             0.000000      -721.0815436402
   128          3520            17.6000        0.000000             0.000000      -721.0815436402
   128          3560            17.8000        0.000000             0.000000      -721.0815436402
   128          3600            18.0000        0.000000             0.000000      -721.0815436402
   128          3640            18.2000        0.000000             0.000000      -721.0815436402
   128          3680            18.4000        0.000000             0.000000      -721.0815436402
   128          3720            18.6000        0.000000             0.000000      -721.0815436402
   128          3760            18.8000        0.000000             0.000000      -721.0815436402
   128          3800            19.0000        0.000000             0.000000      -721.0815436402
   128          3840            19.2000        0.000000             0.000000      -721.0815436402
   128          3880            19.4000        0.000000             0.000000      -721.0815436402
   128          3920            19.6000        0.000000             0.000000      -721.0815436402
   128          3960            19.8000        0.000000             0.000000      -721.0815436402
   128          4000            20.0000        0.000000             0.000000      -721.0815436402
