 #uni, ipas, time, temp, average temper, average ener
   128           200             1.0000        0.000000             1.694622      -720.9852569557
   128           400             2.0000        0.000000             0.001134      -721.0640169366
   128           600             3.0000        0.000000             0.000242      -721.0641424922
   128           800             4.0000        0.000000             0.000133      -721.0641858082
   128          1000             5.0000        0.000000             0.000088      -721.0642123941
   128          1200             6.0000        0.000000             0.000070      -721.0642312240
   128          1400             7.0000        0.000000             0.000051      -721.0642457369
   128          1600             8.0000        0.000000             0.000038      -721.0642565574
   128          1800             9.0000        0.000000             0.000034      -721.0642651778
   128          2000            10.0000        0.000000             0.000026      -721.0642723849
   128          2200            11.0000        0.000000             0.000021      -721.0642778927
   128          2400            12.0000        0.000000             0.000017      -721.0642824119
   128          2600            13.0000        0.000000             0.000014      -721.0642860936
   128          2800            14.0000        0.000000             0.000010      -721.0642890325
   128          3000            15.0000        0.000000             0.000009      -721.0642913579
   128          3200            16.0000        0.000000             0.000007      -721.0642932266
   128          3400            17.0000        0.000000             0.000006      -721.0642947219
   128          3600            18.0000        0.000000             0.000005      -721.0642959451
   128          3800            19.0000        0.000000             0.000004      -721.0642969412
   128          4000            20.0000        0.000000             0.000003      -721.0642977396
   128          4200            21.0000        0.000000             0.000003      -721.0642983849
   128          4400            22.0000        0.000000             0.000002      -721.0642988951
   128          4600            23.0000        0.000000             0.000002      -721.0642993092
   128          4800            24.0000        0.000000             0.000001      -721.0642996442
   128          5000            25.0000        0.000000             0.000001      -721.0642999068
   128          5200            26.0000        0.000000             0.000001      -721.0643001200
   128          5400            27.0000        0.000000             0.000001      -721.0643002919
   128          5600            28.0000        0.000000             0.000001      -721.0643004302
   128          5800            29.0000        0.000000             0.000000      -721.0643005407
   128          6000            30.0000        0.000000             0.000000      -721.0643006288
   128          6200            31.0000        0.000000             0.000000      -721.0643006998
   128          6400            32.0000        0.000000             0.000000      -721.0643007560
   128          6600            33.0000        0.000000             0.000000      -721.0643008024
   128          6800            34.0000        0.000000             0.000000      -721.0643008398
   128          7000            35.0000        0.000000             0.000000      -721.0643008697
   128          7200            36.0000        0.000000             0.000000      -721.0643008941
   128          7400            37.0000        0.000000             0.000000      -721.0643009138
   128          7600            38.0000        0.000000             0.000000      -721.0643009294
   128          7800            39.0000        0.000000             0.000000      -721.0643009422
   128          8000            40.0000        0.000000             0.000000      -721.0643009527
   128          8200            41.0000        0.000000             0.000000      -721.0643009606
   128          8400            42.0000        0.000000             0.000000      -721.0643009671
   128          8600            43.0000        0.000000             0.000000      -721.0643009724
   128          8800            44.0000        0.000000             0.000000      -721.0643009767
   128          9000            45.0000        0.000000             0.000000      -721.0643009800
   128          9200            46.0000        0.000000             0.000000      -721.0643009827
   128          9400            47.0000        0.000000             0.000000      -721.0643009849
   128          9600            48.0000        0.000000             0.000000      -721.0643009867
   128          9800            49.0000        0.000000             0.000000      -721.0643009881
   128         10000            50.0000        0.000000             0.000000      -721.0643009893
   128         10200            51.0000        0.000000             0.000000      -721.0643009902
   128         10400            52.0000        0.000000             0.000000      -721.0643009910
   128         10600            53.0000        0.000000             0.000000      -721.0643009915
   128         10800            54.0000        0.000000             0.000000      -721.0643009920
   128         11000            55.0000        0.000000             0.000000      -721.0643009924
   128         11200            56.0000        0.000000             0.000000      -721.0643009927
   128         11400            57.0000        0.000000             0.000000      -721.0643009930
   128         11600            58.0000        0.000000             0.000000      -721.0643009932
   128         11800            59.0000        0.000000             0.000000      -721.0643009934
   128         12000            60.0000        0.000000             0.000000      -721.0643009935
   128         12200            61.0000        0.000000             0.000000      -721.0643009936
   128         12400            62.0000        0.000000             0.000000      -721.0643009937
   128         12600            63.0000        0.000000             0.000000      -721.0643009937
   128         12800            64.0000        0.000000             0.000000      -721.0643009938
   128         13000            65.0000        0.000000             0.000000      -721.0643009938
   128         13200            66.0000        0.000000             0.000000      -721.0643009939
   128         13400            67.0000        0.000000             0.000000      -721.0643009939
   128         13600            68.0000        0.000000             0.000000      -721.0643009939
   128         13800            69.0000        0.000000             0.000000      -721.0643009939
   128         14000            70.0000        0.000000             0.000000      -721.0643009940
   128         14200            71.0000        0.000000             0.000000      -721.0643009940
   128         14400            72.0000        0.000000             0.000000      -721.0643009940
   128         14600            73.0000        0.000000             0.000000      -721.0643009940
   128         14800            74.0000        0.000000             0.000000      -721.0643009940
   128         15000            75.0000        0.000000             0.000000      -721.0643009940
   128         15200            76.0000        0.000000             0.000000      -721.0643009940
   128         15400            77.0000        0.000000             0.000000      -721.0643009940
   128         15600            78.0000        0.000000             0.000000      -721.0643009940
   128         15800            79.0000        0.000000             0.000000      -721.0643009940
   128         16000            80.0000        0.000000             0.000000      -721.0643009940
   128         16200            81.0000        0.000000             0.000000      -721.0643009940
   128         16400            82.0000        0.000000             0.000000      -721.0643009940
   128         16600            83.0000        0.000000             0.000000      -721.0643009940
   128         16800            84.0000        0.000000             0.000000      -721.0643009940
   128         17000            85.0000        0.000000             0.000000      -721.0643009940
   128         17200            86.0000        0.000000             0.000000      -721.0643009940
   128         17400            87.0000        0.000000             0.000000      -721.0643009940
   128         17600            88.0000        0.000000             0.000000      -721.0643009940
   128         17800            89.0000        0.000000             0.000000      -721.0643009940
   128         18000            90.0000        0.000000             0.000000      -721.0643009940
   128         18200            91.0000        0.000000             0.000000      -721.0643009940
   128         18400            92.0000        0.000000             0.000000      -721.0643009940
   128         18600            93.0000        0.000000             0.000000      -721.0643009940
   128         18800            94.0000        0.000000             0.000000      -721.0643009940
   128         19000            95.0000        0.000000             0.000000      -721.0643009940
   128         19200            96.0000        0.000000             0.000000      -721.0643009940
   128         19400            97.0000        0.000000             0.000000      -721.0643009940
   128         19600            98.0000        0.000000             0.000000      -721.0643009940
   128         19800            99.0000        0.000000             0.000000      -721.0643009940
   128         20000           100.0000        0.000000             0.000000      -721.0643009940
