 #uni, ipas, time, temp, average temper, average ener
   128           200             1.0000        0.000000             0.366051      -720.9627014119
   128           400             2.0000        0.000000             0.001876      -720.9791190328
   128           600             3.0000        0.000000             0.001886      -720.9795648506
   128           800             4.0000        0.000000             0.001805      -720.9800011236
   128          1000             5.0000        0.000000             0.002036      -720.9804326140
   128          1200             6.0000        0.000000             0.002167      -720.9809089178
   128          1400             7.0000        0.000000             0.002144      -720.9813769972
   128          1600             8.0000        0.000000             0.001960      -720.9818362169
   128          1800             9.0000        0.000000             0.001881      -720.9822996626
   128          2000            10.0000        0.000000             0.001810      -720.9827366415
   128          2200            11.0000        0.000000             0.002282      -720.9831946675
   128          2400            12.0000        0.000000             0.002096      -720.9836912307
   128          2600            13.0000        0.000000             0.001926      -720.9841613604
   128          2800            14.0000        0.000000             0.001922      -720.9846118424
   128          3000            15.0000        0.000000             0.001960      -720.9850717566
   128          3200            16.0000        0.000000             0.001804      -720.9855241443
   128          3400            17.0000        0.000000             0.001713      -720.9859534508
   128          3600            18.0000        0.000000             0.002067      -720.9863891111
   128          3800            19.0000        0.000000             0.001988      -720.9868410297
   128          4000            20.0000        0.000000             0.001874      -720.9872837700
   128          4200            21.0000        0.000000             0.001870      -720.9877038287
   128          4400            22.0000        0.000000             0.001555      -720.9881085781
   128          4600            23.0000        0.000000             0.001631      -720.9884857861
   128          4800            24.0000        0.000000             0.001430      -720.9888425860
   128          5000            25.0000        0.000000             0.001577      -720.9891975324
   128          5200            26.0000        0.000000             0.001383      -720.9895395560
   128          5400            27.0000        0.000000             0.001253      -720.9898558290
   128          5600            28.0000        0.000000             0.001256      -720.9901490223
   128          5800            29.0000        0.000000             0.001132      -720.9904317432
   128          6000            30.0000        0.000000             0.001062      -720.9906963263
   128          6200            31.0000        0.000000             0.000952      -720.9909388999
   128          6400            32.0000        0.000000             0.000873      -720.9911620393
   128          6600            33.0000        0.000000             0.000844      -720.9913721550
   128          6800            34.0000        0.000000             0.000692      -720.9915622739
   128          7000            35.0000        0.000000             0.000804      -720.9917399645
   128          7200            36.0000        0.000000             0.000715      -720.9919174428
   128          7400            37.0000        0.000000             0.000656      -720.9920793405
   128          7600            38.0000        0.000000             0.000611      -720.9922243693
   128          7800            39.0000        0.000000             0.000534      -720.9923597454
   128          8000            40.0000        0.000000             0.000467      -720.9924813991
   128          8200            41.0000        0.000000             0.000413      -720.9925869572
   128          8400            42.0000        0.000000             0.000397      -720.9926858443
   128          8600            43.0000        0.000000             0.000323      -720.9927756048
   128          8800            44.0000        0.000000             0.000326      -720.9928548469
   128          9000            45.0000        0.000000             0.000311      -720.9929304416
   128          9200            46.0000        0.000000             0.000255      -720.9929991333
   128          9400            47.0000        0.000000             0.000253      -720.9930597999
   128          9600            48.0000        0.000000             0.000197      -720.9931148636
   128          9800            49.0000        0.000000             0.000196      -720.9931630416
   128         10000            50.0000        0.000000             0.000169      -720.9932075352
   128         10200            51.0000        0.000000             0.000165      -720.9932479634
   128         10400            52.0000        0.000000             0.000142      -720.9932848080
   128         10600            53.0000        0.000000             0.000131      -720.9933177141
   128         10800            54.0000        0.000000             0.000120      -720.9933472491
   128         11000            55.0000        0.000000             0.000104      -720.9933738299
   128         11200            56.0000        0.000000             0.000096      -720.9933977783
   128         11400            57.0000        0.000000             0.000079      -720.9934189618
   128         11600            58.0000        0.000000             0.000070      -720.9934373823
   128         11800            59.0000        0.000000             0.000068      -720.9934541682
   128         12000            60.0000        0.000000             0.000057      -720.9934692794
   128         12200            61.0000        0.000000             0.000052      -720.9934824789
   128         12400            62.0000        0.000000             0.000050      -720.9934946124
   128         12600            63.0000        0.000000             0.000041      -720.9935054095
   128         12800            64.0000        0.000000             0.000041      -720.9935151537
   128         13000            65.0000        0.000000             0.000034      -720.9935239155
   128         13200            66.0000        0.000000             0.000032      -720.9935314168
   128         13400            67.0000        0.000000             0.000027      -720.9935384260
   128         13600            68.0000        0.000000             0.000023      -720.9935443227
   128         13800            69.0000        0.000000             0.000021      -720.9935496010
   128         14000            70.0000        0.000000             0.000017      -720.9935541871
   128         14200            71.0000        0.000000             0.000016      -720.9935582387
   128         14400            72.0000        0.000000             0.000014      -720.9935619154
   128         14600            73.0000        0.000000             0.000013      -720.9935651231
   128         14800            74.0000        0.000000             0.000011      -720.9935680321
   128         15000            75.0000        0.000000             0.000010      -720.9935705562
   128         15200            76.0000        0.000000             0.000009      -720.9935728064
   128         15400            77.0000        0.000000             0.000008      -720.9935748403
   128         15600            78.0000        0.000000             0.000007      -720.9935766239
   128         15800            79.0000        0.000000             0.000006      -720.9935782236
   128         16000            80.0000        0.000000             0.000005      -720.9935796271
   128         16200            81.0000        0.000000             0.000005      -720.9935808716
   128         16400            82.0000        0.000000             0.000004      -720.9935819769
   128         16600            83.0000        0.000000             0.000004      -720.9935829551
   128         16800            84.0000        0.000000             0.000004      -720.9935838546
   128         17000            85.0000        0.000000             0.000003      -720.9935846449
   128         17200            86.0000        0.000000             0.000003      -720.9935853440
   128         17400            87.0000        0.000000             0.000002      -720.9935859601
   128         17600            88.0000        0.000000             0.000002      -720.9935865102
   128         17800            89.0000        0.000000             0.000002      -720.9935870015
   128         18000            90.0000        0.000000             0.000002      -720.9935874292
   128         18200            91.0000        0.000000             0.000002      -720.9935878090
   128         18400            92.0000        0.000000             0.000001      -720.9935881432
   128         18600            93.0000        0.000000             0.000001      -720.9935884281
   128         18800            94.0000        0.000000             0.000001      -720.9935886796
   128         19000            95.0000        0.000000             0.000001      -720.9935889013
   128         19200            96.0000        0.000000             0.000001      -720.9935890996
   128         19400            97.0000        0.000000             0.000001      -720.9935892762
   128         19600            98.0000        0.000000             0.000001      -720.9935894373
   128         19800            99.0000        0.000000             0.000001      -720.9935895746
   128         20000           100.0000        0.000000             0.000000      -720.9935896945
