 #uni, ipas, time, temp, average temper, average ener
   559            40             0.2000        0.000000            73.185393     -3230.2066699302
   559            80             0.4000        0.000000             7.897657     -3244.4054648273
   559           120             0.6000        0.000000             1.115874     -3245.8013475365
   559           160             0.8000        0.000000             0.331250     -3246.0238022549
   559           200             1.0000        0.000000             0.136924     -3246.0952280302
   559           240             1.2000        0.000000             0.073645     -3246.1267270458
   559           280             1.4000        0.000000             0.043153     -3246.1438781286
   559           320             1.6000        0.000000             0.025091     -3246.1537336889
   559           360             1.8000        0.000000             0.015204     -3246.1594851546
   559           400             2.0000        0.000000             0.009110     -3246.1629463260
   559           440             2.2000        0.000000             0.005689     -3246.1650407445
   559           480             2.4000        0.000000             0.003492     -3246.1663504634
   559           520             2.6000        0.000000             0.002200     -3246.1671526269
   559           560             2.8000        0.000000             0.001389     -3246.1676605994
   559           600             3.0000        0.000000             0.000877     -3246.1679820689
   559           640             3.2000        0.000000             0.000579     -3246.1681885004
   559           680             3.4000        0.000000             0.000397     -3246.1683230919
   559           720             3.6000        0.000000             0.000255     -3246.1684141332
   559           760             3.8000        0.000000             0.000174     -3246.1684733300
   559           800             4.0000        0.000000             0.000122     -3246.1685137874
   559           840             4.2000        0.000000             0.000083     -3246.1685417828
   559           880             4.4000        0.000000             0.000058     -3246.1685610498
   559           920             4.6000        0.000000             0.000041     -3246.1685745810
   559           960             4.8000        0.000000             0.000029     -3246.1685842100
   559          1000             5.0000        0.000000             0.000021     -3246.1685911554
   559          1040             5.2000        0.000000             0.000016     -3246.1685962426
   559          1080             5.4000        0.000000             0.000012     -3246.1685999521
   559          1120             5.6000        0.000000             0.000009     -3246.1686027540
   559          1160             5.8000        0.000000             0.000006     -3246.1686048420
   559          1200             6.0000        0.000000             0.000005     -3246.1686063684
   559          1240             6.2000        0.000000             0.000004     -3246.1686075252
   559          1280             6.4000        0.000000             0.000003     -3246.1686083904
   559          1320             6.6000        0.000000             0.000002     -3246.1686090585
   559          1360             6.8000        0.000000             0.000002     -3246.1686095549
   559          1400             7.0000        0.000000             0.000001     -3246.1686099213
   559          1440             7.2000        0.000000             0.000001     -3246.1686101974
   559          1480             7.4000        0.000000             0.000001     -3246.1686104114
   559          1520             7.6000        0.000000             0.000001     -3246.1686105769
   559          1560             7.8000        0.000000             0.000000     -3246.1686107039
   559          1600             8.0000        0.000000             0.000000     -3246.1686108002
   559          1640             8.2000        0.000000             0.000000     -3246.1686108739
   559          1680             8.4000        0.000000             0.000000     -3246.1686109322
   559          1720             8.6000        0.000000             0.000000     -3246.1686109765
   559          1760             8.8000        0.000000             0.000000     -3246.1686110107
   559          1800             9.0000        0.000000             0.000000     -3246.1686110366
   559          1840             9.2000        0.000000             0.000000     -3246.1686110561
   559          1880             9.4000        0.000000             0.000000     -3246.1686110710
   559          1920             9.6000        0.000000             0.000000     -3246.1686110823
   559          1960             9.8000        0.000000             0.000000     -3246.1686110911
   559          2000            10.0000        0.000000             0.000000     -3246.1686110978
   559          2040            10.2000        0.000000             0.000000     -3246.1686111029
   559          2080            10.4000        0.000000             0.000000     -3246.1686111069
   559          2120            10.6000        0.000000             0.000000     -3246.1686111100
   559          2160            10.8000        0.000000             0.000000     -3246.1686111124
   559          2200            11.0000        0.000000             0.000000     -3246.1686111142
   559          2240            11.2000        0.000000             0.000000     -3246.1686111156
   559          2280            11.4000        0.000000             0.000000     -3246.1686111166
   559          2320            11.6000        0.000000             0.000000     -3246.1686111175
   559          2360            11.8000        0.000000             0.000000     -3246.1686111181
   559          2400            12.0000        0.000000             0.000000     -3246.1686111186
   559          2440            12.2000        0.000000             0.000000     -3246.1686111190
   559          2480            12.4000        0.000000             0.000000     -3246.1686111193
   559          2520            12.6000        0.000000             0.000000     -3246.1686111196
   559          2560            12.8000        0.000000             0.000000     -3246.1686111198
   559          2600            13.0000        0.000000             0.000000     -3246.1686111199
   559          2640            13.2000        0.000000             0.000000     -3246.1686111200
   559          2680            13.4000        0.000000             0.000000     -3246.1686111201
   559          2720            13.6000        0.000000             0.000000     -3246.1686111202
   559          2760            13.8000        0.000000             0.000000     -3246.1686111202
   559          2800            14.0000        0.000000             0.000000     -3246.1686111203
   559          2840            14.2000        0.000000             0.000000     -3246.1686111203
   559          2880            14.4000        0.000000             0.000000     -3246.1686111203
   559          2920            14.6000        0.000000             0.000000     -3246.1686111204
   559          2960            14.8000        0.000000             0.000000     -3246.1686111204
   559          3000            15.0000        0.000000             0.000000     -3246.1686111204
   559          3040            15.2000        0.000000             0.000000     -3246.1686111204
   559          3080            15.4000        0.000000             0.000000     -3246.1686111204
   559          3120            15.6000        0.000000             0.000000     -3246.1686111204
   559          3160            15.8000        0.000000             0.000000     -3246.1686111204
   559          3200            16.0000        0.000000             0.000000     -3246.1686111204
   559          3240            16.2000        0.000000             0.000000     -3246.1686111204
   559          3280            16.4000        0.000000             0.000000     -3246.1686111204
   559          3320            16.6000        0.000000             0.000000     -3246.1686111204
   559          3360            16.8000        0.000000             0.000000     -3246.1686111204
   559          3400            17.0000        0.000000             0.000000     -3246.1686111204
   559          3440            17.2000        0.000000             0.000000     -3246.1686111204
   559          3480            17.4000        0.000000             0.000000     -3246.1686111204
   559          3520            17.6000        0.000000             0.000000     -3246.1686111204
   559          3560            17.8000        0.000000             0.000000     -3246.1686111204
   559          3600            18.0000        0.000000             0.000000     -3246.1686111204
   559          3640            18.2000        0.000000             0.000000     -3246.1686111204
   559          3680            18.4000        0.000000             0.000000     -3246.1686111204
   559          3720            18.6000        0.000000             0.000000     -3246.1686111204
   559          3760            18.8000        0.000000             0.000000     -3246.1686111204
   559          3800            19.0000        0.000000             0.000000     -3246.1686111204
   559          3840            19.2000        0.000000             0.000000     -3246.1686111204
   559          3880            19.4000        0.000000             0.000000     -3246.1686111204
   559          3920            19.6000        0.000000             0.000000     -3246.1686111204
   559          3960            19.8000        0.000000             0.000000     -3246.1686111204
   559          4000            20.0000        0.000000             0.000000     -3246.1686111204
