 #uni, ipas, time, temp, average temper, average ener
   559            40             0.2000        0.000000            73.207608     -3230.4891785880
   559            80             0.4000        0.000000             7.895155     -3244.6748861722
   559           120             0.6000        0.000000             1.096472     -3246.0629518135
   559           160             0.8000        0.000000             0.330297     -3246.2824773654
   559           200             1.0000        0.000000             0.131929     -3246.3535542217
   559           240             1.2000        0.000000             0.070320     -3246.3843412946
   559           280             1.4000        0.000000             0.041788     -3246.4009960405
   559           320             1.6000        0.000000             0.024402     -3246.4107380143
   559           360             1.8000        0.000000             0.015028     -3246.4164008382
   559           400             2.0000        0.000000             0.009349     -3246.4199003460
   559           440             2.2000        0.000000             0.005821     -3246.4220356931
   559           480             2.4000        0.000000             0.003741     -3246.4233619834
   559           520             2.6000        0.000000             0.002223     -3246.4241978973
   559           560             2.8000        0.000000             0.001404     -3246.4247057459
   559           600             3.0000        0.000000             0.000906     -3246.4250252139
   559           640             3.2000        0.000000             0.000564     -3246.4252302175
   559           680             3.4000        0.000000             0.000360     -3246.4253599636
   559           720             3.6000        0.000000             0.000247     -3246.4254442365
   559           760             3.8000        0.000000             0.000161     -3246.4255016120
   559           800             4.0000        0.000000             0.000110     -3246.4255396327
   559           840             4.2000        0.000000             0.000079     -3246.4255654894
   559           880             4.4000        0.000000             0.000054     -3246.4255837931
   559           920             4.6000        0.000000             0.000038     -3246.4255965879
   559           960             4.8000        0.000000             0.000028     -3246.4256056480
   559          1000             5.0000        0.000000             0.000020     -3246.4256122448
   559          1040             5.2000        0.000000             0.000015     -3246.4256170055
   559          1080             5.4000        0.000000             0.000011     -3246.4256205077
   559          1120             5.6000        0.000000             0.000008     -3246.4256230709
   559          1160             5.8000        0.000000             0.000006     -3246.4256249718
   559          1200             6.0000        0.000000             0.000004     -3246.4256263959
   559          1240             6.2000        0.000000             0.000003     -3246.4256274546
   559          1280             6.4000        0.000000             0.000002     -3246.4256282421
   559          1320             6.6000        0.000000             0.000002     -3246.4256288400
   559          1360             6.8000        0.000000             0.000001     -3246.4256292842
   559          1400             7.0000        0.000000             0.000001     -3246.4256296255
   559          1440             7.2000        0.000000             0.000001     -3246.4256298868
   559          1480             7.4000        0.000000             0.000001     -3246.4256300875
   559          1520             7.6000        0.000000             0.000000     -3246.4256302438
   559          1560             7.8000        0.000000             0.000000     -3246.4256303618
   559          1600             8.0000        0.000000             0.000000     -3246.4256304514
   559          1640             8.2000        0.000000             0.000000     -3246.4256305195
   559          1680             8.4000        0.000000             0.000000     -3246.4256305722
   559          1720             8.6000        0.000000             0.000000     -3246.4256306113
   559          1760             8.8000        0.000000             0.000000     -3246.4256306414
   559          1800             9.0000        0.000000             0.000000     -3246.4256306646
   559          1840             9.2000        0.000000             0.000000     -3246.4256306819
   559          1880             9.4000        0.000000             0.000000     -3246.4256306951
   559          1920             9.6000        0.000000             0.000000     -3246.4256307053
   559          1960             9.8000        0.000000             0.000000     -3246.4256307131
   559          2000            10.0000        0.000000             0.000000     -3246.4256307191
   559          2040            10.2000        0.000000             0.000000     -3246.4256307238
   559          2080            10.4000        0.000000             0.000000     -3246.4256307274
   559          2120            10.6000        0.000000             0.000000     -3246.4256307302
   559          2160            10.8000        0.000000             0.000000     -3246.4256307324
   559          2200            11.0000        0.000000             0.000000     -3246.4256307340
   559          2240            11.2000        0.000000             0.000000     -3246.4256307353
   559          2280            11.4000        0.000000             0.000000     -3246.4256307363
   559          2320            11.6000        0.000000             0.000000     -3246.4256307370
   559          2360            11.8000        0.000000             0.000000     -3246.4256307376
   559          2400            12.0000        0.000000             0.000000     -3246.4256307380
   559          2440            12.2000        0.000000             0.000000     -3246.4256307384
   559          2480            12.4000        0.000000             0.000000     -3246.4256307387
   559          2520            12.6000        0.000000             0.000000     -3246.4256307389
   559          2560            12.8000        0.000000             0.000000     -3246.4256307390
   559          2600            13.0000        0.000000             0.000000     -3246.4256307392
   559          2640            13.2000        0.000000             0.000000     -3246.4256307393
   559          2680            13.4000        0.000000             0.000000     -3246.4256307393
   559          2720            13.6000        0.000000             0.000000     -3246.4256307394
   559          2760            13.8000        0.000000             0.000000     -3246.4256307395
   559          2800            14.0000        0.000000             0.000000     -3246.4256307395
   559          2840            14.2000        0.000000             0.000000     -3246.4256307395
   559          2880            14.4000        0.000000             0.000000     -3246.4256307395
   559          2920            14.6000        0.000000             0.000000     -3246.4256307396
   559          2960            14.8000        0.000000             0.000000     -3246.4256307396
   559          3000            15.0000        0.000000             0.000000     -3246.4256307396
   559          3040            15.2000        0.000000             0.000000     -3246.4256307396
   559          3080            15.4000        0.000000             0.000000     -3246.4256307396
   559          3120            15.6000        0.000000             0.000000     -3246.4256307396
   559          3160            15.8000        0.000000             0.000000     -3246.4256307396
   559          3200            16.0000        0.000000             0.000000     -3246.4256307396
   559          3240            16.2000        0.000000             0.000000     -3246.4256307396
   559          3280            16.4000        0.000000             0.000000     -3246.4256307396
   559          3320            16.6000        0.000000             0.000000     -3246.4256307396
   559          3360            16.8000        0.000000             0.000000     -3246.4256307396
   559          3400            17.0000        0.000000             0.000000     -3246.4256307396
   559          3440            17.2000        0.000000             0.000000     -3246.4256307396
   559          3480            17.4000        0.000000             0.000000     -3246.4256307396
   559          3520            17.6000        0.000000             0.000000     -3246.4256307396
   559          3560            17.8000        0.000000             0.000000     -3246.4256307396
   559          3600            18.0000        0.000000             0.000000     -3246.4256307396
   559          3640            18.2000        0.000000             0.000000     -3246.4256307396
   559          3680            18.4000        0.000000             0.000000     -3246.4256307396
   559          3720            18.6000        0.000000             0.000000     -3246.4256307396
   559          3760            18.8000        0.000000             0.000000     -3246.4256307396
   559          3800            19.0000        0.000000             0.000000     -3246.4256307396
   559          3840            19.2000        0.000000             0.000000     -3246.4256307396
   559          3880            19.4000        0.000000             0.000000     -3246.4256307396
   559          3920            19.6000        0.000000             0.000000     -3246.4256307396
   559          3960            19.8000        0.000000             0.000000     -3246.4256307396
   559          4000            20.0000        0.000000             0.000000     -3246.4256307396
