 #uni, ipas, time, temp, average temper, average ener
   559            40             0.2000        0.000000            73.201504     -3230.2052792070
   559            80             0.4000        0.000000             7.869738     -3244.4041858359
   559           120             0.6000        0.000000             1.118992     -3245.7993333614
   559           160             0.8000        0.000000             0.336890     -3246.0232301637
   559           200             1.0000        0.000000             0.137809     -3246.0954467191
   559           240             1.2000        0.000000             0.073393     -3246.1271986648
   559           280             1.4000        0.000000             0.041447     -3246.1441682886
   559           320             1.6000        0.000000             0.024818     -3246.1537979774
   559           360             1.8000        0.000000             0.014808     -3246.1595540322
   559           400             2.0000        0.000000             0.009398     -3246.1629864018
   559           440             2.2000        0.000000             0.005797     -3246.1651336400
   559           480             2.4000        0.000000             0.003631     -3246.1664536713
   559           520             2.6000        0.000000             0.002248     -3246.1672753448
   559           560             2.8000        0.000000             0.001408     -3246.1677877900
   559           600             3.0000        0.000000             0.000925     -3246.1681105500
   559           640             3.2000        0.000000             0.000588     -3246.1683202263
   559           680             3.4000        0.000000             0.000387     -3246.1684543302
   559           720             3.6000        0.000000             0.000253     -3246.1685426230
   559           760             3.8000        0.000000             0.000170     -3246.1686012690
   559           800             4.0000        0.000000             0.000118     -3246.1686405358
   559           840             4.2000        0.000000             0.000078     -3246.1686676604
   559           880             4.4000        0.000000             0.000056     -3246.1686861914
   559           920             4.6000        0.000000             0.000039     -3246.1686993614
   559           960             4.8000        0.000000             0.000029     -3246.1687086763
   559          1000             5.0000        0.000000             0.000021     -3246.1687154967
   559          1040             5.2000        0.000000             0.000015     -3246.1687204854
   559          1080             5.4000        0.000000             0.000011     -3246.1687241806
   559          1120             5.6000        0.000000             0.000009     -3246.1687269189
   559          1160             5.8000        0.000000             0.000006     -3246.1687289643
   559          1200             6.0000        0.000000             0.000005     -3246.1687304872
   559          1240             6.2000        0.000000             0.000004     -3246.1687316565
   559          1280             6.4000        0.000000             0.000003     -3246.1687325365
   559          1320             6.6000        0.000000             0.000002     -3246.1687331923
   559          1360             6.8000        0.000000             0.000002     -3246.1687336980
   559          1400             7.0000        0.000000             0.000001     -3246.1687340746
   559          1440             7.2000        0.000000             0.000001     -3246.1687343600
   559          1480             7.4000        0.000000             0.000001     -3246.1687345812
   559          1520             7.6000        0.000000             0.000001     -3246.1687347504
   559          1560             7.8000        0.000000             0.000000     -3246.1687348811
   559          1600             8.0000        0.000000             0.000000     -3246.1687349804
   559          1640             8.2000        0.000000             0.000000     -3246.1687350556
   559          1680             8.4000        0.000000             0.000000     -3246.1687351119
   559          1720             8.6000        0.000000             0.000000     -3246.1687351558
   559          1760             8.8000        0.000000             0.000000     -3246.1687351894
   559          1800             9.0000        0.000000             0.000000     -3246.1687352145
   559          1840             9.2000        0.000000             0.000000     -3246.1687352337
   559          1880             9.4000        0.000000             0.000000     -3246.1687352486
   559          1920             9.6000        0.000000             0.000000     -3246.1687352601
   559          1960             9.8000        0.000000             0.000000     -3246.1687352688
   559          2000            10.0000        0.000000             0.000000     -3246.1687352756
   559          2040            10.2000        0.000000             0.000000     -3246.1687352808
   559          2080            10.4000        0.000000             0.000000     -3246.1687352847
   559          2120            10.6000        0.000000             0.000000     -3246.1687352877
   559          2160            10.8000        0.000000             0.000000     -3246.1687352900
   559          2200            11.0000        0.000000             0.000000     -3246.1687352917
   559          2240            11.2000        0.000000             0.000000     -3246.1687352931
   559          2280            11.4000        0.000000             0.000000     -3246.1687352941
   559          2320            11.6000        0.000000             0.000000     -3246.1687352949
   559          2360            11.8000        0.000000             0.000000     -3246.1687352955
   559          2400            12.0000        0.000000             0.000000     -3246.1687352960
   559          2440            12.2000        0.000000             0.000000     -3246.1687352964
   559          2480            12.4000        0.000000             0.000000     -3246.1687352966
   559          2520            12.6000        0.000000             0.000000     -3246.1687352968
   559          2560            12.8000        0.000000             0.000000     -3246.1687352970
   559          2600            13.0000        0.000000             0.000000     -3246.1687352971
   559          2640            13.2000        0.000000             0.000000     -3246.1687352972
   559          2680            13.4000        0.000000             0.000000     -3246.1687352973
   559          2720            13.6000        0.000000             0.000000     -3246.1687352973
   559          2760            13.8000        0.000000             0.000000     -3246.1687352974
   559          2800            14.0000        0.000000             0.000000     -3246.1687352974
   559          2840            14.2000        0.000000             0.000000     -3246.1687352974
   559          2880            14.4000        0.000000             0.000000     -3246.1687352975
   559          2920            14.6000        0.000000             0.000000     -3246.1687352975
   559          2960            14.8000        0.000000             0.000000     -3246.1687352975
   559          3000            15.0000        0.000000             0.000000     -3246.1687352975
   559          3040            15.2000        0.000000             0.000000     -3246.1687352975
   559          3080            15.4000        0.000000             0.000000     -3246.1687352975
   559          3120            15.6000        0.000000             0.000000     -3246.1687352975
   559          3160            15.8000        0.000000             0.000000     -3246.1687352975
   559          3200            16.0000        0.000000             0.000000     -3246.1687352975
   559          3240            16.2000        0.000000             0.000000     -3246.1687352975
   559          3280            16.4000        0.000000             0.000000     -3246.1687352975
   559          3320            16.6000        0.000000             0.000000     -3246.1687352975
   559          3360            16.8000        0.000000             0.000000     -3246.1687352975
   559          3400            17.0000        0.000000             0.000000     -3246.1687352975
   559          3440            17.2000        0.000000             0.000000     -3246.1687352975
   559          3480            17.4000        0.000000             0.000000     -3246.1687352975
   559          3520            17.6000        0.000000             0.000000     -3246.1687352975
   559          3560            17.8000        0.000000             0.000000     -3246.1687352975
   559          3600            18.0000        0.000000             0.000000     -3246.1687352975
   559          3640            18.2000        0.000000             0.000000     -3246.1687352975
   559          3680            18.4000        0.000000             0.000000     -3246.1687352975
   559          3720            18.6000        0.000000             0.000000     -3246.1687352975
   559          3760            18.8000        0.000000             0.000000     -3246.1687352975
   559          3800            19.0000        0.000000             0.000000     -3246.1687352975
   559          3840            19.2000        0.000000             0.000000     -3246.1687352975
   559          3880            19.4000        0.000000             0.000000     -3246.1687352975
   559          3920            19.6000        0.000000             0.000000     -3246.1687352975
   559          3960            19.8000        0.000000             0.000000     -3246.1687352975
   559          4000            20.0000        0.000000             0.000000     -3246.1687352975
