 #uni, ipas, time, temp, average temper, average ener
   128            40             0.2000        0.000000           130.700827      -715.6637394907
   128            80             0.4000        0.000000             3.992246      -720.8833166629
   128           120             0.6000        0.000000             0.649824      -721.0532716937
   128           160             0.8000        0.000000             0.166430      -721.0820978841
   128           200             1.0000        0.000000             0.053087      -721.0897364236
   128           240             1.2000        0.000000             0.018718      -721.0922533562
   128           280             1.4000        0.000000             0.007108      -721.0931693153
   128           320             1.6000        0.000000             0.002873      -721.0935224945
   128           360             1.8000        0.000000             0.001253      -721.0936667131
   128           400             2.0000        0.000000             0.000512      -721.0937275620
   128           440             2.2000        0.000000             0.000226      -721.0937529810
   128           480             2.4000        0.000000             0.000103      -721.0937643595
   128           520             2.6000        0.000000             0.000046      -721.0937695390
   128           560             2.8000        0.000000             0.000023      -721.0937718981
   128           600             3.0000        0.000000             0.000013      -721.0937730562
   128           640             3.2000        0.000000             0.000006      -721.0937736475
   128           680             3.4000        0.000000             0.000003      -721.0937739388
   128           720             3.6000        0.000000             0.000002      -721.0937740975
   128           760             3.8000        0.000000             0.000001      -721.0937741942
   128           800             4.0000        0.000000             0.000001      -721.0937742571
   128           840             4.2000        0.000000             0.000001      -721.0937742995
   128           880             4.4000        0.000000             0.000000      -721.0937743283
   128           920             4.6000        0.000000             0.000000      -721.0937743487
   128           960             4.8000        0.000000             0.000000      -721.0937743633
   128          1000             5.0000        0.000000             0.000000      -721.0937743739
   128          1040             5.2000        0.000000             0.000000      -721.0937743814
   128          1080             5.4000        0.000000             0.000000      -721.0937743872
   128          1120             5.6000        0.000000             0.000000      -721.0937743915
   128          1160             5.8000        0.000000             0.000000      -721.0937743949
   128          1200             6.0000        0.000000             0.000000      -721.0937743973
   128          1240             6.2000        0.000000             0.000000      -721.0937743990
   128          1280             6.4000        0.000000             0.000000      -721.0937744003
   128          1320             6.6000        0.000000             0.000000      -721.0937744012
   128          1360             6.8000        0.000000             0.000000      -721.0937744019
   128          1400             7.0000        0.000000             0.000000      -721.0937744024
   128          1440             7.2000        0.000000             0.000000      -721.0937744027
   128          1480             7.4000        0.000000             0.000000      -721.0937744030
   128          1520             7.6000        0.000000             0.000000      -721.0937744032
   128          1560             7.8000        0.000000             0.000000      -721.0937744033
   128          1600             8.0000        0.000000             0.000000      -721.0937744034
   128          1640             8.2000        0.000000             0.000000      -721.0937744035
   128          1680             8.4000        0.000000             0.000000      -721.0937744036
   128          1720             8.6000        0.000000             0.000000      -721.0937744036
   128          1760             8.8000        0.000000             0.000000      -721.0937744036
   128          1800             9.0000        0.000000             0.000000      -721.0937744036
   128          1840             9.2000        0.000000             0.000000      -721.0937744037
   128          1880             9.4000        0.000000             0.000000      -721.0937744037
   128          1920             9.6000        0.000000             0.000000      -721.0937744037
   128          1960             9.8000        0.000000             0.000000      -721.0937744037
   128          2000            10.0000        0.000000             0.000000      -721.0937744037
   128          2040            10.2000        0.000000             0.000000      -721.0937744037
   128          2080            10.4000        0.000000             0.000000      -721.0937744037
   128          2120            10.6000        0.000000             0.000000      -721.0937744037
   128          2160            10.8000        0.000000             0.000000      -721.0937744037
   128          2200            11.0000        0.000000             0.000000      -721.0937744037
   128          2240            11.2000        0.000000             0.000000      -721.0937744037
   128          2280            11.4000        0.000000             0.000000      -721.0937744037
   128          2320            11.6000        0.000000             0.000000      -721.0937744037
   128          2360            11.8000        0.000000             0.000000      -721.0937744037
   128          2400            12.0000        0.000000             0.000000      -721.0937744037
   128          2440            12.2000        0.000000             0.000000      -721.0937744037
   128          2480            12.4000        0.000000             0.000000      -721.0937744037
   128          2520            12.6000        0.000000             0.000000      -721.0937744037
   128          2560            12.8000        0.000000             0.000000      -721.0937744037
   128          2600            13.0000        0.000000             0.000000      -721.0937744037
   128          2640            13.2000        0.000000             0.000000      -721.0937744037
   128          2680            13.4000        0.000000             0.000000      -721.0937744037
   128          2720            13.6000        0.000000             0.000000      -721.0937744037
   128          2760            13.8000        0.000000             0.000000      -721.0937744037
   128          2800            14.0000        0.000000             0.000000      -721.0937744037
   128          2840            14.2000        0.000000             0.000000      -721.0937744037
   128          2880            14.4000        0.000000             0.000000      -721.0937744037
   128          2920            14.6000        0.000000             0.000000      -721.0937744037
   128          2960            14.8000        0.000000             0.000000      -721.0937744037
   128          3000            15.0000        0.000000             0.000000      -721.0937744037
   128          3040            15.2000        0.000000             0.000000      -721.0937744037
   128          3080            15.4000        0.000000             0.000000      -721.0937744037
   128          3120            15.6000        0.000000             0.000000      -721.0937744037
   128          3160            15.8000        0.000000             0.000000      -721.0937744037
   128          3200            16.0000        0.000000             0.000000      -721.0937744037
   128          3240            16.2000        0.000000             0.000000      -721.0937744037
   128          3280            16.4000        0.000000             0.000000      -721.0937744037
   128          3320            16.6000        0.000000             0.000000      -721.0937744037
   128          3360            16.8000        0.000000             0.000000      -721.0937744037
   128          3400            17.0000        0.000000             0.000000      -721.0937744037
   128          3440            17.2000        0.000000             0.000000      -721.0937744037
   128          3480            17.4000        0.000000             0.000000      -721.0937744037
   128          3520            17.6000        0.000000             0.000000      -721.0937744037
   128          3560            17.8000        0.000000             0.000000      -721.0937744037
   128          3600            18.0000        0.000000             0.000000      -721.0937744037
   128          3640            18.2000        0.000000             0.000000      -721.0937744037
   128          3680            18.4000        0.000000             0.000000      -721.0937744037
   128          3720            18.6000        0.000000             0.000000      -721.0937744037
   128          3760            18.8000        0.000000             0.000000      -721.0937744037
   128          3800            19.0000        0.000000             0.000000      -721.0937744037
   128          3840            19.2000        0.000000             0.000000      -721.0937744037
   128          3880            19.4000        0.000000             0.000000      -721.0937744037
   128          3920            19.6000        0.000000             0.000000      -721.0937744037
   128          3960            19.8000        0.000000             0.000000      -721.0937744037
   128          4000            20.0000        0.000000             0.000000      -721.0937744037
