 #uni, ipas, time, temp, average temper, average ener
   559            40             0.2000        0.000000            73.161080     -3230.2198096966
   559            80             0.4000        0.000000             7.828873     -3244.4089566516
   559           120             0.6000        0.000000             1.151598     -3245.8069197784
   559           160             0.8000        0.000000             0.328284     -3246.0332141251
   559           200             1.0000        0.000000             0.141882     -3246.1038727638
   559           240             1.2000        0.000000             0.071291     -3246.1359666158
   559           280             1.4000        0.000000             0.041552     -3246.1526381522
   559           320             1.6000        0.000000             0.025030     -3246.1622553838
   559           360             1.8000        0.000000             0.014721     -3246.1680022746
   559           400             2.0000        0.000000             0.008839     -3246.1714075131
   559           440             2.2000        0.000000             0.005574     -3246.1734684099
   559           480             2.4000        0.000000             0.003536     -3246.1747583623
   559           520             2.6000        0.000000             0.002198     -3246.1755706211
   559           560             2.8000        0.000000             0.001441     -3246.1760814906
   559           600             3.0000        0.000000             0.000917     -3246.1764087629
   559           640             3.2000        0.000000             0.000595     -3246.1766187342
   559           680             3.4000        0.000000             0.000380     -3246.1767540248
   559           720             3.6000        0.000000             0.000251     -3246.1768415722
   559           760             3.8000        0.000000             0.000170     -3246.1768999380
   559           800             4.0000        0.000000             0.000117     -3246.1769394776
   559           840             4.2000        0.000000             0.000078     -3246.1769666175
   559           880             4.4000        0.000000             0.000055     -3246.1769850720
   559           920             4.6000        0.000000             0.000039     -3246.1769981747
   559           960             4.8000        0.000000             0.000028     -3246.1770075274
   559          1000             5.0000        0.000000             0.000021     -3246.1770142079
   559          1040             5.2000        0.000000             0.000015     -3246.1770191605
   559          1080             5.4000        0.000000             0.000011     -3246.1770227701
   559          1120             5.6000        0.000000             0.000009     -3246.1770254748
   559          1160             5.8000        0.000000             0.000006     -3246.1770275093
   559          1200             6.0000        0.000000             0.000005     -3246.1770290173
   559          1240             6.2000        0.000000             0.000004     -3246.1770301615
   559          1280             6.4000        0.000000             0.000003     -3246.1770310059
   559          1320             6.6000        0.000000             0.000002     -3246.1770316418
   559          1360             6.8000        0.000000             0.000001     -3246.1770321080
   559          1400             7.0000        0.000000             0.000001     -3246.1770324653
   559          1440             7.2000        0.000000             0.000001     -3246.1770327387
   559          1480             7.4000        0.000000             0.000001     -3246.1770329478
   559          1520             7.6000        0.000000             0.000000     -3246.1770331042
   559          1560             7.8000        0.000000             0.000000     -3246.1770332253
   559          1600             8.0000        0.000000             0.000000     -3246.1770333178
   559          1640             8.2000        0.000000             0.000000     -3246.1770333887
   559          1680             8.4000        0.000000             0.000000     -3246.1770334433
   559          1720             8.6000        0.000000             0.000000     -3246.1770334855
   559          1760             8.8000        0.000000             0.000000     -3246.1770335182
   559          1800             9.0000        0.000000             0.000000     -3246.1770335433
   559          1840             9.2000        0.000000             0.000000     -3246.1770335623
   559          1880             9.4000        0.000000             0.000000     -3246.1770335771
   559          1920             9.6000        0.000000             0.000000     -3246.1770335882
   559          1960             9.8000        0.000000             0.000000     -3246.1770335968
   559          2000            10.0000        0.000000             0.000000     -3246.1770336035
   559          2040            10.2000        0.000000             0.000000     -3246.1770336087
   559          2080            10.4000        0.000000             0.000000     -3246.1770336126
   559          2120            10.6000        0.000000             0.000000     -3246.1770336157
   559          2160            10.8000        0.000000             0.000000     -3246.1770336181
   559          2200            11.0000        0.000000             0.000000     -3246.1770336199
   559          2240            11.2000        0.000000             0.000000     -3246.1770336213
   559          2280            11.4000        0.000000             0.000000     -3246.1770336223
   559          2320            11.6000        0.000000             0.000000     -3246.1770336232
   559          2360            11.8000        0.000000             0.000000     -3246.1770336238
   559          2400            12.0000        0.000000             0.000000     -3246.1770336243
   559          2440            12.2000        0.000000             0.000000     -3246.1770336247
   559          2480            12.4000        0.000000             0.000000     -3246.1770336250
   559          2520            12.6000        0.000000             0.000000     -3246.1770336253
   559          2560            12.8000        0.000000             0.000000     -3246.1770336254
   559          2600            13.0000        0.000000             0.000000     -3246.1770336256
   559          2640            13.2000        0.000000             0.000000     -3246.1770336257
   559          2680            13.4000        0.000000             0.000000     -3246.1770336258
   559          2720            13.6000        0.000000             0.000000     -3246.1770336258
   559          2760            13.8000        0.000000             0.000000     -3246.1770336259
   559          2800            14.0000        0.000000             0.000000     -3246.1770336259
   559          2840            14.2000        0.000000             0.000000     -3246.1770336260
   559          2880            14.4000        0.000000             0.000000     -3246.1770336260
   559          2920            14.6000        0.000000             0.000000     -3246.1770336260
   559          2960            14.8000        0.000000             0.000000     -3246.1770336260
   559          3000            15.0000        0.000000             0.000000     -3246.1770336260
   559          3040            15.2000        0.000000             0.000000     -3246.1770336261
   559          3080            15.4000        0.000000             0.000000     -3246.1770336261
   559          3120            15.6000        0.000000             0.000000     -3246.1770336261
   559          3160            15.8000        0.000000             0.000000     -3246.1770336261
   559          3200            16.0000        0.000000             0.000000     -3246.1770336261
   559          3240            16.2000        0.000000             0.000000     -3246.1770336261
   559          3280            16.4000        0.000000             0.000000     -3246.1770336261
   559          3320            16.6000        0.000000             0.000000     -3246.1770336261
   559          3360            16.8000        0.000000             0.000000     -3246.1770336261
   559          3400            17.0000        0.000000             0.000000     -3246.1770336261
   559          3440            17.2000        0.000000             0.000000     -3246.1770336261
   559          3480            17.4000        0.000000             0.000000     -3246.1770336261
   559          3520            17.6000        0.000000             0.000000     -3246.1770336261
   559          3560            17.8000        0.000000             0.000000     -3246.1770336261
   559          3600            18.0000        0.000000             0.000000     -3246.1770336261
   559          3640            18.2000        0.000000             0.000000     -3246.1770336261
   559          3680            18.4000        0.000000             0.000000     -3246.1770336261
   559          3720            18.6000        0.000000             0.000000     -3246.1770336261
   559          3760            18.8000        0.000000             0.000000     -3246.1770336261
   559          3800            19.0000        0.000000             0.000000     -3246.1770336261
   559          3840            19.2000        0.000000             0.000000     -3246.1770336261
   559          3880            19.4000        0.000000             0.000000     -3246.1770336261
   559          3920            19.6000        0.000000             0.000000     -3246.1770336261
   559          3960            19.8000        0.000000             0.000000     -3246.1770336261
   559          4000            20.0000        0.000000             0.000000     -3246.1770336261
