 #uni, ipas, time, temp, average temper, average ener
   128           200             1.0000        0.000000             0.830564      -720.9423365881
   128           400             2.0000        0.000000             0.005706      -720.9824991796
   128           600             3.0000        0.000000             0.003770      -720.9835440986
   128           800             4.0000        0.000000             0.002858      -720.9842912478
   128          1000             5.0000        0.000000             0.002707      -720.9849074460
   128          1200             6.0000        0.000000             0.001845      -720.9853641355
   128          1400             7.0000        0.000000             0.001461      -720.9857081795
   128          1600             8.0000        0.000000             0.001015      -720.9859573894
   128          1800             9.0000        0.000000             0.000727      -720.9861396501
   128          2000            10.0000        0.000000             0.000491      -720.9862686198
   128          2200            11.0000        0.000000             0.000385      -720.9863616855
   128          2400            12.0000        0.000000             0.000293      -720.9864292703
   128          2600            13.0000        0.000000             0.000189      -720.9864793997
   128          2800            14.0000        0.000000             0.000167      -720.9865162137
   128          3000            15.0000        0.000000             0.000118      -720.9865429898
   128          3200            16.0000        0.000000             0.000077      -720.9865623433
   128          3400            17.0000        0.000000             0.000050      -720.9865750855
   128          3600            18.0000        0.000000             0.000038      -720.9865843353
   128          3800            19.0000        0.000000             0.000022      -720.9865907618
   128          4000            20.0000        0.000000             0.000020      -720.9865954442
   128          4200            21.0000        0.000000             0.000013      -720.9865991600
   128          4400            22.0000        0.000000             0.000011      -720.9866018348
   128          4600            23.0000        0.000000             0.000008      -720.9866040008
   128          4800            24.0000        0.000000             0.000006      -720.9866055734
   128          5000            25.0000        0.000000             0.000005      -720.9866067883
   128          5200            26.0000        0.000000             0.000003      -720.9866077540
   128          5400            27.0000        0.000000             0.000003      -720.9866085031
   128          5600            28.0000        0.000000             0.000002      -720.9866091149
   128          5800            29.0000        0.000000             0.000002      -720.9866096296
   128          6000            30.0000        0.000000             0.000001      -720.9866100492
   128          6200            31.0000        0.000000             0.000001      -720.9866104089
   128          6400            32.0000        0.000000             0.000001      -720.9866107254
   128          6600            33.0000        0.000000             0.000001      -720.9866110004
   128          6800            34.0000        0.000000             0.000001      -720.9866112305
   128          7000            35.0000        0.000000             0.000001      -720.9866114300
   128          7200            36.0000        0.000000             0.000001      -720.9866116059
   128          7400            37.0000        0.000000             0.000001      -720.9866117610
   128          7600            38.0000        0.000000             0.000001      -720.9866119033
   128          7800            39.0000        0.000000             0.000000      -720.9866120308
   128          8000            40.0000        0.000000             0.000000      -720.9866121410
   128          8200            41.0000        0.000000             0.000000      -720.9866122403
   128          8400            42.0000        0.000000             0.000000      -720.9866123298
   128          8600            43.0000        0.000000             0.000000      -720.9866124105
   128          8800            44.0000        0.000000             0.000000      -720.9866124814
   128          9000            45.0000        0.000000             0.000000      -720.9866125461
   128          9200            46.0000        0.000000             0.000000      -720.9866126033
   128          9400            47.0000        0.000000             0.000000      -720.9866126560
   128          9600            48.0000        0.000000             0.000000      -720.9866127041
   128          9800            49.0000        0.000000             0.000000      -720.9866127466
   128         10000            50.0000        0.000000             0.000000      -720.9866127844
   128         10200            51.0000        0.000000             0.000000      -720.9866128186
   128         10400            52.0000        0.000000             0.000000      -720.9866128505
   128         10600            53.0000        0.000000             0.000000      -720.9866128791
   128         10800            54.0000        0.000000             0.000000      -720.9866129048
   128         11000            55.0000        0.000000             0.000000      -720.9866129287
   128         11200            56.0000        0.000000             0.000000      -720.9866129505
   128         11400            57.0000        0.000000             0.000000      -720.9866129702
   128         11600            58.0000        0.000000             0.000000      -720.9866129878
   128         11800            59.0000        0.000000             0.000000      -720.9866130035
   128         12000            60.0000        0.000000             0.000000      -720.9866130185
   128         12200            61.0000        0.000000             0.000000      -720.9866130324
   128         12400            62.0000        0.000000             0.000000      -720.9866130452
   128         12600            63.0000        0.000000             0.000000      -720.9866130561
   128         12800            64.0000        0.000000             0.000000      -720.9866130663
   128         13000            65.0000        0.000000             0.000000      -720.9866130755
   128         13200            66.0000        0.000000             0.000000      -720.9866130836
   128         13400            67.0000        0.000000             0.000000      -720.9866130908
   128         13600            68.0000        0.000000             0.000000      -720.9866130975
   128         13800            69.0000        0.000000             0.000000      -720.9866131037
   128         14000            70.0000        0.000000             0.000000      -720.9866131092
   128         14200            71.0000        0.000000             0.000000      -720.9866131143
   128         14400            72.0000        0.000000             0.000000      -720.9866131191
   128         14600            73.0000        0.000000             0.000000      -720.9866131234
   128         14800            74.0000        0.000000             0.000000      -720.9866131271
   128         15000            75.0000        0.000000             0.000000      -720.9866131305
   128         15200            76.0000        0.000000             0.000000      -720.9866131335
   128         15400            77.0000        0.000000             0.000000      -720.9866131363
   128         15600            78.0000        0.000000             0.000000      -720.9866131389
   128         15800            79.0000        0.000000             0.000000      -720.9866131412
   128         16000            80.0000        0.000000             0.000000      -720.9866131433
   128         16200            81.0000        0.000000             0.000000      -720.9866131454
   128         16400            82.0000        0.000000             0.000000      -720.9866131472
   128         16600            83.0000        0.000000             0.000000      -720.9866131488
   128         16800            84.0000        0.000000             0.000000      -720.9866131503
   128         17000            85.0000        0.000000             0.000000      -720.9866131517
   128         17200            86.0000        0.000000             0.000000      -720.9866131529
   128         17400            87.0000        0.000000             0.000000      -720.9866131540
   128         17600            88.0000        0.000000             0.000000      -720.9866131549
   128         17800            89.0000        0.000000             0.000000      -720.9866131558
   128         18000            90.0000        0.000000             0.000000      -720.9866131566
   128         18200            91.0000        0.000000             0.000000      -720.9866131574
   128         18400            92.0000        0.000000             0.000000      -720.9866131580
   128         18600            93.0000        0.000000             0.000000      -720.9866131586
   128         18800            94.0000        0.000000             0.000000      -720.9866131592
   128         19000            95.0000        0.000000             0.000000      -720.9866131597
   128         19200            96.0000        0.000000             0.000000      -720.9866131601
   128         19400            97.0000        0.000000             0.000000      -720.9866131606
   128         19600            98.0000        0.000000             0.000000      -720.9866131610
   128         19800            99.0000        0.000000             0.000000      -720.9866131613
   128         20000           100.0000        0.000000             0.000000      -720.9866131616
