 #uni, ipas, time, temp, average temper, average ener
   137            40             0.2000        0.000000           115.792443      -751.2790910371
   137            80             0.4000        0.000000             2.627801      -756.2022140315
   137           120             0.6000        0.000000             0.239561      -756.3144291770
   137           160             0.8000        0.000000             0.061755      -756.3256384745
   137           200             1.0000        0.000000             0.027368      -756.3288392635
   137           240             1.2000        0.000000             0.012532      -756.3303075082
   137           280             1.4000        0.000000             0.006557      -756.3309919213
   137           320             1.6000        0.000000             0.003060      -756.3313333502
   137           360             1.8000        0.000000             0.001468      -756.3314909022
   137           400             2.0000        0.000000             0.000723      -756.3315657229
   137           440             2.2000        0.000000             0.000325      -756.3316019448
   137           480             2.4000        0.000000             0.000140      -756.3316184129
   137           520             2.6000        0.000000             0.000068      -756.3316258422
   137           560             2.8000        0.000000             0.000030      -756.3316293695
   137           600             3.0000        0.000000             0.000015      -756.3316309850
   137           640             3.2000        0.000000             0.000007      -756.3316317937
   137           680             3.4000        0.000000             0.000004      -756.3316321717
   137           720             3.6000        0.000000             0.000002      -756.3316323606
   137           760             3.8000        0.000000             0.000001      -756.3316324527
   137           800             4.0000        0.000000             0.000000      -756.3316324949
   137           840             4.2000        0.000000             0.000000      -756.3316325161
   137           880             4.4000        0.000000             0.000000      -756.3316325270
   137           920             4.6000        0.000000             0.000000      -756.3316325322
   137           960             4.8000        0.000000             0.000000      -756.3316325347
   137          1000             5.0000        0.000000             0.000000      -756.3316325360
   137          1040             5.2000        0.000000             0.000000      -756.3316325366
   137          1080             5.4000        0.000000             0.000000      -756.3316325370
   137          1120             5.6000        0.000000             0.000000      -756.3316325371
   137          1160             5.8000        0.000000             0.000000      -756.3316325372
   137          1200             6.0000        0.000000             0.000000      -756.3316325373
   137          1240             6.2000        0.000000             0.000000      -756.3316325373
   137          1280             6.4000        0.000000             0.000000      -756.3316325373
   137          1320             6.6000        0.000000             0.000000      -756.3316325373
   137          1360             6.8000        0.000000             0.000000      -756.3316325373
   137          1400             7.0000        0.000000             0.000000      -756.3316325373
   137          1440             7.2000        0.000000             0.000000      -756.3316325373
   137          1480             7.4000        0.000000             0.000000      -756.3316325373
   137          1520             7.6000        0.000000             0.000000      -756.3316325373
   137          1560             7.8000        0.000000             0.000000      -756.3316325373
   137          1600             8.0000        0.000000             0.000000      -756.3316325373
   137          1640             8.2000        0.000000             0.000000      -756.3316325373
   137          1680             8.4000        0.000000             0.000000      -756.3316325373
   137          1720             8.6000        0.000000             0.000000      -756.3316325373
   137          1760             8.8000        0.000000             0.000000      -756.3316325373
   137          1800             9.0000        0.000000             0.000000      -756.3316325373
   137          1840             9.2000        0.000000             0.000000      -756.3316325373
   137          1880             9.4000        0.000000             0.000000      -756.3316325373
   137          1920             9.6000        0.000000             0.000000      -756.3316325373
   137          1960             9.8000        0.000000             0.000000      -756.3316325373
   137          2000            10.0000        0.000000             0.000000      -756.3316325373
   137          2040            10.2000        0.000000             0.000000      -756.3316325373
   137          2080            10.4000        0.000000             0.000000      -756.3316325373
   137          2120            10.6000        0.000000             0.000000      -756.3316325373
   137          2160            10.8000        0.000000             0.000000      -756.3316325373
   137          2200            11.0000        0.000000             0.000000      -756.3316325373
   137          2240            11.2000        0.000000             0.000000      -756.3316325373
   137          2280            11.4000        0.000000             0.000000      -756.3316325373
   137          2320            11.6000        0.000000             0.000000      -756.3316325373
   137          2360            11.8000        0.000000             0.000000      -756.3316325373
   137          2400            12.0000        0.000000             0.000000      -756.3316325373
   137          2440            12.2000        0.000000             0.000000      -756.3316325373
   137          2480            12.4000        0.000000             0.000000      -756.3316325373
   137          2520            12.6000        0.000000             0.000000      -756.3316325373
   137          2560            12.8000        0.000000             0.000000      -756.3316325373
   137          2600            13.0000        0.000000             0.000000      -756.3316325373
   137          2640            13.2000        0.000000             0.000000      -756.3316325373
   137          2680            13.4000        0.000000             0.000000      -756.3316325373
   137          2720            13.6000        0.000000             0.000000      -756.3316325373
   137          2760            13.8000        0.000000             0.000000      -756.3316325373
   137          2800            14.0000        0.000000             0.000000      -756.3316325373
   137          2840            14.2000        0.000000             0.000000      -756.3316325373
   137          2880            14.4000        0.000000             0.000000      -756.3316325373
   137          2920            14.6000        0.000000             0.000000      -756.3316325373
   137          2960            14.8000        0.000000             0.000000      -756.3316325373
   137          3000            15.0000        0.000000             0.000000      -756.3316325373
   137          3040            15.2000        0.000000             0.000000      -756.3316325373
   137          3080            15.4000        0.000000             0.000000      -756.3316325373
   137          3120            15.6000        0.000000             0.000000      -756.3316325373
   137          3160            15.8000        0.000000             0.000000      -756.3316325373
   137          3200            16.0000        0.000000             0.000000      -756.3316325373
   137          3240            16.2000        0.000000             0.000000      -756.3316325373
   137          3280            16.4000        0.000000             0.000000      -756.3316325373
   137          3320            16.6000        0.000000             0.000000      -756.3316325373
   137          3360            16.8000        0.000000             0.000000      -756.3316325373
   137          3400            17.0000        0.000000             0.000000      -756.3316325373
   137          3440            17.2000        0.000000             0.000000      -756.3316325373
   137          3480            17.4000        0.000000             0.000000      -756.3316325373
   137          3520            17.6000        0.000000             0.000000      -756.3316325373
   137          3560            17.8000        0.000000             0.000000      -756.3316325373
   137          3600            18.0000        0.000000             0.000000      -756.3316325373
   137          3640            18.2000        0.000000             0.000000      -756.3316325373
   137          3680            18.4000        0.000000             0.000000      -756.3316325373
   137          3720            18.6000        0.000000             0.000000      -756.3316325373
   137          3760            18.8000        0.000000             0.000000      -756.3316325373
   137          3800            19.0000        0.000000             0.000000      -756.3316325373
   137          3840            19.2000        0.000000             0.000000      -756.3316325373
   137          3880            19.4000        0.000000             0.000000      -756.3316325373
   137          3920            19.6000        0.000000             0.000000      -756.3316325373
   137          3960            19.8000        0.000000             0.000000      -756.3316325373
   137          4000            20.0000        0.000000             0.000000      -756.3316325373
