 #uni, ipas, time, temp, average temper, average ener
   128           200             1.0000        0.000000             0.360297      -721.0196760937
   128           400             2.0000        0.000000             0.009022      -721.0373649456
   128           600             3.0000        0.000000             0.007091      -721.0392163259
   128           800             4.0000        0.000000             0.005368      -721.0407017378
   128          1000             5.0000        0.000000             0.005485      -721.0419823006
   128          1200             6.0000        0.000000             0.005016      -721.0432197438
   128          1400             7.0000        0.000000             0.004578      -721.0443333683
   128          1600             8.0000        0.000000             0.004889      -721.0453818078
   128          1800             9.0000        0.000000             0.003877      -721.0463794752
   128          2000            10.0000        0.000000             0.003410      -721.0472370434
   128          2200            11.0000        0.000000             0.003408      -721.0480391646
   128          2400            12.0000        0.000000             0.003086      -721.0487879745
   128          2600            13.0000        0.000000             0.002611      -721.0494536044
   128          2800            14.0000        0.000000             0.002452      -721.0500499425
   128          3000            15.0000        0.000000             0.002113      -721.0506005113
   128          3200            16.0000        0.000000             0.001901      -721.0510850769
   128          3400            17.0000        0.000000             0.001893      -721.0515329872
   128          3600            18.0000        0.000000             0.001723      -721.0519507122
   128          3800            19.0000        0.000000             0.001377      -721.0523208667
   128          4000            20.0000        0.000000             0.001241      -721.0526371542
   128          4200            21.0000        0.000000             0.001214      -721.0529327051
   128          4400            22.0000        0.000000             0.001038      -721.0531960495
   128          4600            23.0000        0.000000             0.000902      -721.0534313590
   128          4800            24.0000        0.000000             0.000825      -721.0536366938
   128          5000            25.0000        0.000000             0.000767      -721.0538262194
   128          5200            26.0000        0.000000             0.000648      -721.0539925626
   128          5400            27.0000        0.000000             0.000573      -721.0541395921
   128          5600            28.0000        0.000000             0.000504      -721.0542686185
   128          5800            29.0000        0.000000             0.000454      -721.0543846652
   128          6000            30.0000        0.000000             0.000382      -721.0544860482
   128          6200            31.0000        0.000000             0.000353      -721.0545747488
   128          6400            32.0000        0.000000             0.000313      -721.0546546168
   128          6600            33.0000        0.000000             0.000291      -721.0547259759
   128          6800            34.0000        0.000000             0.000256      -721.0547907563
   128          7000            35.0000        0.000000             0.000206      -721.0548458826
   128          7200            36.0000        0.000000             0.000183      -721.0548937999
   128          7400            37.0000        0.000000             0.000168      -721.0549353746
   128          7600            38.0000        0.000000             0.000143      -721.0549728034
   128          7800            39.0000        0.000000             0.000119      -721.0550052471
   128          8000            40.0000        0.000000             0.000123      -721.0550344523
   128          8200            41.0000        0.000000             0.000091      -721.0550599004
   128          8400            42.0000        0.000000             0.000094      -721.0550821534
   128          8600            43.0000        0.000000             0.000076      -721.0551026025
   128          8800            44.0000        0.000000             0.000064      -721.0551195950
   128          9000            45.0000        0.000000             0.000057      -721.0551344548
   128          9200            46.0000        0.000000             0.000048      -721.0551475672
   128          9400            47.0000        0.000000             0.000043      -721.0551589401
   128          9600            48.0000        0.000000             0.000040      -721.0551691848
   128          9800            49.0000        0.000000             0.000034      -721.0551782879
   128         10000            50.0000        0.000000             0.000031      -721.0551862456
   128         10200            51.0000        0.000000             0.000030      -721.0551933504
   128         10400            52.0000        0.000000             0.000030      -721.0552000458
   128         10600            53.0000        0.000000             0.000022      -721.0552058504
   128         10800            54.0000        0.000000             0.000018      -721.0552106673
   128         11000            55.0000        0.000000             0.000016      -721.0552147489
   128         11200            56.0000        0.000000             0.000014      -721.0552183357
   128         11400            57.0000        0.000000             0.000012      -721.0552214185
   128         11600            58.0000        0.000000             0.000010      -721.0552241463
   128         11800            59.0000        0.000000             0.000009      -721.0552264702
   128         12000            60.0000        0.000000             0.000008      -721.0552285818
   128         12200            61.0000        0.000000             0.000008      -721.0552304851
   128         12400            62.0000        0.000000             0.000006      -721.0552321436
   128         12600            63.0000        0.000000             0.000006      -721.0552335470
   128         12800            64.0000        0.000000             0.000005      -721.0552347950
   128         13000            65.0000        0.000000             0.000004      -721.0552358748
   128         13200            66.0000        0.000000             0.000004      -721.0552368230
   128         13400            67.0000        0.000000             0.000003      -721.0552376479
   128         13600            68.0000        0.000000             0.000003      -721.0552383686
   128         13800            69.0000        0.000000             0.000002      -721.0552390056
   128         14000            70.0000        0.000000             0.000002      -721.0552395623
   128         14200            71.0000        0.000000             0.000002      -721.0552400559
   128         14400            72.0000        0.000000             0.000002      -721.0552404819
   128         14600            73.0000        0.000000             0.000001      -721.0552408528
   128         14800            74.0000        0.000000             0.000001      -721.0552411746
   128         15000            75.0000        0.000000             0.000001      -721.0552414696
   128         15200            76.0000        0.000000             0.000001      -721.0552417246
   128         15400            77.0000        0.000000             0.000001      -721.0552419446
   128         15600            78.0000        0.000000             0.000001      -721.0552421421
   128         15800            79.0000        0.000000             0.000001      -721.0552423159
   128         16000            80.0000        0.000000             0.000001      -721.0552424639
   128         16200            81.0000        0.000000             0.000001      -721.0552425930
   128         16400            82.0000        0.000000             0.000000      -721.0552427097
   128         16600            83.0000        0.000000             0.000000      -721.0552428097
   128         16800            84.0000        0.000000             0.000000      -721.0552428998
   128         17000            85.0000        0.000000             0.000000      -721.0552429762
   128         17200            86.0000        0.000000             0.000000      -721.0552430423
   128         17400            87.0000        0.000000             0.000000      -721.0552431005
   128         17600            88.0000        0.000000             0.000000      -721.0552431518
   128         17800            89.0000        0.000000             0.000000      -721.0552431962
   128         18000            90.0000        0.000000             0.000000      -721.0552432348
   128         18200            91.0000        0.000000             0.000000      -721.0552432684
   128         18400            92.0000        0.000000             0.000000      -721.0552432982
   128         18600            93.0000        0.000000             0.000000      -721.0552433244
   128         18800            94.0000        0.000000             0.000000      -721.0552433476
   128         19000            95.0000        0.000000             0.000000      -721.0552433677
   128         19200            96.0000        0.000000             0.000000      -721.0552433851
   128         19400            97.0000        0.000000             0.000000      -721.0552434004
   128         19600            98.0000        0.000000             0.000000      -721.0552434139
   128         19800            99.0000        0.000000             0.000000      -721.0552434259
   128         20000           100.0000        0.000000             0.000000      -721.0552434368
