 #uni, ipas, time, temp, average temper, average ener
   128            40             0.2000        0.000000           129.229528      -716.0352879927
   128            80             0.4000        0.000000             4.083905      -721.1960533531
   128           120             0.6000        0.000000             0.665394      -721.3729661033
   128           160             0.8000        0.000000             0.187563      -721.4037076687
   128           200             1.0000        0.000000             0.058615      -721.4122587748
   128           240             1.2000        0.000000             0.021645      -721.4150352356
   128           280             1.4000        0.000000             0.008001      -721.4160597560
   128           320             1.6000        0.000000             0.003169      -721.4164459201
   128           360             1.8000        0.000000             0.001267      -721.4165987075
   128           400             2.0000        0.000000             0.000571      -721.4166619987
   128           440             2.2000        0.000000             0.000254      -721.4166899575
   128           480             2.4000        0.000000             0.000110      -721.4167024918
   128           520             2.6000        0.000000             0.000050      -721.4167078729
   128           560             2.8000        0.000000             0.000026      -721.4167104744
   128           600             3.0000        0.000000             0.000013      -721.4167117968
   128           640             3.2000        0.000000             0.000007      -721.4167124693
   128           680             3.4000        0.000000             0.000004      -721.4167128338
   128           720             3.6000        0.000000             0.000003      -721.4167130554
   128           760             3.8000        0.000000             0.000002      -721.4167132068
   128           800             4.0000        0.000000             0.000001      -721.4167133018
   128           840             4.2000        0.000000             0.000001      -721.4167133632
   128           880             4.4000        0.000000             0.000001      -721.4167134081
   128           920             4.6000        0.000000             0.000001      -721.4167134375
   128           960             4.8000        0.000000             0.000000      -721.4167134652
   128          1000             5.0000        0.000000             0.000000      -721.4167134816
   128          1040             5.2000        0.000000             0.000000      -721.4167134931
   128          1080             5.4000        0.000000             0.000000      -721.4167135020
   128          1120             5.6000        0.000000             0.000000      -721.4167135085
   128          1160             5.8000        0.000000             0.000000      -721.4167135128
   128          1200             6.0000        0.000000             0.000000      -721.4167135171
   128          1240             6.2000        0.000000             0.000000      -721.4167135197
   128          1280             6.4000        0.000000             0.000000      -721.4167135214
   128          1320             6.6000        0.000000             0.000000      -721.4167135226
   128          1360             6.8000        0.000000             0.000000      -721.4167135236
   128          1400             7.0000        0.000000             0.000000      -721.4167135243
   128          1440             7.2000        0.000000             0.000000      -721.4167135248
   128          1480             7.4000        0.000000             0.000000      -721.4167135251
   128          1520             7.6000        0.000000             0.000000      -721.4167135254
   128          1560             7.8000        0.000000             0.000000      -721.4167135257
   128          1600             8.0000        0.000000             0.000000      -721.4167135258
   128          1640             8.2000        0.000000             0.000000      -721.4167135259
   128          1680             8.4000        0.000000             0.000000      -721.4167135260
   128          1720             8.6000        0.000000             0.000000      -721.4167135261
   128          1760             8.8000        0.000000             0.000000      -721.4167135261
   128          1800             9.0000        0.000000             0.000000      -721.4167135261
   128          1840             9.2000        0.000000             0.000000      -721.4167135262
   128          1880             9.4000        0.000000             0.000000      -721.4167135262
   128          1920             9.6000        0.000000             0.000000      -721.4167135262
   128          1960             9.8000        0.000000             0.000000      -721.4167135262
   128          2000            10.0000        0.000000             0.000000      -721.4167135262
   128          2040            10.2000        0.000000             0.000000      -721.4167135262
   128          2080            10.4000        0.000000             0.000000      -721.4167135262
   128          2120            10.6000        0.000000             0.000000      -721.4167135262
   128          2160            10.8000        0.000000             0.000000      -721.4167135262
   128          2200            11.0000        0.000000             0.000000      -721.4167135262
   128          2240            11.2000        0.000000             0.000000      -721.4167135262
   128          2280            11.4000        0.000000             0.000000      -721.4167135262
   128          2320            11.6000        0.000000             0.000000      -721.4167135262
   128          2360            11.8000        0.000000             0.000000      -721.4167135262
   128          2400            12.0000        0.000000             0.000000      -721.4167135262
   128          2440            12.2000        0.000000             0.000000      -721.4167135262
   128          2480            12.4000        0.000000             0.000000      -721.4167135262
   128          2520            12.6000        0.000000             0.000000      -721.4167135262
   128          2560            12.8000        0.000000             0.000000      -721.4167135262
   128          2600            13.0000        0.000000             0.000000      -721.4167135262
   128          2640            13.2000        0.000000             0.000000      -721.4167135262
   128          2680            13.4000        0.000000             0.000000      -721.4167135262
   128          2720            13.6000        0.000000             0.000000      -721.4167135262
   128          2760            13.8000        0.000000             0.000000      -721.4167135262
   128          2800            14.0000        0.000000             0.000000      -721.4167135262
   128          2840            14.2000        0.000000             0.000000      -721.4167135262
   128          2880            14.4000        0.000000             0.000000      -721.4167135262
   128          2920            14.6000        0.000000             0.000000      -721.4167135262
   128          2960            14.8000        0.000000             0.000000      -721.4167135262
   128          3000            15.0000        0.000000             0.000000      -721.4167135262
   128          3040            15.2000        0.000000             0.000000      -721.4167135262
   128          3080            15.4000        0.000000             0.000000      -721.4167135262
   128          3120            15.6000        0.000000             0.000000      -721.4167135262
   128          3160            15.8000        0.000000             0.000000      -721.4167135262
   128          3200            16.0000        0.000000             0.000000      -721.4167135262
   128          3240            16.2000        0.000000             0.000000      -721.4167135262
   128          3280            16.4000        0.000000             0.000000      -721.4167135262
   128          3320            16.6000        0.000000             0.000000      -721.4167135262
   128          3360            16.8000        0.000000             0.000000      -721.4167135262
   128          3400            17.0000        0.000000             0.000000      -721.4167135262
   128          3440            17.2000        0.000000             0.000000      -721.4167135262
   128          3480            17.4000        0.000000             0.000000      -721.4167135262
   128          3520            17.6000        0.000000             0.000000      -721.4167135262
   128          3560            17.8000        0.000000             0.000000      -721.4167135262
   128          3600            18.0000        0.000000             0.000000      -721.4167135262
   128          3640            18.2000        0.000000             0.000000      -721.4167135262
   128          3680            18.4000        0.000000             0.000000      -721.4167135262
   128          3720            18.6000        0.000000             0.000000      -721.4167135262
   128          3760            18.8000        0.000000             0.000000      -721.4167135262
   128          3800            19.0000        0.000000             0.000000      -721.4167135262
   128          3840            19.2000        0.000000             0.000000      -721.4167135262
   128          3880            19.4000        0.000000             0.000000      -721.4167135262
   128          3920            19.6000        0.000000             0.000000      -721.4167135262
   128          3960            19.8000        0.000000             0.000000      -721.4167135262
   128          4000            20.0000        0.000000             0.000000      -721.4167135262
