 #uni, ipas, time, temp, average temper, average ener
   559            40             0.2000        0.000000            73.142988     -3230.5176683924
   559            80             0.4000        0.000000             7.936450     -3244.6911483403
   559           120             0.6000        0.000000             1.090049     -3246.0874221967
   559           160             0.8000        0.000000             0.325007     -3246.3078914306
   559           200             1.0000        0.000000             0.132686     -3246.3780701616
   559           240             1.2000        0.000000             0.069904     -3246.4091831315
   559           280             1.4000        0.000000             0.041499     -3246.4256168488
   559           320             1.6000        0.000000             0.025273     -3246.4353761940
   559           360             1.8000        0.000000             0.015252     -3246.4411997660
   559           400             2.0000        0.000000             0.009500     -3246.4447232623
   559           440             2.2000        0.000000             0.005801     -3246.4468816809
   559           480             2.4000        0.000000             0.003658     -3246.4482054148
   559           520             2.6000        0.000000             0.002223     -3246.4490396845
   559           560             2.8000        0.000000             0.001420     -3246.4495546490
   559           600             3.0000        0.000000             0.000905     -3246.4498796280
   559           640             3.2000        0.000000             0.000589     -3246.4500867923
   559           680             3.4000        0.000000             0.000372     -3246.4502217081
   559           720             3.6000        0.000000             0.000248     -3246.4503083956
   559           760             3.8000        0.000000             0.000165     -3246.4503667795
   559           800             4.0000        0.000000             0.000112     -3246.4504057646
   559           840             4.2000        0.000000             0.000079     -3246.4504323939
   559           880             4.4000        0.000000             0.000055     -3246.4504511158
   559           920             4.6000        0.000000             0.000040     -3246.4504643060
   559           960             4.8000        0.000000             0.000028     -3246.4504737826
   559          1000             5.0000        0.000000             0.000021     -3246.4504805845
   559          1040             5.2000        0.000000             0.000015     -3246.4504855450
   559          1080             5.4000        0.000000             0.000012     -3246.4504891541
   559          1120             5.6000        0.000000             0.000009     -3246.4504918695
   559          1160             5.8000        0.000000             0.000006     -3246.4504939253
   559          1200             6.0000        0.000000             0.000005     -3246.4504954165
   559          1240             6.2000        0.000000             0.000003     -3246.4504965504
   559          1280             6.4000        0.000000             0.000003     -3246.4504973641
   559          1320             6.6000        0.000000             0.000002     -3246.4504979808
   559          1360             6.8000        0.000000             0.000001     -3246.4504984380
   559          1400             7.0000        0.000000             0.000001     -3246.4504987848
   559          1440             7.2000        0.000000             0.000001     -3246.4504990505
   559          1480             7.4000        0.000000             0.000001     -3246.4504992517
   559          1520             7.6000        0.000000             0.000000     -3246.4504994083
   559          1560             7.8000        0.000000             0.000000     -3246.4504995275
   559          1600             8.0000        0.000000             0.000000     -3246.4504996188
   559          1640             8.2000        0.000000             0.000000     -3246.4504996894
   559          1680             8.4000        0.000000             0.000000     -3246.4504997425
   559          1720             8.6000        0.000000             0.000000     -3246.4504997847
   559          1760             8.8000        0.000000             0.000000     -3246.4504998170
   559          1800             9.0000        0.000000             0.000000     -3246.4504998414
   559          1840             9.2000        0.000000             0.000000     -3246.4504998605
   559          1880             9.4000        0.000000             0.000000     -3246.4504998750
   559          1920             9.6000        0.000000             0.000000     -3246.4504998863
   559          1960             9.8000        0.000000             0.000000     -3246.4504998950
   559          2000            10.0000        0.000000             0.000000     -3246.4504999018
   559          2040            10.2000        0.000000             0.000000     -3246.4504999070
   559          2080            10.4000        0.000000             0.000000     -3246.4504999110
   559          2120            10.6000        0.000000             0.000000     -3246.4504999140
   559          2160            10.8000        0.000000             0.000000     -3246.4504999164
   559          2200            11.0000        0.000000             0.000000     -3246.4504999183
   559          2240            11.2000        0.000000             0.000000     -3246.4504999198
   559          2280            11.4000        0.000000             0.000000     -3246.4504999210
   559          2320            11.6000        0.000000             0.000000     -3246.4504999219
   559          2360            11.8000        0.000000             0.000000     -3246.4504999226
   559          2400            12.0000        0.000000             0.000000     -3246.4504999232
   559          2440            12.2000        0.000000             0.000000     -3246.4504999236
   559          2480            12.4000        0.000000             0.000000     -3246.4504999240
   559          2520            12.6000        0.000000             0.000000     -3246.4504999242
   559          2560            12.8000        0.000000             0.000000     -3246.4504999245
   559          2600            13.0000        0.000000             0.000000     -3246.4504999246
   559          2640            13.2000        0.000000             0.000000     -3246.4504999248
   559          2680            13.4000        0.000000             0.000000     -3246.4504999249
   559          2720            13.6000        0.000000             0.000000     -3246.4504999250
   559          2760            13.8000        0.000000             0.000000     -3246.4504999250
   559          2800            14.0000        0.000000             0.000000     -3246.4504999251
   559          2840            14.2000        0.000000             0.000000     -3246.4504999251
   559          2880            14.4000        0.000000             0.000000     -3246.4504999252
   559          2920            14.6000        0.000000             0.000000     -3246.4504999252
   559          2960            14.8000        0.000000             0.000000     -3246.4504999252
   559          3000            15.0000        0.000000             0.000000     -3246.4504999252
   559          3040            15.2000        0.000000             0.000000     -3246.4504999253
   559          3080            15.4000        0.000000             0.000000     -3246.4504999253
   559          3120            15.6000        0.000000             0.000000     -3246.4504999253
   559          3160            15.8000        0.000000             0.000000     -3246.4504999253
   559          3200            16.0000        0.000000             0.000000     -3246.4504999253
   559          3240            16.2000        0.000000             0.000000     -3246.4504999253
   559          3280            16.4000        0.000000             0.000000     -3246.4504999253
   559          3320            16.6000        0.000000             0.000000     -3246.4504999253
   559          3360            16.8000        0.000000             0.000000     -3246.4504999253
   559          3400            17.0000        0.000000             0.000000     -3246.4504999253
   559          3440            17.2000        0.000000             0.000000     -3246.4504999253
   559          3480            17.4000        0.000000             0.000000     -3246.4504999253
   559          3520            17.6000        0.000000             0.000000     -3246.4504999253
   559          3560            17.8000        0.000000             0.000000     -3246.4504999253
   559          3600            18.0000        0.000000             0.000000     -3246.4504999253
   559          3640            18.2000        0.000000             0.000000     -3246.4504999253
   559          3680            18.4000        0.000000             0.000000     -3246.4504999253
   559          3720            18.6000        0.000000             0.000000     -3246.4504999253
   559          3760            18.8000        0.000000             0.000000     -3246.4504999253
   559          3800            19.0000        0.000000             0.000000     -3246.4504999253
   559          3840            19.2000        0.000000             0.000000     -3246.4504999253
   559          3880            19.4000        0.000000             0.000000     -3246.4504999253
   559          3920            19.6000        0.000000             0.000000     -3246.4504999253
   559          3960            19.8000        0.000000             0.000000     -3246.4504999253
   559          4000            20.0000        0.000000             0.000000     -3246.4504999253
