 #uni, ipas, time, temp, average temper, average ener
   128           200             1.0000        0.000000             1.727130      -721.0199603610
   128           400             2.0000        0.000000             0.001029      -721.0929598765
   128           600             3.0000        0.000000             0.000152      -721.0930571045
   128           800             4.0000        0.000000             0.000101      -721.0930856564
   128          1000             5.0000        0.000000             0.000072      -721.0931055767
   128          1200             6.0000        0.000000             0.000058      -721.0931207557
   128          1400             7.0000        0.000000             0.000046      -721.0931329249
   128          1600             8.0000        0.000000             0.000036      -721.0931423633
   128          1800             9.0000        0.000000             0.000027      -721.0931499092
   128          2000            10.0000        0.000000             0.000020      -721.0931556692
   128          2200            11.0000        0.000000             0.000018      -721.0931603161
   128          2400            12.0000        0.000000             0.000014      -721.0931642023
   128          2600            13.0000        0.000000             0.000011      -721.0931672897
   128          2800            14.0000        0.000000             0.000010      -721.0931698052
   128          3000            15.0000        0.000000             0.000008      -721.0931718295
   128          3200            16.0000        0.000000             0.000007      -721.0931735000
   128          3400            17.0000        0.000000             0.000005      -721.0931748652
   128          3600            18.0000        0.000000             0.000004      -721.0931759477
   128          3800            19.0000        0.000000             0.000003      -721.0931768117
   128          4000            20.0000        0.000000             0.000003      -721.0931775222
   128          4200            21.0000        0.000000             0.000002      -721.0931781052
   128          4400            22.0000        0.000000             0.000002      -721.0931785768
   128          4600            23.0000        0.000000             0.000001      -721.0931789563
   128          4800            24.0000        0.000000             0.000001      -721.0931792757
   128          5000            25.0000        0.000000             0.000001      -721.0931795291
   128          5200            26.0000        0.000000             0.000001      -721.0931797359
   128          5400            27.0000        0.000000             0.000001      -721.0931799087
   128          5600            28.0000        0.000000             0.000001      -721.0931800493
   128          5800            29.0000        0.000000             0.000000      -721.0931801649
   128          6000            30.0000        0.000000             0.000000      -721.0931802591
   128          6200            31.0000        0.000000             0.000000      -721.0931803348
   128          6400            32.0000        0.000000             0.000000      -721.0931803956
   128          6600            33.0000        0.000000             0.000000      -721.0931804467
   128          6800            34.0000        0.000000             0.000000      -721.0931804877
   128          7000            35.0000        0.000000             0.000000      -721.0931805220
   128          7200            36.0000        0.000000             0.000000      -721.0931805500
   128          7400            37.0000        0.000000             0.000000      -721.0931805728
   128          7600            38.0000        0.000000             0.000000      -721.0931805915
   128          7800            39.0000        0.000000             0.000000      -721.0931806064
   128          8000            40.0000        0.000000             0.000000      -721.0931806191
   128          8200            41.0000        0.000000             0.000000      -721.0931806294
   128          8400            42.0000        0.000000             0.000000      -721.0931806378
   128          8600            43.0000        0.000000             0.000000      -721.0931806447
   128          8800            44.0000        0.000000             0.000000      -721.0931806504
   128          9000            45.0000        0.000000             0.000000      -721.0931806551
   128          9200            46.0000        0.000000             0.000000      -721.0931806589
   128          9400            47.0000        0.000000             0.000000      -721.0931806621
   128          9600            48.0000        0.000000             0.000000      -721.0931806646
   128          9800            49.0000        0.000000             0.000000      -721.0931806667
   128         10000            50.0000        0.000000             0.000000      -721.0931806683
   128         10200            51.0000        0.000000             0.000000      -721.0931806697
   128         10400            52.0000        0.000000             0.000000      -721.0931806708
   128         10600            53.0000        0.000000             0.000000      -721.0931806718
   128         10800            54.0000        0.000000             0.000000      -721.0931806726
   128         11000            55.0000        0.000000             0.000000      -721.0931806732
   128         11200            56.0000        0.000000             0.000000      -721.0931806737
   128         11400            57.0000        0.000000             0.000000      -721.0931806741
   128         11600            58.0000        0.000000             0.000000      -721.0931806745
   128         11800            59.0000        0.000000             0.000000      -721.0931806748
   128         12000            60.0000        0.000000             0.000000      -721.0931806750
   128         12200            61.0000        0.000000             0.000000      -721.0931806752
   128         12400            62.0000        0.000000             0.000000      -721.0931806754
   128         12600            63.0000        0.000000             0.000000      -721.0931806755
   128         12800            64.0000        0.000000             0.000000      -721.0931806756
   128         13000            65.0000        0.000000             0.000000      -721.0931806757
   128         13200            66.0000        0.000000             0.000000      -721.0931806758
   128         13400            67.0000        0.000000             0.000000      -721.0931806759
   128         13600            68.0000        0.000000             0.000000      -721.0931806759
   128         13800            69.0000        0.000000             0.000000      -721.0931806760
   128         14000            70.0000        0.000000             0.000000      -721.0931806760
   128         14200            71.0000        0.000000             0.000000      -721.0931806760
   128         14400            72.0000        0.000000             0.000000      -721.0931806760
   128         14600            73.0000        0.000000             0.000000      -721.0931806761
   128         14800            74.0000        0.000000             0.000000      -721.0931806761
   128         15000            75.0000        0.000000             0.000000      -721.0931806761
   128         15200            76.0000        0.000000             0.000000      -721.0931806761
   128         15400            77.0000        0.000000             0.000000      -721.0931806761
   128         15600            78.0000        0.000000             0.000000      -721.0931806761
   128         15800            79.0000        0.000000             0.000000      -721.0931806761
   128         16000            80.0000        0.000000             0.000000      -721.0931806761
   128         16200            81.0000        0.000000             0.000000      -721.0931806761
   128         16400            82.0000        0.000000             0.000000      -721.0931806761
   128         16600            83.0000        0.000000             0.000000      -721.0931806761
   128         16800            84.0000        0.000000             0.000000      -721.0931806761
   128         17000            85.0000        0.000000             0.000000      -721.0931806761
   128         17200            86.0000        0.000000             0.000000      -721.0931806761
   128         17400            87.0000        0.000000             0.000000      -721.0931806761
   128         17600            88.0000        0.000000             0.000000      -721.0931806761
   128         17800            89.0000        0.000000             0.000000      -721.0931806761
   128         18000            90.0000        0.000000             0.000000      -721.0931806761
   128         18200            91.0000        0.000000             0.000000      -721.0931806761
   128         18400            92.0000        0.000000             0.000000      -721.0931806761
   128         18600            93.0000        0.000000             0.000000      -721.0931806761
   128         18800            94.0000        0.000000             0.000000      -721.0931806761
   128         19000            95.0000        0.000000             0.000000      -721.0931806761
   128         19200            96.0000        0.000000             0.000000      -721.0931806761
   128         19400            97.0000        0.000000             0.000000      -721.0931806761
   128         19600            98.0000        0.000000             0.000000      -721.0931806761
   128         19800            99.0000        0.000000             0.000000      -721.0931806761
   128         20000           100.0000        0.000000             0.000000      -721.0931806761
