 #uni, ipas, time, temp, average temper, average ener
   128            40             0.2000        0.000000           129.134929      -716.0361963452
   128            80             0.4000        0.000000             4.154220      -721.1964694267
   128           120             0.6000        0.000000             0.648335      -721.3770716589
   128           160             0.8000        0.000000             0.166286      -721.4070753943
   128           200             1.0000        0.000000             0.059212      -721.4149452440
   128           240             1.2000        0.000000             0.017560      -721.4174374745
   128           280             1.4000        0.000000             0.005640      -721.4182097927
   128           320             1.6000        0.000000             0.001774      -721.4184481537
   128           360             1.8000        0.000000             0.000549      -721.4185271428
   128           400             2.0000        0.000000             0.000284      -721.4185537978
   128           440             2.2000        0.000000             0.000093      -721.4185659218
   128           480             2.4000        0.000000             0.000044      -721.4185703761
   128           520             2.6000        0.000000             0.000012      -721.4185723624
   128           560             2.8000        0.000000             0.000006      -721.4185730349
   128           600             3.0000        0.000000             0.000003      -721.4185733568
   128           640             3.2000        0.000000             0.000002      -721.4185735081
   128           680             3.4000        0.000000             0.000001      -721.4185735832
   128           720             3.6000        0.000000             0.000000      -721.4185736191
   128           760             3.8000        0.000000             0.000000      -721.4185736328
   128           800             4.0000        0.000000             0.000000      -721.4185736387
   128           840             4.2000        0.000000             0.000000      -721.4185736414
   128           880             4.4000        0.000000             0.000000      -721.4185736426
   128           920             4.6000        0.000000             0.000000      -721.4185736432
   128           960             4.8000        0.000000             0.000000      -721.4185736435
   128          1000             5.0000        0.000000             0.000000      -721.4185736436
   128          1040             5.2000        0.000000             0.000000      -721.4185736437
   128          1080             5.4000        0.000000             0.000000      -721.4185736437
   128          1120             5.6000        0.000000             0.000000      -721.4185736437
   128          1160             5.8000        0.000000             0.000000      -721.4185736437
   128          1200             6.0000        0.000000             0.000000      -721.4185736437
   128          1240             6.2000        0.000000             0.000000      -721.4185736437
   128          1280             6.4000        0.000000             0.000000      -721.4185736437
   128          1320             6.6000        0.000000             0.000000      -721.4185736437
   128          1360             6.8000        0.000000             0.000000      -721.4185736437
   128          1400             7.0000        0.000000             0.000000      -721.4185736437
   128          1440             7.2000        0.000000             0.000000      -721.4185736437
   128          1480             7.4000        0.000000             0.000000      -721.4185736437
   128          1520             7.6000        0.000000             0.000000      -721.4185736437
   128          1560             7.8000        0.000000             0.000000      -721.4185736437
   128          1600             8.0000        0.000000             0.000000      -721.4185736437
   128          1640             8.2000        0.000000             0.000000      -721.4185736437
   128          1680             8.4000        0.000000             0.000000      -721.4185736437
   128          1720             8.6000        0.000000             0.000000      -721.4185736437
   128          1760             8.8000        0.000000             0.000000      -721.4185736437
   128          1800             9.0000        0.000000             0.000000      -721.4185736437
   128          1840             9.2000        0.000000             0.000000      -721.4185736437
   128          1880             9.4000        0.000000             0.000000      -721.4185736437
   128          1920             9.6000        0.000000             0.000000      -721.4185736437
   128          1960             9.8000        0.000000             0.000000      -721.4185736437
   128          2000            10.0000        0.000000             0.000000      -721.4185736437
   128          2040            10.2000        0.000000             0.000000      -721.4185736437
   128          2080            10.4000        0.000000             0.000000      -721.4185736437
   128          2120            10.6000        0.000000             0.000000      -721.4185736437
   128          2160            10.8000        0.000000             0.000000      -721.4185736437
   128          2200            11.0000        0.000000             0.000000      -721.4185736437
   128          2240            11.2000        0.000000             0.000000      -721.4185736437
   128          2280            11.4000        0.000000             0.000000      -721.4185736437
   128          2320            11.6000        0.000000             0.000000      -721.4185736437
   128          2360            11.8000        0.000000             0.000000      -721.4185736437
   128          2400            12.0000        0.000000             0.000000      -721.4185736437
   128          2440            12.2000        0.000000             0.000000      -721.4185736437
   128          2480            12.4000        0.000000             0.000000      -721.4185736437
   128          2520            12.6000        0.000000             0.000000      -721.4185736437
   128          2560            12.8000        0.000000             0.000000      -721.4185736437
   128          2600            13.0000        0.000000             0.000000      -721.4185736437
   128          2640            13.2000        0.000000             0.000000      -721.4185736437
   128          2680            13.4000        0.000000             0.000000      -721.4185736437
   128          2720            13.6000        0.000000             0.000000      -721.4185736437
   128          2760            13.8000        0.000000             0.000000      -721.4185736437
   128          2800            14.0000        0.000000             0.000000      -721.4185736437
   128          2840            14.2000        0.000000             0.000000      -721.4185736437
   128          2880            14.4000        0.000000             0.000000      -721.4185736437
   128          2920            14.6000        0.000000             0.000000      -721.4185736437
   128          2960            14.8000        0.000000             0.000000      -721.4185736437
   128          3000            15.0000        0.000000             0.000000      -721.4185736437
   128          3040            15.2000        0.000000             0.000000      -721.4185736437
   128          3080            15.4000        0.000000             0.000000      -721.4185736437
   128          3120            15.6000        0.000000             0.000000      -721.4185736437
   128          3160            15.8000        0.000000             0.000000      -721.4185736437
   128          3200            16.0000        0.000000             0.000000      -721.4185736437
   128          3240            16.2000        0.000000             0.000000      -721.4185736437
   128          3280            16.4000        0.000000             0.000000      -721.4185736437
   128          3320            16.6000        0.000000             0.000000      -721.4185736437
   128          3360            16.8000        0.000000             0.000000      -721.4185736437
   128          3400            17.0000        0.000000             0.000000      -721.4185736437
   128          3440            17.2000        0.000000             0.000000      -721.4185736437
   128          3480            17.4000        0.000000             0.000000      -721.4185736437
   128          3520            17.6000        0.000000             0.000000      -721.4185736437
   128          3560            17.8000        0.000000             0.000000      -721.4185736437
   128          3600            18.0000        0.000000             0.000000      -721.4185736437
   128          3640            18.2000        0.000000             0.000000      -721.4185736437
   128          3680            18.4000        0.000000             0.000000      -721.4185736437
   128          3720            18.6000        0.000000             0.000000      -721.4185736437
   128          3760            18.8000        0.000000             0.000000      -721.4185736437
   128          3800            19.0000        0.000000             0.000000      -721.4185736437
   128          3840            19.2000        0.000000             0.000000      -721.4185736437
   128          3880            19.4000        0.000000             0.000000      -721.4185736437
   128          3920            19.6000        0.000000             0.000000      -721.4185736437
   128          3960            19.8000        0.000000             0.000000      -721.4185736437
   128          4000            20.0000        0.000000             0.000000      -721.4185736437
