 #uni, ipas, time, temp, average temper, average ener
   128           200             1.0000        0.000000             0.869277      -720.9886392749
   128           400             2.0000        0.000000             0.003261      -721.0260566892
   128           600             3.0000        0.000000             0.003493      -721.0267536697
   128           800             4.0000        0.000000             0.002874      -721.0274151590
   128          1000             5.0000        0.000000             0.002911      -721.0280398713
   128          1200             6.0000        0.000000             0.003038      -721.0286841293
   128          1400             7.0000        0.000000             0.002752      -721.0293369769
   128          1600             8.0000        0.000000             0.002983      -721.0299744046
   128          1800             9.0000        0.000000             0.002855      -721.0306496756
   128          2000            10.0000        0.000000             0.002633      -721.0312794795
   128          2200            11.0000        0.000000             0.003100      -721.0319335308
   128          2400            12.0000        0.000000             0.002840      -721.0326245900
   128          2600            13.0000        0.000000             0.002907      -721.0332729254
   128          2800            14.0000        0.000000             0.003057      -721.0339486088
   128          3000            15.0000        0.000000             0.002796      -721.0346210002
   128          3200            16.0000        0.000000             0.002721      -721.0352598265
   128          3400            17.0000        0.000000             0.002690      -721.0358744270
   128          3600            18.0000        0.000000             0.002932      -721.0364991441
   128          3800            19.0000        0.000000             0.002731      -721.0371329834
   128          4000            20.0000        0.000000             0.002350      -721.0377047772
   128          4200            21.0000        0.000000             0.002172      -721.0382326924
   128          4400            22.0000        0.000000             0.002009      -721.0387329997
   128          4600            23.0000        0.000000             0.001915      -721.0391977101
   128          4800            24.0000        0.000000             0.001862      -721.0396437736
   128          5000            25.0000        0.000000             0.001650      -721.0400557828
   128          5200            26.0000        0.000000             0.001537      -721.0404367877
   128          5400            27.0000        0.000000             0.001463      -721.0407971643
   128          5600            28.0000        0.000000             0.001317      -721.0411231828
   128          5800            29.0000        0.000000             0.001246      -721.0414270025
   128          6000            30.0000        0.000000             0.001185      -721.0417093085
   128          6200            31.0000        0.000000             0.001058      -721.0419715915
   128          6400            32.0000        0.000000             0.000940      -721.0422078172
   128          6600            33.0000        0.000000             0.000790      -721.0424162553
   128          6800            34.0000        0.000000             0.000694      -721.0425975316
   128          7000            35.0000        0.000000             0.000764      -721.0427700909
   128          7200            36.0000        0.000000             0.000628      -721.0429315175
   128          7400            37.0000        0.000000             0.000543      -721.0430735925
   128          7600            38.0000        0.000000             0.000522      -721.0431988254
   128          7800            39.0000        0.000000             0.000446      -721.0433137512
   128          8000            40.0000        0.000000             0.000405      -721.0434154263
   128          8200            41.0000        0.000000             0.000345      -721.0435055120
   128          8400            42.0000        0.000000             0.000299      -721.0435845387
   128          8600            43.0000        0.000000             0.000278      -721.0436557771
   128          8800            44.0000        0.000000             0.000249      -721.0437194653
   128          9000            45.0000        0.000000             0.000225      -721.0437774994
   128          9200            46.0000        0.000000             0.000206      -721.0438287928
   128          9400            47.0000        0.000000             0.000185      -721.0438747998
   128          9600            48.0000        0.000000             0.000160      -721.0439156745
   128          9800            49.0000        0.000000             0.000144      -721.0439520840
   128         10000            50.0000        0.000000             0.000137      -721.0439846104
   128         10200            51.0000        0.000000             0.000117      -721.0440143781
   128         10400            52.0000        0.000000             0.000095      -721.0440392920
   128         10600            53.0000        0.000000             0.000084      -721.0440610186
   128         10800            54.0000        0.000000             0.000073      -721.0440798542
   128         11000            55.0000        0.000000             0.000068      -721.0440968792
   128         11200            56.0000        0.000000             0.000060      -721.0441122632
   128         11400            57.0000        0.000000             0.000051      -721.0441254199
   128         11600            58.0000        0.000000             0.000046      -721.0441371190
   128         11800            59.0000        0.000000             0.000040      -721.0441474870
   128         12000            60.0000        0.000000             0.000034      -721.0441563875
   128         12200            61.0000        0.000000             0.000031      -721.0441642622
   128         12400            62.0000        0.000000             0.000026      -721.0441712005
   128         12600            63.0000        0.000000             0.000024      -721.0441772231
   128         12800            64.0000        0.000000             0.000023      -721.0441827595
   128         13000            65.0000        0.000000             0.000018      -721.0441875973
   128         13200            66.0000        0.000000             0.000018      -721.0441918495
   128         13400            67.0000        0.000000             0.000014      -721.0441956441
   128         13600            68.0000        0.000000             0.000012      -721.0441988651
   128         13800            69.0000        0.000000             0.000012      -721.0442016689
   128         14000            70.0000        0.000000             0.000009      -721.0442041959
   128         14200            71.0000        0.000000             0.000009      -721.0442063952
   128         14400            72.0000        0.000000             0.000008      -721.0442083046
   128         14600            73.0000        0.000000             0.000007      -721.0442100162
   128         14800            74.0000        0.000000             0.000006      -721.0442114843
   128         15000            75.0000        0.000000             0.000005      -721.0442127742
   128         15200            76.0000        0.000000             0.000004      -721.0442138978
   128         15400            77.0000        0.000000             0.000004      -721.0442149054
   128         15600            78.0000        0.000000             0.000004      -721.0442157945
   128         15800            79.0000        0.000000             0.000003      -721.0442165665
   128         16000            80.0000        0.000000             0.000003      -721.0442172243
   128         16200            81.0000        0.000000             0.000002      -721.0442178137
   128         16400            82.0000        0.000000             0.000002      -721.0442183336
   128         16600            83.0000        0.000000             0.000002      -721.0442187811
   128         16800            84.0000        0.000000             0.000002      -721.0442191844
   128         17000            85.0000        0.000000             0.000001      -721.0442195385
   128         17200            86.0000        0.000000             0.000001      -721.0442198305
   128         17400            87.0000        0.000000             0.000001      -721.0442200908
   128         17600            88.0000        0.000000             0.000001      -721.0442203253
   128         17800            89.0000        0.000000             0.000001      -721.0442205286
   128         18000            90.0000        0.000000             0.000001      -721.0442207055
   128         18200            91.0000        0.000000             0.000001      -721.0442208598
   128         18400            92.0000        0.000000             0.000001      -721.0442209989
   128         18600            93.0000        0.000000             0.000000      -721.0442211205
   128         18800            94.0000        0.000000             0.000000      -721.0442212231
   128         19000            95.0000        0.000000             0.000000      -721.0442213145
   128         19200            96.0000        0.000000             0.000000      -721.0442213956
   128         19400            97.0000        0.000000             0.000000      -721.0442214688
   128         19600            98.0000        0.000000             0.000000      -721.0442215313
   128         19800            99.0000        0.000000             0.000000      -721.0442215863
   128         20000           100.0000        0.000000             0.000000      -721.0442216343
