 #uni, ipas, time, temp, average temper, average ener
   584            40             0.2000        0.000000            66.294895     -3330.0932133343
   584            80             0.4000        0.000000             7.181637     -3343.5286850852
   584           120             0.6000        0.000000             1.136857     -3344.9068552727
   584           160             0.8000        0.000000             0.292831     -3345.1382203685
   584           200             1.0000        0.000000             0.102565     -3345.2020836320
   584           240             1.2000        0.000000             0.043852     -3345.2257456622
   584           280             1.4000        0.000000             0.021482     -3345.2361372661
   584           320             1.6000        0.000000             0.010991     -3345.2411802457
   584           360             1.8000        0.000000             0.006273     -3345.2437915127
   584           400             2.0000        0.000000             0.003414     -3345.2452368734
   584           440             2.2000        0.000000             0.002199     -3345.2460672791
   584           480             2.4000        0.000000             0.001446     -3345.2466003256
   584           520             2.6000        0.000000             0.000985     -3345.2469544464
   584           560             2.8000        0.000000             0.000728     -3345.2471979016
   584           600             3.0000        0.000000             0.000567     -3345.2473767965
   584           640             3.2000        0.000000             0.000410     -3345.2475109506
   584           680             3.4000        0.000000             0.000298     -3345.2476088202
   584           720             3.6000        0.000000             0.000222     -3345.2476812874
   584           760             3.8000        0.000000             0.000172     -3345.2477353420
   584           800             4.0000        0.000000             0.000130     -3345.2477767526
   584           840             4.2000        0.000000             0.000096     -3345.2478078290
   584           880             4.4000        0.000000             0.000073     -3345.2478311665
   584           920             4.6000        0.000000             0.000057     -3345.2478490866
   584           960             4.8000        0.000000             0.000043     -3345.2478628040
   584          1000             5.0000        0.000000             0.000032     -3345.2478733531
   584          1040             5.2000        0.000000             0.000025     -3345.2478813376
   584          1080             5.4000        0.000000             0.000019     -3345.2478875378
   584          1120             5.6000        0.000000             0.000015     -3345.2478922270
   584          1160             5.8000        0.000000             0.000011     -3345.2478958673
   584          1200             6.0000        0.000000             0.000009     -3345.2478987039
   584          1240             6.2000        0.000000             0.000007     -3345.2479008858
   584          1280             6.4000        0.000000             0.000005     -3345.2479026055
   584          1320             6.6000        0.000000             0.000004     -3345.2479039393
   584          1360             6.8000        0.000000             0.000003     -3345.2479049727
   584          1400             7.0000        0.000000             0.000002     -3345.2479057825
   584          1440             7.2000        0.000000             0.000002     -3345.2479063774
   584          1480             7.4000        0.000000             0.000001     -3345.2479068516
   584          1520             7.6000        0.000000             0.000001     -3345.2479072121
   584          1560             7.8000        0.000000             0.000001     -3345.2479075000
   584          1600             8.0000        0.000000             0.000001     -3345.2479077207
   584          1640             8.2000        0.000000             0.000001     -3345.2479078942
   584          1680             8.4000        0.000000             0.000000     -3345.2479080276
   584          1720             8.6000        0.000000             0.000000     -3345.2479081269
   584          1760             8.8000        0.000000             0.000000     -3345.2479082033
   584          1800             9.0000        0.000000             0.000000     -3345.2479082610
   584          1840             9.2000        0.000000             0.000000     -3345.2479083050
   584          1880             9.4000        0.000000             0.000000     -3345.2479083390
   584          1920             9.6000        0.000000             0.000000     -3345.2479083653
   584          1960             9.8000        0.000000             0.000000     -3345.2479083855
   584          2000            10.0000        0.000000             0.000000     -3345.2479084010
   584          2040            10.2000        0.000000             0.000000     -3345.2479084130
   584          2080            10.4000        0.000000             0.000000     -3345.2479084220
   584          2120            10.6000        0.000000             0.000000     -3345.2479084290
   584          2160            10.8000        0.000000             0.000000     -3345.2479084345
   584          2200            11.0000        0.000000             0.000000     -3345.2479084386
   584          2240            11.2000        0.000000             0.000000     -3345.2479084419
   584          2280            11.4000        0.000000             0.000000     -3345.2479084445
   584          2320            11.6000        0.000000             0.000000     -3345.2479084465
   584          2360            11.8000        0.000000             0.000000     -3345.2479084480
   584          2400            12.0000        0.000000             0.000000     -3345.2479084492
   584          2440            12.2000        0.000000             0.000000     -3345.2479084502
   584          2480            12.4000        0.000000             0.000000     -3345.2479084509
   584          2520            12.6000        0.000000             0.000000     -3345.2479084515
   584          2560            12.8000        0.000000             0.000000     -3345.2479084519
   584          2600            13.0000        0.000000             0.000000     -3345.2479084522
   584          2640            13.2000        0.000000             0.000000     -3345.2479084525
   584          2680            13.4000        0.000000             0.000000     -3345.2479084527
   584          2720            13.6000        0.000000             0.000000     -3345.2479084528
   584          2760            13.8000        0.000000             0.000000     -3345.2479084530
   584          2800            14.0000        0.000000             0.000000     -3345.2479084530
   584          2840            14.2000        0.000000             0.000000     -3345.2479084531
   584          2880            14.4000        0.000000             0.000000     -3345.2479084532
   584          2920            14.6000        0.000000             0.000000     -3345.2479084532
   584          2960            14.8000        0.000000             0.000000     -3345.2479084532
   584          3000            15.0000        0.000000             0.000000     -3345.2479084533
   584          3040            15.2000        0.000000             0.000000     -3345.2479084533
   584          3080            15.4000        0.000000             0.000000     -3345.2479084533
   584          3120            15.6000        0.000000             0.000000     -3345.2479084533
   584          3160            15.8000        0.000000             0.000000     -3345.2479084533
   584          3200            16.0000        0.000000             0.000000     -3345.2479084533
   584          3240            16.2000        0.000000             0.000000     -3345.2479084533
   584          3280            16.4000        0.000000             0.000000     -3345.2479084533
   584          3320            16.6000        0.000000             0.000000     -3345.2479084533
   584          3360            16.8000        0.000000             0.000000     -3345.2479084533
   584          3400            17.0000        0.000000             0.000000     -3345.2479084533
   584          3440            17.2000        0.000000             0.000000     -3345.2479084533
   584          3480            17.4000        0.000000             0.000000     -3345.2479084533
   584          3520            17.6000        0.000000             0.000000     -3345.2479084533
   584          3560            17.8000        0.000000             0.000000     -3345.2479084533
   584          3600            18.0000        0.000000             0.000000     -3345.2479084533
   584          3640            18.2000        0.000000             0.000000     -3345.2479084533
   584          3680            18.4000        0.000000             0.000000     -3345.2479084533
   584          3720            18.6000        0.000000             0.000000     -3345.2479084533
   584          3760            18.8000        0.000000             0.000000     -3345.2479084533
   584          3800            19.0000        0.000000             0.000000     -3345.2479084533
   584          3840            19.2000        0.000000             0.000000     -3345.2479084533
   584          3880            19.4000        0.000000             0.000000     -3345.2479084533
   584          3920            19.6000        0.000000             0.000000     -3345.2479084533
   584          3960            19.8000        0.000000             0.000000     -3345.2479084533
   584          4000            20.0000        0.000000             0.000000     -3345.2479084533
