 #uni, ipas, time, temp, average temper, average ener
   128           200             1.0000        0.000000             0.106456      -721.0158829697
   128           400             2.0000        0.000000             0.005821      -721.0217765358
   128           600             3.0000        0.000000             0.003127      -721.0228253902
   128           800             4.0000        0.000000             0.001908      -721.0233944743
   128          1000             5.0000        0.000000             0.001035      -721.0237145095
   128          1200             6.0000        0.000000             0.000607      -721.0238868311
   128          1400             7.0000        0.000000             0.000349      -721.0239890111
   128          1600             8.0000        0.000000             0.000198      -721.0240452456
   128          1800             9.0000        0.000000             0.000122      -721.0240786306
   128          2000            10.0000        0.000000             0.000071      -721.0240985410
   128          2200            11.0000        0.000000             0.000043      -721.0241105750
   128          2400            12.0000        0.000000             0.000026      -721.0241179863
   128          2600            13.0000        0.000000             0.000016      -721.0241225085
   128          2800            14.0000        0.000000             0.000011      -721.0241253509
   128          3000            15.0000        0.000000             0.000007      -721.0241272172
   128          3200            16.0000        0.000000             0.000004      -721.0241283557
   128          3400            17.0000        0.000000             0.000003      -721.0241290610
   128          3600            18.0000        0.000000             0.000002      -721.0241295046
   128          3800            19.0000        0.000000             0.000001      -721.0241297800
   128          4000            20.0000        0.000000             0.000001      -721.0241299567
   128          4200            21.0000        0.000000             0.000000      -721.0241300677
   128          4400            22.0000        0.000000             0.000000      -721.0241301369
   128          4600            23.0000        0.000000             0.000000      -721.0241301824
   128          4800            24.0000        0.000000             0.000000      -721.0241302121
   128          5000            25.0000        0.000000             0.000000      -721.0241302314
   128          5200            26.0000        0.000000             0.000000      -721.0241302444
   128          5400            27.0000        0.000000             0.000000      -721.0241302529
   128          5600            28.0000        0.000000             0.000000      -721.0241302592
   128          5800            29.0000        0.000000             0.000000      -721.0241302636
   128          6000            30.0000        0.000000             0.000000      -721.0241302668
   128          6200            31.0000        0.000000             0.000000      -721.0241302692
   128          6400            32.0000        0.000000             0.000000      -721.0241302710
   128          6600            33.0000        0.000000             0.000000      -721.0241302724
   128          6800            34.0000        0.000000             0.000000      -721.0241302736
   128          7000            35.0000        0.000000             0.000000      -721.0241302746
   128          7200            36.0000        0.000000             0.000000      -721.0241302754
   128          7400            37.0000        0.000000             0.000000      -721.0241302761
   128          7600            38.0000        0.000000             0.000000      -721.0241302768
   128          7800            39.0000        0.000000             0.000000      -721.0241302773
   128          8000            40.0000        0.000000             0.000000      -721.0241302778
   128          8200            41.0000        0.000000             0.000000      -721.0241302782
   128          8400            42.0000        0.000000             0.000000      -721.0241302786
   128          8600            43.0000        0.000000             0.000000      -721.0241302789
   128          8800            44.0000        0.000000             0.000000      -721.0241302792
   128          9000            45.0000        0.000000             0.000000      -721.0241302795
   128          9200            46.0000        0.000000             0.000000      -721.0241302798
   128          9400            47.0000        0.000000             0.000000      -721.0241302800
   128          9600            48.0000        0.000000             0.000000      -721.0241302802
   128          9800            49.0000        0.000000             0.000000      -721.0241302804
   128         10000            50.0000        0.000000             0.000000      -721.0241302806
   128         10200            51.0000        0.000000             0.000000      -721.0241302807
   128         10400            52.0000        0.000000             0.000000      -721.0241302809
   128         10600            53.0000        0.000000             0.000000      -721.0241302810
   128         10800            54.0000        0.000000             0.000000      -721.0241302811
   128         11000            55.0000        0.000000             0.000000      -721.0241302812
   128         11200            56.0000        0.000000             0.000000      -721.0241302813
   128         11400            57.0000        0.000000             0.000000      -721.0241302814
   128         11600            58.0000        0.000000             0.000000      -721.0241302815
   128         11800            59.0000        0.000000             0.000000      -721.0241302815
   128         12000            60.0000        0.000000             0.000000      -721.0241302816
   128         12200            61.0000        0.000000             0.000000      -721.0241302817
   128         12400            62.0000        0.000000             0.000000      -721.0241302817
   128         12600            63.0000        0.000000             0.000000      -721.0241302818
   128         12800            64.0000        0.000000             0.000000      -721.0241302818
   128         13000            65.0000        0.000000             0.000000      -721.0241302819
   128         13200            66.0000        0.000000             0.000000      -721.0241302819
   128         13400            67.0000        0.000000             0.000000      -721.0241302819
   128         13600            68.0000        0.000000             0.000000      -721.0241302820
   128         13800            69.0000        0.000000             0.000000      -721.0241302820
   128         14000            70.0000        0.000000             0.000000      -721.0241302820
   128         14200            71.0000        0.000000             0.000000      -721.0241302820
   128         14400            72.0000        0.000000             0.000000      -721.0241302821
   128         14600            73.0000        0.000000             0.000000      -721.0241302821
   128         14800            74.0000        0.000000             0.000000      -721.0241302821
   128         15000            75.0000        0.000000             0.000000      -721.0241302821
   128         15200            76.0000        0.000000             0.000000      -721.0241302821
   128         15400            77.0000        0.000000             0.000000      -721.0241302821
   128         15600            78.0000        0.000000             0.000000      -721.0241302822
   128         15800            79.0000        0.000000             0.000000      -721.0241302822
   128         16000            80.0000        0.000000             0.000000      -721.0241302822
   128         16200            81.0000        0.000000             0.000000      -721.0241302822
   128         16400            82.0000        0.000000             0.000000      -721.0241302822
   128         16600            83.0000        0.000000             0.000000      -721.0241302822
   128         16800            84.0000        0.000000             0.000000      -721.0241302822
   128         17000            85.0000        0.000000             0.000000      -721.0241302822
   128         17200            86.0000        0.000000             0.000000      -721.0241302822
   128         17400            87.0000        0.000000             0.000000      -721.0241302822
   128         17600            88.0000        0.000000             0.000000      -721.0241302822
   128         17800            89.0000        0.000000             0.000000      -721.0241302822
   128         18000            90.0000        0.000000             0.000000      -721.0241302822
   128         18200            91.0000        0.000000             0.000000      -721.0241302822
   128         18400            92.0000        0.000000             0.000000      -721.0241302822
   128         18600            93.0000        0.000000             0.000000      -721.0241302822
   128         18800            94.0000        0.000000             0.000000      -721.0241302822
   128         19000            95.0000        0.000000             0.000000      -721.0241302823
   128         19200            96.0000        0.000000             0.000000      -721.0241302823
   128         19400            97.0000        0.000000             0.000000      -721.0241302823
   128         19600            98.0000        0.000000             0.000000      -721.0241302823
   128         19800            99.0000        0.000000             0.000000      -721.0241302823
   128         20000           100.0000        0.000000             0.000000      -721.0241302823
