 #uni, ipas, time, temp, average temper, average ener
   584            40             0.2000        0.000000            66.256359     -3330.1199118240
   584            80             0.4000        0.000000             7.234847     -3343.5545005584
   584           120             0.6000        0.000000             1.153543     -3344.9333167824
   584           160             0.8000        0.000000             0.301862     -3345.1660683060
   584           200             1.0000        0.000000             0.100260     -3345.2307047295
   584           240             1.2000        0.000000             0.041412     -3345.2534710489
   584           280             1.4000        0.000000             0.020454     -3345.2632427998
   584           320             1.6000        0.000000             0.010524     -3345.2680472767
   584           360             1.8000        0.000000             0.005566     -3345.2705310961
   584           400             2.0000        0.000000             0.003331     -3345.2718740425
   584           440             2.2000        0.000000             0.002029     -3345.2726738656
   584           480             2.4000        0.000000             0.001318     -3345.2731651841
   584           520             2.6000        0.000000             0.000901     -3345.2734894661
   584           560             2.8000        0.000000             0.000638     -3345.2737118756
   584           600             3.0000        0.000000             0.000482     -3345.2738702880
   584           640             3.2000        0.000000             0.000352     -3345.2739875147
   584           680             3.4000        0.000000             0.000266     -3345.2740732677
   584           720             3.6000        0.000000             0.000196     -3345.2741375522
   584           760             3.8000        0.000000             0.000156     -3345.2741852088
   584           800             4.0000        0.000000             0.000111     -3345.2742224619
   584           840             4.2000        0.000000             0.000084     -3345.2742499073
   584           880             4.4000        0.000000             0.000062     -3345.2742706509
   584           920             4.6000        0.000000             0.000049     -3345.2742861792
   584           960             4.8000        0.000000             0.000037     -3345.2742983177
   584          1000             5.0000        0.000000             0.000030     -3345.2743076086
   584          1040             5.2000        0.000000             0.000023     -3345.2743149201
   584          1080             5.4000        0.000000             0.000018     -3345.2743205273
   584          1120             5.6000        0.000000             0.000014     -3345.2743248669
   584          1160             5.8000        0.000000             0.000010     -3345.2743281950
   584          1200             6.0000        0.000000             0.000008     -3345.2743307071
   584          1240             6.2000        0.000000             0.000006     -3345.2743326806
   584          1280             6.4000        0.000000             0.000005     -3345.2743342065
   584          1320             6.6000        0.000000             0.000004     -3345.2743353767
   584          1360             6.8000        0.000000             0.000003     -3345.2743362855
   584          1400             7.0000        0.000000             0.000002     -3345.2743369838
   584          1440             7.2000        0.000000             0.000002     -3345.2743375277
   584          1480             7.4000        0.000000             0.000001     -3345.2743379463
   584          1520             7.6000        0.000000             0.000001     -3345.2743382703
   584          1560             7.8000        0.000000             0.000001     -3345.2743385279
   584          1600             8.0000        0.000000             0.000001     -3345.2743387254
   584          1640             8.2000        0.000000             0.000000     -3345.2743388759
   584          1680             8.4000        0.000000             0.000000     -3345.2743389930
   584          1720             8.6000        0.000000             0.000000     -3345.2743390841
   584          1760             8.8000        0.000000             0.000000     -3345.2743391546
   584          1800             9.0000        0.000000             0.000000     -3345.2743392090
   584          1840             9.2000        0.000000             0.000000     -3345.2743392515
   584          1880             9.4000        0.000000             0.000000     -3345.2743392848
   584          1920             9.6000        0.000000             0.000000     -3345.2743393107
   584          1960             9.8000        0.000000             0.000000     -3345.2743393301
   584          2000            10.0000        0.000000             0.000000     -3345.2743393451
   584          2040            10.2000        0.000000             0.000000     -3345.2743393567
   584          2080            10.4000        0.000000             0.000000     -3345.2743393657
   584          2120            10.6000        0.000000             0.000000     -3345.2743393725
   584          2160            10.8000        0.000000             0.000000     -3345.2743393779
   584          2200            11.0000        0.000000             0.000000     -3345.2743393822
   584          2240            11.2000        0.000000             0.000000     -3345.2743393856
   584          2280            11.4000        0.000000             0.000000     -3345.2743393881
   584          2320            11.6000        0.000000             0.000000     -3345.2743393900
   584          2360            11.8000        0.000000             0.000000     -3345.2743393915
   584          2400            12.0000        0.000000             0.000000     -3345.2743393927
   584          2440            12.2000        0.000000             0.000000     -3345.2743393936
   584          2480            12.4000        0.000000             0.000000     -3345.2743393943
   584          2520            12.6000        0.000000             0.000000     -3345.2743393948
   584          2560            12.8000        0.000000             0.000000     -3345.2743393952
   584          2600            13.0000        0.000000             0.000000     -3345.2743393956
   584          2640            13.2000        0.000000             0.000000     -3345.2743393958
   584          2680            13.4000        0.000000             0.000000     -3345.2743393960
   584          2720            13.6000        0.000000             0.000000     -3345.2743393962
   584          2760            13.8000        0.000000             0.000000     -3345.2743393963
   584          2800            14.0000        0.000000             0.000000     -3345.2743393964
   584          2840            14.2000        0.000000             0.000000     -3345.2743393964
   584          2880            14.4000        0.000000             0.000000     -3345.2743393965
   584          2920            14.6000        0.000000             0.000000     -3345.2743393965
   584          2960            14.8000        0.000000             0.000000     -3345.2743393966
   584          3000            15.0000        0.000000             0.000000     -3345.2743393966
   584          3040            15.2000        0.000000             0.000000     -3345.2743393966
   584          3080            15.4000        0.000000             0.000000     -3345.2743393966
   584          3120            15.6000        0.000000             0.000000     -3345.2743393966
   584          3160            15.8000        0.000000             0.000000     -3345.2743393967
   584          3200            16.0000        0.000000             0.000000     -3345.2743393967
   584          3240            16.2000        0.000000             0.000000     -3345.2743393967
   584          3280            16.4000        0.000000             0.000000     -3345.2743393967
   584          3320            16.6000        0.000000             0.000000     -3345.2743393967
   584          3360            16.8000        0.000000             0.000000     -3345.2743393967
   584          3400            17.0000        0.000000             0.000000     -3345.2743393967
   584          3440            17.2000        0.000000             0.000000     -3345.2743393967
   584          3480            17.4000        0.000000             0.000000     -3345.2743393967
   584          3520            17.6000        0.000000             0.000000     -3345.2743393967
   584          3560            17.8000        0.000000             0.000000     -3345.2743393967
   584          3600            18.0000        0.000000             0.000000     -3345.2743393967
   584          3640            18.2000        0.000000             0.000000     -3345.2743393967
   584          3680            18.4000        0.000000             0.000000     -3345.2743393967
   584          3720            18.6000        0.000000             0.000000     -3345.2743393967
   584          3760            18.8000        0.000000             0.000000     -3345.2743393967
   584          3800            19.0000        0.000000             0.000000     -3345.2743393967
   584          3840            19.2000        0.000000             0.000000     -3345.2743393967
   584          3880            19.4000        0.000000             0.000000     -3345.2743393967
   584          3920            19.6000        0.000000             0.000000     -3345.2743393967
   584          3960            19.8000        0.000000             0.000000     -3345.2743393967
   584          4000            20.0000        0.000000             0.000000     -3345.2743393967
