 #uni, ipas, time, temp, average temper, average ener
   559            40             0.2000        0.000000            73.252692     -3230.1985636097
   559            80             0.4000        0.000000             7.837755     -3244.4054685446
   559           120             0.6000        0.000000             1.111750     -3245.7985157165
   559           160             0.8000        0.000000             0.329517     -3246.0204636795
   559           200             1.0000        0.000000             0.135378     -3246.0917756439
   559           240             1.2000        0.000000             0.072612     -3246.1229811892
   559           280             1.4000        0.000000             0.042187     -3246.1398960720
   559           320             1.6000        0.000000             0.025394     -3246.1496537695
   559           360             1.8000        0.000000             0.015098     -3246.1554448167
   559           400             2.0000        0.000000             0.009268     -3246.1589215996
   559           440             2.2000        0.000000             0.005660     -3246.1610446356
   559           480             2.4000        0.000000             0.003532     -3246.1623468728
   559           520             2.6000        0.000000             0.002206     -3246.1631610779
   559           560             2.8000        0.000000             0.001406     -3246.1636728783
   559           600             3.0000        0.000000             0.000930     -3246.1639982768
   559           640             3.2000        0.000000             0.000591     -3246.1642114773
   559           680             3.4000        0.000000             0.000394     -3246.1643468316
   559           720             3.6000        0.000000             0.000260     -3246.1644362388
   559           760             3.8000        0.000000             0.000168     -3246.1644957238
   559           800             4.0000        0.000000             0.000114     -3246.1645347271
   559           840             4.2000        0.000000             0.000078     -3246.1645614551
   559           880             4.4000        0.000000             0.000054     -3246.1645797372
   559           920             4.6000        0.000000             0.000038     -3246.1645925397
   559           960             4.8000        0.000000             0.000028     -3246.1646016972
   559          1000             5.0000        0.000000             0.000022     -3246.1646083156
   559          1040             5.2000        0.000000             0.000015     -3246.1646132712
   559          1080             5.4000        0.000000             0.000011     -3246.1646168521
   559          1120             5.6000        0.000000             0.000008     -3246.1646194478
   559          1160             5.8000        0.000000             0.000006     -3246.1646213862
   559          1200             6.0000        0.000000             0.000005     -3246.1646228148
   559          1240             6.2000        0.000000             0.000003     -3246.1646238990
   559          1280             6.4000        0.000000             0.000003     -3246.1646247135
   559          1320             6.6000        0.000000             0.000002     -3246.1646253223
   559          1360             6.8000        0.000000             0.000002     -3246.1646257950
   559          1400             7.0000        0.000000             0.000001     -3246.1646261549
   559          1440             7.2000        0.000000             0.000001     -3246.1646264265
   559          1480             7.4000        0.000000             0.000001     -3246.1646266307
   559          1520             7.6000        0.000000             0.000001     -3246.1646267871
   559          1560             7.8000        0.000000             0.000000     -3246.1646269085
   559          1600             8.0000        0.000000             0.000000     -3246.1646270001
   559          1640             8.2000        0.000000             0.000000     -3246.1646270698
   559          1680             8.4000        0.000000             0.000000     -3246.1646271236
   559          1720             8.6000        0.000000             0.000000     -3246.1646271647
   559          1760             8.8000        0.000000             0.000000     -3246.1646271958
   559          1800             9.0000        0.000000             0.000000     -3246.1646272202
   559          1840             9.2000        0.000000             0.000000     -3246.1646272396
   559          1880             9.4000        0.000000             0.000000     -3246.1646272541
   559          1920             9.6000        0.000000             0.000000     -3246.1646272655
   559          1960             9.8000        0.000000             0.000000     -3246.1646272743
   559          2000            10.0000        0.000000             0.000000     -3246.1646272810
   559          2040            10.2000        0.000000             0.000000     -3246.1646272860
   559          2080            10.4000        0.000000             0.000000     -3246.1646272899
   559          2120            10.6000        0.000000             0.000000     -3246.1646272928
   559          2160            10.8000        0.000000             0.000000     -3246.1646272951
   559          2200            11.0000        0.000000             0.000000     -3246.1646272968
   559          2240            11.2000        0.000000             0.000000     -3246.1646272982
   559          2280            11.4000        0.000000             0.000000     -3246.1646272992
   559          2320            11.6000        0.000000             0.000000     -3246.1646273001
   559          2360            11.8000        0.000000             0.000000     -3246.1646273007
   559          2400            12.0000        0.000000             0.000000     -3246.1646273012
   559          2440            12.2000        0.000000             0.000000     -3246.1646273016
   559          2480            12.4000        0.000000             0.000000     -3246.1646273020
   559          2520            12.6000        0.000000             0.000000     -3246.1646273022
   559          2560            12.8000        0.000000             0.000000     -3246.1646273024
   559          2600            13.0000        0.000000             0.000000     -3246.1646273025
   559          2640            13.2000        0.000000             0.000000     -3246.1646273027
   559          2680            13.4000        0.000000             0.000000     -3246.1646273028
   559          2720            13.6000        0.000000             0.000000     -3246.1646273028
   559          2760            13.8000        0.000000             0.000000     -3246.1646273029
   559          2800            14.0000        0.000000             0.000000     -3246.1646273030
   559          2840            14.2000        0.000000             0.000000     -3246.1646273030
   559          2880            14.4000        0.000000             0.000000     -3246.1646273030
   559          2920            14.6000        0.000000             0.000000     -3246.1646273031
   559          2960            14.8000        0.000000             0.000000     -3246.1646273031
   559          3000            15.0000        0.000000             0.000000     -3246.1646273031
   559          3040            15.2000        0.000000             0.000000     -3246.1646273031
   559          3080            15.4000        0.000000             0.000000     -3246.1646273031
   559          3120            15.6000        0.000000             0.000000     -3246.1646273031
   559          3160            15.8000        0.000000             0.000000     -3246.1646273031
   559          3200            16.0000        0.000000             0.000000     -3246.1646273031
   559          3240            16.2000        0.000000             0.000000     -3246.1646273031
   559          3280            16.4000        0.000000             0.000000     -3246.1646273032
   559          3320            16.6000        0.000000             0.000000     -3246.1646273032
   559          3360            16.8000        0.000000             0.000000     -3246.1646273032
   559          3400            17.0000        0.000000             0.000000     -3246.1646273032
   559          3440            17.2000        0.000000             0.000000     -3246.1646273032
   559          3480            17.4000        0.000000             0.000000     -3246.1646273032
   559          3520            17.6000        0.000000             0.000000     -3246.1646273032
   559          3560            17.8000        0.000000             0.000000     -3246.1646273032
   559          3600            18.0000        0.000000             0.000000     -3246.1646273032
   559          3640            18.2000        0.000000             0.000000     -3246.1646273032
   559          3680            18.4000        0.000000             0.000000     -3246.1646273032
   559          3720            18.6000        0.000000             0.000000     -3246.1646273032
   559          3760            18.8000        0.000000             0.000000     -3246.1646273032
   559          3800            19.0000        0.000000             0.000000     -3246.1646273032
   559          3840            19.2000        0.000000             0.000000     -3246.1646273032
   559          3880            19.4000        0.000000             0.000000     -3246.1646273032
   559          3920            19.6000        0.000000             0.000000     -3246.1646273032
   559          3960            19.8000        0.000000             0.000000     -3246.1646273032
   559          4000            20.0000        0.000000             0.000000     -3246.1646273032
