 #uni, ipas, time, temp, average temper, average ener
   559            40             0.2000        0.000000            73.263302     -3230.1691276994
   559            80             0.4000        0.000000             7.841180     -3244.3738041044
   559           120             0.6000        0.000000             1.111082     -3245.7656352272
   559           160             0.8000        0.000000             0.329317     -3245.9879167672
   559           200             1.0000        0.000000             0.136219     -3246.0589220084
   559           240             1.2000        0.000000             0.073738     -3246.0903164122
   559           280             1.4000        0.000000             0.041472     -3246.1073240459
   559           320             1.6000        0.000000             0.025142     -3246.1169778694
   559           360             1.8000        0.000000             0.015641     -3246.1227349312
   559           400             2.0000        0.000000             0.009346     -3246.1262643839
   559           440             2.2000        0.000000             0.005601     -3246.1283783968
   559           480             2.4000        0.000000             0.003483     -3246.1296612578
   559           520             2.6000        0.000000             0.002173     -3246.1304570764
   559           560             2.8000        0.000000             0.001383     -3246.1309535430
   559           600             3.0000        0.000000             0.000844     -3246.1312691401
   559           640             3.2000        0.000000             0.000553     -3246.1314659361
   559           680             3.4000        0.000000             0.000370     -3246.1315953012
   559           720             3.6000        0.000000             0.000247     -3246.1316809755
   559           760             3.8000        0.000000             0.000165     -3246.1317382073
   559           800             4.0000        0.000000             0.000107     -3246.1317763938
   559           840             4.2000        0.000000             0.000076     -3246.1318020159
   559           880             4.4000        0.000000             0.000054     -3246.1318200526
   559           920             4.6000        0.000000             0.000038     -3246.1318328226
   559           960             4.8000        0.000000             0.000027     -3246.1318418593
   559          1000             5.0000        0.000000             0.000020     -3246.1318483864
   559          1040             5.2000        0.000000             0.000015     -3246.1318532085
   559          1080             5.4000        0.000000             0.000011     -3246.1318567141
   559          1120             5.6000        0.000000             0.000008     -3246.1318593045
   559          1160             5.8000        0.000000             0.000006     -3246.1318612178
   559          1200             6.0000        0.000000             0.000004     -3246.1318626578
   559          1240             6.2000        0.000000             0.000003     -3246.1318637373
   559          1280             6.4000        0.000000             0.000003     -3246.1318645688
   559          1320             6.6000        0.000000             0.000002     -3246.1318651959
   559          1360             6.8000        0.000000             0.000001     -3246.1318656647
   559          1400             7.0000        0.000000             0.000001     -3246.1318660219
   559          1440             7.2000        0.000000             0.000001     -3246.1318662983
   559          1480             7.4000        0.000000             0.000001     -3246.1318665073
   559          1520             7.6000        0.000000             0.000001     -3246.1318666666
   559          1560             7.8000        0.000000             0.000000     -3246.1318667924
   559          1600             8.0000        0.000000             0.000000     -3246.1318668862
   559          1640             8.2000        0.000000             0.000000     -3246.1318669573
   559          1680             8.4000        0.000000             0.000000     -3246.1318670104
   559          1720             8.6000        0.000000             0.000000     -3246.1318670501
   559          1760             8.8000        0.000000             0.000000     -3246.1318670802
   559          1800             9.0000        0.000000             0.000000     -3246.1318671029
   559          1840             9.2000        0.000000             0.000000     -3246.1318671201
   559          1880             9.4000        0.000000             0.000000     -3246.1318671332
   559          1920             9.6000        0.000000             0.000000     -3246.1318671436
   559          1960             9.8000        0.000000             0.000000     -3246.1318671518
   559          2000            10.0000        0.000000             0.000000     -3246.1318671579
   559          2040            10.2000        0.000000             0.000000     -3246.1318671625
   559          2080            10.4000        0.000000             0.000000     -3246.1318671659
   559          2120            10.6000        0.000000             0.000000     -3246.1318671684
   559          2160            10.8000        0.000000             0.000000     -3246.1318671703
   559          2200            11.0000        0.000000             0.000000     -3246.1318671718
   559          2240            11.2000        0.000000             0.000000     -3246.1318671729
   559          2280            11.4000        0.000000             0.000000     -3246.1318671737
   559          2320            11.6000        0.000000             0.000000     -3246.1318671744
   559          2360            11.8000        0.000000             0.000000     -3246.1318671749
   559          2400            12.0000        0.000000             0.000000     -3246.1318671753
   559          2440            12.2000        0.000000             0.000000     -3246.1318671756
   559          2480            12.4000        0.000000             0.000000     -3246.1318671758
   559          2520            12.6000        0.000000             0.000000     -3246.1318671760
   559          2560            12.8000        0.000000             0.000000     -3246.1318671762
   559          2600            13.0000        0.000000             0.000000     -3246.1318671763
   559          2640            13.2000        0.000000             0.000000     -3246.1318671763
   559          2680            13.4000        0.000000             0.000000     -3246.1318671764
   559          2720            13.6000        0.000000             0.000000     -3246.1318671764
   559          2760            13.8000        0.000000             0.000000     -3246.1318671765
   559          2800            14.0000        0.000000             0.000000     -3246.1318671765
   559          2840            14.2000        0.000000             0.000000     -3246.1318671765
   559          2880            14.4000        0.000000             0.000000     -3246.1318671765
   559          2920            14.6000        0.000000             0.000000     -3246.1318671765
   559          2960            14.8000        0.000000             0.000000     -3246.1318671765
   559          3000            15.0000        0.000000             0.000000     -3246.1318671766
   559          3040            15.2000        0.000000             0.000000     -3246.1318671766
   559          3080            15.4000        0.000000             0.000000     -3246.1318671766
   559          3120            15.6000        0.000000             0.000000     -3246.1318671766
   559          3160            15.8000        0.000000             0.000000     -3246.1318671766
   559          3200            16.0000        0.000000             0.000000     -3246.1318671766
   559          3240            16.2000        0.000000             0.000000     -3246.1318671766
   559          3280            16.4000        0.000000             0.000000     -3246.1318671766
   559          3320            16.6000        0.000000             0.000000     -3246.1318671766
   559          3360            16.8000        0.000000             0.000000     -3246.1318671766
   559          3400            17.0000        0.000000             0.000000     -3246.1318671766
   559          3440            17.2000        0.000000             0.000000     -3246.1318671766
   559          3480            17.4000        0.000000             0.000000     -3246.1318671766
   559          3520            17.6000        0.000000             0.000000     -3246.1318671766
   559          3560            17.8000        0.000000             0.000000     -3246.1318671766
   559          3600            18.0000        0.000000             0.000000     -3246.1318671766
   559          3640            18.2000        0.000000             0.000000     -3246.1318671766
   559          3680            18.4000        0.000000             0.000000     -3246.1318671766
   559          3720            18.6000        0.000000             0.000000     -3246.1318671766
   559          3760            18.8000        0.000000             0.000000     -3246.1318671766
   559          3800            19.0000        0.000000             0.000000     -3246.1318671766
   559          3840            19.2000        0.000000             0.000000     -3246.1318671766
   559          3880            19.4000        0.000000             0.000000     -3246.1318671766
   559          3920            19.6000        0.000000             0.000000     -3246.1318671766
   559          3960            19.8000        0.000000             0.000000     -3246.1318671766
   559          4000            20.0000        0.000000             0.000000     -3246.1318671766
