 #uni, ipas, time, temp, average temper, average ener
   584            40             0.2000        0.000000            66.214824     -3330.1488765552
   584            80             0.4000        0.000000             7.221359     -3343.5789187229
   584           120             0.6000        0.000000             1.153774     -3344.9584199403
   584           160             0.8000        0.000000             0.304453     -3345.1912263834
   584           200             1.0000        0.000000             0.101363     -3345.2567403830
   584           240             1.2000        0.000000             0.043274     -3345.2798334685
   584           280             1.4000        0.000000             0.021224     -3345.2899480315
   584           320             1.6000        0.000000             0.010370     -3345.2948475094
   584           360             1.8000        0.000000             0.005724     -3345.2972981162
   584           400             2.0000        0.000000             0.003334     -3345.2986549278
   584           440             2.2000        0.000000             0.002032     -3345.2994502335
   584           480             2.4000        0.000000             0.001344     -3345.2999438243
   584           520             2.6000        0.000000             0.000926     -3345.3002718602
   584           560             2.8000        0.000000             0.000675     -3345.3004977674
   584           600             3.0000        0.000000             0.000479     -3345.3006629109
   584           640             3.2000        0.000000             0.000351     -3345.3007810237
   584           680             3.4000        0.000000             0.000274     -3345.3008678756
   584           720             3.6000        0.000000             0.000198     -3345.3009344865
   584           760             3.8000        0.000000             0.000150     -3345.3009837354
   584           800             4.0000        0.000000             0.000114     -3345.3010210026
   584           840             4.2000        0.000000             0.000086     -3345.3010493923
   584           880             4.4000        0.000000             0.000065     -3345.3010708662
   584           920             4.6000        0.000000             0.000054     -3345.3010872320
   584           960             4.8000        0.000000             0.000041     -3345.3011002819
   584          1000             5.0000        0.000000             0.000031     -3345.3011103978
   584          1040             5.2000        0.000000             0.000024     -3345.3011180315
   584          1080             5.4000        0.000000             0.000018     -3345.3011239774
   584          1120             5.6000        0.000000             0.000014     -3345.3011284962
   584          1160             5.8000        0.000000             0.000012     -3345.3011320286
   584          1200             6.0000        0.000000             0.000009     -3345.3011349397
   584          1240             6.2000        0.000000             0.000007     -3345.3011371292
   584          1280             6.4000        0.000000             0.000005     -3345.3011387883
   584          1320             6.6000        0.000000             0.000004     -3345.3011400466
   584          1360             6.8000        0.000000             0.000003     -3345.3011410308
   584          1400             7.0000        0.000000             0.000002     -3345.3011417716
   584          1440             7.2000        0.000000             0.000002     -3345.3011423398
   584          1480             7.4000        0.000000             0.000001     -3345.3011427855
   584          1520             7.6000        0.000000             0.000001     -3345.3011431292
   584          1560             7.8000        0.000000             0.000001     -3345.3011434014
   584          1600             8.0000        0.000000             0.000001     -3345.3011436072
   584          1640             8.2000        0.000000             0.000001     -3345.3011437669
   584          1680             8.4000        0.000000             0.000000     -3345.3011438946
   584          1720             8.6000        0.000000             0.000000     -3345.3011439940
   584          1760             8.8000        0.000000             0.000000     -3345.3011440679
   584          1800             9.0000        0.000000             0.000000     -3345.3011441245
   584          1840             9.2000        0.000000             0.000000     -3345.3011441690
   584          1880             9.4000        0.000000             0.000000     -3345.3011442041
   584          1920             9.6000        0.000000             0.000000     -3345.3011442315
   584          1960             9.8000        0.000000             0.000000     -3345.3011442528
   584          2000            10.0000        0.000000             0.000000     -3345.3011442701
   584          2040            10.2000        0.000000             0.000000     -3345.3011442832
   584          2080            10.4000        0.000000             0.000000     -3345.3011442932
   584          2120            10.6000        0.000000             0.000000     -3345.3011443009
   584          2160            10.8000        0.000000             0.000000     -3345.3011443071
   584          2200            11.0000        0.000000             0.000000     -3345.3011443118
   584          2240            11.2000        0.000000             0.000000     -3345.3011443155
   584          2280            11.4000        0.000000             0.000000     -3345.3011443184
   584          2320            11.6000        0.000000             0.000000     -3345.3011443206
   584          2360            11.8000        0.000000             0.000000     -3345.3011443224
   584          2400            12.0000        0.000000             0.000000     -3345.3011443237
   584          2440            12.2000        0.000000             0.000000     -3345.3011443248
   584          2480            12.4000        0.000000             0.000000     -3345.3011443257
   584          2520            12.6000        0.000000             0.000000     -3345.3011443263
   584          2560            12.8000        0.000000             0.000000     -3345.3011443268
   584          2600            13.0000        0.000000             0.000000     -3345.3011443272
   584          2640            13.2000        0.000000             0.000000     -3345.3011443275
   584          2680            13.4000        0.000000             0.000000     -3345.3011443278
   584          2720            13.6000        0.000000             0.000000     -3345.3011443280
   584          2760            13.8000        0.000000             0.000000     -3345.3011443281
   584          2800            14.0000        0.000000             0.000000     -3345.3011443283
   584          2840            14.2000        0.000000             0.000000     -3345.3011443283
   584          2880            14.4000        0.000000             0.000000     -3345.3011443284
   584          2920            14.6000        0.000000             0.000000     -3345.3011443285
   584          2960            14.8000        0.000000             0.000000     -3345.3011443285
   584          3000            15.0000        0.000000             0.000000     -3345.3011443285
   584          3040            15.2000        0.000000             0.000000     -3345.3011443286
   584          3080            15.4000        0.000000             0.000000     -3345.3011443286
   584          3120            15.6000        0.000000             0.000000     -3345.3011443286
   584          3160            15.8000        0.000000             0.000000     -3345.3011443286
   584          3200            16.0000        0.000000             0.000000     -3345.3011443286
   584          3240            16.2000        0.000000             0.000000     -3345.3011443286
   584          3280            16.4000        0.000000             0.000000     -3345.3011443287
   584          3320            16.6000        0.000000             0.000000     -3345.3011443287
   584          3360            16.8000        0.000000             0.000000     -3345.3011443287
   584          3400            17.0000        0.000000             0.000000     -3345.3011443287
   584          3440            17.2000        0.000000             0.000000     -3345.3011443287
   584          3480            17.4000        0.000000             0.000000     -3345.3011443287
   584          3520            17.6000        0.000000             0.000000     -3345.3011443287
   584          3560            17.8000        0.000000             0.000000     -3345.3011443287
   584          3600            18.0000        0.000000             0.000000     -3345.3011443287
   584          3640            18.2000        0.000000             0.000000     -3345.3011443287
   584          3680            18.4000        0.000000             0.000000     -3345.3011443287
   584          3720            18.6000        0.000000             0.000000     -3345.3011443287
   584          3760            18.8000        0.000000             0.000000     -3345.3011443287
   584          3800            19.0000        0.000000             0.000000     -3345.3011443287
   584          3840            19.2000        0.000000             0.000000     -3345.3011443287
   584          3880            19.4000        0.000000             0.000000     -3345.3011443287
   584          3920            19.6000        0.000000             0.000000     -3345.3011443287
   584          3960            19.8000        0.000000             0.000000     -3345.3011443287
   584          4000            20.0000        0.000000             0.000000     -3345.3011443287
