 #uni, ipas, time, temp, average temper, average ener
   128           200             1.0000        0.000000             0.331430      -720.9654281104
   128           400             2.0000        0.000000             0.005652      -720.9817707298
   128           600             3.0000        0.000000             0.004309      -720.9828860365
   128           800             4.0000        0.000000             0.004427      -720.9838218469
   128          1000             5.0000        0.000000             0.003774      -720.9847048297
   128          1200             6.0000        0.000000             0.003626      -720.9855531722
   128          1400             7.0000        0.000000             0.003391      -720.9863440216
   128          1600             8.0000        0.000000             0.003124      -720.9871081240
   128          1800             9.0000        0.000000             0.002926      -720.9878252967
   128          2000            10.0000        0.000000             0.003142      -720.9885373369
   128          2200            11.0000        0.000000             0.002927      -720.9892589059
   128          2400            12.0000        0.000000             0.002928      -720.9899261026
   128          2600            13.0000        0.000000             0.002767      -720.9905984479
   128          2800            14.0000        0.000000             0.002812      -720.9912264974
   128          3000            15.0000        0.000000             0.002655      -720.9918570259
   128          3200            16.0000        0.000000             0.002165      -720.9924238199
   128          3400            17.0000        0.000000             0.002186      -720.9929404702
   128          3600            18.0000        0.000000             0.001993      -720.9934347420
   128          3800            19.0000        0.000000             0.001805      -720.9938991162
   128          4000            20.0000        0.000000             0.001727      -720.9943231729
   128          4200            21.0000        0.000000             0.001531      -720.9947227366
   128          4400            22.0000        0.000000             0.001551      -720.9950915767
   128          4600            23.0000        0.000000             0.001392      -720.9954399925
   128          4800            24.0000        0.000000             0.001236      -720.9957545127
   128          5000            25.0000        0.000000             0.001126      -720.9960372423
   128          5200            26.0000        0.000000             0.001158      -720.9963056734
   128          5400            27.0000        0.000000             0.000932      -720.9965542518
   128          5600            28.0000        0.000000             0.000838      -720.9967680827
   128          5800            29.0000        0.000000             0.000711      -720.9969587338
   128          6000            30.0000        0.000000             0.000709      -720.9971321717
   128          6200            31.0000        0.000000             0.000639      -720.9972932085
   128          6400            32.0000        0.000000             0.000591      -720.9974404756
   128          6600            33.0000        0.000000             0.000530      -720.9975737304
   128          6800            34.0000        0.000000             0.000461      -720.9976908589
   128          7000            35.0000        0.000000             0.000405      -720.9977964276
   128          7200            36.0000        0.000000             0.000381      -720.9978891365
   128          7400            37.0000        0.000000             0.000313      -720.9979734242
   128          7600            38.0000        0.000000             0.000297      -720.9980469092
   128          7800            39.0000        0.000000             0.000261      -720.9981138592
   128          8000            40.0000        0.000000             0.000231      -720.9981726127
   128          8200            41.0000        0.000000             0.000209      -720.9982245862
   128          8400            42.0000        0.000000             0.000178      -720.9982715973
   128          8600            43.0000        0.000000             0.000169      -720.9983131861
   128          8800            44.0000        0.000000             0.000146      -720.9983499920
   128          9000            45.0000        0.000000             0.000136      -720.9983833467
   128          9200            46.0000        0.000000             0.000109      -720.9984118817
   128          9400            47.0000        0.000000             0.000099      -720.9984369591
   128          9600            48.0000        0.000000             0.000085      -720.9984589821
   128          9800            49.0000        0.000000             0.000075      -720.9984783133
   128         10000            50.0000        0.000000             0.000064      -720.9984951632
   128         10200            51.0000        0.000000             0.000059      -720.9985101692
   128         10400            52.0000        0.000000             0.000050      -720.9985233147
   128         10600            53.0000        0.000000             0.000047      -720.9985350626
   128         10800            54.0000        0.000000             0.000039      -720.9985455440
   128         11000            55.0000        0.000000             0.000036      -720.9985545697
   128         11200            56.0000        0.000000             0.000031      -720.9985627532
   128         11400            57.0000        0.000000             0.000026      -720.9985697107
   128         11600            58.0000        0.000000             0.000024      -720.9985758001
   128         11800            59.0000        0.000000             0.000021      -720.9985813226
   128         12000            60.0000        0.000000             0.000020      -720.9985861791
   128         12200            61.0000        0.000000             0.000016      -720.9985904246
   128         12400            62.0000        0.000000             0.000015      -720.9985941773
   128         12600            63.0000        0.000000             0.000012      -720.9985974329
   128         12800            64.0000        0.000000             0.000011      -720.9986002660
   128         13000            65.0000        0.000000             0.000010      -720.9986027531
   128         13200            66.0000        0.000000             0.000009      -720.9986049408
   128         13400            67.0000        0.000000             0.000007      -720.9986068891
   128         13600            68.0000        0.000000             0.000007      -720.9986085897
   128         13800            69.0000        0.000000             0.000006      -720.9986101083
   128         14000            70.0000        0.000000             0.000005      -720.9986114403
   128         14200            71.0000        0.000000             0.000005      -720.9986126125
   128         14400            72.0000        0.000000             0.000004      -720.9986136226
   128         14600            73.0000        0.000000             0.000003      -720.9986144968
   128         14800            74.0000        0.000000             0.000003      -720.9986152526
   128         15000            75.0000        0.000000             0.000002      -720.9986159054
   128         15200            76.0000        0.000000             0.000002      -720.9986164695
   128         15400            77.0000        0.000000             0.000002      -720.9986169735
   128         15600            78.0000        0.000000             0.000002      -720.9986174132
   128         15800            79.0000        0.000000             0.000001      -720.9986178025
   128         16000            80.0000        0.000000             0.000001      -720.9986181465
   128         16200            81.0000        0.000000             0.000001      -720.9986184612
   128         16400            82.0000        0.000000             0.000001      -720.9986187319
   128         16600            83.0000        0.000000             0.000001      -720.9986189539
   128         16800            84.0000        0.000000             0.000001      -720.9986191528
   128         17000            85.0000        0.000000             0.000001      -720.9986193258
   128         17200            86.0000        0.000000             0.000001      -720.9986194770
   128         17400            87.0000        0.000000             0.000000      -720.9986196055
   128         17600            88.0000        0.000000             0.000000      -720.9986197189
   128         17800            89.0000        0.000000             0.000000      -720.9986198236
   128         18000            90.0000        0.000000             0.000000      -720.9986199164
   128         18200            91.0000        0.000000             0.000000      -720.9986199966
   128         18400            92.0000        0.000000             0.000000      -720.9986200676
   128         18600            93.0000        0.000000             0.000000      -720.9986201304
   128         18800            94.0000        0.000000             0.000000      -720.9986201847
   128         19000            95.0000        0.000000             0.000000      -720.9986202313
   128         19200            96.0000        0.000000             0.000000      -720.9986202734
   128         19400            97.0000        0.000000             0.000000      -720.9986203092
   128         19600            98.0000        0.000000             0.000000      -720.9986203405
   128         19800            99.0000        0.000000             0.000000      -720.9986203680
   128         20000           100.0000        0.000000             0.000000      -720.9986203919
