 #uni, ipas, time, temp, average temper, average ener
   128           200             1.0000        0.000000             0.979569      -720.8234371070
   128           400             2.0000        0.000000             0.000458      -720.8525901286
   128           600             3.0000        0.000000             0.000567      -720.8526890982
   128           800             4.0000        0.000000             0.000363      -720.8527887140
   128          1000             5.0000        0.000000             0.000468      -720.8528791501
   128          1200             6.0000        0.000000             0.000453      -720.8529789436
   128          1400             7.0000        0.000000             0.000475      -720.8530824536
   128          1600             8.0000        0.000000             0.000538      -720.8531931885
   128          1800             9.0000        0.000000             0.000559      -720.8533152563
   128          2000            10.0000        0.000000             0.000563      -720.8534353181
   128          2200            11.0000        0.000000             0.000686      -720.8535707156
   128          2400            12.0000        0.000000             0.000593      -720.8537089631
   128          2600            13.0000        0.000000             0.000970      -720.8538654884
   128          2800            14.0000        0.000000             0.000803      -720.8540403165
   128          3000            15.0000        0.000000             0.000829      -720.8542151252
   128          3200            16.0000        0.000000             0.000917      -720.8543935680
   128          3400            17.0000        0.000000             0.000973      -720.8545897333
   128          3600            18.0000        0.000000             0.000975      -720.8548002989
   128          3800            19.0000        0.000000             0.001022      -720.8550148620
   128          4000            20.0000        0.000000             0.001139      -720.8552512788
   128          4200            21.0000        0.000000             0.001113      -720.8554897102
   128          4400            22.0000        0.000000             0.001119      -720.8557421728
   128          4600            23.0000        0.000000             0.001403      -720.8560097765
   128          4800            24.0000        0.000000             0.001630      -720.8563207467
   128          5000            25.0000        0.000000             0.001227      -720.8566308820
   128          5200            26.0000        0.000000             0.001629      -720.8569384645
   128          5400            27.0000        0.000000             0.001573      -720.8573011841
   128          5600            28.0000        0.000000             0.001793      -720.8576598632
   128          5800            29.0000        0.000000             0.001909      -720.8580509132
   128          6000            30.0000        0.000000             0.002056      -720.8584811091
   128          6200            31.0000        0.000000             0.002396      -720.8589480622
   128          6400            32.0000        0.000000             0.002520      -720.8594663405
   128          6600            33.0000        0.000000             0.002355      -720.8599922036
   128          6800            34.0000        0.000000             0.002244      -720.8605153948
   128          7000            35.0000        0.000000             0.002747      -720.8610672784
   128          7200            36.0000        0.000000             0.002842      -720.8616912724
   128          7400            37.0000        0.000000             0.003490      -720.8623694919
   128          7600            38.0000        0.000000             0.004202      -720.8631384057
   128          7800            39.0000        0.000000             0.003865      -720.8639888066
   128          8000            40.0000        0.000000             0.003582      -720.8648357968
   128          8200            41.0000        0.000000             0.004470      -720.8657309374
   128          8400            42.0000        0.000000             0.004443      -720.8667116590
   128          8600            43.0000        0.000000             0.005815      -720.8677840688
   128          8800            44.0000        0.000000             0.006184      -720.8690275669
   128          9000            45.0000        0.000000             0.006736      -720.8703687957
   128          9200            46.0000        0.000000             0.008129      -720.8718480981
   128          9400            47.0000        0.000000             0.008471      -720.8735106462
   128          9600            48.0000        0.000000             0.008113      -720.8752754093
   128          9800            49.0000        0.000000             0.009903      -720.8772001144
   128         10000            50.0000        0.000000             0.011001      -720.8793426568
   128         10200            51.0000        0.000000             0.012512      -720.8817645037
   128         10400            52.0000        0.000000             0.012402      -720.8844056951
   128         10600            53.0000        0.000000             0.012678      -720.8872137389
   128         10800            54.0000        0.000000             0.017625      -720.8903976688
   128         11000            55.0000        0.000000             0.018922      -720.8941452664
   128         11200            56.0000        0.000000             0.022242      -720.8982321527
   128         11400            57.0000        0.000000             0.021942      -720.9029081626
   128         11600            58.0000        0.000000             0.030896      -720.9081948488
   128         11800            59.0000        0.000000             0.024584      -720.9141564024
   128         12000            60.0000        0.000000             0.028522      -720.9199233219
   128         12200            61.0000        0.000000             0.030393      -720.9262756985
   128         12400            62.0000        0.000000             0.030853      -720.9330877759
   128         12600            63.0000        0.000000             0.032994      -720.9397836221
   128         12800            64.0000        0.000000             0.034666      -720.9470307271
   128         13000            65.0000        0.000000             0.032066      -720.9540557899
   128         13200            66.0000        0.000000             0.028950      -720.9607891497
   128         13400            67.0000        0.000000             0.026644      -720.9667914868
   128         13600            68.0000        0.000000             0.023174      -720.9723802106
   128         13800            69.0000        0.000000             0.021075      -720.9772345317
   128         14000            70.0000        0.000000             0.019473      -720.9816313190
   128         14200            71.0000        0.000000             0.016401      -720.9854667906
   128         14400            72.0000        0.000000             0.012322      -720.9885804370
   128         14600            73.0000        0.000000             0.010465      -720.9912175984
   128         14800            74.0000        0.000000             0.008272      -720.9933101944
   128         15000            75.0000        0.000000             0.006350      -720.9950253550
   128         15200            76.0000        0.000000             0.006607      -720.9964573847
   128         15400            77.0000        0.000000             0.004252      -720.9976303417
   128         15600            78.0000        0.000000             0.003304      -720.9985033554
   128         15800            79.0000        0.000000             0.003182      -720.9992352469
   128         16000            80.0000        0.000000             0.002350      -720.9998100959
   128         16200            81.0000        0.000000             0.001793      -721.0002646977
   128         16400            82.0000        0.000000             0.001284      -721.0006124489
   128         16600            83.0000        0.000000             0.001025      -721.0008714059
   128         16800            84.0000        0.000000             0.000789      -721.0010772919
   128         17000            85.0000        0.000000             0.000647      -721.0012330265
   128         17200            86.0000        0.000000             0.000496      -721.0013590204
   128         17400            87.0000        0.000000             0.000379      -721.0014566723
   128         17600            88.0000        0.000000             0.000225      -721.0015234794
   128         17800            89.0000        0.000000             0.000183      -721.0015736080
   128         18000            90.0000        0.000000             0.000168      -721.0016135132
   128         18200            91.0000        0.000000             0.000123      -721.0016465237
   128         18400            92.0000        0.000000             0.000096      -721.0016714307
   128         18600            93.0000        0.000000             0.000077      -721.0016903286
   128         18800            94.0000        0.000000             0.000058      -721.0017049437
   128         19000            95.0000        0.000000             0.000040      -721.0017154298
   128         19200            96.0000        0.000000             0.000034      -721.0017237661
   128         19400            97.0000        0.000000             0.000025      -721.0017299442
   128         19600            98.0000        0.000000             0.000018      -721.0017346711
   128         19800            99.0000        0.000000             0.000011      -721.0017380494
   128         20000           100.0000        0.000000             0.000010      -721.0017404214
