 #uni, ipas, time, temp, average temper, average ener
   128           200             1.0000        0.000000             1.443827      -720.9656322241
   128           400             2.0000        0.000000             0.011898      -721.0351251846
   128           600             3.0000        0.000000             0.007216      -721.0371306522
   128           800             4.0000        0.000000             0.003475      -721.0382580141
   128          1000             5.0000        0.000000             0.002005      -721.0388265412
   128          1200             6.0000        0.000000             0.000877      -721.0391269215
   128          1400             7.0000        0.000000             0.000625      -721.0392931602
   128          1600             8.0000        0.000000             0.000391      -721.0393973032
   128          1800             9.0000        0.000000             0.000208      -721.0394578922
   128          2000            10.0000        0.000000             0.000120      -721.0394930692
   128          2200            11.0000        0.000000             0.000072      -721.0395147871
   128          2400            12.0000        0.000000             0.000046      -721.0395284884
   128          2600            13.0000        0.000000             0.000033      -721.0395375704
   128          2800            14.0000        0.000000             0.000022      -721.0395437680
   128          3000            15.0000        0.000000             0.000013      -721.0395479060
   128          3200            16.0000        0.000000             0.000010      -721.0395508049
   128          3400            17.0000        0.000000             0.000008      -721.0395529936
   128          3600            18.0000        0.000000             0.000006      -721.0395546711
   128          3800            19.0000        0.000000             0.000005      -721.0395560047
   128          4000            20.0000        0.000000             0.000004      -721.0395571142
   128          4200            21.0000        0.000000             0.000003      -721.0395580319
   128          4400            22.0000        0.000000             0.000003      -721.0395588268
   128          4600            23.0000        0.000000             0.000003      -721.0395595300
   128          4800            24.0000        0.000000             0.000002      -721.0395601156
   128          5000            25.0000        0.000000             0.000002      -721.0395606254
   128          5200            26.0000        0.000000             0.000002      -721.0395610964
   128          5400            27.0000        0.000000             0.000002      -721.0395615120
   128          5600            28.0000        0.000000             0.000001      -721.0395618741
   128          5800            29.0000        0.000000             0.000001      -721.0395622008
   128          6000            30.0000        0.000000             0.000001      -721.0395625024
   128          6200            31.0000        0.000000             0.000001      -721.0395627732
   128          6400            32.0000        0.000000             0.000001      -721.0395630196
   128          6600            33.0000        0.000000             0.000001      -721.0395632427
   128          6800            34.0000        0.000000             0.000001      -721.0395634453
   128          7000            35.0000        0.000000             0.000001      -721.0395636276
   128          7200            36.0000        0.000000             0.000001      -721.0395637888
   128          7400            37.0000        0.000000             0.000001      -721.0395639371
   128          7600            38.0000        0.000000             0.000001      -721.0395640846
   128          7800            39.0000        0.000000             0.000000      -721.0395642116
   128          8000            40.0000        0.000000             0.000000      -721.0395643221
   128          8200            41.0000        0.000000             0.000000      -721.0395644210
   128          8400            42.0000        0.000000             0.000000      -721.0395645107
   128          8600            43.0000        0.000000             0.000000      -721.0395645908
   128          8800            44.0000        0.000000             0.000000      -721.0395646663
   128          9000            45.0000        0.000000             0.000000      -721.0395647333
   128          9200            46.0000        0.000000             0.000000      -721.0395647958
   128          9400            47.0000        0.000000             0.000000      -721.0395648518
   128          9600            48.0000        0.000000             0.000000      -721.0395649050
   128          9800            49.0000        0.000000             0.000000      -721.0395649531
   128         10000            50.0000        0.000000             0.000000      -721.0395649957
   128         10200            51.0000        0.000000             0.000000      -721.0395650347
   128         10400            52.0000        0.000000             0.000000      -721.0395650706
   128         10600            53.0000        0.000000             0.000000      -721.0395651047
   128         10800            54.0000        0.000000             0.000000      -721.0395651345
   128         11000            55.0000        0.000000             0.000000      -721.0395651611
   128         11200            56.0000        0.000000             0.000000      -721.0395651854
   128         11400            57.0000        0.000000             0.000000      -721.0395652084
   128         11600            58.0000        0.000000             0.000000      -721.0395652275
   128         11800            59.0000        0.000000             0.000000      -721.0395652452
   128         12000            60.0000        0.000000             0.000000      -721.0395652617
   128         12200            61.0000        0.000000             0.000000      -721.0395652765
   128         12400            62.0000        0.000000             0.000000      -721.0395652896
   128         12600            63.0000        0.000000             0.000000      -721.0395653015
   128         12800            64.0000        0.000000             0.000000      -721.0395653124
   128         13000            65.0000        0.000000             0.000000      -721.0395653227
   128         13200            66.0000        0.000000             0.000000      -721.0395653321
   128         13400            67.0000        0.000000             0.000000      -721.0395653407
   128         13600            68.0000        0.000000             0.000000      -721.0395653485
   128         13800            69.0000        0.000000             0.000000      -721.0395653554
   128         14000            70.0000        0.000000             0.000000      -721.0395653616
   128         14200            71.0000        0.000000             0.000000      -721.0395653671
   128         14400            72.0000        0.000000             0.000000      -721.0395653723
   128         14600            73.0000        0.000000             0.000000      -721.0395653771
   128         14800            74.0000        0.000000             0.000000      -721.0395653814
   128         15000            75.0000        0.000000             0.000000      -721.0395653855
   128         15200            76.0000        0.000000             0.000000      -721.0395653891
   128         15400            77.0000        0.000000             0.000000      -721.0395653924
   128         15600            78.0000        0.000000             0.000000      -721.0395653954
   128         15800            79.0000        0.000000             0.000000      -721.0395653980
   128         16000            80.0000        0.000000             0.000000      -721.0395654004
   128         16200            81.0000        0.000000             0.000000      -721.0395654027
   128         16400            82.0000        0.000000             0.000000      -721.0395654048
   128         16600            83.0000        0.000000             0.000000      -721.0395654067
   128         16800            84.0000        0.000000             0.000000      -721.0395654084
   128         17000            85.0000        0.000000             0.000000      -721.0395654099
   128         17200            86.0000        0.000000             0.000000      -721.0395654112
   128         17400            87.0000        0.000000             0.000000      -721.0395654124
   128         17600            88.0000        0.000000             0.000000      -721.0395654136
   128         17800            89.0000        0.000000             0.000000      -721.0395654147
   128         18000            90.0000        0.000000             0.000000      -721.0395654157
   128         18200            91.0000        0.000000             0.000000      -721.0395654166
   128         18400            92.0000        0.000000             0.000000      -721.0395654174
   128         18600            93.0000        0.000000             0.000000      -721.0395654181
   128         18800            94.0000        0.000000             0.000000      -721.0395654188
   128         19000            95.0000        0.000000             0.000000      -721.0395654194
   128         19200            96.0000        0.000000             0.000000      -721.0395654199
   128         19400            97.0000        0.000000             0.000000      -721.0395654204
   128         19600            98.0000        0.000000             0.000000      -721.0395654208
   128         19800            99.0000        0.000000             0.000000      -721.0395654212
   128         20000           100.0000        0.000000             0.000000      -721.0395654216
