 #uni, ipas, time, temp, average temper, average ener
   128           200             1.0000        0.000000             1.736623      -720.9847448674
   128           400             2.0000        0.000000             0.000721      -721.0641416337
   128           600             3.0000        0.000000             0.000067      -721.0642052004
   128           800             4.0000        0.000000             0.000028      -721.0642163743
   128          1000             5.0000        0.000000             0.000019      -721.0642222024
   128          1200             6.0000        0.000000             0.000015      -721.0642263952
   128          1400             7.0000        0.000000             0.000012      -721.0642296361
   128          1600             8.0000        0.000000             0.000010      -721.0642323712
   128          1800             9.0000        0.000000             0.000008      -721.0642346927
   128          2000            10.0000        0.000000             0.000007      -721.0642366807
   128          2200            11.0000        0.000000             0.000006      -721.0642384070
   128          2400            12.0000        0.000000             0.000006      -721.0642399586
   128          2600            13.0000        0.000000             0.000005      -721.0642413549
   128          2800            14.0000        0.000000             0.000005      -721.0642426309
   128          3000            15.0000        0.000000             0.000005      -721.0642438620
   128          3200            16.0000        0.000000             0.000004      -721.0642449453
   128          3400            17.0000        0.000000             0.000004      -721.0642458929
   128          3600            18.0000        0.000000             0.000004      -721.0642467478
   128          3800            19.0000        0.000000             0.000003      -721.0642475603
   128          4000            20.0000        0.000000             0.000003      -721.0642482895
   128          4200            21.0000        0.000000             0.000002      -721.0642489248
   128          4400            22.0000        0.000000             0.000002      -721.0642494856
   128          4600            23.0000        0.000000             0.000002      -721.0642500069
   128          4800            24.0000        0.000000             0.000002      -721.0642504953
   128          5000            25.0000        0.000000             0.000002      -721.0642509255
   128          5200            26.0000        0.000000             0.000001      -721.0642513060
   128          5400            27.0000        0.000000             0.000002      -721.0642516627
   128          5600            28.0000        0.000000             0.000001      -721.0642519932
   128          5800            29.0000        0.000000             0.000001      -721.0642522780
   128          6000            30.0000        0.000000             0.000001      -721.0642525383
   128          6200            31.0000        0.000000             0.000001      -721.0642527841
   128          6400            32.0000        0.000000             0.000001      -721.0642530218
   128          6600            33.0000        0.000000             0.000001      -721.0642532204
   128          6800            34.0000        0.000000             0.000001      -721.0642533994
   128          7000            35.0000        0.000000             0.000001      -721.0642535636
   128          7200            36.0000        0.000000             0.000001      -721.0642537098
   128          7400            37.0000        0.000000             0.000001      -721.0642538463
   128          7600            38.0000        0.000000             0.000000      -721.0642539710
   128          7800            39.0000        0.000000             0.000000      -721.0642540845
   128          8000            40.0000        0.000000             0.000000      -721.0642541919
   128          8200            41.0000        0.000000             0.000000      -721.0642542887
   128          8400            42.0000        0.000000             0.000000      -721.0642543726
   128          8600            43.0000        0.000000             0.000000      -721.0642544501
   128          8800            44.0000        0.000000             0.000000      -721.0642545201
   128          9000            45.0000        0.000000             0.000000      -721.0642545886
   128          9200            46.0000        0.000000             0.000000      -721.0642546485
   128          9400            47.0000        0.000000             0.000000      -721.0642547017
   128          9600            48.0000        0.000000             0.000000      -721.0642547513
   128          9800            49.0000        0.000000             0.000000      -721.0642547945
   128         10000            50.0000        0.000000             0.000000      -721.0642548343
   128         10200            51.0000        0.000000             0.000000      -721.0642548700
   128         10400            52.0000        0.000000             0.000000      -721.0642549036
   128         10600            53.0000        0.000000             0.000000      -721.0642549343
   128         10800            54.0000        0.000000             0.000000      -721.0642549615
   128         11000            55.0000        0.000000             0.000000      -721.0642549881
   128         11200            56.0000        0.000000             0.000000      -721.0642550106
   128         11400            57.0000        0.000000             0.000000      -721.0642550304
   128         11600            58.0000        0.000000             0.000000      -721.0642550484
   128         11800            59.0000        0.000000             0.000000      -721.0642550660
   128         12000            60.0000        0.000000             0.000000      -721.0642550819
   128         12200            61.0000        0.000000             0.000000      -721.0642550957
   128         12400            62.0000        0.000000             0.000000      -721.0642551086
   128         12600            63.0000        0.000000             0.000000      -721.0642551196
   128         12800            64.0000        0.000000             0.000000      -721.0642551299
   128         13000            65.0000        0.000000             0.000000      -721.0642551394
   128         13200            66.0000        0.000000             0.000000      -721.0642551478
   128         13400            67.0000        0.000000             0.000000      -721.0642551555
   128         13600            68.0000        0.000000             0.000000      -721.0642551624
   128         13800            69.0000        0.000000             0.000000      -721.0642551687
   128         14000            70.0000        0.000000             0.000000      -721.0642551745
   128         14200            71.0000        0.000000             0.000000      -721.0642551799
   128         14400            72.0000        0.000000             0.000000      -721.0642551849
   128         14600            73.0000        0.000000             0.000000      -721.0642551893
   128         14800            74.0000        0.000000             0.000000      -721.0642551934
   128         15000            75.0000        0.000000             0.000000      -721.0642551972
   128         15200            76.0000        0.000000             0.000000      -721.0642552007
   128         15400            77.0000        0.000000             0.000000      -721.0642552038
   128         15600            78.0000        0.000000             0.000000      -721.0642552065
   128         15800            79.0000        0.000000             0.000000      -721.0642552089
   128         16000            80.0000        0.000000             0.000000      -721.0642552112
   128         16200            81.0000        0.000000             0.000000      -721.0642552132
   128         16400            82.0000        0.000000             0.000000      -721.0642552151
   128         16600            83.0000        0.000000             0.000000      -721.0642552168
   128         16800            84.0000        0.000000             0.000000      -721.0642552184
   128         17000            85.0000        0.000000             0.000000      -721.0642552199
   128         17200            86.0000        0.000000             0.000000      -721.0642552212
   128         17400            87.0000        0.000000             0.000000      -721.0642552223
   128         17600            88.0000        0.000000             0.000000      -721.0642552234
   128         17800            89.0000        0.000000             0.000000      -721.0642552244
   128         18000            90.0000        0.000000             0.000000      -721.0642552253
   128         18200            91.0000        0.000000             0.000000      -721.0642552261
   128         18400            92.0000        0.000000             0.000000      -721.0642552268
   128         18600            93.0000        0.000000             0.000000      -721.0642552275
   128         18800            94.0000        0.000000             0.000000      -721.0642552281
   128         19000            95.0000        0.000000             0.000000      -721.0642552286
   128         19200            96.0000        0.000000             0.000000      -721.0642552291
   128         19400            97.0000        0.000000             0.000000      -721.0642552296
   128         19600            98.0000        0.000000             0.000000      -721.0642552300
   128         19800            99.0000        0.000000             0.000000      -721.0642552304
   128         20000           100.0000        0.000000             0.000000      -721.0642552307
