 #uni, ipas, time, temp, average temper, average ener
   559            40             0.2000        0.000000            73.146187     -3230.2048326499
   559            80             0.4000        0.000000             7.843229     -3244.3948212931
   559           120             0.6000        0.000000             1.189636     -3245.7864931470
   559           160             0.8000        0.000000             0.332677     -3246.0171409190
   559           200             1.0000        0.000000             0.140795     -3246.0880587643
   559           240             1.2000        0.000000             0.074867     -3246.1202491681
   559           280             1.4000        0.000000             0.043026     -3246.1375593120
   559           320             1.6000        0.000000             0.025745     -3246.1475376851
   559           360             1.8000        0.000000             0.015535     -3246.1534682643
   559           400             2.0000        0.000000             0.009664     -3246.1570502424
   559           440             2.2000        0.000000             0.005928     -3246.1592428527
   559           480             2.4000        0.000000             0.003586     -3246.1605940868
   559           520             2.6000        0.000000             0.002302     -3246.1614172207
   559           560             2.8000        0.000000             0.001425     -3246.1619371039
   559           600             3.0000        0.000000             0.000884     -3246.1622588661
   559           640             3.2000        0.000000             0.000567     -3246.1624622047
   559           680             3.4000        0.000000             0.000368     -3246.1625919976
   559           720             3.6000        0.000000             0.000238     -3246.1626763104
   559           760             3.8000        0.000000             0.000158     -3246.1627317129
   559           800             4.0000        0.000000             0.000107     -3246.1627687395
   559           840             4.2000        0.000000             0.000075     -3246.1627937666
   559           880             4.4000        0.000000             0.000050     -3246.1628112399
   559           920             4.6000        0.000000             0.000036     -3246.1628232352
   559           960             4.8000        0.000000             0.000026     -3246.1628318490
   559          1000             5.0000        0.000000             0.000018     -3246.1628379578
   559          1040             5.2000        0.000000             0.000014     -3246.1628423830
   559          1080             5.4000        0.000000             0.000010     -3246.1628456551
   559          1120             5.6000        0.000000             0.000007     -3246.1628480444
   559          1160             5.8000        0.000000             0.000005     -3246.1628498178
   559          1200             6.0000        0.000000             0.000004     -3246.1628511325
   559          1240             6.2000        0.000000             0.000003     -3246.1628521349
   559          1280             6.4000        0.000000             0.000002     -3246.1628528909
   559          1320             6.6000        0.000000             0.000002     -3246.1628534568
   559          1360             6.8000        0.000000             0.000001     -3246.1628538823
   559          1400             7.0000        0.000000             0.000001     -3246.1628542050
   559          1440             7.2000        0.000000             0.000001     -3246.1628544526
   559          1480             7.4000        0.000000             0.000001     -3246.1628546437
   559          1520             7.6000        0.000000             0.000000     -3246.1628547919
   559          1560             7.8000        0.000000             0.000000     -3246.1628549037
   559          1600             8.0000        0.000000             0.000000     -3246.1628549886
   559          1640             8.2000        0.000000             0.000000     -3246.1628550538
   559          1680             8.4000        0.000000             0.000000     -3246.1628551036
   559          1720             8.6000        0.000000             0.000000     -3246.1628551411
   559          1760             8.8000        0.000000             0.000000     -3246.1628551705
   559          1800             9.0000        0.000000             0.000000     -3246.1628551930
   559          1840             9.2000        0.000000             0.000000     -3246.1628552098
   559          1880             9.4000        0.000000             0.000000     -3246.1628552227
   559          1920             9.6000        0.000000             0.000000     -3246.1628552326
   559          1960             9.8000        0.000000             0.000000     -3246.1628552401
   559          2000            10.0000        0.000000             0.000000     -3246.1628552459
   559          2040            10.2000        0.000000             0.000000     -3246.1628552502
   559          2080            10.4000        0.000000             0.000000     -3246.1628552536
   559          2120            10.6000        0.000000             0.000000     -3246.1628552562
   559          2160            10.8000        0.000000             0.000000     -3246.1628552581
   559          2200            11.0000        0.000000             0.000000     -3246.1628552596
   559          2240            11.2000        0.000000             0.000000     -3246.1628552608
   559          2280            11.4000        0.000000             0.000000     -3246.1628552617
   559          2320            11.6000        0.000000             0.000000     -3246.1628552623
   559          2360            11.8000        0.000000             0.000000     -3246.1628552628
   559          2400            12.0000        0.000000             0.000000     -3246.1628552632
   559          2440            12.2000        0.000000             0.000000     -3246.1628552635
   559          2480            12.4000        0.000000             0.000000     -3246.1628552638
   559          2520            12.6000        0.000000             0.000000     -3246.1628552639
   559          2560            12.8000        0.000000             0.000000     -3246.1628552641
   559          2600            13.0000        0.000000             0.000000     -3246.1628552642
   559          2640            13.2000        0.000000             0.000000     -3246.1628552643
   559          2680            13.4000        0.000000             0.000000     -3246.1628552643
   559          2720            13.6000        0.000000             0.000000     -3246.1628552644
   559          2760            13.8000        0.000000             0.000000     -3246.1628552644
   559          2800            14.0000        0.000000             0.000000     -3246.1628552644
   559          2840            14.2000        0.000000             0.000000     -3246.1628552645
   559          2880            14.4000        0.000000             0.000000     -3246.1628552645
   559          2920            14.6000        0.000000             0.000000     -3246.1628552645
   559          2960            14.8000        0.000000             0.000000     -3246.1628552645
   559          3000            15.0000        0.000000             0.000000     -3246.1628552645
   559          3040            15.2000        0.000000             0.000000     -3246.1628552645
   559          3080            15.4000        0.000000             0.000000     -3246.1628552645
   559          3120            15.6000        0.000000             0.000000     -3246.1628552645
   559          3160            15.8000        0.000000             0.000000     -3246.1628552645
   559          3200            16.0000        0.000000             0.000000     -3246.1628552645
   559          3240            16.2000        0.000000             0.000000     -3246.1628552645
   559          3280            16.4000        0.000000             0.000000     -3246.1628552645
   559          3320            16.6000        0.000000             0.000000     -3246.1628552645
   559          3360            16.8000        0.000000             0.000000     -3246.1628552645
   559          3400            17.0000        0.000000             0.000000     -3246.1628552645
   559          3440            17.2000        0.000000             0.000000     -3246.1628552645
   559          3480            17.4000        0.000000             0.000000     -3246.1628552645
   559          3520            17.6000        0.000000             0.000000     -3246.1628552645
   559          3560            17.8000        0.000000             0.000000     -3246.1628552645
   559          3600            18.0000        0.000000             0.000000     -3246.1628552645
   559          3640            18.2000        0.000000             0.000000     -3246.1628552645
   559          3680            18.4000        0.000000             0.000000     -3246.1628552645
   559          3720            18.6000        0.000000             0.000000     -3246.1628552645
   559          3760            18.8000        0.000000             0.000000     -3246.1628552645
   559          3800            19.0000        0.000000             0.000000     -3246.1628552645
   559          3840            19.2000        0.000000             0.000000     -3246.1628552645
   559          3880            19.4000        0.000000             0.000000     -3246.1628552645
   559          3920            19.6000        0.000000             0.000000     -3246.1628552645
   559          3960            19.8000        0.000000             0.000000     -3246.1628552645
   559          4000            20.0000        0.000000             0.000000     -3246.1628552645
