 #uni, ipas, time, temp, average temper, average ener
   128           200             1.0000        0.000000             0.369165      -720.9620204416
   128           400             2.0000        0.000000             0.002258      -720.9785182870
   128           600             3.0000        0.000000             0.001349      -720.9789410428
   128           800             4.0000        0.000000             0.000983      -720.9792106175
   128          1000             5.0000        0.000000             0.000617      -720.9793888399
   128          1200             6.0000        0.000000             0.000435      -720.9795025783
   128          1400             7.0000        0.000000             0.000371      -720.9795877246
   128          1600             8.0000        0.000000             0.000214      -720.9796464541
   128          1800             9.0000        0.000000             0.000165      -720.9796872930
   128          2000            10.0000        0.000000             0.000116      -720.9797162160
   128          2200            11.0000        0.000000             0.000084      -720.9797367405
   128          2400            12.0000        0.000000             0.000059      -720.9797515545
   128          2600            13.0000        0.000000             0.000047      -720.9797620713
   128          2800            14.0000        0.000000             0.000030      -720.9797694558
   128          3000            15.0000        0.000000             0.000023      -720.9797748603
   128          3200            16.0000        0.000000             0.000014      -720.9797786867
   128          3400            17.0000        0.000000             0.000011      -720.9797812469
   128          3600            18.0000        0.000000             0.000008      -720.9797831786
   128          3800            19.0000        0.000000             0.000005      -720.9797845687
   128          4000            20.0000        0.000000             0.000004      -720.9797855432
   128          4200            21.0000        0.000000             0.000003      -720.9797862698
   128          4400            22.0000        0.000000             0.000002      -720.9797867689
   128          4600            23.0000        0.000000             0.000001      -720.9797871250
   128          4800            24.0000        0.000000             0.000001      -720.9797873881
   128          5000            25.0000        0.000000             0.000001      -720.9797875959
   128          5200            26.0000        0.000000             0.000001      -720.9797877535
   128          5400            27.0000        0.000000             0.000000      -720.9797878653
   128          5600            28.0000        0.000000             0.000000      -720.9797879504
   128          5800            29.0000        0.000000             0.000000      -720.9797880150
   128          6000            30.0000        0.000000             0.000000      -720.9797880652
   128          6200            31.0000        0.000000             0.000000      -720.9797881050
   128          6400            32.0000        0.000000             0.000000      -720.9797881372
   128          6600            33.0000        0.000000             0.000000      -720.9797881631
   128          6800            34.0000        0.000000             0.000000      -720.9797881849
   128          7000            35.0000        0.000000             0.000000      -720.9797882030
   128          7200            36.0000        0.000000             0.000000      -720.9797882182
   128          7400            37.0000        0.000000             0.000000      -720.9797882313
   128          7600            38.0000        0.000000             0.000000      -720.9797882427
   128          7800            39.0000        0.000000             0.000000      -720.9797882524
   128          8000            40.0000        0.000000             0.000000      -720.9797882611
   128          8200            41.0000        0.000000             0.000000      -720.9797882683
   128          8400            42.0000        0.000000             0.000000      -720.9797882747
   128          8600            43.0000        0.000000             0.000000      -720.9797882805
   128          8800            44.0000        0.000000             0.000000      -720.9797882854
   128          9000            45.0000        0.000000             0.000000      -720.9797882898
   128          9200            46.0000        0.000000             0.000000      -720.9797882937
   128          9400            47.0000        0.000000             0.000000      -720.9797882972
   128          9600            48.0000        0.000000             0.000000      -720.9797883003
   128          9800            49.0000        0.000000             0.000000      -720.9797883032
   128         10000            50.0000        0.000000             0.000000      -720.9797883058
   128         10200            51.0000        0.000000             0.000000      -720.9797883081
   128         10400            52.0000        0.000000             0.000000      -720.9797883101
   128         10600            53.0000        0.000000             0.000000      -720.9797883120
   128         10800            54.0000        0.000000             0.000000      -720.9797883137
   128         11000            55.0000        0.000000             0.000000      -720.9797883152
   128         11200            56.0000        0.000000             0.000000      -720.9797883166
   128         11400            57.0000        0.000000             0.000000      -720.9797883179
   128         11600            58.0000        0.000000             0.000000      -720.9797883190
   128         11800            59.0000        0.000000             0.000000      -720.9797883201
   128         12000            60.0000        0.000000             0.000000      -720.9797883211
   128         12200            61.0000        0.000000             0.000000      -720.9797883219
   128         12400            62.0000        0.000000             0.000000      -720.9797883226
   128         12600            63.0000        0.000000             0.000000      -720.9797883233
   128         12800            64.0000        0.000000             0.000000      -720.9797883240
   128         13000            65.0000        0.000000             0.000000      -720.9797883245
   128         13200            66.0000        0.000000             0.000000      -720.9797883250
   128         13400            67.0000        0.000000             0.000000      -720.9797883255
   128         13600            68.0000        0.000000             0.000000      -720.9797883259
   128         13800            69.0000        0.000000             0.000000      -720.9797883263
   128         14000            70.0000        0.000000             0.000000      -720.9797883266
   128         14200            71.0000        0.000000             0.000000      -720.9797883270
   128         14400            72.0000        0.000000             0.000000      -720.9797883272
   128         14600            73.0000        0.000000             0.000000      -720.9797883275
   128         14800            74.0000        0.000000             0.000000      -720.9797883278
   128         15000            75.0000        0.000000             0.000000      -720.9797883280
   128         15200            76.0000        0.000000             0.000000      -720.9797883282
   128         15400            77.0000        0.000000             0.000000      -720.9797883284
   128         15600            78.0000        0.000000             0.000000      -720.9797883286
   128         15800            79.0000        0.000000             0.000000      -720.9797883287
   128         16000            80.0000        0.000000             0.000000      -720.9797883289
   128         16200            81.0000        0.000000             0.000000      -720.9797883290
   128         16400            82.0000        0.000000             0.000000      -720.9797883291
   128         16600            83.0000        0.000000             0.000000      -720.9797883292
   128         16800            84.0000        0.000000             0.000000      -720.9797883293
   128         17000            85.0000        0.000000             0.000000      -720.9797883294
   128         17200            86.0000        0.000000             0.000000      -720.9797883295
   128         17400            87.0000        0.000000             0.000000      -720.9797883295
   128         17600            88.0000        0.000000             0.000000      -720.9797883296
   128         17800            89.0000        0.000000             0.000000      -720.9797883297
   128         18000            90.0000        0.000000             0.000000      -720.9797883297
   128         18200            91.0000        0.000000             0.000000      -720.9797883298
   128         18400            92.0000        0.000000             0.000000      -720.9797883298
   128         18600            93.0000        0.000000             0.000000      -720.9797883298
   128         18800            94.0000        0.000000             0.000000      -720.9797883299
   128         19000            95.0000        0.000000             0.000000      -720.9797883299
   128         19200            96.0000        0.000000             0.000000      -720.9797883299
   128         19400            97.0000        0.000000             0.000000      -720.9797883300
   128         19600            98.0000        0.000000             0.000000      -720.9797883300
   128         19800            99.0000        0.000000             0.000000      -720.9797883300
   128         20000           100.0000        0.000000             0.000000      -720.9797883300
