 #uni, ipas, time, temp, average temper, average ener
   559            40             0.2000        0.000000            73.315548     -3230.1758024116
   559            80             0.4000        0.000000             7.771100     -3244.3873336073
   559           120             0.6000        0.000000             1.089120     -3245.7725289979
   559           160             0.8000        0.000000             0.322102     -3245.9921786936
   559           200             1.0000        0.000000             0.132250     -3246.0618013416
   559           240             1.2000        0.000000             0.073333     -3246.0929577013
   559           280             1.4000        0.000000             0.041936     -3246.1100814288
   559           320             1.6000        0.000000             0.026637     -3246.1198752470
   559           360             1.8000        0.000000             0.015576     -3246.1259094427
   559           400             2.0000        0.000000             0.009124     -3246.1294453247
   559           440             2.2000        0.000000             0.005908     -3246.1315699050
   559           480             2.4000        0.000000             0.003660     -3246.1329210592
   559           520             2.6000        0.000000             0.002290     -3246.1337537249
   559           560             2.8000        0.000000             0.001493     -3246.1342731060
   559           600             3.0000        0.000000             0.000891     -3246.1346100212
   559           640             3.2000        0.000000             0.000569     -3246.1348171492
   559           680             3.4000        0.000000             0.000367     -3246.1349495294
   559           720             3.6000        0.000000             0.000252     -3246.1350368250
   559           760             3.8000        0.000000             0.000167     -3246.1350951702
   559           800             4.0000        0.000000             0.000113     -3246.1351344970
   559           840             4.2000        0.000000             0.000084     -3246.1351614971
   559           880             4.4000        0.000000             0.000056     -3246.1351808595
   559           920             4.6000        0.000000             0.000039     -3246.1351940455
   559           960             4.8000        0.000000             0.000029     -3246.1352034471
   559          1000             5.0000        0.000000             0.000021     -3246.1352103541
   559          1040             5.2000        0.000000             0.000015     -3246.1352153424
   559          1080             5.4000        0.000000             0.000013     -3246.1352189383
   559          1120             5.6000        0.000000             0.000009     -3246.1352219131
   559          1160             5.8000        0.000000             0.000006     -3246.1352239211
   559          1200             6.0000        0.000000             0.000005     -3246.1352253832
   559          1240             6.2000        0.000000             0.000003     -3246.1352264731
   559          1280             6.4000        0.000000             0.000003     -3246.1352273021
   559          1320             6.6000        0.000000             0.000002     -3246.1352279165
   559          1360             6.8000        0.000000             0.000002     -3246.1352283759
   559          1400             7.0000        0.000000             0.000001     -3246.1352287358
   559          1440             7.2000        0.000000             0.000001     -3246.1352290251
   559          1480             7.4000        0.000000             0.000001     -3246.1352292352
   559          1520             7.6000        0.000000             0.000000     -3246.1352293887
   559          1560             7.8000        0.000000             0.000000     -3246.1352295067
   559          1600             8.0000        0.000000             0.000000     -3246.1352295986
   559          1640             8.2000        0.000000             0.000000     -3246.1352296671
   559          1680             8.4000        0.000000             0.000000     -3246.1352297173
   559          1720             8.6000        0.000000             0.000000     -3246.1352297585
   559          1760             8.8000        0.000000             0.000000     -3246.1352297881
   559          1800             9.0000        0.000000             0.000000     -3246.1352298118
   559          1840             9.2000        0.000000             0.000000     -3246.1352298298
   559          1880             9.4000        0.000000             0.000000     -3246.1352298429
   559          1920             9.6000        0.000000             0.000000     -3246.1352298529
   559          1960             9.8000        0.000000             0.000000     -3246.1352298607
   559          2000            10.0000        0.000000             0.000000     -3246.1352298664
   559          2040            10.2000        0.000000             0.000000     -3246.1352298708
   559          2080            10.4000        0.000000             0.000000     -3246.1352298741
   559          2120            10.6000        0.000000             0.000000     -3246.1352298767
   559          2160            10.8000        0.000000             0.000000     -3246.1352298787
   559          2200            11.0000        0.000000             0.000000     -3246.1352298802
   559          2240            11.2000        0.000000             0.000000     -3246.1352298814
   559          2280            11.4000        0.000000             0.000000     -3246.1352298823
   559          2320            11.6000        0.000000             0.000000     -3246.1352298829
   559          2360            11.8000        0.000000             0.000000     -3246.1352298834
   559          2400            12.0000        0.000000             0.000000     -3246.1352298838
   559          2440            12.2000        0.000000             0.000000     -3246.1352298841
   559          2480            12.4000        0.000000             0.000000     -3246.1352298844
   559          2520            12.6000        0.000000             0.000000     -3246.1352298845
   559          2560            12.8000        0.000000             0.000000     -3246.1352298846
   559          2600            13.0000        0.000000             0.000000     -3246.1352298847
   559          2640            13.2000        0.000000             0.000000     -3246.1352298848
   559          2680            13.4000        0.000000             0.000000     -3246.1352298849
   559          2720            13.6000        0.000000             0.000000     -3246.1352298849
   559          2760            13.8000        0.000000             0.000000     -3246.1352298849
   559          2800            14.0000        0.000000             0.000000     -3246.1352298850
   559          2840            14.2000        0.000000             0.000000     -3246.1352298850
   559          2880            14.4000        0.000000             0.000000     -3246.1352298850
   559          2920            14.6000        0.000000             0.000000     -3246.1352298850
   559          2960            14.8000        0.000000             0.000000     -3246.1352298850
   559          3000            15.0000        0.000000             0.000000     -3246.1352298850
   559          3040            15.2000        0.000000             0.000000     -3246.1352298850
   559          3080            15.4000        0.000000             0.000000     -3246.1352298850
   559          3120            15.6000        0.000000             0.000000     -3246.1352298850
   559          3160            15.8000        0.000000             0.000000     -3246.1352298850
   559          3200            16.0000        0.000000             0.000000     -3246.1352298850
   559          3240            16.2000        0.000000             0.000000     -3246.1352298850
   559          3280            16.4000        0.000000             0.000000     -3246.1352298850
   559          3320            16.6000        0.000000             0.000000     -3246.1352298850
   559          3360            16.8000        0.000000             0.000000     -3246.1352298850
   559          3400            17.0000        0.000000             0.000000     -3246.1352298850
   559          3440            17.2000        0.000000             0.000000     -3246.1352298850
   559          3480            17.4000        0.000000             0.000000     -3246.1352298850
   559          3520            17.6000        0.000000             0.000000     -3246.1352298850
   559          3560            17.8000        0.000000             0.000000     -3246.1352298850
   559          3600            18.0000        0.000000             0.000000     -3246.1352298850
   559          3640            18.2000        0.000000             0.000000     -3246.1352298850
   559          3680            18.4000        0.000000             0.000000     -3246.1352298850
   559          3720            18.6000        0.000000             0.000000     -3246.1352298850
   559          3760            18.8000        0.000000             0.000000     -3246.1352298850
   559          3800            19.0000        0.000000             0.000000     -3246.1352298850
   559          3840            19.2000        0.000000             0.000000     -3246.1352298850
   559          3880            19.4000        0.000000             0.000000     -3246.1352298850
   559          3920            19.6000        0.000000             0.000000     -3246.1352298850
   559          3960            19.8000        0.000000             0.000000     -3246.1352298850
   559          4000            20.0000        0.000000             0.000000     -3246.1352298850
