 #uni, ipas, time, temp, average temper, average ener
   128           200             1.0000        0.000000             0.094939      -721.0589894055
   128           400             2.0000        0.000000             0.010079      -721.0651836013
   128           600             3.0000        0.000000             0.007492      -721.0672753877
   128           800             4.0000        0.000000             0.005585      -721.0687731501
   128          1000             5.0000        0.000000             0.004309      -721.0699403737
   128          1200             6.0000        0.000000             0.003405      -721.0708622418
   128          1400             7.0000        0.000000             0.002995      -721.0716266207
   128          1600             8.0000        0.000000             0.002318      -721.0722658077
   128          1800             9.0000        0.000000             0.002099      -721.0727929235
   128          2000            10.0000        0.000000             0.001737      -721.0732574846
   128          2200            11.0000        0.000000             0.001505      -721.0736342016
   128          2400            12.0000        0.000000             0.001323      -721.0739688945
   128          2600            13.0000        0.000000             0.001020      -721.0742454457
   128          2800            14.0000        0.000000             0.000804      -721.0744702705
   128          3000            15.0000        0.000000             0.000690      -721.0746558839
   128          3200            16.0000        0.000000             0.000568      -721.0748110467
   128          3400            17.0000        0.000000             0.000481      -721.0749426930
   128          3600            18.0000        0.000000             0.000436      -721.0750571343
   128          3800            19.0000        0.000000             0.000371      -721.0751544890
   128          4000            20.0000        0.000000             0.000311      -721.0752372156
   128          4200            21.0000        0.000000             0.000263      -721.0753051905
   128          4400            22.0000        0.000000             0.000217      -721.0753640695
   128          4600            23.0000        0.000000             0.000184      -721.0754126023
   128          4800            24.0000        0.000000             0.000152      -721.0754541199
   128          5000            25.0000        0.000000             0.000126      -721.0754879630
   128          5200            26.0000        0.000000             0.000114      -721.0755171760
   128          5400            27.0000        0.000000             0.000092      -721.0755417978
   128          5600            28.0000        0.000000             0.000076      -721.0755623248
   128          5800            29.0000        0.000000             0.000066      -721.0755795060
   128          6000            30.0000        0.000000             0.000052      -721.0755939063
   128          6200            31.0000        0.000000             0.000044      -721.0756058763
   128          6400            32.0000        0.000000             0.000039      -721.0756160391
   128          6600            33.0000        0.000000             0.000033      -721.0756247395
   128          6800            34.0000        0.000000             0.000027      -721.0756319643
   128          7000            35.0000        0.000000             0.000022      -721.0756379561
   128          7200            36.0000        0.000000             0.000019      -721.0756429853
   128          7400            37.0000        0.000000             0.000017      -721.0756473160
   128          7600            38.0000        0.000000             0.000013      -721.0756508850
   128          7800            39.0000        0.000000             0.000011      -721.0756538507
   128          8000            40.0000        0.000000             0.000009      -721.0756563644
   128          8200            41.0000        0.000000             0.000007      -721.0756584327
   128          8400            42.0000        0.000000             0.000007      -721.0756601476
   128          8600            43.0000        0.000000             0.000006      -721.0756616454
   128          8800            44.0000        0.000000             0.000004      -721.0756628886
   128          9000            45.0000        0.000000             0.000004      -721.0756639114
   128          9200            46.0000        0.000000             0.000003      -721.0756647697
   128          9400            47.0000        0.000000             0.000003      -721.0756655169
   128          9600            48.0000        0.000000             0.000002      -721.0756661538
   128          9800            49.0000        0.000000             0.000002      -721.0756666797
   128         10000            50.0000        0.000000             0.000002      -721.0756671175
   128         10200            51.0000        0.000000             0.000001      -721.0756674878
   128         10400            52.0000        0.000000             0.000001      -721.0756677960
   128         10600            53.0000        0.000000             0.000001      -721.0756680572
   128         10800            54.0000        0.000000             0.000001      -721.0756682685
   128         11000            55.0000        0.000000             0.000001      -721.0756684477
   128         11200            56.0000        0.000000             0.000001      -721.0756685980
   128         11400            57.0000        0.000000             0.000000      -721.0756687253
   128         11600            58.0000        0.000000             0.000000      -721.0756688327
   128         11800            59.0000        0.000000             0.000000      -721.0756689236
   128         12000            60.0000        0.000000             0.000000      -721.0756690020
   128         12200            61.0000        0.000000             0.000000      -721.0756690663
   128         12400            62.0000        0.000000             0.000000      -721.0756691204
   128         12600            63.0000        0.000000             0.000000      -721.0756691656
   128         12800            64.0000        0.000000             0.000000      -721.0756692036
   128         13000            65.0000        0.000000             0.000000      -721.0756692352
   128         13200            66.0000        0.000000             0.000000      -721.0756692618
   128         13400            67.0000        0.000000             0.000000      -721.0756692839
   128         13600            68.0000        0.000000             0.000000      -721.0756693022
   128         13800            69.0000        0.000000             0.000000      -721.0756693172
   128         14000            70.0000        0.000000             0.000000      -721.0756693299
   128         14200            71.0000        0.000000             0.000000      -721.0756693406
   128         14400            72.0000        0.000000             0.000000      -721.0756693497
   128         14600            73.0000        0.000000             0.000000      -721.0756693572
   128         14800            74.0000        0.000000             0.000000      -721.0756693638
   128         15000            75.0000        0.000000             0.000000      -721.0756693693
   128         15200            76.0000        0.000000             0.000000      -721.0756693739
   128         15400            77.0000        0.000000             0.000000      -721.0756693777
   128         15600            78.0000        0.000000             0.000000      -721.0756693809
   128         15800            79.0000        0.000000             0.000000      -721.0756693836
   128         16000            80.0000        0.000000             0.000000      -721.0756693859
   128         16200            81.0000        0.000000             0.000000      -721.0756693878
   128         16400            82.0000        0.000000             0.000000      -721.0756693894
   128         16600            83.0000        0.000000             0.000000      -721.0756693908
   128         16800            84.0000        0.000000             0.000000      -721.0756693920
   128         17000            85.0000        0.000000             0.000000      -721.0756693929
   128         17200            86.0000        0.000000             0.000000      -721.0756693937
   128         17400            87.0000        0.000000             0.000000      -721.0756693943
   128         17600            88.0000        0.000000             0.000000      -721.0756693949
   128         17800            89.0000        0.000000             0.000000      -721.0756693953
   128         18000            90.0000        0.000000             0.000000      -721.0756693957
   128         18200            91.0000        0.000000             0.000000      -721.0756693960
   128         18400            92.0000        0.000000             0.000000      -721.0756693963
   128         18600            93.0000        0.000000             0.000000      -721.0756693965
   128         18800            94.0000        0.000000             0.000000      -721.0756693967
   128         19000            95.0000        0.000000             0.000000      -721.0756693969
   128         19200            96.0000        0.000000             0.000000      -721.0756693970
   128         19400            97.0000        0.000000             0.000000      -721.0756693971
   128         19600            98.0000        0.000000             0.000000      -721.0756693972
   128         19800            99.0000        0.000000             0.000000      -721.0756693973
   128         20000           100.0000        0.000000             0.000000      -721.0756693974
