 #uni, ipas, time, temp, average temper, average ener
   128           200             1.0000        0.000000             1.491870      -720.9697134056
   128           400             2.0000        0.000000             0.010352      -721.0409246107
   128           600             3.0000        0.000000             0.005697      -721.0427091884
   128           800             4.0000        0.000000             0.002739      -721.0435985071
   128          1000             5.0000        0.000000             0.001650      -721.0440577963
   128          1200             6.0000        0.000000             0.000825      -721.0443246916
   128          1400             7.0000        0.000000             0.000566      -721.0444678222
   128          1600             8.0000        0.000000             0.000263      -721.0445525912
   128          1800             9.0000        0.000000             0.000165      -721.0445989266
   128          2000            10.0000        0.000000             0.000109      -721.0446278317
   128          2200            11.0000        0.000000             0.000068      -721.0446461372
   128          2400            12.0000        0.000000             0.000036      -721.0446574068
   128          2600            13.0000        0.000000             0.000023      -721.0446642190
   128          2800            14.0000        0.000000             0.000016      -721.0446688758
   128          3000            15.0000        0.000000             0.000011      -721.0446721323
   128          3200            16.0000        0.000000             0.000009      -721.0446745450
   128          3400            17.0000        0.000000             0.000007      -721.0446764373
   128          3600            18.0000        0.000000             0.000005      -721.0446779771
   128          3800            19.0000        0.000000             0.000004      -721.0446791931
   128          4000            20.0000        0.000000             0.000004      -721.0446802236
   128          4200            21.0000        0.000000             0.000003      -721.0446811087
   128          4400            22.0000        0.000000             0.000003      -721.0446818823
   128          4600            23.0000        0.000000             0.000003      -721.0446825469
   128          4800            24.0000        0.000000             0.000002      -721.0446831388
   128          5000            25.0000        0.000000             0.000002      -721.0446836562
   128          5200            26.0000        0.000000             0.000002      -721.0446841278
   128          5400            27.0000        0.000000             0.000002      -721.0446845611
   128          5600            28.0000        0.000000             0.000002      -721.0446849517
   128          5800            29.0000        0.000000             0.000001      -721.0446853010
   128          6000            30.0000        0.000000             0.000001      -721.0446856000
   128          6200            31.0000        0.000000             0.000001      -721.0446858750
   128          6400            32.0000        0.000000             0.000001      -721.0446861263
   128          6600            33.0000        0.000000             0.000001      -721.0446863520
   128          6800            34.0000        0.000000             0.000001      -721.0446865571
   128          7000            35.0000        0.000000             0.000001      -721.0446867450
   128          7200            36.0000        0.000000             0.000001      -721.0446869169
   128          7400            37.0000        0.000000             0.000001      -721.0446870747
   128          7600            38.0000        0.000000             0.000001      -721.0446872191
   128          7800            39.0000        0.000000             0.000001      -721.0446873511
   128          8000            40.0000        0.000000             0.000000      -721.0446874698
   128          8200            41.0000        0.000000             0.000000      -721.0446875764
   128          8400            42.0000        0.000000             0.000000      -721.0446876741
   128          8600            43.0000        0.000000             0.000000      -721.0446877609
   128          8800            44.0000        0.000000             0.000000      -721.0446878378
   128          9000            45.0000        0.000000             0.000000      -721.0446879145
   128          9200            46.0000        0.000000             0.000000      -721.0446879822
   128          9400            47.0000        0.000000             0.000000      -721.0446880431
   128          9600            48.0000        0.000000             0.000000      -721.0446880989
   128          9800            49.0000        0.000000             0.000000      -721.0446881468
   128         10000            50.0000        0.000000             0.000000      -721.0446881924
   128         10200            51.0000        0.000000             0.000000      -721.0446882324
   128         10400            52.0000        0.000000             0.000000      -721.0446882694
   128         10600            53.0000        0.000000             0.000000      -721.0446883034
   128         10800            54.0000        0.000000             0.000000      -721.0446883353
   128         11000            55.0000        0.000000             0.000000      -721.0446883623
   128         11200            56.0000        0.000000             0.000000      -721.0446883867
   128         11400            57.0000        0.000000             0.000000      -721.0446884110
   128         11600            58.0000        0.000000             0.000000      -721.0446884318
   128         11800            59.0000        0.000000             0.000000      -721.0446884502
   128         12000            60.0000        0.000000             0.000000      -721.0446884671
   128         12200            61.0000        0.000000             0.000000      -721.0446884823
   128         12400            62.0000        0.000000             0.000000      -721.0446884969
   128         12600            63.0000        0.000000             0.000000      -721.0446885097
   128         12800            64.0000        0.000000             0.000000      -721.0446885213
   128         13000            65.0000        0.000000             0.000000      -721.0446885322
   128         13200            66.0000        0.000000             0.000000      -721.0446885423
   128         13400            67.0000        0.000000             0.000000      -721.0446885511
   128         13600            68.0000        0.000000             0.000000      -721.0446885590
   128         13800            69.0000        0.000000             0.000000      -721.0446885660
   128         14000            70.0000        0.000000             0.000000      -721.0446885726
   128         14200            71.0000        0.000000             0.000000      -721.0446885786
   128         14400            72.0000        0.000000             0.000000      -721.0446885838
   128         14600            73.0000        0.000000             0.000000      -721.0446885888
   128         14800            74.0000        0.000000             0.000000      -721.0446885934
   128         15000            75.0000        0.000000             0.000000      -721.0446885977
   128         15200            76.0000        0.000000             0.000000      -721.0446886015
   128         15400            77.0000        0.000000             0.000000      -721.0446886048
   128         15600            78.0000        0.000000             0.000000      -721.0446886078
   128         15800            79.0000        0.000000             0.000000      -721.0446886107
   128         16000            80.0000        0.000000             0.000000      -721.0446886133
   128         16200            81.0000        0.000000             0.000000      -721.0446886156
   128         16400            82.0000        0.000000             0.000000      -721.0446886177
   128         16600            83.0000        0.000000             0.000000      -721.0446886195
   128         16800            84.0000        0.000000             0.000000      -721.0446886213
   128         17000            85.0000        0.000000             0.000000      -721.0446886228
   128         17200            86.0000        0.000000             0.000000      -721.0446886243
   128         17400            87.0000        0.000000             0.000000      -721.0446886256
   128         17600            88.0000        0.000000             0.000000      -721.0446886267
   128         17800            89.0000        0.000000             0.000000      -721.0446886278
   128         18000            90.0000        0.000000             0.000000      -721.0446886287
   128         18200            91.0000        0.000000             0.000000      -721.0446886296
   128         18400            92.0000        0.000000             0.000000      -721.0446886304
   128         18600            93.0000        0.000000             0.000000      -721.0446886311
   128         18800            94.0000        0.000000             0.000000      -721.0446886318
   128         19000            95.0000        0.000000             0.000000      -721.0446886324
   128         19200            96.0000        0.000000             0.000000      -721.0446886330
   128         19400            97.0000        0.000000             0.000000      -721.0446886335
   128         19600            98.0000        0.000000             0.000000      -721.0446886339
   128         19800            99.0000        0.000000             0.000000      -721.0446886344
   128         20000           100.0000        0.000000             0.000000      -721.0446886347
