 #uni, ipas, time, temp, average temper, average ener
   128           200             1.0000        0.000000             0.086369      -721.0112941375
   128           400             2.0000        0.000000             0.006852      -721.0168442964
   128           600             3.0000        0.000000             0.003951      -721.0180909458
   128           800             4.0000        0.000000             0.002831      -721.0188097959
   128          1000             5.0000        0.000000             0.001117      -721.0192048941
   128          1200             6.0000        0.000000             0.000790      -721.0194132938
   128          1400             7.0000        0.000000             0.000447      -721.0195391623
   128          1600             8.0000        0.000000             0.000258      -721.0196102291
   128          1800             9.0000        0.000000             0.000158      -721.0196530519
   128          2000            10.0000        0.000000             0.000097      -721.0196796277
   128          2200            11.0000        0.000000             0.000053      -721.0196953292
   128          2400            12.0000        0.000000             0.000035      -721.0197048207
   128          2600            13.0000        0.000000             0.000023      -721.0197110256
   128          2800            14.0000        0.000000             0.000013      -721.0197149334
   128          3000            15.0000        0.000000             0.000009      -721.0197173248
   128          3200            16.0000        0.000000             0.000005      -721.0197188903
   128          3400            17.0000        0.000000             0.000003      -721.0197198640
   128          3600            18.0000        0.000000             0.000002      -721.0197204781
   128          3800            19.0000        0.000000             0.000001      -721.0197208903
   128          4000            20.0000        0.000000             0.000001      -721.0197211560
   128          4200            21.0000        0.000000             0.000001      -721.0197213417
   128          4400            22.0000        0.000000             0.000000      -721.0197214576
   128          4600            23.0000        0.000000             0.000000      -721.0197215289
   128          4800            24.0000        0.000000             0.000000      -721.0197215733
   128          5000            25.0000        0.000000             0.000000      -721.0197216027
   128          5200            26.0000        0.000000             0.000000      -721.0197216228
   128          5400            27.0000        0.000000             0.000000      -721.0197216369
   128          5600            28.0000        0.000000             0.000000      -721.0197216463
   128          5800            29.0000        0.000000             0.000000      -721.0197216524
   128          6000            30.0000        0.000000             0.000000      -721.0197216566
   128          6200            31.0000        0.000000             0.000000      -721.0197216597
   128          6400            32.0000        0.000000             0.000000      -721.0197216621
   128          6600            33.0000        0.000000             0.000000      -721.0197216639
   128          6800            34.0000        0.000000             0.000000      -721.0197216653
   128          7000            35.0000        0.000000             0.000000      -721.0197216664
   128          7200            36.0000        0.000000             0.000000      -721.0197216673
   128          7400            37.0000        0.000000             0.000000      -721.0197216681
   128          7600            38.0000        0.000000             0.000000      -721.0197216688
   128          7800            39.0000        0.000000             0.000000      -721.0197216694
   128          8000            40.0000        0.000000             0.000000      -721.0197216699
   128          8200            41.0000        0.000000             0.000000      -721.0197216704
   128          8400            42.0000        0.000000             0.000000      -721.0197216708
   128          8600            43.0000        0.000000             0.000000      -721.0197216712
   128          8800            44.0000        0.000000             0.000000      -721.0197216715
   128          9000            45.0000        0.000000             0.000000      -721.0197216718
   128          9200            46.0000        0.000000             0.000000      -721.0197216721
   128          9400            47.0000        0.000000             0.000000      -721.0197216723
   128          9600            48.0000        0.000000             0.000000      -721.0197216725
   128          9800            49.0000        0.000000             0.000000      -721.0197216727
   128         10000            50.0000        0.000000             0.000000      -721.0197216729
   128         10200            51.0000        0.000000             0.000000      -721.0197216730
   128         10400            52.0000        0.000000             0.000000      -721.0197216732
   128         10600            53.0000        0.000000             0.000000      -721.0197216733
   128         10800            54.0000        0.000000             0.000000      -721.0197216734
   128         11000            55.0000        0.000000             0.000000      -721.0197216735
   128         11200            56.0000        0.000000             0.000000      -721.0197216736
   128         11400            57.0000        0.000000             0.000000      -721.0197216737
   128         11600            58.0000        0.000000             0.000000      -721.0197216738
   128         11800            59.0000        0.000000             0.000000      -721.0197216739
   128         12000            60.0000        0.000000             0.000000      -721.0197216739
   128         12200            61.0000        0.000000             0.000000      -721.0197216740
   128         12400            62.0000        0.000000             0.000000      -721.0197216741
   128         12600            63.0000        0.000000             0.000000      -721.0197216741
   128         12800            64.0000        0.000000             0.000000      -721.0197216742
   128         13000            65.0000        0.000000             0.000000      -721.0197216742
   128         13200            66.0000        0.000000             0.000000      -721.0197216742
   128         13400            67.0000        0.000000             0.000000      -721.0197216743
   128         13600            68.0000        0.000000             0.000000      -721.0197216743
   128         13800            69.0000        0.000000             0.000000      -721.0197216743
   128         14000            70.0000        0.000000             0.000000      -721.0197216744
   128         14200            71.0000        0.000000             0.000000      -721.0197216744
   128         14400            72.0000        0.000000             0.000000      -721.0197216744
   128         14600            73.0000        0.000000             0.000000      -721.0197216744
   128         14800            74.0000        0.000000             0.000000      -721.0197216744
   128         15000            75.0000        0.000000             0.000000      -721.0197216745
   128         15200            76.0000        0.000000             0.000000      -721.0197216745
   128         15400            77.0000        0.000000             0.000000      -721.0197216745
   128         15600            78.0000        0.000000             0.000000      -721.0197216745
   128         15800            79.0000        0.000000             0.000000      -721.0197216745
   128         16000            80.0000        0.000000             0.000000      -721.0197216745
   128         16200            81.0000        0.000000             0.000000      -721.0197216745
   128         16400            82.0000        0.000000             0.000000      -721.0197216745
   128         16600            83.0000        0.000000             0.000000      -721.0197216745
   128         16800            84.0000        0.000000             0.000000      -721.0197216746
   128         17000            85.0000        0.000000             0.000000      -721.0197216746
   128         17200            86.0000        0.000000             0.000000      -721.0197216746
   128         17400            87.0000        0.000000             0.000000      -721.0197216746
   128         17600            88.0000        0.000000             0.000000      -721.0197216746
   128         17800            89.0000        0.000000             0.000000      -721.0197216746
   128         18000            90.0000        0.000000             0.000000      -721.0197216746
   128         18200            91.0000        0.000000             0.000000      -721.0197216746
   128         18400            92.0000        0.000000             0.000000      -721.0197216746
   128         18600            93.0000        0.000000             0.000000      -721.0197216746
   128         18800            94.0000        0.000000             0.000000      -721.0197216746
   128         19000            95.0000        0.000000             0.000000      -721.0197216746
   128         19200            96.0000        0.000000             0.000000      -721.0197216746
   128         19400            97.0000        0.000000             0.000000      -721.0197216746
   128         19600            98.0000        0.000000             0.000000      -721.0197216746
   128         19800            99.0000        0.000000             0.000000      -721.0197216746
   128         20000           100.0000        0.000000             0.000000      -721.0197216746
