 #uni, ipas, time, temp, average temper, average ener
   559            40             0.2000        0.000000            73.197671     -3230.1959052268
   559            80             0.4000        0.000000             7.901106     -3244.3975735743
   559           120             0.6000        0.000000             1.102426     -3245.7944853075
   559           160             0.8000        0.000000             0.332945     -3246.0164939031
   559           200             1.0000        0.000000             0.133918     -3246.0883909894
   559           240             1.2000        0.000000             0.071401     -3246.1196235811
   559           280             1.4000        0.000000             0.040983     -3246.1364413514
   559           320             1.6000        0.000000             0.025131     -3246.1461459555
   559           360             1.8000        0.000000             0.015735     -3246.1519812424
   559           400             2.0000        0.000000             0.009808     -3246.1555436384
   559           440             2.2000        0.000000             0.005875     -3246.1577488892
   559           480             2.4000        0.000000             0.003634     -3246.1590823822
   559           520             2.6000        0.000000             0.002199     -3246.1599036862
   559           560             2.8000        0.000000             0.001382     -3246.1604144397
   559           600             3.0000        0.000000             0.000894     -3246.1607368994
   559           640             3.2000        0.000000             0.000586     -3246.1609438712
   559           680             3.4000        0.000000             0.000383     -3246.1610798567
   559           720             3.6000        0.000000             0.000260     -3246.1611690776
   559           760             3.8000        0.000000             0.000176     -3246.1612296845
   559           800             4.0000        0.000000             0.000119     -3246.1612706362
   559           840             4.2000        0.000000             0.000083     -3246.1612985389
   559           880             4.4000        0.000000             0.000058     -3246.1613178898
   559           920             4.6000        0.000000             0.000040     -3246.1613315064
   559           960             4.8000        0.000000             0.000031     -3246.1613411939
   559          1000             5.0000        0.000000             0.000022     -3246.1613483808
   559          1040             5.2000        0.000000             0.000016     -3246.1613535767
   559          1080             5.4000        0.000000             0.000012     -3246.1613573418
   559          1120             5.6000        0.000000             0.000008     -3246.1613601191
   559          1160             5.8000        0.000000             0.000007     -3246.1613621654
   559          1200             6.0000        0.000000             0.000005     -3246.1613637312
   559          1240             6.2000        0.000000             0.000004     -3246.1613649104
   559          1280             6.4000        0.000000             0.000003     -3246.1613658113
   559          1320             6.6000        0.000000             0.000002     -3246.1613664853
   559          1360             6.8000        0.000000             0.000002     -3246.1613669879
   559          1400             7.0000        0.000000             0.000001     -3246.1613673592
   559          1440             7.2000        0.000000             0.000001     -3246.1613676463
   559          1480             7.4000        0.000000             0.000001     -3246.1613678628
   559          1520             7.6000        0.000000             0.000001     -3246.1613680302
   559          1560             7.8000        0.000000             0.000000     -3246.1613681584
   559          1600             8.0000        0.000000             0.000000     -3246.1613682556
   559          1640             8.2000        0.000000             0.000000     -3246.1613683328
   559          1680             8.4000        0.000000             0.000000     -3246.1613683894
   559          1720             8.6000        0.000000             0.000000     -3246.1613684324
   559          1760             8.8000        0.000000             0.000000     -3246.1613684652
   559          1800             9.0000        0.000000             0.000000     -3246.1613684900
   559          1840             9.2000        0.000000             0.000000     -3246.1613685092
   559          1880             9.4000        0.000000             0.000000     -3246.1613685241
   559          1920             9.6000        0.000000             0.000000     -3246.1613685354
   559          1960             9.8000        0.000000             0.000000     -3246.1613685441
   559          2000            10.0000        0.000000             0.000000     -3246.1613685507
   559          2040            10.2000        0.000000             0.000000     -3246.1613685558
   559          2080            10.4000        0.000000             0.000000     -3246.1613685597
   559          2120            10.6000        0.000000             0.000000     -3246.1613685627
   559          2160            10.8000        0.000000             0.000000     -3246.1613685649
   559          2200            11.0000        0.000000             0.000000     -3246.1613685667
   559          2240            11.2000        0.000000             0.000000     -3246.1613685680
   559          2280            11.4000        0.000000             0.000000     -3246.1613685691
   559          2320            11.6000        0.000000             0.000000     -3246.1613685699
   559          2360            11.8000        0.000000             0.000000     -3246.1613685705
   559          2400            12.0000        0.000000             0.000000     -3246.1613685710
   559          2440            12.2000        0.000000             0.000000     -3246.1613685713
   559          2480            12.4000        0.000000             0.000000     -3246.1613685716
   559          2520            12.6000        0.000000             0.000000     -3246.1613685718
   559          2560            12.8000        0.000000             0.000000     -3246.1613685720
   559          2600            13.0000        0.000000             0.000000     -3246.1613685721
   559          2640            13.2000        0.000000             0.000000     -3246.1613685722
   559          2680            13.4000        0.000000             0.000000     -3246.1613685723
   559          2720            13.6000        0.000000             0.000000     -3246.1613685723
   559          2760            13.8000        0.000000             0.000000     -3246.1613685724
   559          2800            14.0000        0.000000             0.000000     -3246.1613685724
   559          2840            14.2000        0.000000             0.000000     -3246.1613685724
   559          2880            14.4000        0.000000             0.000000     -3246.1613685725
   559          2920            14.6000        0.000000             0.000000     -3246.1613685725
   559          2960            14.8000        0.000000             0.000000     -3246.1613685725
   559          3000            15.0000        0.000000             0.000000     -3246.1613685725
   559          3040            15.2000        0.000000             0.000000     -3246.1613685725
   559          3080            15.4000        0.000000             0.000000     -3246.1613685725
   559          3120            15.6000        0.000000             0.000000     -3246.1613685725
   559          3160            15.8000        0.000000             0.000000     -3246.1613685725
   559          3200            16.0000        0.000000             0.000000     -3246.1613685725
   559          3240            16.2000        0.000000             0.000000     -3246.1613685725
   559          3280            16.4000        0.000000             0.000000     -3246.1613685725
   559          3320            16.6000        0.000000             0.000000     -3246.1613685725
   559          3360            16.8000        0.000000             0.000000     -3246.1613685725
   559          3400            17.0000        0.000000             0.000000     -3246.1613685725
   559          3440            17.2000        0.000000             0.000000     -3246.1613685725
   559          3480            17.4000        0.000000             0.000000     -3246.1613685725
   559          3520            17.6000        0.000000             0.000000     -3246.1613685725
   559          3560            17.8000        0.000000             0.000000     -3246.1613685725
   559          3600            18.0000        0.000000             0.000000     -3246.1613685725
   559          3640            18.2000        0.000000             0.000000     -3246.1613685725
   559          3680            18.4000        0.000000             0.000000     -3246.1613685725
   559          3720            18.6000        0.000000             0.000000     -3246.1613685725
   559          3760            18.8000        0.000000             0.000000     -3246.1613685725
   559          3800            19.0000        0.000000             0.000000     -3246.1613685725
   559          3840            19.2000        0.000000             0.000000     -3246.1613685725
   559          3880            19.4000        0.000000             0.000000     -3246.1613685725
   559          3920            19.6000        0.000000             0.000000     -3246.1613685725
   559          3960            19.8000        0.000000             0.000000     -3246.1613685725
   559          4000            20.0000        0.000000             0.000000     -3246.1613685725
