 #uni, ipas, time, temp, average temper, average ener
   559           100             0.5000        0.000000            32.745546     -3238.9500149512
   559           200             1.0000        0.000000             0.326894     -3245.9921473714
   559           300             1.5000        0.000000             0.051731     -3246.1020835258
   559           400             2.0000        0.000000             0.014405     -3246.1233635313
   559           500             2.5000        0.000000             0.004123     -3246.1292759247
   559           600             3.0000        0.000000             0.001270     -3246.1310118410
   559           700             3.5000        0.000000             0.000423     -3246.1315572852
   559           800             4.0000        0.000000             0.000154     -3246.1317454404
   559           900             4.5000        0.000000             0.000060     -3246.1318148571
   559          1000             5.0000        0.000000             0.000026     -3246.1318431976
   559          1100             5.5000        0.000000             0.000012     -3246.1318557189
   559          1200             6.0000        0.000000             0.000006     -3246.1318615221
   559          1300             6.5000        0.000000             0.000003     -3246.1318643345
   559          1400             7.0000        0.000000             0.000001     -3246.1318657409
   559          1500             7.5000        0.000000             0.000001     -3246.1318664491
   559          1600             8.0000        0.000000             0.000000     -3246.1318668112
   559          1700             8.5000        0.000000             0.000000     -3246.1318669954
   559          1800             9.0000        0.000000             0.000000     -3246.1318670849
   559          1900             9.5000        0.000000             0.000000     -3246.1318671297
   559          2000            10.0000        0.000000             0.000000     -3246.1318671530
   559          2100            10.5000        0.000000             0.000000     -3246.1318671649
   559          2200            11.0000        0.000000             0.000000     -3246.1318671706
   559          2300            11.5000        0.000000             0.000000     -3246.1318671735
   559          2400            12.0000        0.000000             0.000000     -3246.1318671750
   559          2500            12.5000        0.000000             0.000000     -3246.1318671758
   559          2600            13.0000        0.000000             0.000000     -3246.1318671762
   559          2700            13.5000        0.000000             0.000000     -3246.1318671764
   559          2800            14.0000        0.000000             0.000000     -3246.1318671765
   559          2900            14.5000        0.000000             0.000000     -3246.1318671765
   559          3000            15.0000        0.000000             0.000000     -3246.1318671766
   559          3100            15.5000        0.000000             0.000000     -3246.1318671766
   559          3200            16.0000        0.000000             0.000000     -3246.1318671766
   559          3300            16.5000        0.000000             0.000000     -3246.1318671766
   559          3400            17.0000        0.000000             0.000000     -3246.1318671766
   559          3500            17.5000        0.000000             0.000000     -3246.1318671766
   559          3600            18.0000        0.000000             0.000000     -3246.1318671766
   559          3700            18.5000        0.000000             0.000000     -3246.1318671766
   559          3800            19.0000        0.000000             0.000000     -3246.1318671766
   559          3900            19.5000        0.000000             0.000000     -3246.1318671766
   559          4000            20.0000        0.000000             0.000000     -3246.1318671766
   559          4100            20.5000        0.000000             0.000000     -3246.1318671766
   559          4200            21.0000        0.000000             0.000000     -3246.1318671766
   559          4300            21.5000        0.000000             0.000000     -3246.1318671766
   559          4400            22.0000        0.000000             0.000000     -3246.1318671766
   559          4500            22.5000        0.000000             0.000000     -3246.1318671766
   559          4600            23.0000        0.000000             0.000000     -3246.1318671766
   559          4700            23.5000        0.000000             0.000000     -3246.1318671766
   559          4800            24.0000        0.000000             0.000000     -3246.1318671766
   559          4900            24.5000        0.000000             0.000000     -3246.1318671766
   559          5000            25.0000        0.000000             0.000000     -3246.1318671766
   559          5100            25.5000        0.000000             0.000000     -3246.1318671766
   559          5200            26.0000        0.000000             0.000000     -3246.1318671766
   559          5300            26.5000        0.000000             0.000000     -3246.1318671766
   559          5400            27.0000        0.000000             0.000000     -3246.1318671766
   559          5500            27.5000        0.000000             0.000000     -3246.1318671766
   559          5600            28.0000        0.000000             0.000000     -3246.1318671766
   559          5700            28.5000        0.000000             0.000000     -3246.1318671766
   559          5800            29.0000        0.000000             0.000000     -3246.1318671766
   559          5900            29.5000        0.000000             0.000000     -3246.1318671766
   559          6000            30.0000        0.000000             0.000000     -3246.1318671766
   559          6100            30.5000        0.000000             0.000000     -3246.1318671766
   559          6200            31.0000        0.000000             0.000000     -3246.1318671766
   559          6300            31.5000        0.000000             0.000000     -3246.1318671766
   559          6400            32.0000        0.000000             0.000000     -3246.1318671766
   559          6500            32.5000        0.000000             0.000000     -3246.1318671766
   559          6600            33.0000        0.000000             0.000000     -3246.1318671766
   559          6700            33.5000        0.000000             0.000000     -3246.1318671766
   559          6800            34.0000        0.000000             0.000000     -3246.1318671766
   559          6900            34.5000        0.000000             0.000000     -3246.1318671766
   559          7000            35.0000        0.000000             0.000000     -3246.1318671766
   559          7100            35.5000        0.000000             0.000000     -3246.1318671766
   559          7200            36.0000        0.000000             0.000000     -3246.1318671766
   559          7300            36.5000        0.000000             0.000000     -3246.1318671766
   559          7400            37.0000        0.000000             0.000000     -3246.1318671766
   559          7500            37.5000        0.000000             0.000000     -3246.1318671766
   559          7600            38.0000        0.000000             0.000000     -3246.1318671766
   559          7700            38.5000        0.000000             0.000000     -3246.1318671766
   559          7800            39.0000        0.000000             0.000000     -3246.1318671766
   559          7900            39.5000        0.000000             0.000000     -3246.1318671766
   559          8000            40.0000        0.000000             0.000000     -3246.1318671766
   559          8100            40.5000        0.000000             0.000000     -3246.1318671766
   559          8200            41.0000        0.000000             0.000000     -3246.1318671766
   559          8300            41.5000        0.000000             0.000000     -3246.1318671766
   559          8400            42.0000        0.000000             0.000000     -3246.1318671766
   559          8500            42.5000        0.000000             0.000000     -3246.1318671766
   559          8600            43.0000        0.000000             0.000000     -3246.1318671766
   559          8700            43.5000        0.000000             0.000000     -3246.1318671766
   559          8800            44.0000        0.000000             0.000000     -3246.1318671766
   559          8900            44.5000        0.000000             0.000000     -3246.1318671766
   559          9000            45.0000        0.000000             0.000000     -3246.1318671766
   559          9100            45.5000        0.000000             0.000000     -3246.1318671766
   559          9200            46.0000        0.000000             0.000000     -3246.1318671766
   559          9300            46.5000        0.000000             0.000000     -3246.1318671766
   559          9400            47.0000        0.000000             0.000000     -3246.1318671766
   559          9500            47.5000        0.000000             0.000000     -3246.1318671766
   559          9600            48.0000        0.000000             0.000000     -3246.1318671766
   559          9700            48.5000        0.000000             0.000000     -3246.1318671766
   559          9800            49.0000        0.000000             0.000000     -3246.1318671766
   559          9900            49.5000        0.000000             0.000000     -3246.1318671766
   559         10000            50.0000        0.000000             0.000000     -3246.1318671766
