 #uni, ipas, time, temp, average temper, average ener
   128           200             1.0000        0.000000             0.039200      -721.0960881819
   128           400             2.0000        0.000000             0.000088      -721.0973782568
   128           600             3.0000        0.000000             0.000057      -721.0973955126
   128           800             4.0000        0.000000             0.000034      -721.0974061448
   128          1000             5.0000        0.000000             0.000023      -721.0974129884
   128          1200             6.0000        0.000000             0.000017      -721.0974178909
   128          1400             7.0000        0.000000             0.000014      -721.0974217646
   128          1600             8.0000        0.000000             0.000011      -721.0974248912
   128          1800             9.0000        0.000000             0.000010      -721.0974274711
   128          2000            10.0000        0.000000             0.000008      -721.0974296538
   128          2200            11.0000        0.000000             0.000007      -721.0974314318
   128          2400            12.0000        0.000000             0.000006      -721.0974328710
   128          2600            13.0000        0.000000             0.000004      -721.0974340875
   128          2800            14.0000        0.000000             0.000004      -721.0974350810
   128          3000            15.0000        0.000000             0.000003      -721.0974359156
   128          3200            16.0000        0.000000             0.000003      -721.0974366111
   128          3400            17.0000        0.000000             0.000002      -721.0974371889
   128          3600            18.0000        0.000000             0.000002      -721.0974376636
   128          3800            19.0000        0.000000             0.000002      -721.0974380677
   128          4000            20.0000        0.000000             0.000001      -721.0974384084
   128          4200            21.0000        0.000000             0.000001      -721.0974386877
   128          4400            22.0000        0.000000             0.000001      -721.0974389167
   128          4600            23.0000        0.000000             0.000001      -721.0974391115
   128          4800            24.0000        0.000000             0.000001      -721.0974392761
   128          5000            25.0000        0.000000             0.000000      -721.0974394123
   128          5200            26.0000        0.000000             0.000000      -721.0974395271
   128          5400            27.0000        0.000000             0.000000      -721.0974396245
   128          5600            28.0000        0.000000             0.000000      -721.0974397056
   128          5800            29.0000        0.000000             0.000000      -721.0974397751
   128          6000            30.0000        0.000000             0.000000      -721.0974398317
   128          6200            31.0000        0.000000             0.000000      -721.0974398783
   128          6400            32.0000        0.000000             0.000000      -721.0974399179
   128          6600            33.0000        0.000000             0.000000      -721.0974399503
   128          6800            34.0000        0.000000             0.000000      -721.0974399769
   128          7000            35.0000        0.000000             0.000000      -721.0974399987
   128          7200            36.0000        0.000000             0.000000      -721.0974400163
   128          7400            37.0000        0.000000             0.000000      -721.0974400319
   128          7600            38.0000        0.000000             0.000000      -721.0974400448
   128          7800            39.0000        0.000000             0.000000      -721.0974400553
   128          8000            40.0000        0.000000             0.000000      -721.0974400641
   128          8200            41.0000        0.000000             0.000000      -721.0974400714
   128          8400            42.0000        0.000000             0.000000      -721.0974400775
   128          8600            43.0000        0.000000             0.000000      -721.0974400825
   128          8800            44.0000        0.000000             0.000000      -721.0974400868
   128          9000            45.0000        0.000000             0.000000      -721.0974400904
   128          9200            46.0000        0.000000             0.000000      -721.0974400934
   128          9400            47.0000        0.000000             0.000000      -721.0974400958
   128          9600            48.0000        0.000000             0.000000      -721.0974400979
   128          9800            49.0000        0.000000             0.000000      -721.0974400997
   128         10000            50.0000        0.000000             0.000000      -721.0974401011
   128         10200            51.0000        0.000000             0.000000      -721.0974401024
   128         10400            52.0000        0.000000             0.000000      -721.0974401034
   128         10600            53.0000        0.000000             0.000000      -721.0974401042
   128         10800            54.0000        0.000000             0.000000      -721.0974401049
   128         11000            55.0000        0.000000             0.000000      -721.0974401055
   128         11200            56.0000        0.000000             0.000000      -721.0974401060
   128         11400            57.0000        0.000000             0.000000      -721.0974401064
   128         11600            58.0000        0.000000             0.000000      -721.0974401067
   128         11800            59.0000        0.000000             0.000000      -721.0974401070
   128         12000            60.0000        0.000000             0.000000      -721.0974401072
   128         12200            61.0000        0.000000             0.000000      -721.0974401074
   128         12400            62.0000        0.000000             0.000000      -721.0974401076
   128         12600            63.0000        0.000000             0.000000      -721.0974401077
   128         12800            64.0000        0.000000             0.000000      -721.0974401078
   128         13000            65.0000        0.000000             0.000000      -721.0974401079
   128         13200            66.0000        0.000000             0.000000      -721.0974401080
   128         13400            67.0000        0.000000             0.000000      -721.0974401081
   128         13600            68.0000        0.000000             0.000000      -721.0974401081
   128         13800            69.0000        0.000000             0.000000      -721.0974401082
   128         14000            70.0000        0.000000             0.000000      -721.0974401082
   128         14200            71.0000        0.000000             0.000000      -721.0974401082
   128         14400            72.0000        0.000000             0.000000      -721.0974401083
   128         14600            73.0000        0.000000             0.000000      -721.0974401083
   128         14800            74.0000        0.000000             0.000000      -721.0974401083
   128         15000            75.0000        0.000000             0.000000      -721.0974401083
   128         15200            76.0000        0.000000             0.000000      -721.0974401083
   128         15400            77.0000        0.000000             0.000000      -721.0974401084
   128         15600            78.0000        0.000000             0.000000      -721.0974401084
   128         15800            79.0000        0.000000             0.000000      -721.0974401084
   128         16000            80.0000        0.000000             0.000000      -721.0974401084
   128         16200            81.0000        0.000000             0.000000      -721.0974401084
   128         16400            82.0000        0.000000             0.000000      -721.0974401084
   128         16600            83.0000        0.000000             0.000000      -721.0974401084
   128         16800            84.0000        0.000000             0.000000      -721.0974401084
   128         17000            85.0000        0.000000             0.000000      -721.0974401084
   128         17200            86.0000        0.000000             0.000000      -721.0974401084
   128         17400            87.0000        0.000000             0.000000      -721.0974401084
   128         17600            88.0000        0.000000             0.000000      -721.0974401084
   128         17800            89.0000        0.000000             0.000000      -721.0974401084
   128         18000            90.0000        0.000000             0.000000      -721.0974401084
   128         18200            91.0000        0.000000             0.000000      -721.0974401084
   128         18400            92.0000        0.000000             0.000000      -721.0974401084
   128         18600            93.0000        0.000000             0.000000      -721.0974401084
   128         18800            94.0000        0.000000             0.000000      -721.0974401084
   128         19000            95.0000        0.000000             0.000000      -721.0974401084
   128         19200            96.0000        0.000000             0.000000      -721.0974401084
   128         19400            97.0000        0.000000             0.000000      -721.0974401084
   128         19600            98.0000        0.000000             0.000000      -721.0974401084
   128         19800            99.0000        0.000000             0.000000      -721.0974401084
   128         20000           100.0000        0.000000             0.000000      -721.0974401084
