 #uni, ipas, time, temp, average temper, average ener
   559            40             0.2000        0.000000            73.088326     -3230.5224983877
   559            80             0.4000        0.000000             7.793515     -3244.6928314185
   559           120             0.6000        0.000000             1.120705     -3246.0818338642
   559           160             0.8000        0.000000             0.329592     -3246.3036160263
   559           200             1.0000        0.000000             0.136837     -3246.3744680551
   559           240             1.2000        0.000000             0.067379     -3246.4053831175
   559           280             1.4000        0.000000             0.039458     -3246.4212397116
   559           320             1.6000        0.000000             0.023853     -3246.4304642419
   559           360             1.8000        0.000000             0.015556     -3246.4360013906
   559           400             2.0000        0.000000             0.009012     -3246.4394546439
   559           440             2.2000        0.000000             0.005540     -3246.4414950857
   559           480             2.4000        0.000000             0.003442     -3246.4427550356
   559           520             2.6000        0.000000             0.002106     -3246.4435391143
   559           560             2.8000        0.000000             0.001360     -3246.4440255277
   559           600             3.0000        0.000000             0.000860     -3246.4443371624
   559           640             3.2000        0.000000             0.000550     -3246.4445362521
   559           680             3.4000        0.000000             0.000362     -3246.4446641055
   559           720             3.6000        0.000000             0.000249     -3246.4447490517
   559           760             3.8000        0.000000             0.000167     -3246.4448060545
   559           800             4.0000        0.000000             0.000117     -3246.4448450035
   559           840             4.2000        0.000000             0.000079     -3246.4448720739
   559           880             4.4000        0.000000             0.000054     -3246.4448906710
   559           920             4.6000        0.000000             0.000039     -3246.4449035360
   559           960             4.8000        0.000000             0.000028     -3246.4449128906
   559          1000             5.0000        0.000000             0.000021     -3246.4449195782
   559          1040             5.2000        0.000000             0.000016     -3246.4449245014
   559          1080             5.4000        0.000000             0.000011     -3246.4449281765
   559          1120             5.6000        0.000000             0.000008     -3246.4449308431
   559          1160             5.8000        0.000000             0.000006     -3246.4449327993
   559          1200             6.0000        0.000000             0.000004     -3246.4449342554
   559          1240             6.2000        0.000000             0.000004     -3246.4449353414
   559          1280             6.4000        0.000000             0.000003     -3246.4449362054
   559          1320             6.6000        0.000000             0.000002     -3246.4449368553
   559          1360             6.8000        0.000000             0.000002     -3246.4449373444
   559          1400             7.0000        0.000000             0.000001     -3246.4449377087
   559          1440             7.2000        0.000000             0.000001     -3246.4449379910
   559          1480             7.4000        0.000000             0.000001     -3246.4449381990
   559          1520             7.6000        0.000000             0.000001     -3246.4449383622
   559          1560             7.8000        0.000000             0.000000     -3246.4449384871
   559          1600             8.0000        0.000000             0.000000     -3246.4449385807
   559          1640             8.2000        0.000000             0.000000     -3246.4449386538
   559          1680             8.4000        0.000000             0.000000     -3246.4449387103
   559          1720             8.6000        0.000000             0.000000     -3246.4449387537
   559          1760             8.8000        0.000000             0.000000     -3246.4449387868
   559          1800             9.0000        0.000000             0.000000     -3246.4449388115
   559          1840             9.2000        0.000000             0.000000     -3246.4449388302
   559          1880             9.4000        0.000000             0.000000     -3246.4449388445
   559          1920             9.6000        0.000000             0.000000     -3246.4449388553
   559          1960             9.8000        0.000000             0.000000     -3246.4449388636
   559          2000            10.0000        0.000000             0.000000     -3246.4449388699
   559          2040            10.2000        0.000000             0.000000     -3246.4449388748
   559          2080            10.4000        0.000000             0.000000     -3246.4449388786
   559          2120            10.6000        0.000000             0.000000     -3246.4449388816
   559          2160            10.8000        0.000000             0.000000     -3246.4449388839
   559          2200            11.0000        0.000000             0.000000     -3246.4449388857
   559          2240            11.2000        0.000000             0.000000     -3246.4449388870
   559          2280            11.4000        0.000000             0.000000     -3246.4449388881
   559          2320            11.6000        0.000000             0.000000     -3246.4449388888
   559          2360            11.8000        0.000000             0.000000     -3246.4449388894
   559          2400            12.0000        0.000000             0.000000     -3246.4449388899
   559          2440            12.2000        0.000000             0.000000     -3246.4449388903
   559          2480            12.4000        0.000000             0.000000     -3246.4449388906
   559          2520            12.6000        0.000000             0.000000     -3246.4449388908
   559          2560            12.8000        0.000000             0.000000     -3246.4449388910
   559          2600            13.0000        0.000000             0.000000     -3246.4449388911
   559          2640            13.2000        0.000000             0.000000     -3246.4449388912
   559          2680            13.4000        0.000000             0.000000     -3246.4449388913
   559          2720            13.6000        0.000000             0.000000     -3246.4449388913
   559          2760            13.8000        0.000000             0.000000     -3246.4449388914
   559          2800            14.0000        0.000000             0.000000     -3246.4449388914
   559          2840            14.2000        0.000000             0.000000     -3246.4449388915
   559          2880            14.4000        0.000000             0.000000     -3246.4449388915
   559          2920            14.6000        0.000000             0.000000     -3246.4449388915
   559          2960            14.8000        0.000000             0.000000     -3246.4449388915
   559          3000            15.0000        0.000000             0.000000     -3246.4449388915
   559          3040            15.2000        0.000000             0.000000     -3246.4449388915
   559          3080            15.4000        0.000000             0.000000     -3246.4449388915
   559          3120            15.6000        0.000000             0.000000     -3246.4449388916
   559          3160            15.8000        0.000000             0.000000     -3246.4449388916
   559          3200            16.0000        0.000000             0.000000     -3246.4449388916
   559          3240            16.2000        0.000000             0.000000     -3246.4449388916
   559          3280            16.4000        0.000000             0.000000     -3246.4449388916
   559          3320            16.6000        0.000000             0.000000     -3246.4449388916
   559          3360            16.8000        0.000000             0.000000     -3246.4449388916
   559          3400            17.0000        0.000000             0.000000     -3246.4449388916
   559          3440            17.2000        0.000000             0.000000     -3246.4449388916
   559          3480            17.4000        0.000000             0.000000     -3246.4449388916
   559          3520            17.6000        0.000000             0.000000     -3246.4449388916
   559          3560            17.8000        0.000000             0.000000     -3246.4449388916
   559          3600            18.0000        0.000000             0.000000     -3246.4449388916
   559          3640            18.2000        0.000000             0.000000     -3246.4449388916
   559          3680            18.4000        0.000000             0.000000     -3246.4449388916
   559          3720            18.6000        0.000000             0.000000     -3246.4449388916
   559          3760            18.8000        0.000000             0.000000     -3246.4449388916
   559          3800            19.0000        0.000000             0.000000     -3246.4449388916
   559          3840            19.2000        0.000000             0.000000     -3246.4449388916
   559          3880            19.4000        0.000000             0.000000     -3246.4449388916
   559          3920            19.6000        0.000000             0.000000     -3246.4449388916
   559          3960            19.8000        0.000000             0.000000     -3246.4449388916
   559          4000            20.0000        0.000000             0.000000     -3246.4449388916
