 #uni, ipas, time, temp, average temper, average ener
   128           200             1.0000        0.000000             0.876615      -720.9456493029
   128           400             2.0000        0.000000             0.011523      -720.9885837053
   128           600             3.0000        0.000000             0.012840      -720.9911943549
   128           800             4.0000        0.000000             0.010376      -720.9937255036
   128          1000             5.0000        0.000000             0.010849      -720.9960558548
   128          1200             6.0000        0.000000             0.008974      -720.9982311663
   128          1400             7.0000        0.000000             0.008660      -721.0002979051
   128          1600             8.0000        0.000000             0.008186      -721.0022307838
   128          1800             9.0000        0.000000             0.007782      -721.0040728637
   128          2000            10.0000        0.000000             0.006985      -721.0057769786
   128          2200            11.0000        0.000000             0.006744      -721.0073553625
   128          2400            12.0000        0.000000             0.005568      -721.0087859019
   128          2600            13.0000        0.000000             0.004905      -721.0100346026
   128          2800            14.0000        0.000000             0.004617      -721.0111552844
   128          3000            15.0000        0.000000             0.003827      -721.0121580003
   128          3200            16.0000        0.000000             0.003495      -721.0130368927
   128          3400            17.0000        0.000000             0.002913      -721.0138145629
   128          3600            18.0000        0.000000             0.002569      -721.0144840492
   128          3800            19.0000        0.000000             0.002302      -721.0150682909
   128          4000            20.0000        0.000000             0.002041      -721.0155979629
   128          4200            21.0000        0.000000             0.001684      -721.0160425273
   128          4400            22.0000        0.000000             0.001441      -721.0164281974
   128          4600            23.0000        0.000000             0.001314      -721.0167612466
   128          4800            24.0000        0.000000             0.001066      -721.0170505675
   128          5000            25.0000        0.000000             0.000982      -721.0173000728
   128          5200            26.0000        0.000000             0.000797      -721.0175102437
   128          5400            27.0000        0.000000             0.000702      -721.0176944852
   128          5600            28.0000        0.000000             0.000592      -721.0178484344
   128          5800            29.0000        0.000000             0.000510      -721.0179803592
   128          6000            30.0000        0.000000             0.000425      -721.0180945854
   128          6200            31.0000        0.000000             0.000369      -721.0181901988
   128          6400            32.0000        0.000000             0.000310      -721.0182715966
   128          6600            33.0000        0.000000             0.000273      -721.0183416938
   128          6800            34.0000        0.000000             0.000230      -721.0184012678
   128          7000            35.0000        0.000000             0.000190      -721.0184512797
   128          7200            36.0000        0.000000             0.000150      -721.0184925515
   128          7400            37.0000        0.000000             0.000135      -721.0185274239
   128          7600            38.0000        0.000000             0.000112      -721.0185573965
   128          7800            39.0000        0.000000             0.000105      -721.0185829907
   128          8000            40.0000        0.000000             0.000080      -721.0186052789
   128          8200            41.0000        0.000000             0.000070      -721.0186230554
   128          8400            42.0000        0.000000             0.000057      -721.0186384925
   128          8600            43.0000        0.000000             0.000046      -721.0186512109
   128          8800            44.0000        0.000000             0.000043      -721.0186619851
   128          9000            45.0000        0.000000             0.000035      -721.0186712802
   128          9200            46.0000        0.000000             0.000029      -721.0186789409
   128          9400            47.0000        0.000000             0.000026      -721.0186855211
   128          9600            48.0000        0.000000             0.000023      -721.0186911855
   128          9800            49.0000        0.000000             0.000018      -721.0186958791
   128         10000            50.0000        0.000000             0.000015      -721.0186998219
   128         10200            51.0000        0.000000             0.000012      -721.0187031087
   128         10400            52.0000        0.000000             0.000010      -721.0187057792
   128         10600            53.0000        0.000000             0.000008      -721.0187080015
   128         10800            54.0000        0.000000             0.000007      -721.0187098622
   128         11000            55.0000        0.000000             0.000006      -721.0187114994
   128         11200            56.0000        0.000000             0.000005      -721.0187128566
   128         11400            57.0000        0.000000             0.000004      -721.0187139908
   128         11600            58.0000        0.000000             0.000004      -721.0187149378
   128         11800            59.0000        0.000000             0.000003      -721.0187157704
   128         12000            60.0000        0.000000             0.000003      -721.0187164504
   128         12200            61.0000        0.000000             0.000002      -721.0187170209
   128         12400            62.0000        0.000000             0.000002      -721.0187174986
   128         12600            63.0000        0.000000             0.000002      -721.0187179031
   128         12800            64.0000        0.000000             0.000001      -721.0187182465
   128         13000            65.0000        0.000000             0.000001      -721.0187185297
   128         13200            66.0000        0.000000             0.000001      -721.0187187625
   128         13400            67.0000        0.000000             0.000001      -721.0187189617
   128         13600            68.0000        0.000000             0.000001      -721.0187191276
   128         13800            69.0000        0.000000             0.000001      -721.0187192692
   128         14000            70.0000        0.000000             0.000000      -721.0187193893
   128         14200            71.0000        0.000000             0.000000      -721.0187194903
   128         14400            72.0000        0.000000             0.000000      -721.0187195766
   128         14600            73.0000        0.000000             0.000000      -721.0187196477
   128         14800            74.0000        0.000000             0.000000      -721.0187197082
   128         15000            75.0000        0.000000             0.000000      -721.0187197595
   128         15200            76.0000        0.000000             0.000000      -721.0187198003
   128         15400            77.0000        0.000000             0.000000      -721.0187198356
   128         15600            78.0000        0.000000             0.000000      -721.0187198663
   128         15800            79.0000        0.000000             0.000000      -721.0187198906
   128         16000            80.0000        0.000000             0.000000      -721.0187199112
   128         16200            81.0000        0.000000             0.000000      -721.0187199290
   128         16400            82.0000        0.000000             0.000000      -721.0187199437
   128         16600            83.0000        0.000000             0.000000      -721.0187199561
   128         16800            84.0000        0.000000             0.000000      -721.0187199667
   128         17000            85.0000        0.000000             0.000000      -721.0187199754
   128         17200            86.0000        0.000000             0.000000      -721.0187199827
   128         17400            87.0000        0.000000             0.000000      -721.0187199890
   128         17600            88.0000        0.000000             0.000000      -721.0187199941
   128         17800            89.0000        0.000000             0.000000      -721.0187199984
   128         18000            90.0000        0.000000             0.000000      -721.0187200020
   128         18200            91.0000        0.000000             0.000000      -721.0187200052
   128         18400            92.0000        0.000000             0.000000      -721.0187200077
   128         18600            93.0000        0.000000             0.000000      -721.0187200099
   128         18800            94.0000        0.000000             0.000000      -721.0187200117
   128         19000            95.0000        0.000000             0.000000      -721.0187200132
   128         19200            96.0000        0.000000             0.000000      -721.0187200145
   128         19400            97.0000        0.000000             0.000000      -721.0187200156
   128         19600            98.0000        0.000000             0.000000      -721.0187200165
   128         19800            99.0000        0.000000             0.000000      -721.0187200172
   128         20000           100.0000        0.000000             0.000000      -721.0187200178
