 #uni, ipas, time, temp, average temper, average ener
   128           200             1.0000        0.000000             0.183837      -721.2824119327
   128           400             2.0000        0.000000             0.042278      -721.3009472500
   128           600             3.0000        0.000000             0.030325      -721.3092901211
   128           800             4.0000        0.000000             0.019666      -721.3152097752
   128          1000             5.0000        0.000000             0.013150      -721.3191683556
   128          1200             6.0000        0.000000             0.010386      -721.3218294160
   128          1400             7.0000        0.000000             0.006453      -721.3236667001
   128          1600             8.0000        0.000000             0.004374      -721.3248373934
   128          1800             9.0000        0.000000             0.002534      -721.3256255908
   128          2000            10.0000        0.000000             0.001810      -721.3260982339
   128          2200            11.0000        0.000000             0.001013      -721.3264028867
   128          2400            12.0000        0.000000             0.000678      -721.3265917052
   128          2600            13.0000        0.000000             0.000407      -721.3267162200
   128          2800            14.0000        0.000000             0.000255      -721.3267922618
   128          3000            15.0000        0.000000             0.000164      -721.3268410838
   128          3200            16.0000        0.000000             0.000132      -721.3268744713
   128          3400            17.0000        0.000000             0.000080      -721.3268965266
   128          3600            18.0000        0.000000             0.000054      -721.3269109203
   128          3800            19.0000        0.000000             0.000028      -721.3269196884
   128          4000            20.0000        0.000000             0.000019      -721.3269248504
   128          4200            21.0000        0.000000             0.000011      -721.3269280856
   128          4400            22.0000        0.000000             0.000007      -721.3269301628
   128          4600            23.0000        0.000000             0.000005      -721.3269314941
   128          4800            24.0000        0.000000             0.000003      -721.3269324242
   128          5000            25.0000        0.000000             0.000002      -721.3269329972
   128          5200            26.0000        0.000000             0.000001      -721.3269333575
   128          5400            27.0000        0.000000             0.000001      -721.3269335815
   128          5600            28.0000        0.000000             0.000001      -721.3269337238
   128          5800            29.0000        0.000000             0.000000      -721.3269338160
   128          6000            30.0000        0.000000             0.000000      -721.3269338755
   128          6200            31.0000        0.000000             0.000000      -721.3269339126
   128          6400            32.0000        0.000000             0.000000      -721.3269339374
   128          6600            33.0000        0.000000             0.000000      -721.3269339526
   128          6800            34.0000        0.000000             0.000000      -721.3269339626
   128          7000            35.0000        0.000000             0.000000      -721.3269339689
   128          7200            36.0000        0.000000             0.000000      -721.3269339730
   128          7400            37.0000        0.000000             0.000000      -721.3269339755
   128          7600            38.0000        0.000000             0.000000      -721.3269339771
   128          7800            39.0000        0.000000             0.000000      -721.3269339781
   128          8000            40.0000        0.000000             0.000000      -721.3269339787
   128          8200            41.0000        0.000000             0.000000      -721.3269339792
   128          8400            42.0000        0.000000             0.000000      -721.3269339795
   128          8600            43.0000        0.000000             0.000000      -721.3269339796
   128          8800            44.0000        0.000000             0.000000      -721.3269339797
   128          9000            45.0000        0.000000             0.000000      -721.3269339798
   128          9200            46.0000        0.000000             0.000000      -721.3269339799
   128          9400            47.0000        0.000000             0.000000      -721.3269339799
   128          9600            48.0000        0.000000             0.000000      -721.3269339799
   128          9800            49.0000        0.000000             0.000000      -721.3269339799
   128         10000            50.0000        0.000000             0.000000      -721.3269339799
   128         10200            51.0000        0.000000             0.000000      -721.3269339799
   128         10400            52.0000        0.000000             0.000000      -721.3269339799
   128         10600            53.0000        0.000000             0.000000      -721.3269339799
   128         10800            54.0000        0.000000             0.000000      -721.3269339799
   128         11000            55.0000        0.000000             0.000000      -721.3269339799
   128         11200            56.0000        0.000000             0.000000      -721.3269339799
   128         11400            57.0000        0.000000             0.000000      -721.3269339799
   128         11600            58.0000        0.000000             0.000000      -721.3269339799
   128         11800            59.0000        0.000000             0.000000      -721.3269339799
   128         12000            60.0000        0.000000             0.000000      -721.3269339799
   128         12200            61.0000        0.000000             0.000000      -721.3269339799
   128         12400            62.0000        0.000000             0.000000      -721.3269339799
   128         12600            63.0000        0.000000             0.000000      -721.3269339799
   128         12800            64.0000        0.000000             0.000000      -721.3269339799
   128         13000            65.0000        0.000000             0.000000      -721.3269339799
   128         13200            66.0000        0.000000             0.000000      -721.3269339799
   128         13400            67.0000        0.000000             0.000000      -721.3269339799
   128         13600            68.0000        0.000000             0.000000      -721.3269339799
   128         13800            69.0000        0.000000             0.000000      -721.3269339799
   128         14000            70.0000        0.000000             0.000000      -721.3269339799
   128         14200            71.0000        0.000000             0.000000      -721.3269339799
   128         14400            72.0000        0.000000             0.000000      -721.3269339799
   128         14600            73.0000        0.000000             0.000000      -721.3269339799
   128         14800            74.0000        0.000000             0.000000      -721.3269339799
   128         15000            75.0000        0.000000             0.000000      -721.3269339799
   128         15200            76.0000        0.000000             0.000000      -721.3269339799
   128         15400            77.0000        0.000000             0.000000      -721.3269339799
   128         15600            78.0000        0.000000             0.000000      -721.3269339799
   128         15800            79.0000        0.000000             0.000000      -721.3269339799
   128         16000            80.0000        0.000000             0.000000      -721.3269339799
   128         16200            81.0000        0.000000             0.000000      -721.3269339799
   128         16400            82.0000        0.000000             0.000000      -721.3269339799
   128         16600            83.0000        0.000000             0.000000      -721.3269339799
   128         16800            84.0000        0.000000             0.000000      -721.3269339799
   128         17000            85.0000        0.000000             0.000000      -721.3269339799
   128         17200            86.0000        0.000000             0.000000      -721.3269339799
   128         17400            87.0000        0.000000             0.000000      -721.3269339799
   128         17600            88.0000        0.000000             0.000000      -721.3269339799
   128         17800            89.0000        0.000000             0.000000      -721.3269339799
   128         18000            90.0000        0.000000             0.000000      -721.3269339799
   128         18200            91.0000        0.000000             0.000000      -721.3269339799
   128         18400            92.0000        0.000000             0.000000      -721.3269339799
   128         18600            93.0000        0.000000             0.000000      -721.3269339799
   128         18800            94.0000        0.000000             0.000000      -721.3269339799
   128         19000            95.0000        0.000000             0.000000      -721.3269339799
   128         19200            96.0000        0.000000             0.000000      -721.3269339799
   128         19400            97.0000        0.000000             0.000000      -721.3269339799
   128         19600            98.0000        0.000000             0.000000      -721.3269339799
   128         19800            99.0000        0.000000             0.000000      -721.3269339799
   128         20000           100.0000        0.000000             0.000000      -721.3269339799
