 #uni, ipas, time, temp, average temper, average ener
   559            40             0.2000        0.000000            73.160410     -3230.1904046432
   559            80             0.4000        0.000000             7.854384     -3244.3923862116
   559           120             0.6000        0.000000             1.125543     -3245.7860055356
   559           160             0.8000        0.000000             0.330750     -3246.0116085331
   559           200             1.0000        0.000000             0.137138     -3246.0831654065
   559           240             1.2000        0.000000             0.073541     -3246.1149559516
   559           280             1.4000        0.000000             0.042960     -3246.1320882261
   559           320             1.6000        0.000000             0.025815     -3246.1420793335
   559           360             1.8000        0.000000             0.015392     -3246.1480175445
   559           400             2.0000        0.000000             0.009266     -3246.1515597995
   559           440             2.2000        0.000000             0.006055     -3246.1537140335
   559           480             2.4000        0.000000             0.003557     -3246.1550802746
   559           520             2.6000        0.000000             0.002291     -3246.1559149226
   559           560             2.8000        0.000000             0.001568     -3246.1564468584
   559           600             3.0000        0.000000             0.000971     -3246.1568005821
   559           640             3.2000        0.000000             0.000606     -3246.1570226014
   559           680             3.4000        0.000000             0.000419     -3246.1571647111
   559           720             3.6000        0.000000             0.000268     -3246.1572598575
   559           760             3.8000        0.000000             0.000183     -3246.1573219647
   559           800             4.0000        0.000000             0.000127     -3246.1573647199
   559           840             4.2000        0.000000             0.000086     -3246.1573944993
   559           880             4.4000        0.000000             0.000061     -3246.1574148609
   559           920             4.6000        0.000000             0.000041     -3246.1574293498
   559           960             4.8000        0.000000             0.000032     -3246.1574393347
   559          1000             5.0000        0.000000             0.000022     -3246.1574467918
   559          1040             5.2000        0.000000             0.000017     -3246.1574521028
   559          1080             5.4000        0.000000             0.000013     -3246.1574561555
   559          1120             5.6000        0.000000             0.000010     -3246.1574591713
   559          1160             5.8000        0.000000             0.000007     -3246.1574613988
   559          1200             6.0000        0.000000             0.000005     -3246.1574630305
   559          1240             6.2000        0.000000             0.000004     -3246.1574642158
   559          1280             6.4000        0.000000             0.000003     -3246.1574651217
   559          1320             6.6000        0.000000             0.000002     -3246.1574658120
   559          1360             6.8000        0.000000             0.000002     -3246.1574663214
   559          1400             7.0000        0.000000             0.000001     -3246.1574667037
   559          1440             7.2000        0.000000             0.000001     -3246.1574669929
   559          1480             7.4000        0.000000             0.000001     -3246.1574672172
   559          1520             7.6000        0.000000             0.000001     -3246.1574673938
   559          1560             7.8000        0.000000             0.000000     -3246.1574675238
   559          1600             8.0000        0.000000             0.000000     -3246.1574676217
   559          1640             8.2000        0.000000             0.000000     -3246.1574676975
   559          1680             8.4000        0.000000             0.000000     -3246.1574677540
   559          1720             8.6000        0.000000             0.000000     -3246.1574677971
   559          1760             8.8000        0.000000             0.000000     -3246.1574678304
   559          1800             9.0000        0.000000             0.000000     -3246.1574678558
   559          1840             9.2000        0.000000             0.000000     -3246.1574678750
   559          1880             9.4000        0.000000             0.000000     -3246.1574678889
   559          1920             9.6000        0.000000             0.000000     -3246.1574678996
   559          1960             9.8000        0.000000             0.000000     -3246.1574679077
   559          2000            10.0000        0.000000             0.000000     -3246.1574679138
   559          2040            10.2000        0.000000             0.000000     -3246.1574679184
   559          2080            10.4000        0.000000             0.000000     -3246.1574679220
   559          2120            10.6000        0.000000             0.000000     -3246.1574679246
   559          2160            10.8000        0.000000             0.000000     -3246.1574679267
   559          2200            11.0000        0.000000             0.000000     -3246.1574679282
   559          2240            11.2000        0.000000             0.000000     -3246.1574679294
   559          2280            11.4000        0.000000             0.000000     -3246.1574679303
   559          2320            11.6000        0.000000             0.000000     -3246.1574679310
   559          2360            11.8000        0.000000             0.000000     -3246.1574679316
   559          2400            12.0000        0.000000             0.000000     -3246.1574679320
   559          2440            12.2000        0.000000             0.000000     -3246.1574679323
   559          2480            12.4000        0.000000             0.000000     -3246.1574679325
   559          2520            12.6000        0.000000             0.000000     -3246.1574679327
   559          2560            12.8000        0.000000             0.000000     -3246.1574679328
   559          2600            13.0000        0.000000             0.000000     -3246.1574679329
   559          2640            13.2000        0.000000             0.000000     -3246.1574679330
   559          2680            13.4000        0.000000             0.000000     -3246.1574679331
   559          2720            13.6000        0.000000             0.000000     -3246.1574679331
   559          2760            13.8000        0.000000             0.000000     -3246.1574679331
   559          2800            14.0000        0.000000             0.000000     -3246.1574679332
   559          2840            14.2000        0.000000             0.000000     -3246.1574679332
   559          2880            14.4000        0.000000             0.000000     -3246.1574679332
   559          2920            14.6000        0.000000             0.000000     -3246.1574679332
   559          2960            14.8000        0.000000             0.000000     -3246.1574679332
   559          3000            15.0000        0.000000             0.000000     -3246.1574679332
   559          3040            15.2000        0.000000             0.000000     -3246.1574679332
   559          3080            15.4000        0.000000             0.000000     -3246.1574679332
   559          3120            15.6000        0.000000             0.000000     -3246.1574679332
   559          3160            15.8000        0.000000             0.000000     -3246.1574679332
   559          3200            16.0000        0.000000             0.000000     -3246.1574679332
   559          3240            16.2000        0.000000             0.000000     -3246.1574679332
   559          3280            16.4000        0.000000             0.000000     -3246.1574679332
   559          3320            16.6000        0.000000             0.000000     -3246.1574679332
   559          3360            16.8000        0.000000             0.000000     -3246.1574679332
   559          3400            17.0000        0.000000             0.000000     -3246.1574679332
   559          3440            17.2000        0.000000             0.000000     -3246.1574679332
   559          3480            17.4000        0.000000             0.000000     -3246.1574679332
   559          3520            17.6000        0.000000             0.000000     -3246.1574679332
   559          3560            17.8000        0.000000             0.000000     -3246.1574679332
   559          3600            18.0000        0.000000             0.000000     -3246.1574679332
   559          3640            18.2000        0.000000             0.000000     -3246.1574679332
   559          3680            18.4000        0.000000             0.000000     -3246.1574679332
   559          3720            18.6000        0.000000             0.000000     -3246.1574679332
   559          3760            18.8000        0.000000             0.000000     -3246.1574679332
   559          3800            19.0000        0.000000             0.000000     -3246.1574679332
   559          3840            19.2000        0.000000             0.000000     -3246.1574679332
   559          3880            19.4000        0.000000             0.000000     -3246.1574679332
   559          3920            19.6000        0.000000             0.000000     -3246.1574679332
   559          3960            19.8000        0.000000             0.000000     -3246.1574679332
   559          4000            20.0000        0.000000             0.000000     -3246.1574679332
