 #uni, ipas, time, temp, average temper, average ener
   559            40             0.2000        0.000000            73.199451     -3230.1955366781
   559            80             0.4000        0.000000             7.928727     -3244.3987608407
   559           120             0.6000        0.000000             1.095978     -3245.7983252022
   559           160             0.8000        0.000000             0.328774     -3246.0194435337
   559           200             1.0000        0.000000             0.137159     -3246.0900614017
   559           240             1.2000        0.000000             0.072441     -3246.1214573325
   559           280             1.4000        0.000000             0.040315     -3246.1381798625
   559           320             1.6000        0.000000             0.024227     -3246.1476123332
   559           360             1.8000        0.000000             0.015045     -3246.1532470222
   559           400             2.0000        0.000000             0.009494     -3246.1567295895
   559           440             2.2000        0.000000             0.005985     -3246.1588726509
   559           480             2.4000        0.000000             0.003560     -3246.1602007960
   559           520             2.6000        0.000000             0.002161     -3246.1610038976
   559           560             2.8000        0.000000             0.001338     -3246.1614950781
   559           600             3.0000        0.000000             0.000860     -3246.1618037892
   559           640             3.2000        0.000000             0.000565     -3246.1620012593
   559           680             3.4000        0.000000             0.000358     -3246.1621304519
   559           720             3.6000        0.000000             0.000239     -3246.1622135206
   559           760             3.8000        0.000000             0.000160     -3246.1622687781
   559           800             4.0000        0.000000             0.000108     -3246.1623059249
   559           840             4.2000        0.000000             0.000075     -3246.1623311978
   559           880             4.4000        0.000000             0.000052     -3246.1623487233
   559           920             4.6000        0.000000             0.000037     -3246.1623609773
   559           960             4.8000        0.000000             0.000026     -3246.1623697559
   559          1000             5.0000        0.000000             0.000019     -3246.1623760533
   559          1040             5.2000        0.000000             0.000014     -3246.1623806489
   559          1080             5.4000        0.000000             0.000010     -3246.1623840611
   559          1120             5.6000        0.000000             0.000008     -3246.1623865583
   559          1160             5.8000        0.000000             0.000006     -3246.1623884262
   559          1200             6.0000        0.000000             0.000005     -3246.1623898196
   559          1240             6.2000        0.000000             0.000003     -3246.1623908924
   559          1280             6.4000        0.000000             0.000002     -3246.1623916905
   559          1320             6.6000        0.000000             0.000002     -3246.1623922777
   559          1360             6.8000        0.000000             0.000001     -3246.1623927327
   559          1400             7.0000        0.000000             0.000001     -3246.1623930779
   559          1440             7.2000        0.000000             0.000001     -3246.1623933355
   559          1480             7.4000        0.000000             0.000001     -3246.1623935357
   559          1520             7.6000        0.000000             0.000000     -3246.1623936871
   559          1560             7.8000        0.000000             0.000000     -3246.1623938018
   559          1600             8.0000        0.000000             0.000000     -3246.1623938895
   559          1640             8.2000        0.000000             0.000000     -3246.1623939561
   559          1680             8.4000        0.000000             0.000000     -3246.1623940074
   559          1720             8.6000        0.000000             0.000000     -3246.1623940460
   559          1760             8.8000        0.000000             0.000000     -3246.1623940758
   559          1800             9.0000        0.000000             0.000000     -3246.1623940984
   559          1840             9.2000        0.000000             0.000000     -3246.1623941159
   559          1880             9.4000        0.000000             0.000000     -3246.1623941293
   559          1920             9.6000        0.000000             0.000000     -3246.1623941395
   559          1960             9.8000        0.000000             0.000000     -3246.1623941476
   559          2000            10.0000        0.000000             0.000000     -3246.1623941537
   559          2040            10.2000        0.000000             0.000000     -3246.1623941584
   559          2080            10.4000        0.000000             0.000000     -3246.1623941620
   559          2120            10.6000        0.000000             0.000000     -3246.1623941648
   559          2160            10.8000        0.000000             0.000000     -3246.1623941670
   559          2200            11.0000        0.000000             0.000000     -3246.1623941686
   559          2240            11.2000        0.000000             0.000000     -3246.1623941699
   559          2280            11.4000        0.000000             0.000000     -3246.1623941708
   559          2320            11.6000        0.000000             0.000000     -3246.1623941716
   559          2360            11.8000        0.000000             0.000000     -3246.1623941722
   559          2400            12.0000        0.000000             0.000000     -3246.1623941726
   559          2440            12.2000        0.000000             0.000000     -3246.1623941730
   559          2480            12.4000        0.000000             0.000000     -3246.1623941733
   559          2520            12.6000        0.000000             0.000000     -3246.1623941735
   559          2560            12.8000        0.000000             0.000000     -3246.1623941737
   559          2600            13.0000        0.000000             0.000000     -3246.1623941738
   559          2640            13.2000        0.000000             0.000000     -3246.1623941739
   559          2680            13.4000        0.000000             0.000000     -3246.1623941740
   559          2720            13.6000        0.000000             0.000000     -3246.1623941740
   559          2760            13.8000        0.000000             0.000000     -3246.1623941741
   559          2800            14.0000        0.000000             0.000000     -3246.1623941741
   559          2840            14.2000        0.000000             0.000000     -3246.1623941742
   559          2880            14.4000        0.000000             0.000000     -3246.1623941742
   559          2920            14.6000        0.000000             0.000000     -3246.1623941742
   559          2960            14.8000        0.000000             0.000000     -3246.1623941742
   559          3000            15.0000        0.000000             0.000000     -3246.1623941742
   559          3040            15.2000        0.000000             0.000000     -3246.1623941742
   559          3080            15.4000        0.000000             0.000000     -3246.1623941743
   559          3120            15.6000        0.000000             0.000000     -3246.1623941743
   559          3160            15.8000        0.000000             0.000000     -3246.1623941743
   559          3200            16.0000        0.000000             0.000000     -3246.1623941743
   559          3240            16.2000        0.000000             0.000000     -3246.1623941743
   559          3280            16.4000        0.000000             0.000000     -3246.1623941743
   559          3320            16.6000        0.000000             0.000000     -3246.1623941743
   559          3360            16.8000        0.000000             0.000000     -3246.1623941743
   559          3400            17.0000        0.000000             0.000000     -3246.1623941743
   559          3440            17.2000        0.000000             0.000000     -3246.1623941743
   559          3480            17.4000        0.000000             0.000000     -3246.1623941743
   559          3520            17.6000        0.000000             0.000000     -3246.1623941743
   559          3560            17.8000        0.000000             0.000000     -3246.1623941743
   559          3600            18.0000        0.000000             0.000000     -3246.1623941743
   559          3640            18.2000        0.000000             0.000000     -3246.1623941743
   559          3680            18.4000        0.000000             0.000000     -3246.1623941743
   559          3720            18.6000        0.000000             0.000000     -3246.1623941743
   559          3760            18.8000        0.000000             0.000000     -3246.1623941743
   559          3800            19.0000        0.000000             0.000000     -3246.1623941743
   559          3840            19.2000        0.000000             0.000000     -3246.1623941743
   559          3880            19.4000        0.000000             0.000000     -3246.1623941743
   559          3920            19.6000        0.000000             0.000000     -3246.1623941743
   559          3960            19.8000        0.000000             0.000000     -3246.1623941743
   559          4000            20.0000        0.000000             0.000000     -3246.1623941743
