 #uni, ipas, time, temp, average temper, average ener
   559            40             0.2000        0.000000            73.287914     -3230.1753120173
   559            80             0.4000        0.000000             7.805276     -3244.3865283885
   559           120             0.6000        0.000000             1.101577     -3245.7737895425
   559           160             0.8000        0.000000             0.322416     -3245.9934626965
   559           200             1.0000        0.000000             0.134975     -3246.0632885741
   559           240             1.2000        0.000000             0.069583     -3246.0945675412
   559           280             1.4000        0.000000             0.042533     -3246.1112094636
   559           320             1.6000        0.000000             0.025276     -3246.1210988770
   559           360             1.8000        0.000000             0.015049     -3246.1269108307
   559           400             2.0000        0.000000             0.009264     -3246.1304275015
   559           440             2.2000        0.000000             0.005799     -3246.1325848241
   559           480             2.4000        0.000000             0.003639     -3246.1339301164
   559           520             2.6000        0.000000             0.002232     -3246.1347706114
   559           560             2.8000        0.000000             0.001469     -3246.1352973453
   559           600             3.0000        0.000000             0.000947     -3246.1356388900
   559           640             3.2000        0.000000             0.000606     -3246.1358609315
   559           680             3.4000        0.000000             0.000399     -3246.1360038274
   559           720             3.6000        0.000000             0.000277     -3246.1360992457
   559           760             3.8000        0.000000             0.000190     -3246.1361641276
   559           800             4.0000        0.000000             0.000133     -3246.1362087112
   559           840             4.2000        0.000000             0.000091     -3246.1362398041
   559           880             4.4000        0.000000             0.000061     -3246.1362611860
   559           920             4.6000        0.000000             0.000044     -3246.1362759328
   559           960             4.8000        0.000000             0.000033     -3246.1362865866
   559          1000             5.0000        0.000000             0.000025     -3246.1362943521
   559          1040             5.2000        0.000000             0.000018     -3246.1363000855
   559          1080             5.4000        0.000000             0.000013     -3246.1363042377
   559          1120             5.6000        0.000000             0.000009     -3246.1363073031
   559          1160             5.8000        0.000000             0.000007     -3246.1363095328
   559          1200             6.0000        0.000000             0.000005     -3246.1363111820
   559          1240             6.2000        0.000000             0.000004     -3246.1363124024
   559          1280             6.4000        0.000000             0.000003     -3246.1363133530
   559          1320             6.6000        0.000000             0.000003     -3246.1363140910
   559          1360             6.8000        0.000000             0.000002     -3246.1363146673
   559          1400             7.0000        0.000000             0.000002     -3246.1363150916
   559          1440             7.2000        0.000000             0.000001     -3246.1363154301
   559          1480             7.4000        0.000000             0.000001     -3246.1363156780
   559          1520             7.6000        0.000000             0.000001     -3246.1363158547
   559          1560             7.8000        0.000000             0.000000     -3246.1363159900
   559          1600             8.0000        0.000000             0.000000     -3246.1363160914
   559          1640             8.2000        0.000000             0.000000     -3246.1363161698
   559          1680             8.4000        0.000000             0.000000     -3246.1363162300
   559          1720             8.6000        0.000000             0.000000     -3246.1363162733
   559          1760             8.8000        0.000000             0.000000     -3246.1363163047
   559          1800             9.0000        0.000000             0.000000     -3246.1363163292
   559          1840             9.2000        0.000000             0.000000     -3246.1363163478
   559          1880             9.4000        0.000000             0.000000     -3246.1363163614
   559          1920             9.6000        0.000000             0.000000     -3246.1363163724
   559          1960             9.8000        0.000000             0.000000     -3246.1363163805
   559          2000            10.0000        0.000000             0.000000     -3246.1363163867
   559          2040            10.2000        0.000000             0.000000     -3246.1363163914
   559          2080            10.4000        0.000000             0.000000     -3246.1363163950
   559          2120            10.6000        0.000000             0.000000     -3246.1363163977
   559          2160            10.8000        0.000000             0.000000     -3246.1363163998
   559          2200            11.0000        0.000000             0.000000     -3246.1363164014
   559          2240            11.2000        0.000000             0.000000     -3246.1363164026
   559          2280            11.4000        0.000000             0.000000     -3246.1363164035
   559          2320            11.6000        0.000000             0.000000     -3246.1363164042
   559          2360            11.8000        0.000000             0.000000     -3246.1363164047
   559          2400            12.0000        0.000000             0.000000     -3246.1363164051
   559          2440            12.2000        0.000000             0.000000     -3246.1363164055
   559          2480            12.4000        0.000000             0.000000     -3246.1363164057
   559          2520            12.6000        0.000000             0.000000     -3246.1363164059
   559          2560            12.8000        0.000000             0.000000     -3246.1363164060
   559          2600            13.0000        0.000000             0.000000     -3246.1363164061
   559          2640            13.2000        0.000000             0.000000     -3246.1363164062
   559          2680            13.4000        0.000000             0.000000     -3246.1363164063
   559          2720            13.6000        0.000000             0.000000     -3246.1363164063
   559          2760            13.8000        0.000000             0.000000     -3246.1363164063
   559          2800            14.0000        0.000000             0.000000     -3246.1363164064
   559          2840            14.2000        0.000000             0.000000     -3246.1363164064
   559          2880            14.4000        0.000000             0.000000     -3246.1363164064
   559          2920            14.6000        0.000000             0.000000     -3246.1363164064
   559          2960            14.8000        0.000000             0.000000     -3246.1363164064
   559          3000            15.0000        0.000000             0.000000     -3246.1363164064
   559          3040            15.2000        0.000000             0.000000     -3246.1363164064
   559          3080            15.4000        0.000000             0.000000     -3246.1363164064
   559          3120            15.6000        0.000000             0.000000     -3246.1363164064
   559          3160            15.8000        0.000000             0.000000     -3246.1363164064
   559          3200            16.0000        0.000000             0.000000     -3246.1363164064
   559          3240            16.2000        0.000000             0.000000     -3246.1363164064
   559          3280            16.4000        0.000000             0.000000     -3246.1363164064
   559          3320            16.6000        0.000000             0.000000     -3246.1363164065
   559          3360            16.8000        0.000000             0.000000     -3246.1363164065
   559          3400            17.0000        0.000000             0.000000     -3246.1363164065
   559          3440            17.2000        0.000000             0.000000     -3246.1363164065
   559          3480            17.4000        0.000000             0.000000     -3246.1363164065
   559          3520            17.6000        0.000000             0.000000     -3246.1363164065
   559          3560            17.8000        0.000000             0.000000     -3246.1363164065
   559          3600            18.0000        0.000000             0.000000     -3246.1363164065
   559          3640            18.2000        0.000000             0.000000     -3246.1363164065
   559          3680            18.4000        0.000000             0.000000     -3246.1363164065
   559          3720            18.6000        0.000000             0.000000     -3246.1363164065
   559          3760            18.8000        0.000000             0.000000     -3246.1363164065
   559          3800            19.0000        0.000000             0.000000     -3246.1363164065
   559          3840            19.2000        0.000000             0.000000     -3246.1363164065
   559          3880            19.4000        0.000000             0.000000     -3246.1363164065
   559          3920            19.6000        0.000000             0.000000     -3246.1363164065
   559          3960            19.8000        0.000000             0.000000     -3246.1363164065
   559          4000            20.0000        0.000000             0.000000     -3246.1363164065
