 #uni, ipas, time, temp, average temper, average ener
   128           200             1.0000        0.000000             0.357388      -721.0056740041
   128           400             2.0000        0.000000             0.003995      -721.0213248091
   128           600             3.0000        0.000000             0.004313      -721.0222825864
   128           800             4.0000        0.000000             0.004578      -721.0232518534
   128          1000             5.0000        0.000000             0.004311      -721.0242411395
   128          1200             6.0000        0.000000             0.004487      -721.0252050361
   128          1400             7.0000        0.000000             0.004168      -721.0261850611
   128          1600             8.0000        0.000000             0.003592      -721.0270870226
   128          1800             9.0000        0.000000             0.003771      -721.0279507466
   128          2000            10.0000        0.000000             0.003652      -721.0288285609
   128          2200            11.0000        0.000000             0.003426      -721.0296701083
   128          2400            12.0000        0.000000             0.003290      -721.0304546528
   128          2600            13.0000        0.000000             0.002966      -721.0312251510
   128          2800            14.0000        0.000000             0.003100      -721.0319407139
   128          3000            15.0000        0.000000             0.003071      -721.0326626427
   128          3200            16.0000        0.000000             0.002647      -721.0333297250
   128          3400            17.0000        0.000000             0.002684      -721.0339468316
   128          3600            18.0000        0.000000             0.002378      -721.0345323813
   128          3800            19.0000        0.000000             0.002202      -721.0350601733
   128          4000            20.0000        0.000000             0.001911      -721.0355516437
   128          4200            21.0000        0.000000             0.001652      -721.0359824331
   128          4400            22.0000        0.000000             0.001795      -721.0363921120
   128          4600            23.0000        0.000000             0.001456      -721.0367701290
   128          4800            24.0000        0.000000             0.001511      -721.0371109754
   128          5000            25.0000        0.000000             0.001195      -721.0374253028
   128          5200            26.0000        0.000000             0.001162      -721.0377014443
   128          5400            27.0000        0.000000             0.001021      -721.0379558933
   128          5600            28.0000        0.000000             0.000802      -721.0381736638
   128          5800            29.0000        0.000000             0.000770      -721.0383650415
   128          6000            30.0000        0.000000             0.000659      -721.0385410677
   128          6200            31.0000        0.000000             0.000685      -721.0386972855
   128          6400            32.0000        0.000000             0.000582      -721.0388468619
   128          6600            33.0000        0.000000             0.000517      -721.0389736379
   128          6800            34.0000        0.000000             0.000423      -721.0390871413
   128          7000            35.0000        0.000000             0.000361      -721.0391838642
   128          7200            36.0000        0.000000             0.000335      -721.0392694121
   128          7400            37.0000        0.000000             0.000289      -721.0393454291
   128          7600            38.0000        0.000000             0.000287      -721.0394144395
   128          7800            39.0000        0.000000             0.000241      -721.0394772140
   128          8000            40.0000        0.000000             0.000214      -721.0395321976
   128          8200            41.0000        0.000000             0.000199      -721.0395805633
   128          8400            42.0000        0.000000             0.000165      -721.0396237358
   128          8600            43.0000        0.000000             0.000133      -721.0396604702
   128          8800            44.0000        0.000000             0.000124      -721.0396922331
   128          9000            45.0000        0.000000             0.000115      -721.0397210269
   128          9200            46.0000        0.000000             0.000097      -721.0397467368
   128          9400            47.0000        0.000000             0.000087      -721.0397688830
   128          9600            48.0000        0.000000             0.000077      -721.0397888602
   128          9800            49.0000        0.000000             0.000070      -721.0398062381
   128         10000            50.0000        0.000000             0.000063      -721.0398219311
   128         10200            51.0000        0.000000             0.000052      -721.0398356496
   128         10400            52.0000        0.000000             0.000046      -721.0398474403
   128         10600            53.0000        0.000000             0.000044      -721.0398578419
   128         10800            54.0000        0.000000             0.000039      -721.0398675442
   128         11000            55.0000        0.000000             0.000029      -721.0398755783
   128         11200            56.0000        0.000000             0.000027      -721.0398823705
   128         11400            57.0000        0.000000             0.000024      -721.0398884461
   128         11600            58.0000        0.000000             0.000021      -721.0398938304
   128         11800            59.0000        0.000000             0.000018      -721.0398984395
   128         12000            60.0000        0.000000             0.000016      -721.0399024582
   128         12200            61.0000        0.000000             0.000014      -721.0399060887
   128         12400            62.0000        0.000000             0.000011      -721.0399091507
   128         12600            63.0000        0.000000             0.000010      -721.0399117909
   128         12800            64.0000        0.000000             0.000010      -721.0399142413
   128         13000            65.0000        0.000000             0.000008      -721.0399163438
   128         13200            66.0000        0.000000             0.000008      -721.0399181894
   128         13400            67.0000        0.000000             0.000006      -721.0399198146
   128         13600            68.0000        0.000000             0.000006      -721.0399212236
   128         13800            69.0000        0.000000             0.000005      -721.0399224624
   128         14000            70.0000        0.000000             0.000004      -721.0399235284
   128         14200            71.0000        0.000000             0.000004      -721.0399244538
   128         14400            72.0000        0.000000             0.000003      -721.0399252613
   128         14600            73.0000        0.000000             0.000003      -721.0399259862
   128         14800            74.0000        0.000000             0.000002      -721.0399266338
   128         15000            75.0000        0.000000             0.000002      -721.0399271674
   128         15200            76.0000        0.000000             0.000002      -721.0399276286
   128         15400            77.0000        0.000000             0.000002      -721.0399280447
   128         15600            78.0000        0.000000             0.000001      -721.0399284047
   128         15800            79.0000        0.000000             0.000001      -721.0399287212
   128         16000            80.0000        0.000000             0.000001      -721.0399290020
   128         16200            81.0000        0.000000             0.000001      -721.0399292465
   128         16400            82.0000        0.000000             0.000001      -721.0399294610
   128         16600            83.0000        0.000000             0.000001      -721.0399296517
   128         16800            84.0000        0.000000             0.000001      -721.0399298182
   128         17000            85.0000        0.000000             0.000001      -721.0399299648
   128         17200            86.0000        0.000000             0.000001      -721.0399300909
   128         17400            87.0000        0.000000             0.000000      -721.0399302038
   128         17600            88.0000        0.000000             0.000000      -721.0399302984
   128         17800            89.0000        0.000000             0.000000      -721.0399303791
   128         18000            90.0000        0.000000             0.000000      -721.0399304495
   128         18200            91.0000        0.000000             0.000000      -721.0399305117
   128         18400            92.0000        0.000000             0.000000      -721.0399305677
   128         18600            93.0000        0.000000             0.000000      -721.0399306178
   128         18800            94.0000        0.000000             0.000000      -721.0399306603
   128         19000            95.0000        0.000000             0.000000      -721.0399306975
   128         19200            96.0000        0.000000             0.000000      -721.0399307303
   128         19400            97.0000        0.000000             0.000000      -721.0399307588
   128         19600            98.0000        0.000000             0.000000      -721.0399307832
   128         19800            99.0000        0.000000             0.000000      -721.0399308055
   128         20000           100.0000        0.000000             0.000000      -721.0399308251
