 #uni, ipas, time, temp, average temper, average ener
   128           200             1.0000        0.000000             0.909141      -720.8635325246
   128           400             2.0000        0.000000             0.038206      -720.8962161479
   128           600             3.0000        0.000000             0.039935      -720.9042988852
   128           800             4.0000        0.000000             0.035646      -720.9128114179
   128          1000             5.0000        0.000000             0.040463      -720.9214497171
   128          1200             6.0000        0.000000             0.048712      -720.9312386965
   128          1400             7.0000        0.000000             0.051504      -720.9426429140
   128          1600             8.0000        0.000000             0.063832      -720.9551395412
   128          1800             9.0000        0.000000             0.069143      -720.9689776452
   128          2000            10.0000        0.000000             0.065787      -720.9842466916
   128          2200            11.0000        0.000000             0.064575      -720.9991573452
   128          2400            12.0000        0.000000             0.075245      -721.0144553038
   128          2600            13.0000        0.000000             0.082377      -721.0314982059
   128          2800            14.0000        0.000000             0.056525      -721.0461589350
   128          3000            15.0000        0.000000             0.062353      -721.0592826627
   128          3200            16.0000        0.000000             0.047800      -721.0715861158
   128          3400            17.0000        0.000000             0.043009      -721.0812964660
   128          3600            18.0000        0.000000             0.038288      -721.0903404450
   128          3800            19.0000        0.000000             0.029984      -721.0975766048
   128          4000            20.0000        0.000000             0.022519      -721.1031329036
   128          4200            21.0000        0.000000             0.018800      -721.1075226326
   128          4400            22.0000        0.000000             0.012560      -721.1109295724
   128          4600            23.0000        0.000000             0.008014      -721.1133312010
   128          4800            24.0000        0.000000             0.006964      -721.1150381681
   128          5000            25.0000        0.000000             0.005519      -721.1164495067
   128          5200            26.0000        0.000000             0.004340      -721.1175305288
   128          5400            27.0000        0.000000             0.002682      -721.1183022941
   128          5600            28.0000        0.000000             0.002411      -721.1188606401
   128          5800            29.0000        0.000000             0.001503      -721.1192842802
   128          6000            30.0000        0.000000             0.001111      -721.1195691167
   128          6200            31.0000        0.000000             0.000887      -721.1197827922
   128          6400            32.0000        0.000000             0.000575      -721.1199396375
   128          6600            33.0000        0.000000             0.000399      -721.1200464759
   128          6800            34.0000        0.000000             0.000294      -721.1201224431
   128          7000            35.0000        0.000000             0.000213      -721.1201771474
   128          7200            36.0000        0.000000             0.000148      -721.1202155355
   128          7400            37.0000        0.000000             0.000099      -721.1202425241
   128          7600            38.0000        0.000000             0.000083      -721.1202621723
   128          7800            39.0000        0.000000             0.000051      -721.1202759071
   128          8000            40.0000        0.000000             0.000033      -721.1202852830
   128          8200            41.0000        0.000000             0.000024      -721.1202917679
   128          8400            42.0000        0.000000             0.000018      -721.1202962477
   128          8600            43.0000        0.000000             0.000012      -721.1202994823
   128          8800            44.0000        0.000000             0.000009      -721.1203018135
   128          9000            45.0000        0.000000             0.000006      -721.1203034172
   128          9200            46.0000        0.000000             0.000004      -721.1203045286
   128          9400            47.0000        0.000000             0.000003      -721.1203053110
   128          9600            48.0000        0.000000             0.000002      -721.1203058952
   128          9800            49.0000        0.000000             0.000001      -721.1203062768
   128         10000            50.0000        0.000000             0.000001      -721.1203065589
   128         10200            51.0000        0.000000             0.000001      -721.1203067598
   128         10400            52.0000        0.000000             0.000001      -721.1203068977
   128         10600            53.0000        0.000000             0.000000      -721.1203069978
   128         10800            54.0000        0.000000             0.000000      -721.1203070715
   128         11000            55.0000        0.000000             0.000000      -721.1203071219
   128         11200            56.0000        0.000000             0.000000      -721.1203071590
   128         11400            57.0000        0.000000             0.000000      -721.1203071854
   128         11600            58.0000        0.000000             0.000000      -721.1203072034
   128         11800            59.0000        0.000000             0.000000      -721.1203072161
   128         12000            60.0000        0.000000             0.000000      -721.1203072256
   128         12200            61.0000        0.000000             0.000000      -721.1203072327
   128         12400            62.0000        0.000000             0.000000      -721.1203072379
   128         12600            63.0000        0.000000             0.000000      -721.1203072414
   128         12800            64.0000        0.000000             0.000000      -721.1203072438
   128         13000            65.0000        0.000000             0.000000      -721.1203072453
   128         13200            66.0000        0.000000             0.000000      -721.1203072464
   128         13400            67.0000        0.000000             0.000000      -721.1203072472
   128         13600            68.0000        0.000000             0.000000      -721.1203072478
   128         13800            69.0000        0.000000             0.000000      -721.1203072482
   128         14000            70.0000        0.000000             0.000000      -721.1203072485
   128         14200            71.0000        0.000000             0.000000      -721.1203072487
   128         14400            72.0000        0.000000             0.000000      -721.1203072489
   128         14600            73.0000        0.000000             0.000000      -721.1203072490
   128         14800            74.0000        0.000000             0.000000      -721.1203072491
   128         15000            75.0000        0.000000             0.000000      -721.1203072491
   128         15200            76.0000        0.000000             0.000000      -721.1203072492
   128         15400            77.0000        0.000000             0.000000      -721.1203072492
   128         15600            78.0000        0.000000             0.000000      -721.1203072492
   128         15800            79.0000        0.000000             0.000000      -721.1203072492
   128         16000            80.0000        0.000000             0.000000      -721.1203072492
   128         16200            81.0000        0.000000             0.000000      -721.1203072493
   128         16400            82.0000        0.000000             0.000000      -721.1203072493
   128         16600            83.0000        0.000000             0.000000      -721.1203072493
   128         16800            84.0000        0.000000             0.000000      -721.1203072493
   128         17000            85.0000        0.000000             0.000000      -721.1203072493
   128         17200            86.0000        0.000000             0.000000      -721.1203072493
   128         17400            87.0000        0.000000             0.000000      -721.1203072493
   128         17600            88.0000        0.000000             0.000000      -721.1203072493
   128         17800            89.0000        0.000000             0.000000      -721.1203072493
   128         18000            90.0000        0.000000             0.000000      -721.1203072493
   128         18200            91.0000        0.000000             0.000000      -721.1203072493
   128         18400            92.0000        0.000000             0.000000      -721.1203072493
   128         18600            93.0000        0.000000             0.000000      -721.1203072493
   128         18800            94.0000        0.000000             0.000000      -721.1203072493
   128         19000            95.0000        0.000000             0.000000      -721.1203072493
   128         19200            96.0000        0.000000             0.000000      -721.1203072493
   128         19400            97.0000        0.000000             0.000000      -721.1203072493
   128         19600            98.0000        0.000000             0.000000      -721.1203072493
   128         19800            99.0000        0.000000             0.000000      -721.1203072493
   128         20000           100.0000        0.000000             0.000000      -721.1203072493
