 #uni, ipas, time, temp, average temper, average ener
   559            40             0.2000        0.000000            73.215182     -3230.4695100209
   559            80             0.4000        0.000000             7.834157     -3244.6541539015
   559           120             0.6000        0.000000             1.092695     -3246.0375435978
   559           160             0.8000        0.000000             0.332312     -3246.2573316396
   559           200             1.0000        0.000000             0.137763     -3246.3284454412
   559           240             1.2000        0.000000             0.074408     -3246.3599303047
   559           280             1.4000        0.000000             0.039864     -3246.3768471474
   559           320             1.6000        0.000000             0.024334     -3246.3862140991
   559           360             1.8000        0.000000             0.014545     -3246.3918362423
   559           400             2.0000        0.000000             0.008944     -3246.3951870037
   559           440             2.2000        0.000000             0.005308     -3246.3972507596
   559           480             2.4000        0.000000             0.003444     -3246.3985035737
   559           520             2.6000        0.000000             0.002179     -3246.3992970293
   559           560             2.8000        0.000000             0.001419     -3246.3997984330
   559           600             3.0000        0.000000             0.000883     -3246.4001204017
   559           640             3.2000        0.000000             0.000578     -3246.4003235478
   559           680             3.4000        0.000000             0.000376     -3246.4004566311
   559           720             3.6000        0.000000             0.000243     -3246.4005435758
   559           760             3.8000        0.000000             0.000169     -3246.4006004666
   559           800             4.0000        0.000000             0.000118     -3246.4006397116
   559           840             4.2000        0.000000             0.000078     -3246.4006667352
   559           880             4.4000        0.000000             0.000054     -3246.4006851217
   559           920             4.6000        0.000000             0.000039     -3246.4006978939
   559           960             4.8000        0.000000             0.000027     -3246.4007070687
   559          1000             5.0000        0.000000             0.000020     -3246.4007135839
   559          1040             5.2000        0.000000             0.000015     -3246.4007184189
   559          1080             5.4000        0.000000             0.000011     -3246.4007220416
   559          1120             5.6000        0.000000             0.000008     -3246.4007247144
   559          1160             5.8000        0.000000             0.000006     -3246.4007266676
   559          1200             6.0000        0.000000             0.000005     -3246.4007281519
   559          1240             6.2000        0.000000             0.000003     -3246.4007292635
   559          1280             6.4000        0.000000             0.000003     -3246.4007300848
   559          1320             6.6000        0.000000             0.000002     -3246.4007307135
   559          1360             6.8000        0.000000             0.000002     -3246.4007312102
   559          1400             7.0000        0.000000             0.000001     -3246.4007315838
   559          1440             7.2000        0.000000             0.000001     -3246.4007318667
   559          1480             7.4000        0.000000             0.000001     -3246.4007320823
   559          1520             7.6000        0.000000             0.000001     -3246.4007322486
   559          1560             7.8000        0.000000             0.000000     -3246.4007323753
   559          1600             8.0000        0.000000             0.000000     -3246.4007324705
   559          1640             8.2000        0.000000             0.000000     -3246.4007325430
   559          1680             8.4000        0.000000             0.000000     -3246.4007326007
   559          1720             8.6000        0.000000             0.000000     -3246.4007326444
   559          1760             8.8000        0.000000             0.000000     -3246.4007326777
   559          1800             9.0000        0.000000             0.000000     -3246.4007327028
   559          1840             9.2000        0.000000             0.000000     -3246.4007327216
   559          1880             9.4000        0.000000             0.000000     -3246.4007327365
   559          1920             9.6000        0.000000             0.000000     -3246.4007327479
   559          1960             9.8000        0.000000             0.000000     -3246.4007327567
   559          2000            10.0000        0.000000             0.000000     -3246.4007327629
   559          2040            10.2000        0.000000             0.000000     -3246.4007327678
   559          2080            10.4000        0.000000             0.000000     -3246.4007327717
   559          2120            10.6000        0.000000             0.000000     -3246.4007327745
   559          2160            10.8000        0.000000             0.000000     -3246.4007327766
   559          2200            11.0000        0.000000             0.000000     -3246.4007327782
   559          2240            11.2000        0.000000             0.000000     -3246.4007327794
   559          2280            11.4000        0.000000             0.000000     -3246.4007327804
   559          2320            11.6000        0.000000             0.000000     -3246.4007327811
   559          2360            11.8000        0.000000             0.000000     -3246.4007327816
   559          2400            12.0000        0.000000             0.000000     -3246.4007327820
   559          2440            12.2000        0.000000             0.000000     -3246.4007327823
   559          2480            12.4000        0.000000             0.000000     -3246.4007327825
   559          2520            12.6000        0.000000             0.000000     -3246.4007327827
   559          2560            12.8000        0.000000             0.000000     -3246.4007327829
   559          2600            13.0000        0.000000             0.000000     -3246.4007327830
   559          2640            13.2000        0.000000             0.000000     -3246.4007327831
   559          2680            13.4000        0.000000             0.000000     -3246.4007327831
   559          2720            13.6000        0.000000             0.000000     -3246.4007327832
   559          2760            13.8000        0.000000             0.000000     -3246.4007327832
   559          2800            14.0000        0.000000             0.000000     -3246.4007327832
   559          2840            14.2000        0.000000             0.000000     -3246.4007327833
   559          2880            14.4000        0.000000             0.000000     -3246.4007327833
   559          2920            14.6000        0.000000             0.000000     -3246.4007327833
   559          2960            14.8000        0.000000             0.000000     -3246.4007327833
   559          3000            15.0000        0.000000             0.000000     -3246.4007327833
   559          3040            15.2000        0.000000             0.000000     -3246.4007327833
   559          3080            15.4000        0.000000             0.000000     -3246.4007327833
   559          3120            15.6000        0.000000             0.000000     -3246.4007327833
   559          3160            15.8000        0.000000             0.000000     -3246.4007327833
   559          3200            16.0000        0.000000             0.000000     -3246.4007327833
   559          3240            16.2000        0.000000             0.000000     -3246.4007327833
   559          3280            16.4000        0.000000             0.000000     -3246.4007327833
   559          3320            16.6000        0.000000             0.000000     -3246.4007327833
   559          3360            16.8000        0.000000             0.000000     -3246.4007327833
   559          3400            17.0000        0.000000             0.000000     -3246.4007327833
   559          3440            17.2000        0.000000             0.000000     -3246.4007327833
   559          3480            17.4000        0.000000             0.000000     -3246.4007327833
   559          3520            17.6000        0.000000             0.000000     -3246.4007327833
   559          3560            17.8000        0.000000             0.000000     -3246.4007327833
   559          3600            18.0000        0.000000             0.000000     -3246.4007327833
   559          3640            18.2000        0.000000             0.000000     -3246.4007327833
   559          3680            18.4000        0.000000             0.000000     -3246.4007327833
   559          3720            18.6000        0.000000             0.000000     -3246.4007327833
   559          3760            18.8000        0.000000             0.000000     -3246.4007327833
   559          3800            19.0000        0.000000             0.000000     -3246.4007327833
   559          3840            19.2000        0.000000             0.000000     -3246.4007327833
   559          3880            19.4000        0.000000             0.000000     -3246.4007327833
   559          3920            19.6000        0.000000             0.000000     -3246.4007327833
   559          3960            19.8000        0.000000             0.000000     -3246.4007327833
   559          4000            20.0000        0.000000             0.000000     -3246.4007327833
