 #uni, ipas, time, temp, average temper, average ener
   128           200             1.0000        0.000000             1.462378      -721.0036894483
   128           400             2.0000        0.000000             0.013455      -721.0674665414
   128           600             3.0000        0.000000             0.009115      -721.0698347740
   128           800             4.0000        0.000000             0.006287      -721.0716571617
   128          1000             5.0000        0.000000             0.005716      -721.0730431354
   128          1200             6.0000        0.000000             0.004488      -721.0741679380
   128          1400             7.0000        0.000000             0.003639      -721.0751014056
   128          1600             8.0000        0.000000             0.002859      -721.0758671923
   128          1800             9.0000        0.000000             0.002291      -721.0764822618
   128          2000            10.0000        0.000000             0.001998      -721.0770031809
   128          2200            11.0000        0.000000             0.001620      -721.0774415270
   128          2400            12.0000        0.000000             0.001447      -721.0778106725
   128          2600            13.0000        0.000000             0.001156      -721.0781230286
   128          2800            14.0000        0.000000             0.000950      -721.0783828823
   128          3000            15.0000        0.000000             0.000830      -721.0786001688
   128          3200            16.0000        0.000000             0.000692      -721.0787845712
   128          3400            17.0000        0.000000             0.000559      -721.0789385091
   128          3600            18.0000        0.000000             0.000473      -721.0790662980
   128          3800            19.0000        0.000000             0.000411      -721.0791744692
   128          4000            20.0000        0.000000             0.000345      -721.0792667652
   128          4200            21.0000        0.000000             0.000278      -721.0793423210
   128          4400            22.0000        0.000000             0.000242      -721.0794064123
   128          4600            23.0000        0.000000             0.000207      -721.0794601870
   128          4800            24.0000        0.000000             0.000165      -721.0795054184
   128          5000            25.0000        0.000000             0.000135      -721.0795422598
   128          5200            26.0000        0.000000             0.000117      -721.0795731543
   128          5400            27.0000        0.000000             0.000095      -721.0795989643
   128          5600            28.0000        0.000000             0.000082      -721.0796206981
   128          5800            29.0000        0.000000             0.000067      -721.0796388164
   128          6000            30.0000        0.000000             0.000055      -721.0796539426
   128          6200            31.0000        0.000000             0.000046      -721.0796664135
   128          6400            32.0000        0.000000             0.000042      -721.0796769995
   128          6600            33.0000        0.000000             0.000031      -721.0796860525
   128          6800            34.0000        0.000000             0.000026      -721.0796931483
   128          7000            35.0000        0.000000             0.000022      -721.0796992514
   128          7200            36.0000        0.000000             0.000019      -721.0797043073
   128          7400            37.0000        0.000000             0.000017      -721.0797086463
   128          7600            38.0000        0.000000             0.000014      -721.0797122995
   128          7800            39.0000        0.000000             0.000011      -721.0797153463
   128          8000            40.0000        0.000000             0.000009      -721.0797178438
   128          8200            41.0000        0.000000             0.000008      -721.0797199129
   128          8400            42.0000        0.000000             0.000007      -721.0797216514
   128          8600            43.0000        0.000000             0.000006      -721.0797231038
   128          8800            44.0000        0.000000             0.000005      -721.0797243164
   128          9000            45.0000        0.000000             0.000004      -721.0797253158
   128          9200            46.0000        0.000000             0.000003      -721.0797261339
   128          9400            47.0000        0.000000             0.000002      -721.0797268020
   128          9600            48.0000        0.000000             0.000002      -721.0797273686
   128          9800            49.0000        0.000000             0.000002      -721.0797278518
   128         10000            50.0000        0.000000             0.000002      -721.0797282524
   128         10200            51.0000        0.000000             0.000001      -721.0797285859
   128         10400            52.0000        0.000000             0.000001      -721.0797288577
   128         10600            53.0000        0.000000             0.000001      -721.0797290828
   128         10800            54.0000        0.000000             0.000001      -721.0797292734
   128         11000            55.0000        0.000000             0.000001      -721.0797294311
   128         11200            56.0000        0.000000             0.000000      -721.0797295603
   128         11400            57.0000        0.000000             0.000000      -721.0797296691
   128         11600            58.0000        0.000000             0.000000      -721.0797297614
   128         11800            59.0000        0.000000             0.000000      -721.0797298356
   128         12000            60.0000        0.000000             0.000000      -721.0797298979
   128         12200            61.0000        0.000000             0.000000      -721.0797299498
   128         12400            62.0000        0.000000             0.000000      -721.0797299956
   128         12600            63.0000        0.000000             0.000000      -721.0797300336
   128         12800            64.0000        0.000000             0.000000      -721.0797300646
   128         13000            65.0000        0.000000             0.000000      -721.0797300900
   128         13200            66.0000        0.000000             0.000000      -721.0797301108
   128         13400            67.0000        0.000000             0.000000      -721.0797301285
   128         13600            68.0000        0.000000             0.000000      -721.0797301434
   128         13800            69.0000        0.000000             0.000000      -721.0797301556
   128         14000            70.0000        0.000000             0.000000      -721.0797301658
   128         14200            71.0000        0.000000             0.000000      -721.0797301745
   128         14400            72.0000        0.000000             0.000000      -721.0797301814
   128         14600            73.0000        0.000000             0.000000      -721.0797301871
   128         14800            74.0000        0.000000             0.000000      -721.0797301919
   128         15000            75.0000        0.000000             0.000000      -721.0797301958
   128         15200            76.0000        0.000000             0.000000      -721.0797301991
   128         15400            77.0000        0.000000             0.000000      -721.0797302018
   128         15600            78.0000        0.000000             0.000000      -721.0797302041
   128         15800            79.0000        0.000000             0.000000      -721.0797302059
   128         16000            80.0000        0.000000             0.000000      -721.0797302075
   128         16200            81.0000        0.000000             0.000000      -721.0797302088
   128         16400            82.0000        0.000000             0.000000      -721.0797302099
   128         16600            83.0000        0.000000             0.000000      -721.0797302108
   128         16800            84.0000        0.000000             0.000000      -721.0797302115
   128         17000            85.0000        0.000000             0.000000      -721.0797302121
   128         17200            86.0000        0.000000             0.000000      -721.0797302126
   128         17400            87.0000        0.000000             0.000000      -721.0797302131
   128         17600            88.0000        0.000000             0.000000      -721.0797302134
   128         17800            89.0000        0.000000             0.000000      -721.0797302137
   128         18000            90.0000        0.000000             0.000000      -721.0797302140
   128         18200            91.0000        0.000000             0.000000      -721.0797302142
   128         18400            92.0000        0.000000             0.000000      -721.0797302143
   128         18600            93.0000        0.000000             0.000000      -721.0797302145
   128         18800            94.0000        0.000000             0.000000      -721.0797302146
   128         19000            95.0000        0.000000             0.000000      -721.0797302147
   128         19200            96.0000        0.000000             0.000000      -721.0797302148
   128         19400            97.0000        0.000000             0.000000      -721.0797302149
   128         19600            98.0000        0.000000             0.000000      -721.0797302149
   128         19800            99.0000        0.000000             0.000000      -721.0797302150
   128         20000           100.0000        0.000000             0.000000      -721.0797302150
