 #uni, ipas, time, temp, average temper, average ener
   128            40             0.2000        0.000000           130.959488      -715.6534886121
   128            80             0.4000        0.000000             3.905037      -720.8833067023
   128           120             0.6000        0.000000             0.667734      -721.0491230117
   128           160             0.8000        0.000000             0.161649      -721.0785165597
   128           200             1.0000        0.000000             0.051456      -721.0859920062
   128           240             1.2000        0.000000             0.018872      -721.0884595737
   128           280             1.4000        0.000000             0.007950      -721.0893581328
   128           320             1.6000        0.000000             0.002683      -721.0897157946
   128           360             1.8000        0.000000             0.001316      -721.0898431966
   128           400             2.0000        0.000000             0.000439      -721.0899019444
   128           440             2.2000        0.000000             0.000188      -721.0899234667
   128           480             2.4000        0.000000             0.000098      -721.0899324227
   128           520             2.6000        0.000000             0.000037      -721.0899368950
   128           560             2.8000        0.000000             0.000014      -721.0899385810
   128           600             3.0000        0.000000             0.000005      -721.0899392095
   128           640             3.2000        0.000000             0.000003      -721.0899394673
   128           680             3.4000        0.000000             0.000001      -721.0899395833
   128           720             3.6000        0.000000             0.000000      -721.0899396301
   128           760             3.8000        0.000000             0.000000      -721.0899396527
   128           800             4.0000        0.000000             0.000000      -721.0899396620
   128           840             4.2000        0.000000             0.000000      -721.0899396662
   128           880             4.4000        0.000000             0.000000      -721.0899396680
   128           920             4.6000        0.000000             0.000000      -721.0899396687
   128           960             4.8000        0.000000             0.000000      -721.0899396690
   128          1000             5.0000        0.000000             0.000000      -721.0899396692
   128          1040             5.2000        0.000000             0.000000      -721.0899396692
   128          1080             5.4000        0.000000             0.000000      -721.0899396693
   128          1120             5.6000        0.000000             0.000000      -721.0899396693
   128          1160             5.8000        0.000000             0.000000      -721.0899396693
   128          1200             6.0000        0.000000             0.000000      -721.0899396693
   128          1240             6.2000        0.000000             0.000000      -721.0899396693
   128          1280             6.4000        0.000000             0.000000      -721.0899396693
   128          1320             6.6000        0.000000             0.000000      -721.0899396693
   128          1360             6.8000        0.000000             0.000000      -721.0899396693
   128          1400             7.0000        0.000000             0.000000      -721.0899396693
   128          1440             7.2000        0.000000             0.000000      -721.0899396693
   128          1480             7.4000        0.000000             0.000000      -721.0899396693
   128          1520             7.6000        0.000000             0.000000      -721.0899396693
   128          1560             7.8000        0.000000             0.000000      -721.0899396693
   128          1600             8.0000        0.000000             0.000000      -721.0899396693
   128          1640             8.2000        0.000000             0.000000      -721.0899396693
   128          1680             8.4000        0.000000             0.000000      -721.0899396693
   128          1720             8.6000        0.000000             0.000000      -721.0899396693
   128          1760             8.8000        0.000000             0.000000      -721.0899396693
   128          1800             9.0000        0.000000             0.000000      -721.0899396693
   128          1840             9.2000        0.000000             0.000000      -721.0899396693
   128          1880             9.4000        0.000000             0.000000      -721.0899396693
   128          1920             9.6000        0.000000             0.000000      -721.0899396693
   128          1960             9.8000        0.000000             0.000000      -721.0899396693
   128          2000            10.0000        0.000000             0.000000      -721.0899396693
   128          2040            10.2000        0.000000             0.000000      -721.0899396693
   128          2080            10.4000        0.000000             0.000000      -721.0899396693
   128          2120            10.6000        0.000000             0.000000      -721.0899396693
   128          2160            10.8000        0.000000             0.000000      -721.0899396693
   128          2200            11.0000        0.000000             0.000000      -721.0899396693
   128          2240            11.2000        0.000000             0.000000      -721.0899396693
   128          2280            11.4000        0.000000             0.000000      -721.0899396693
   128          2320            11.6000        0.000000             0.000000      -721.0899396693
   128          2360            11.8000        0.000000             0.000000      -721.0899396693
   128          2400            12.0000        0.000000             0.000000      -721.0899396693
   128          2440            12.2000        0.000000             0.000000      -721.0899396693
   128          2480            12.4000        0.000000             0.000000      -721.0899396693
   128          2520            12.6000        0.000000             0.000000      -721.0899396693
   128          2560            12.8000        0.000000             0.000000      -721.0899396693
   128          2600            13.0000        0.000000             0.000000      -721.0899396693
   128          2640            13.2000        0.000000             0.000000      -721.0899396693
   128          2680            13.4000        0.000000             0.000000      -721.0899396693
   128          2720            13.6000        0.000000             0.000000      -721.0899396693
   128          2760            13.8000        0.000000             0.000000      -721.0899396693
   128          2800            14.0000        0.000000             0.000000      -721.0899396693
   128          2840            14.2000        0.000000             0.000000      -721.0899396693
   128          2880            14.4000        0.000000             0.000000      -721.0899396693
   128          2920            14.6000        0.000000             0.000000      -721.0899396693
   128          2960            14.8000        0.000000             0.000000      -721.0899396693
   128          3000            15.0000        0.000000             0.000000      -721.0899396693
   128          3040            15.2000        0.000000             0.000000      -721.0899396693
   128          3080            15.4000        0.000000             0.000000      -721.0899396693
   128          3120            15.6000        0.000000             0.000000      -721.0899396693
   128          3160            15.8000        0.000000             0.000000      -721.0899396693
   128          3200            16.0000        0.000000             0.000000      -721.0899396693
   128          3240            16.2000        0.000000             0.000000      -721.0899396693
   128          3280            16.4000        0.000000             0.000000      -721.0899396693
   128          3320            16.6000        0.000000             0.000000      -721.0899396693
   128          3360            16.8000        0.000000             0.000000      -721.0899396693
   128          3400            17.0000        0.000000             0.000000      -721.0899396693
   128          3440            17.2000        0.000000             0.000000      -721.0899396693
   128          3480            17.4000        0.000000             0.000000      -721.0899396693
   128          3520            17.6000        0.000000             0.000000      -721.0899396693
   128          3560            17.8000        0.000000             0.000000      -721.0899396693
   128          3600            18.0000        0.000000             0.000000      -721.0899396693
   128          3640            18.2000        0.000000             0.000000      -721.0899396693
   128          3680            18.4000        0.000000             0.000000      -721.0899396693
   128          3720            18.6000        0.000000             0.000000      -721.0899396693
   128          3760            18.8000        0.000000             0.000000      -721.0899396693
   128          3800            19.0000        0.000000             0.000000      -721.0899396693
   128          3840            19.2000        0.000000             0.000000      -721.0899396693
   128          3880            19.4000        0.000000             0.000000      -721.0899396693
   128          3920            19.6000        0.000000             0.000000      -721.0899396693
   128          3960            19.8000        0.000000             0.000000      -721.0899396693
   128          4000            20.0000        0.000000             0.000000      -721.0899396693
